[INFO] 2025-09-26 03:54:47 - Fetching 100 1Hour bars for symbol: QGC#
[DEBUG] 2025-09-26 03:54:47 - Sending command: HIX,QGC#,3600,100,0,HIST_QGC#_1Hour,100,s,1

[DEBUG] 2025-09-26 03:54:47 - Raw response received (8296 characters)
[DEBUG] 2025-09-26 03:54:47 - Parsing historical data response...
[DEBUG] 2025-09-26 03:54:47 - First 5 lines of raw response:
[DEBUG] 2025-09-26 03:54:47 - Raw Line 0: HIST_QGC#_1Hour,LH,2025-09-26 03:00:00,3779.0,3768.8,3773.2,3777.6,45514,5776,0,
[DEBUG] 2025-09-26 03:54:47 - Raw Line 1: HIST_QGC#_1Hour,LH,2025-09-26 02:00:00,3784.4,3771.0,3771.3,3773.3,38676,7138,0,
[DEBUG] 2025-09-26 03:54:47 - Raw Line 2: HIST_QGC#_1Hour,LH,2025-09-26 01:00:00,3779.4,3771.3,3777.0,3771.6,31120,2629,0,
[DEBUG] 2025-09-26 03:54:47 - Raw Line 3: HIST_QGC#_1Hour,LH,2025-09-26 00:00:00,3777.2,3774.0,3775.1,3777.1,28335,2340,0,
[DEBUG] 2025-09-26 03:54:47 - Raw Line 4: HIST_QGC#_1Hour,LH,2025-09-25 23:00:00,3775.5,3764.0,3767.8,3774.8,25995,3637,0,
[DEBUG] 2025-09-26 03:54:47 - Last 5 lines of raw response:
[DEBUG] 2025-09-26 03:54:47 - Raw Line 95: HIST_QGC#_1Hour,LH,2025-09-22 00:00:00,3731.5,3725.5,3730.8,3727.5,35370,3134,0,
[DEBUG] 2025-09-26 03:54:47 - Raw Line 96: HIST_QGC#_1Hour,LH,2025-09-21 23:00:00,3733.1,3721.0,3721.2,3731.1,32228,5046,0,
[DEBUG] 2025-09-26 03:54:47 - Raw Line 97: HIST_QGC#_1Hour,LH,2025-09-21 22:00:00,3728.4,3720.5,3724.0,3721.4,26978,4241,0,
[DEBUG] 2025-09-26 03:54:47 - Raw Line 98: HIST_QGC#_1Hour,LH,2025-09-21 21:00:00,3732.5,3721.5,3725.8,3724.3,22720,9459,0,
[DEBUG] 2025-09-26 03:54:47 - Raw Line 99: HIST_QGC#_1Hour,LH,2025-09-21 20:00:00,3726.1,3720.6,3721.4,3725.9,13158,3852,0,
[DEBUG] 2025-09-26 03:54:47 - Parsed bar - StartTime: 2025-09-26 03:00:00 | O:3773.200000 H:3779.000000 L:3768.800000 C:3777.600000
[DEBUG] 2025-09-26 03:54:47 - Parsed bar - StartTime: 2025-09-26 02:00:00 | O:3771.300000 H:3784.400000 L:3771.000000 C:3773.300000
[DEBUG] 2025-09-26 03:54:47 - Parsed bar - StartTime: 2025-09-26 01:00:00 | O:3777.000000 H:3779.400000 L:3771.300000 C:3771.600000
[DEBUG] 2025-09-26 03:54:47 - Parsed bar - StartTime: 2025-09-26 00:00:00 | O:3775.100000 H:3777.200000 L:3774.000000 C:3777.100000
[DEBUG] 2025-09-26 03:54:47 - Parsed bar - StartTime: 2025-09-25 23:00:00 | O:3767.800000 H:3775.500000 L:3764.000000 C:3774.800000
[DEBUG] 2025-09-26 03:54:47 - Parsed bar - StartTime: 2025-09-25 22:00:00 | O:3768.400000 H:3772.500000 L:3767.100000 C:3767.800000
[DEBUG] 2025-09-26 03:54:47 - Parsed bar - StartTime: 2025-09-25 21:00:00 | O:3779.300000 H:3783.500000 L:3767.300000 C:3768.600000
[DEBUG] 2025-09-26 03:54:47 - Parsed bar - StartTime: 2025-09-25 20:00:00 | O:3775.000000 H:3779.300000 L:3770.000000 C:3779.200000
[DEBUG] 2025-09-26 03:54:47 - Parsed bar - StartTime: 2025-09-25 19:00:00 | O:3779.900000 H:3780.900000 L:3768.500000 C:3775.000000
[DEBUG] 2025-09-26 03:54:47 - Parsed bar - StartTime: 2025-09-25 18:00:00 | O:3781.500000 H:3782.400000 L:3777.200000 C:3779.600000
[DEBUG] 2025-09-26 03:54:47 - Parsed bar - StartTime: 2025-09-25 16:00:00 | O:3777.500000 H:3783.900000 L:3776.900000 C:3780.500000
[DEBUG] 2025-09-26 03:54:47 - Parsed bar - StartTime: 2025-09-25 15:00:00 | O:3786.400000 H:3788.200000 L:3776.000000 C:3777.500000
[DEBUG] 2025-09-26 03:54:47 - Parsed bar - StartTime: 2025-09-25 14:00:00 | O:3773.000000 H:3789.500000 L:3767.500000 C:3786.400000
[DEBUG] 2025-09-26 03:54:47 - Parsed bar - StartTime: 2025-09-25 13:00:00 | O:3763.900000 H:3775.600000 L:3762.500000 C:3772.900000
[DEBUG] 2025-09-26 03:54:47 - Parsed bar - StartTime: 2025-09-25 12:00:00 | O:3766.900000 H:3772.800000 L:3762.800000 C:3764.000000
[DEBUG] 2025-09-26 03:54:47 - Parsed bar - StartTime: 2025-09-25 11:00:00 | O:3762.400000 H:3769.400000 L:3758.600000 C:3766.900000
[DEBUG] 2025-09-26 03:54:47 - Parsed bar - StartTime: 2025-09-25 10:00:00 | O:3764.100000 H:3767.000000 L:3753.400000 C:3762.200000
[DEBUG] 2025-09-26 03:54:47 - Parsed bar - StartTime: 2025-09-25 09:00:00 | O:3769.200000 H:3776.200000 L:3751.900000 C:3764.000000
[DEBUG] 2025-09-26 03:54:47 - Parsed bar - StartTime: 2025-09-25 08:00:00 | O:3783.700000 H:3787.000000 L:3760.800000 C:3769.200000
[DEBUG] 2025-09-26 03:54:47 - Parsed bar - StartTime: 2025-09-25 07:00:00 | O:3788.200000 H:3788.500000 L:3771.000000 C:3784.000000
[DEBUG] 2025-09-26 03:54:47 - Parsed bar - StartTime: 2025-09-25 06:00:00 | O:3787.100000 H:3791.700000 L:3785.800000 C:3788.200000
[DEBUG] 2025-09-26 03:54:47 - Parsed bar - StartTime: 2025-09-25 05:00:00 | O:3786.700000 H:3791.500000 L:3780.100000 C:3787.100000
[DEBUG] 2025-09-26 03:54:47 - Parsed bar - StartTime: 2025-09-25 04:00:00 | O:3782.600000 H:3792.300000 L:3781.300000 C:3786.700000
[DEBUG] 2025-09-26 03:54:47 - Parsed bar - StartTime: 2025-09-25 03:00:00 | O:3771.800000 H:3785.600000 L:3770.500000 C:3782.500000
[DEBUG] 2025-09-26 03:54:47 - Parsed bar - StartTime: 2025-09-25 02:00:00 | O:3769.200000 H:3778.700000 L:3768.200000 C:3771.700000
[DEBUG] 2025-09-26 03:54:47 - Parsed bar - StartTime: 2025-09-25 01:00:00 | O:3768.100000 H:3771.400000 L:3764.100000 C:3768.800000
[DEBUG] 2025-09-26 03:54:47 - Parsed bar - StartTime: 2025-09-25 00:00:00 | O:3767.200000 H:3770.700000 L:3762.200000 C:3768.100000
[DEBUG] 2025-09-26 03:54:47 - Parsed bar - StartTime: 2025-09-24 23:00:00 | O:3770.300000 H:3770.400000 L:3764.700000 C:3767.000000
[DEBUG] 2025-09-26 03:54:47 - Parsed bar - StartTime: 2025-09-24 22:00:00 | O:3766.600000 H:3773.100000 L:3760.500000 C:3770.300000
[DEBUG] 2025-09-26 03:54:47 - Parsed bar - StartTime: 2025-09-24 21:00:00 | O:3779.700000 H:3781.400000 L:3763.900000 C:3766.800000
[DEBUG] 2025-09-26 03:54:47 - Parsed bar - StartTime: 2025-09-24 20:00:00 | O:3774.300000 H:3782.200000 L:3772.800000 C:3779.800000
[DEBUG] 2025-09-26 03:54:47 - Parsed bar - StartTime: 2025-09-24 19:00:00 | O:3772.500000 H:3776.700000 L:3770.500000 C:3774.500000
[DEBUG] 2025-09-26 03:54:47 - Parsed bar - StartTime: 2025-09-24 18:00:00 | O:3768.300000 H:3776.600000 L:3767.000000 C:3772.700000
[DEBUG] 2025-09-26 03:54:47 - Parsed bar - StartTime: 2025-09-24 16:00:00 | O:3762.400000 H:3770.000000 L:3762.300000 C:3768.500000
[DEBUG] 2025-09-26 03:54:47 - Parsed bar - StartTime: 2025-09-24 15:00:00 | O:3757.100000 H:3764.000000 L:3749.700000 C:3762.500000
[DEBUG] 2025-09-26 03:54:47 - Parsed bar - StartTime: 2025-09-24 14:00:00 | O:3766.600000 H:3767.500000 L:3755.600000 C:3757.000000
[DEBUG] 2025-09-26 03:54:47 - Parsed bar - StartTime: 2025-09-24 13:00:00 | O:3768.400000 H:3772.400000 L:3765.700000 C:3766.600000
[DEBUG] 2025-09-26 03:54:47 - Parsed bar - StartTime: 2025-09-24 12:00:00 | O:3774.200000 H:3778.400000 L:3764.500000 C:3768.300000
[DEBUG] 2025-09-26 03:54:47 - Parsed bar - StartTime: 2025-09-24 11:00:00 | O:3784.900000 H:3790.000000 L:3772.600000 C:3774.100000
[DEBUG] 2025-09-26 03:54:47 - Parsed bar - StartTime: 2025-09-24 10:00:00 | O:3794.700000 H:3798.400000 L:3782.000000 C:3784.800000
[DEBUG] 2025-09-26 03:54:47 - Parsed bar - StartTime: 2025-09-24 09:00:00 | O:3800.900000 H:3806.400000 L:3791.800000 C:3794.500000
[DEBUG] 2025-09-26 03:54:47 - Parsed bar - StartTime: 2025-09-24 08:00:00 | O:3802.200000 H:3804.700000 L:3796.800000 C:3801.000000
[DEBUG] 2025-09-26 03:54:47 - Parsed bar - StartTime: 2025-09-24 07:00:00 | O:3795.100000 H:3802.900000 L:3792.500000 C:3802.200000
[DEBUG] 2025-09-26 03:54:47 - Parsed bar - StartTime: 2025-09-24 06:00:00 | O:3801.400000 H:3801.700000 L:3792.400000 C:3795.000000
[DEBUG] 2025-09-26 03:54:47 - Parsed bar - StartTime: 2025-09-24 05:00:00 | O:3802.500000 H:3804.300000 L:3795.900000 C:3801.400000
[DEBUG] 2025-09-26 03:54:47 - Parsed bar - StartTime: 2025-09-24 04:00:00 | O:3810.900000 H:3811.300000 L:3799.700000 C:3802.700000
[DEBUG] 2025-09-26 03:54:47 - Parsed bar - StartTime: 2025-09-24 03:00:00 | O:3804.400000 H:3812.600000 L:3803.700000 C:3810.900000
[DEBUG] 2025-09-26 03:54:47 - Parsed bar - StartTime: 2025-09-24 02:00:00 | O:3808.000000 H:3809.300000 L:3801.900000 C:3804.400000
[DEBUG] 2025-09-26 03:54:47 - Parsed bar - StartTime: 2025-09-24 01:00:00 | O:3800.600000 H:3809.500000 L:3800.100000 C:3808.000000
[DEBUG] 2025-09-26 03:54:47 - Parsed bar - StartTime: 2025-09-24 00:00:00 | O:3798.400000 H:3800.700000 L:3795.400000 C:3800.600000
[DEBUG] 2025-09-26 03:54:47 - Parsed bar - StartTime: 2025-09-23 23:00:00 | O:3790.100000 H:3799.500000 L:3785.400000 C:3798.500000
[DEBUG] 2025-09-26 03:54:47 - Parsed bar - StartTime: 2025-09-23 22:00:00 | O:3788.800000 H:3792.300000 L:3783.000000 C:3790.100000
[DEBUG] 2025-09-26 03:54:47 - Parsed bar - StartTime: 2025-09-23 21:00:00 | O:3797.500000 H:3803.600000 L:3787.200000 C:3789.000000
[DEBUG] 2025-09-26 03:54:47 - Parsed bar - StartTime: 2025-09-23 20:00:00 | O:3795.800000 H:3797.800000 L:3791.200000 C:3797.500000
[DEBUG] 2025-09-26 03:54:47 - Parsed bar - StartTime: 2025-09-23 19:00:00 | O:3797.600000 H:3802.600000 L:3793.800000 C:3796.100000
[DEBUG] 2025-09-26 03:54:47 - Parsed bar - StartTime: 2025-09-23 18:00:00 | O:3796.900000 H:3799.400000 L:3793.800000 C:3797.700000
[DEBUG] 2025-09-26 03:54:47 - Parsed bar - StartTime: 2025-09-23 16:00:00 | O:3796.600000 H:3799.800000 L:3794.600000 C:3796.900000
[DEBUG] 2025-09-26 03:54:47 - Parsed bar - StartTime: 2025-09-23 15:00:00 | O:3789.000000 H:3800.600000 L:3783.900000 C:3796.400000
[DEBUG] 2025-09-26 03:54:47 - Parsed bar - StartTime: 2025-09-23 14:00:00 | O:3810.100000 H:3813.600000 L:3788.400000 C:3789.000000
[DEBUG] 2025-09-26 03:54:47 - Parsed bar - StartTime: 2025-09-23 13:00:00 | O:3812.500000 H:3819.000000 L:3808.200000 C:3810.000000
[DEBUG] 2025-09-26 03:54:47 - Parsed bar - StartTime: 2025-09-23 12:00:00 | O:3811.700000 H:3815.300000 L:3796.600000 C:3812.300000
[DEBUG] 2025-09-26 03:54:47 - Parsed bar - StartTime: 2025-09-23 11:00:00 | O:3806.500000 H:3814.200000 L:3805.100000 C:3811.500000
[DEBUG] 2025-09-26 03:54:47 - Parsed bar - StartTime: 2025-09-23 10:00:00 | O:3816.300000 H:3817.300000 L:3799.000000 C:3806.400000
[DEBUG] 2025-09-26 03:54:47 - Parsed bar - StartTime: 2025-09-23 09:00:00 | O:3817.500000 H:3821.600000 L:3806.600000 C:3816.400000
[DEBUG] 2025-09-26 03:54:47 - Parsed bar - StartTime: 2025-09-23 08:00:00 | O:3816.600000 H:3818.700000 L:3810.100000 C:3817.600000
[DEBUG] 2025-09-26 03:54:47 - Parsed bar - StartTime: 2025-09-23 07:00:00 | O:3816.500000 H:3822.300000 L:3812.800000 C:3816.500000
[DEBUG] 2025-09-26 03:54:47 - Parsed bar - StartTime: 2025-09-23 06:00:00 | O:3818.600000 H:3821.700000 L:3814.400000 C:3816.400000
[DEBUG] 2025-09-26 03:54:47 - Parsed bar - StartTime: 2025-09-23 05:00:00 | O:3808.500000 H:3824.600000 L:3808.300000 C:3818.400000
[DEBUG] 2025-09-26 03:54:47 - Parsed bar - StartTime: 2025-09-23 04:00:00 | O:3787.600000 H:3809.600000 L:3786.800000 C:3808.600000
[DEBUG] 2025-09-26 03:54:47 - Parsed bar - StartTime: 2025-09-23 03:00:00 | O:3787.800000 H:3791.200000 L:3782.800000 C:3787.600000
[DEBUG] 2025-09-26 03:54:47 - Parsed bar - StartTime: 2025-09-23 02:00:00 | O:3787.300000 H:3791.800000 L:3785.200000 C:3788.100000
[DEBUG] 2025-09-26 03:54:47 - Parsed bar - StartTime: 2025-09-23 01:00:00 | O:3778.700000 H:3793.000000 L:3777.400000 C:3787.200000
[DEBUG] 2025-09-26 03:54:47 - Parsed bar - StartTime: 2025-09-23 00:00:00 | O:3780.900000 H:3781.900000 L:3777.400000 C:3778.800000
[DEBUG] 2025-09-26 03:54:47 - Parsed bar - StartTime: 2025-09-22 23:00:00 | O:3777.700000 H:3781.600000 L:3774.300000 C:3780.900000
[DEBUG] 2025-09-26 03:54:47 - Parsed bar - StartTime: 2025-09-22 22:00:00 | O:3790.300000 H:3791.200000 L:3772.400000 C:3777.800000
[DEBUG] 2025-09-26 03:54:47 - Parsed bar - StartTime: 2025-09-22 21:00:00 | O:3781.700000 H:3795.100000 L:3779.800000 C:3790.400000
[DEBUG] 2025-09-26 03:54:47 - Parsed bar - StartTime: 2025-09-22 20:00:00 | O:3782.200000 H:3785.200000 L:3779.600000 C:3781.500000
[DEBUG] 2025-09-26 03:54:47 - Parsed bar - StartTime: 2025-09-22 19:00:00 | O:3775.500000 H:3784.200000 L:3774.300000 C:3782.200000
[DEBUG] 2025-09-26 03:54:47 - Parsed bar - StartTime: 2025-09-22 18:00:00 | O:3781.200000 H:3782.100000 L:3773.500000 C:3775.500000
[DEBUG] 2025-09-26 03:54:47 - Parsed bar - StartTime: 2025-09-22 16:00:00 | O:3781.100000 H:3783.300000 L:3779.900000 C:3781.200000
[DEBUG] 2025-09-26 03:54:47 - Parsed bar - StartTime: 2025-09-22 15:00:00 | O:3782.100000 H:3783.200000 L:3777.100000 C:3781.200000
[DEBUG] 2025-09-26 03:54:47 - Parsed bar - StartTime: 2025-09-22 14:00:00 | O:3781.400000 H:3782.600000 L:3779.200000 C:3782.100000
[DEBUG] 2025-09-26 03:54:47 - Parsed bar - StartTime: 2025-09-22 13:00:00 | O:3771.200000 H:3782.000000 L:3771.200000 C:3781.400000
[DEBUG] 2025-09-26 03:54:47 - Parsed bar - StartTime: 2025-09-22 12:00:00 | O:3769.900000 H:3773.700000 L:3769.200000 C:3771.100000
[DEBUG] 2025-09-26 03:54:47 - Parsed bar - StartTime: 2025-09-22 11:00:00 | O:3760.000000 H:3770.300000 L:3758.000000 C:3769.900000
[DEBUG] 2025-09-26 03:54:47 - Parsed bar - StartTime: 2025-09-22 10:00:00 | O:3756.200000 H:3761.000000 L:3750.700000 C:3760.200000
[DEBUG] 2025-09-26 03:54:47 - Parsed bar - StartTime: 2025-09-22 09:00:00 | O:3755.600000 H:3759.200000 L:3747.100000 C:3756.400000
[DEBUG] 2025-09-26 03:54:47 - Parsed bar - StartTime: 2025-09-22 08:00:00 | O:3758.900000 H:3759.500000 L:3746.000000 C:3755.500000
[DEBUG] 2025-09-26 03:54:47 - Parsed bar - StartTime: 2025-09-22 07:00:00 | O:3761.900000 H:3762.700000 L:3755.100000 C:3758.800000
[DEBUG] 2025-09-26 03:54:47 - Parsed bar - StartTime: 2025-09-22 06:00:00 | O:3757.900000 H:3763.100000 L:3755.400000 C:3762.000000
[DEBUG] 2025-09-26 03:54:47 - Parsed bar - StartTime: 2025-09-22 05:00:00 | O:3754.600000 H:3761.200000 L:3753.700000 C:3757.900000
[DEBUG] 2025-09-26 03:54:47 - Parsed bar - StartTime: 2025-09-22 04:00:00 | O:3747.400000 H:3756.800000 L:3746.600000 C:3754.600000
[DEBUG] 2025-09-26 03:54:47 - Parsed bar - StartTime: 2025-09-22 03:00:00 | O:3749.100000 H:3751.000000 L:3742.900000 C:3747.500000
[DEBUG] 2025-09-26 03:54:47 - Parsed bar - StartTime: 2025-09-22 02:00:00 | O:3732.500000 H:3753.400000 L:3730.900000 C:3749.100000
[DEBUG] 2025-09-26 03:54:47 - Parsed bar - StartTime: 2025-09-22 01:00:00 | O:3727.400000 H:3735.800000 L:3727.100000 C:3732.500000
[DEBUG] 2025-09-26 03:54:47 - Parsed bar - StartTime: 2025-09-22 00:00:00 | O:3730.800000 H:3731.500000 L:3725.500000 C:3727.500000
[DEBUG] 2025-09-26 03:54:47 - Parsed bar - StartTime: 2025-09-21 23:00:00 | O:3721.200000 H:3733.100000 L:3721.000000 C:3731.100000
[DEBUG] 2025-09-26 03:54:47 - Parsed bar - StartTime: 2025-09-21 22:00:00 | O:3724.000000 H:3728.400000 L:3720.500000 C:3721.400000
[DEBUG] 2025-09-26 03:54:47 - Parsed bar - StartTime: 2025-09-21 21:00:00 | O:3725.800000 H:3732.500000 L:3721.500000 C:3724.300000
[DEBUG] 2025-09-26 03:54:47 - Parsed bar - StartTime: 2025-09-21 20:00:00 | O:3721.400000 H:3726.100000 L:3720.600000 C:3725.900000
[DEBUG] 2025-09-26 03:54:47 - First 3 parsed bars:
[DEBUG] 2025-09-26 03:54:47 - ParsedBar[0] = 2025-09-26 03:00:00 OHLCV: 3773.200000/3779.000000/3768.800000/3777.600000/45514
[DEBUG] 2025-09-26 03:54:47 - ParsedBar[1] = 2025-09-26 02:00:00 OHLCV: 3771.300000/3784.400000/3771.000000/3773.300000/38676
[DEBUG] 2025-09-26 03:54:47 - ParsedBar[2] = 2025-09-26 01:00:00 OHLCV: 3777.000000/3779.400000/3771.300000/3771.600000/31120
[DEBUG] 2025-09-26 03:54:47 - COMPLETENESS_CHECK: BarStart=2025-09-26 02:00:00 | BarEnd=2025-09-26 02:00:00 | MinutesSinceEnd=114 | Result=COMPLETE
[DEBUG] 2025-09-26 03:54:47 - Added corrected intraday bar: 2025-09-26 02:00:00 (timestamp from line 0, OHLCV from line 1)
[DEBUG] 2025-09-26 03:54:47 - COMPLETENESS_CHECK: BarStart=2025-09-26 01:00:00 | BarEnd=2025-09-26 01:00:00 | MinutesSinceEnd=174 | Result=COMPLETE
[DEBUG] 2025-09-26 03:54:47 - Added intraday bar #2: 2025-09-26 01:00:00
[DEBUG] 2025-09-26 03:54:47 - COMPLETENESS_CHECK: BarStart=2025-09-26 00:00:00 | BarEnd=2025-09-26 00:00:00 | MinutesSinceEnd=234 | Result=COMPLETE
[DEBUG] 2025-09-26 03:54:47 - Added intraday bar #3: 2025-09-26 00:00:00
[DEBUG] 2025-09-26 03:54:47 - COMPLETENESS_CHECK: BarStart=2025-09-25 23:00:00 | BarEnd=2025-09-25 23:00:00 | MinutesSinceEnd=294 | Result=COMPLETE
[DEBUG] 2025-09-26 03:54:47 - Added intraday bar #4: 2025-09-25 23:00:00
[DEBUG] 2025-09-26 03:54:47 - COMPLETENESS_CHECK: BarStart=2025-09-25 22:00:00 | BarEnd=2025-09-25 22:00:00 | MinutesSinceEnd=354 | Result=COMPLETE
[DEBUG] 2025-09-26 03:54:47 - Added intraday bar #5: 2025-09-25 22:00:00
[DEBUG] 2025-09-26 03:54:47 - COMPLETENESS_CHECK: BarStart=2025-09-25 21:00:00 | BarEnd=2025-09-25 21:00:00 | MinutesSinceEnd=414 | Result=COMPLETE
[DEBUG] 2025-09-26 03:54:47 - Added intraday bar #6: 2025-09-25 21:00:00
[DEBUG] 2025-09-26 03:54:47 - COMPLETENESS_CHECK: BarStart=2025-09-25 20:00:00 | BarEnd=2025-09-25 20:00:00 | MinutesSinceEnd=474 | Result=COMPLETE
[DEBUG] 2025-09-26 03:54:47 - Added intraday bar #7: 2025-09-25 20:00:00
[DEBUG] 2025-09-26 03:54:47 - COMPLETENESS_CHECK: BarStart=2025-09-25 19:00:00 | BarEnd=2025-09-25 19:00:00 | MinutesSinceEnd=534 | Result=COMPLETE
[DEBUG] 2025-09-26 03:54:47 - Added intraday bar #8: 2025-09-25 19:00:00
[DEBUG] 2025-09-26 03:54:47 - COMPLETENESS_CHECK: BarStart=2025-09-25 18:00:00 | BarEnd=2025-09-25 18:00:00 | MinutesSinceEnd=594 | Result=COMPLETE
[DEBUG] 2025-09-26 03:54:47 - Added intraday bar #9: 2025-09-25 18:00:00
[DEBUG] 2025-09-26 03:54:47 - COMPLETENESS_CHECK: BarStart=2025-09-25 16:00:00 | BarEnd=2025-09-25 16:00:00 | MinutesSinceEnd=714 | Result=COMPLETE
[DEBUG] 2025-09-26 03:54:47 - Added intraday bar #10: 2025-09-25 16:00:00
[DEBUG] 2025-09-26 03:54:47 - COMPLETENESS_CHECK: BarStart=2025-09-25 15:00:00 | BarEnd=2025-09-25 15:00:00 | MinutesSinceEnd=774 | Result=COMPLETE
[DEBUG] 2025-09-26 03:54:47 - Added intraday bar #11: 2025-09-25 15:00:00
[DEBUG] 2025-09-26 03:54:47 - COMPLETENESS_CHECK: BarStart=2025-09-25 14:00:00 | BarEnd=2025-09-25 14:00:00 | MinutesSinceEnd=834 | Result=COMPLETE
[DEBUG] 2025-09-26 03:54:47 - Added intraday bar #12: 2025-09-25 14:00:00
[DEBUG] 2025-09-26 03:54:47 - COMPLETENESS_CHECK: BarStart=2025-09-25 13:00:00 | BarEnd=2025-09-25 13:00:00 | MinutesSinceEnd=894 | Result=COMPLETE
[DEBUG] 2025-09-26 03:54:47 - Added intraday bar #13: 2025-09-25 13:00:00
[DEBUG] 2025-09-26 03:54:47 - COMPLETENESS_CHECK: BarStart=2025-09-25 12:00:00 | BarEnd=2025-09-25 12:00:00 | MinutesSinceEnd=954 | Result=COMPLETE
[DEBUG] 2025-09-26 03:54:47 - Added intraday bar #14: 2025-09-25 12:00:00
[DEBUG] 2025-09-26 03:54:47 - COMPLETENESS_CHECK: BarStart=2025-09-25 11:00:00 | BarEnd=2025-09-25 11:00:00 | MinutesSinceEnd=1014 | Result=COMPLETE
[DEBUG] 2025-09-26 03:54:47 - Added intraday bar #15: 2025-09-25 11:00:00
[DEBUG] 2025-09-26 03:54:47 - COMPLETENESS_CHECK: BarStart=2025-09-25 10:00:00 | BarEnd=2025-09-25 10:00:00 | MinutesSinceEnd=1074 | Result=COMPLETE
[DEBUG] 2025-09-26 03:54:47 - Added intraday bar #16: 2025-09-25 10:00:00
[DEBUG] 2025-09-26 03:54:47 - COMPLETENESS_CHECK: BarStart=2025-09-25 09:00:00 | BarEnd=2025-09-25 09:00:00 | MinutesSinceEnd=1134 | Result=COMPLETE
[DEBUG] 2025-09-26 03:54:47 - Added intraday bar #17: 2025-09-25 09:00:00
[DEBUG] 2025-09-26 03:54:47 - COMPLETENESS_CHECK: BarStart=2025-09-25 08:00:00 | BarEnd=2025-09-25 08:00:00 | MinutesSinceEnd=1194 | Result=COMPLETE
[DEBUG] 2025-09-26 03:54:47 - Added intraday bar #18: 2025-09-25 08:00:00
[DEBUG] 2025-09-26 03:54:47 - COMPLETENESS_CHECK: BarStart=2025-09-25 07:00:00 | BarEnd=2025-09-25 07:00:00 | MinutesSinceEnd=1254 | Result=COMPLETE
[DEBUG] 2025-09-26 03:54:47 - Added intraday bar #19: 2025-09-25 07:00:00
[DEBUG] 2025-09-26 03:54:47 - COMPLETENESS_CHECK: BarStart=2025-09-25 06:00:00 | BarEnd=2025-09-25 06:00:00 | MinutesSinceEnd=1314 | Result=COMPLETE
[DEBUG] 2025-09-26 03:54:47 - Added intraday bar #20: 2025-09-25 06:00:00
[DEBUG] 2025-09-26 03:54:47 - COMPLETENESS_CHECK: BarStart=2025-09-25 05:00:00 | BarEnd=2025-09-25 05:00:00 | MinutesSinceEnd=1374 | Result=COMPLETE
[DEBUG] 2025-09-26 03:54:47 - Added intraday bar #21: 2025-09-25 05:00:00
[DEBUG] 2025-09-26 03:54:47 - COMPLETENESS_CHECK: BarStart=2025-09-25 04:00:00 | BarEnd=2025-09-25 04:00:00 | MinutesSinceEnd=1434 | Result=COMPLETE
[DEBUG] 2025-09-26 03:54:47 - Added intraday bar #22: 2025-09-25 04:00:00
[DEBUG] 2025-09-26 03:54:47 - COMPLETENESS_CHECK: BarStart=2025-09-25 03:00:00 | BarEnd=2025-09-25 03:00:00 | MinutesSinceEnd=1494 | Result=COMPLETE
[DEBUG] 2025-09-26 03:54:47 - Added intraday bar #23: 2025-09-25 03:00:00
[DEBUG] 2025-09-26 03:54:47 - COMPLETENESS_CHECK: BarStart=2025-09-25 02:00:00 | BarEnd=2025-09-25 02:00:00 | MinutesSinceEnd=1554 | Result=COMPLETE
[DEBUG] 2025-09-26 03:54:47 - Added intraday bar #24: 2025-09-25 02:00:00
[DEBUG] 2025-09-26 03:54:47 - COMPLETENESS_CHECK: BarStart=2025-09-25 01:00:00 | BarEnd=2025-09-25 01:00:00 | MinutesSinceEnd=1614 | Result=COMPLETE
[DEBUG] 2025-09-26 03:54:47 - Added intraday bar #25: 2025-09-25 01:00:00
[DEBUG] 2025-09-26 03:54:47 - COMPLETENESS_CHECK: BarStart=2025-09-25 00:00:00 | BarEnd=2025-09-25 00:00:00 | MinutesSinceEnd=1674 | Result=COMPLETE
[DEBUG] 2025-09-26 03:54:47 - Added intraday bar #26: 2025-09-25 00:00:00
[DEBUG] 2025-09-26 03:54:47 - COMPLETENESS_CHECK: BarStart=2025-09-24 23:00:00 | BarEnd=2025-09-24 23:00:00 | MinutesSinceEnd=1734 | Result=COMPLETE
[DEBUG] 2025-09-26 03:54:47 - Added intraday bar #27: 2025-09-24 23:00:00
[DEBUG] 2025-09-26 03:54:47 - COMPLETENESS_CHECK: BarStart=2025-09-24 22:00:00 | BarEnd=2025-09-24 22:00:00 | MinutesSinceEnd=1794 | Result=COMPLETE
[DEBUG] 2025-09-26 03:54:47 - Added intraday bar #28: 2025-09-24 22:00:00
[DEBUG] 2025-09-26 03:54:47 - COMPLETENESS_CHECK: BarStart=2025-09-24 21:00:00 | BarEnd=2025-09-24 21:00:00 | MinutesSinceEnd=1854 | Result=COMPLETE
[DEBUG] 2025-09-26 03:54:47 - Added intraday bar #29: 2025-09-24 21:00:00
[DEBUG] 2025-09-26 03:54:47 - COMPLETENESS_CHECK: BarStart=2025-09-24 20:00:00 | BarEnd=2025-09-24 20:00:00 | MinutesSinceEnd=1914 | Result=COMPLETE
[DEBUG] 2025-09-26 03:54:47 - Added intraday bar #30: 2025-09-24 20:00:00
[DEBUG] 2025-09-26 03:54:47 - COMPLETENESS_CHECK: BarStart=2025-09-24 19:00:00 | BarEnd=2025-09-24 19:00:00 | MinutesSinceEnd=1974 | Result=COMPLETE
[DEBUG] 2025-09-26 03:54:47 - Added intraday bar #31: 2025-09-24 19:00:00
[DEBUG] 2025-09-26 03:54:47 - COMPLETENESS_CHECK: BarStart=2025-09-24 18:00:00 | BarEnd=2025-09-24 18:00:00 | MinutesSinceEnd=2034 | Result=COMPLETE
[DEBUG] 2025-09-26 03:54:47 - Added intraday bar #32: 2025-09-24 18:00:00
[DEBUG] 2025-09-26 03:54:47 - COMPLETENESS_CHECK: BarStart=2025-09-24 16:00:00 | BarEnd=2025-09-24 16:00:00 | MinutesSinceEnd=2154 | Result=COMPLETE
[DEBUG] 2025-09-26 03:54:47 - Added intraday bar #33: 2025-09-24 16:00:00
[DEBUG] 2025-09-26 03:54:47 - COMPLETENESS_CHECK: BarStart=2025-09-24 15:00:00 | BarEnd=2025-09-24 15:00:00 | MinutesSinceEnd=2214 | Result=COMPLETE
[DEBUG] 2025-09-26 03:54:47 - Added intraday bar #34: 2025-09-24 15:00:00
[DEBUG] 2025-09-26 03:54:47 - COMPLETENESS_CHECK: BarStart=2025-09-24 14:00:00 | BarEnd=2025-09-24 14:00:00 | MinutesSinceEnd=2274 | Result=COMPLETE
[DEBUG] 2025-09-26 03:54:47 - Added intraday bar #35: 2025-09-24 14:00:00
[DEBUG] 2025-09-26 03:54:47 - COMPLETENESS_CHECK: BarStart=2025-09-24 13:00:00 | BarEnd=2025-09-24 13:00:00 | MinutesSinceEnd=2334 | Result=COMPLETE
[DEBUG] 2025-09-26 03:54:47 - Added intraday bar #36: 2025-09-24 13:00:00
[DEBUG] 2025-09-26 03:54:47 - COMPLETENESS_CHECK: BarStart=2025-09-24 12:00:00 | BarEnd=2025-09-24 12:00:00 | MinutesSinceEnd=2394 | Result=COMPLETE
[DEBUG] 2025-09-26 03:54:47 - Added intraday bar #37: 2025-09-24 12:00:00
[DEBUG] 2025-09-26 03:54:47 - COMPLETENESS_CHECK: BarStart=2025-09-24 11:00:00 | BarEnd=2025-09-24 11:00:00 | MinutesSinceEnd=2454 | Result=COMPLETE
[DEBUG] 2025-09-26 03:54:47 - Added intraday bar #38: 2025-09-24 11:00:00
[DEBUG] 2025-09-26 03:54:47 - COMPLETENESS_CHECK: BarStart=2025-09-24 10:00:00 | BarEnd=2025-09-24 10:00:00 | MinutesSinceEnd=2514 | Result=COMPLETE
[DEBUG] 2025-09-26 03:54:47 - Added intraday bar #39: 2025-09-24 10:00:00
[DEBUG] 2025-09-26 03:54:47 - COMPLETENESS_CHECK: BarStart=2025-09-24 09:00:00 | BarEnd=2025-09-24 09:00:00 | MinutesSinceEnd=2574 | Result=COMPLETE
[DEBUG] 2025-09-26 03:54:47 - Added intraday bar #40: 2025-09-24 09:00:00
[DEBUG] 2025-09-26 03:54:47 - COMPLETENESS_CHECK: BarStart=2025-09-24 08:00:00 | BarEnd=2025-09-24 08:00:00 | MinutesSinceEnd=2634 | Result=COMPLETE
[DEBUG] 2025-09-26 03:54:47 - Added intraday bar #41: 2025-09-24 08:00:00
[DEBUG] 2025-09-26 03:54:47 - COMPLETENESS_CHECK: BarStart=2025-09-24 07:00:00 | BarEnd=2025-09-24 07:00:00 | MinutesSinceEnd=2694 | Result=COMPLETE
[DEBUG] 2025-09-26 03:54:47 - Added intraday bar #42: 2025-09-24 07:00:00
[DEBUG] 2025-09-26 03:54:47 - COMPLETENESS_CHECK: BarStart=2025-09-24 06:00:00 | BarEnd=2025-09-24 06:00:00 | MinutesSinceEnd=2754 | Result=COMPLETE
[DEBUG] 2025-09-26 03:54:47 - Added intraday bar #43: 2025-09-24 06:00:00
[DEBUG] 2025-09-26 03:54:47 - COMPLETENESS_CHECK: BarStart=2025-09-24 05:00:00 | BarEnd=2025-09-24 05:00:00 | MinutesSinceEnd=2814 | Result=COMPLETE
[DEBUG] 2025-09-26 03:54:47 - Added intraday bar #44: 2025-09-24 05:00:00
[DEBUG] 2025-09-26 03:54:47 - COMPLETENESS_CHECK: BarStart=2025-09-24 04:00:00 | BarEnd=2025-09-24 04:00:00 | MinutesSinceEnd=2874 | Result=COMPLETE
[DEBUG] 2025-09-26 03:54:47 - Added intraday bar #45: 2025-09-24 04:00:00
[DEBUG] 2025-09-26 03:54:47 - COMPLETENESS_CHECK: BarStart=2025-09-24 03:00:00 | BarEnd=2025-09-24 03:00:00 | MinutesSinceEnd=2934 | Result=COMPLETE
[DEBUG] 2025-09-26 03:54:47 - Added intraday bar #46: 2025-09-24 03:00:00
[DEBUG] 2025-09-26 03:54:47 - COMPLETENESS_CHECK: BarStart=2025-09-24 02:00:00 | BarEnd=2025-09-24 02:00:00 | MinutesSinceEnd=2994 | Result=COMPLETE
[DEBUG] 2025-09-26 03:54:47 - Added intraday bar #47: 2025-09-24 02:00:00
[DEBUG] 2025-09-26 03:54:47 - COMPLETENESS_CHECK: BarStart=2025-09-24 01:00:00 | BarEnd=2025-09-24 01:00:00 | MinutesSinceEnd=3054 | Result=COMPLETE
[DEBUG] 2025-09-26 03:54:47 - Added intraday bar #48: 2025-09-24 01:00:00
[DEBUG] 2025-09-26 03:54:47 - COMPLETENESS_CHECK: BarStart=2025-09-24 00:00:00 | BarEnd=2025-09-24 00:00:00 | MinutesSinceEnd=3114 | Result=COMPLETE
[DEBUG] 2025-09-26 03:54:47 - Added intraday bar #49: 2025-09-24 00:00:00
[DEBUG] 2025-09-26 03:54:47 - COMPLETENESS_CHECK: BarStart=2025-09-23 23:00:00 | BarEnd=2025-09-23 23:00:00 | MinutesSinceEnd=3174 | Result=COMPLETE
[DEBUG] 2025-09-26 03:54:47 - Added intraday bar #50: 2025-09-23 23:00:00
[DEBUG] 2025-09-26 03:54:47 - COMPLETENESS_CHECK: BarStart=2025-09-23 22:00:00 | BarEnd=2025-09-23 22:00:00 | MinutesSinceEnd=3234 | Result=COMPLETE
[DEBUG] 2025-09-26 03:54:47 - Added intraday bar #51: 2025-09-23 22:00:00
[DEBUG] 2025-09-26 03:54:47 - COMPLETENESS_CHECK: BarStart=2025-09-23 21:00:00 | BarEnd=2025-09-23 21:00:00 | MinutesSinceEnd=3294 | Result=COMPLETE
[DEBUG] 2025-09-26 03:54:47 - Added intraday bar #52: 2025-09-23 21:00:00
[DEBUG] 2025-09-26 03:54:47 - COMPLETENESS_CHECK: BarStart=2025-09-23 20:00:00 | BarEnd=2025-09-23 20:00:00 | MinutesSinceEnd=3354 | Result=COMPLETE
[DEBUG] 2025-09-26 03:54:47 - Added intraday bar #53: 2025-09-23 20:00:00
[DEBUG] 2025-09-26 03:54:47 - COMPLETENESS_CHECK: BarStart=2025-09-23 19:00:00 | BarEnd=2025-09-23 19:00:00 | MinutesSinceEnd=3414 | Result=COMPLETE
[DEBUG] 2025-09-26 03:54:47 - Added intraday bar #54: 2025-09-23 19:00:00
[DEBUG] 2025-09-26 03:54:47 - COMPLETENESS_CHECK: BarStart=2025-09-23 18:00:00 | BarEnd=2025-09-23 18:00:00 | MinutesSinceEnd=3474 | Result=COMPLETE
[DEBUG] 2025-09-26 03:54:47 - Added intraday bar #55: 2025-09-23 18:00:00
[DEBUG] 2025-09-26 03:54:47 - COMPLETENESS_CHECK: BarStart=2025-09-23 16:00:00 | BarEnd=2025-09-23 16:00:00 | MinutesSinceEnd=3594 | Result=COMPLETE
[DEBUG] 2025-09-26 03:54:47 - Added intraday bar #56: 2025-09-23 16:00:00
[DEBUG] 2025-09-26 03:54:47 - COMPLETENESS_CHECK: BarStart=2025-09-23 15:00:00 | BarEnd=2025-09-23 15:00:00 | MinutesSinceEnd=3654 | Result=COMPLETE
[DEBUG] 2025-09-26 03:54:47 - Added intraday bar #57: 2025-09-23 15:00:00
[DEBUG] 2025-09-26 03:54:47 - COMPLETENESS_CHECK: BarStart=2025-09-23 14:00:00 | BarEnd=2025-09-23 14:00:00 | MinutesSinceEnd=3714 | Result=COMPLETE
[DEBUG] 2025-09-26 03:54:47 - Added intraday bar #58: 2025-09-23 14:00:00
[DEBUG] 2025-09-26 03:54:47 - COMPLETENESS_CHECK: BarStart=2025-09-23 13:00:00 | BarEnd=2025-09-23 13:00:00 | MinutesSinceEnd=3774 | Result=COMPLETE
[DEBUG] 2025-09-26 03:54:47 - Added intraday bar #59: 2025-09-23 13:00:00
[DEBUG] 2025-09-26 03:54:47 - COMPLETENESS_CHECK: BarStart=2025-09-23 12:00:00 | BarEnd=2025-09-23 12:00:00 | MinutesSinceEnd=3834 | Result=COMPLETE
[DEBUG] 2025-09-26 03:54:47 - Added intraday bar #60: 2025-09-23 12:00:00
[DEBUG] 2025-09-26 03:54:47 - COMPLETENESS_CHECK: BarStart=2025-09-23 11:00:00 | BarEnd=2025-09-23 11:00:00 | MinutesSinceEnd=3894 | Result=COMPLETE
[DEBUG] 2025-09-26 03:54:47 - Added intraday bar #61: 2025-09-23 11:00:00
[DEBUG] 2025-09-26 03:54:47 - COMPLETENESS_CHECK: BarStart=2025-09-23 10:00:00 | BarEnd=2025-09-23 10:00:00 | MinutesSinceEnd=3954 | Result=COMPLETE
[DEBUG] 2025-09-26 03:54:47 - Added intraday bar #62: 2025-09-23 10:00:00
[DEBUG] 2025-09-26 03:54:47 - COMPLETENESS_CHECK: BarStart=2025-09-23 09:00:00 | BarEnd=2025-09-23 09:00:00 | MinutesSinceEnd=4014 | Result=COMPLETE
[DEBUG] 2025-09-26 03:54:47 - Added intraday bar #63: 2025-09-23 09:00:00
[DEBUG] 2025-09-26 03:54:47 - COMPLETENESS_CHECK: BarStart=2025-09-23 08:00:00 | BarEnd=2025-09-23 08:00:00 | MinutesSinceEnd=4074 | Result=COMPLETE
[DEBUG] 2025-09-26 03:54:47 - Added intraday bar #64: 2025-09-23 08:00:00
[DEBUG] 2025-09-26 03:54:47 - COMPLETENESS_CHECK: BarStart=2025-09-23 07:00:00 | BarEnd=2025-09-23 07:00:00 | MinutesSinceEnd=4134 | Result=COMPLETE
[DEBUG] 2025-09-26 03:54:47 - Added intraday bar #65: 2025-09-23 07:00:00
[DEBUG] 2025-09-26 03:54:47 - COMPLETENESS_CHECK: BarStart=2025-09-23 06:00:00 | BarEnd=2025-09-23 06:00:00 | MinutesSinceEnd=4194 | Result=COMPLETE
[DEBUG] 2025-09-26 03:54:47 - Added intraday bar #66: 2025-09-23 06:00:00
[DEBUG] 2025-09-26 03:54:47 - COMPLETENESS_CHECK: BarStart=2025-09-23 05:00:00 | BarEnd=2025-09-23 05:00:00 | MinutesSinceEnd=4254 | Result=COMPLETE
[DEBUG] 2025-09-26 03:54:47 - Added intraday bar #67: 2025-09-23 05:00:00
[DEBUG] 2025-09-26 03:54:47 - COMPLETENESS_CHECK: BarStart=2025-09-23 04:00:00 | BarEnd=2025-09-23 04:00:00 | MinutesSinceEnd=4314 | Result=COMPLETE
[DEBUG] 2025-09-26 03:54:47 - Added intraday bar #68: 2025-09-23 04:00:00
[DEBUG] 2025-09-26 03:54:47 - COMPLETENESS_CHECK: BarStart=2025-09-23 03:00:00 | BarEnd=2025-09-23 03:00:00 | MinutesSinceEnd=4374 | Result=COMPLETE
[DEBUG] 2025-09-26 03:54:47 - Added intraday bar #69: 2025-09-23 03:00:00
[DEBUG] 2025-09-26 03:54:47 - COMPLETENESS_CHECK: BarStart=2025-09-23 02:00:00 | BarEnd=2025-09-23 02:00:00 | MinutesSinceEnd=4434 | Result=COMPLETE
[DEBUG] 2025-09-26 03:54:47 - Added intraday bar #70: 2025-09-23 02:00:00
[DEBUG] 2025-09-26 03:54:47 - COMPLETENESS_CHECK: BarStart=2025-09-23 01:00:00 | BarEnd=2025-09-23 01:00:00 | MinutesSinceEnd=4494 | Result=COMPLETE
[DEBUG] 2025-09-26 03:54:47 - Added intraday bar #71: 2025-09-23 01:00:00
[DEBUG] 2025-09-26 03:54:47 - COMPLETENESS_CHECK: BarStart=2025-09-23 00:00:00 | BarEnd=2025-09-23 00:00:00 | MinutesSinceEnd=4554 | Result=COMPLETE
[DEBUG] 2025-09-26 03:54:47 - Added intraday bar #72: 2025-09-23 00:00:00
[DEBUG] 2025-09-26 03:54:47 - COMPLETENESS_CHECK: BarStart=2025-09-22 23:00:00 | BarEnd=2025-09-22 23:00:00 | MinutesSinceEnd=4614 | Result=COMPLETE
[DEBUG] 2025-09-26 03:54:47 - Added intraday bar #73: 2025-09-22 23:00:00
[DEBUG] 2025-09-26 03:54:47 - COMPLETENESS_CHECK: BarStart=2025-09-22 22:00:00 | BarEnd=2025-09-22 22:00:00 | MinutesSinceEnd=4674 | Result=COMPLETE
[DEBUG] 2025-09-26 03:54:47 - Added intraday bar #74: 2025-09-22 22:00:00
[DEBUG] 2025-09-26 03:54:47 - COMPLETENESS_CHECK: BarStart=2025-09-22 21:00:00 | BarEnd=2025-09-22 21:00:00 | MinutesSinceEnd=4734 | Result=COMPLETE
[DEBUG] 2025-09-26 03:54:47 - Added intraday bar #75: 2025-09-22 21:00:00
[DEBUG] 2025-09-26 03:54:47 - COMPLETENESS_CHECK: BarStart=2025-09-22 20:00:00 | BarEnd=2025-09-22 20:00:00 | MinutesSinceEnd=4794 | Result=COMPLETE
[DEBUG] 2025-09-26 03:54:47 - Added intraday bar #76: 2025-09-22 20:00:00
[DEBUG] 2025-09-26 03:54:47 - COMPLETENESS_CHECK: BarStart=2025-09-22 19:00:00 | BarEnd=2025-09-22 19:00:00 | MinutesSinceEnd=4854 | Result=COMPLETE
[DEBUG] 2025-09-26 03:54:47 - Added intraday bar #77: 2025-09-22 19:00:00
[DEBUG] 2025-09-26 03:54:47 - COMPLETENESS_CHECK: BarStart=2025-09-22 18:00:00 | BarEnd=2025-09-22 18:00:00 | MinutesSinceEnd=4914 | Result=COMPLETE
[DEBUG] 2025-09-26 03:54:47 - Added intraday bar #78: 2025-09-22 18:00:00
[DEBUG] 2025-09-26 03:54:47 - COMPLETENESS_CHECK: BarStart=2025-09-22 16:00:00 | BarEnd=2025-09-22 16:00:00 | MinutesSinceEnd=5034 | Result=COMPLETE
[DEBUG] 2025-09-26 03:54:47 - Added intraday bar #79: 2025-09-22 16:00:00
[DEBUG] 2025-09-26 03:54:47 - COMPLETENESS_CHECK: BarStart=2025-09-22 15:00:00 | BarEnd=2025-09-22 15:00:00 | MinutesSinceEnd=5094 | Result=COMPLETE
[DEBUG] 2025-09-26 03:54:47 - Added intraday bar #80: 2025-09-22 15:00:00
[DEBUG] 2025-09-26 03:54:47 - COMPLETENESS_CHECK: BarStart=2025-09-22 14:00:00 | BarEnd=2025-09-22 14:00:00 | MinutesSinceEnd=5154 | Result=COMPLETE
[DEBUG] 2025-09-26 03:54:47 - Added intraday bar #81: 2025-09-22 14:00:00
[DEBUG] 2025-09-26 03:54:47 - COMPLETENESS_CHECK: BarStart=2025-09-22 13:00:00 | BarEnd=2025-09-22 13:00:00 | MinutesSinceEnd=5214 | Result=COMPLETE
[DEBUG] 2025-09-26 03:54:47 - Added intraday bar #82: 2025-09-22 13:00:00
[DEBUG] 2025-09-26 03:54:47 - COMPLETENESS_CHECK: BarStart=2025-09-22 12:00:00 | BarEnd=2025-09-22 12:00:00 | MinutesSinceEnd=5274 | Result=COMPLETE
[DEBUG] 2025-09-26 03:54:47 - Added intraday bar #83: 2025-09-22 12:00:00
[DEBUG] 2025-09-26 03:54:47 - COMPLETENESS_CHECK: BarStart=2025-09-22 11:00:00 | BarEnd=2025-09-22 11:00:00 | MinutesSinceEnd=5334 | Result=COMPLETE
[DEBUG] 2025-09-26 03:54:47 - Added intraday bar #84: 2025-09-22 11:00:00
[DEBUG] 2025-09-26 03:54:47 - COMPLETENESS_CHECK: BarStart=2025-09-22 10:00:00 | BarEnd=2025-09-22 10:00:00 | MinutesSinceEnd=5394 | Result=COMPLETE
[DEBUG] 2025-09-26 03:54:47 - Added intraday bar #85: 2025-09-22 10:00:00
[DEBUG] 2025-09-26 03:54:47 - COMPLETENESS_CHECK: BarStart=2025-09-22 09:00:00 | BarEnd=2025-09-22 09:00:00 | MinutesSinceEnd=5454 | Result=COMPLETE
[DEBUG] 2025-09-26 03:54:47 - Added intraday bar #86: 2025-09-22 09:00:00
[DEBUG] 2025-09-26 03:54:47 - COMPLETENESS_CHECK: BarStart=2025-09-22 08:00:00 | BarEnd=2025-09-22 08:00:00 | MinutesSinceEnd=5514 | Result=COMPLETE
[DEBUG] 2025-09-26 03:54:47 - Added intraday bar #87: 2025-09-22 08:00:00
[DEBUG] 2025-09-26 03:54:47 - COMPLETENESS_CHECK: BarStart=2025-09-22 07:00:00 | BarEnd=2025-09-22 07:00:00 | MinutesSinceEnd=5574 | Result=COMPLETE
[DEBUG] 2025-09-26 03:54:47 - Added intraday bar #88: 2025-09-22 07:00:00
[DEBUG] 2025-09-26 03:54:47 - COMPLETENESS_CHECK: BarStart=2025-09-22 06:00:00 | BarEnd=2025-09-22 06:00:00 | MinutesSinceEnd=5634 | Result=COMPLETE
[DEBUG] 2025-09-26 03:54:47 - Added intraday bar #89: 2025-09-22 06:00:00
[DEBUG] 2025-09-26 03:54:47 - COMPLETENESS_CHECK: BarStart=2025-09-22 05:00:00 | BarEnd=2025-09-22 05:00:00 | MinutesSinceEnd=5694 | Result=COMPLETE
[DEBUG] 2025-09-26 03:54:47 - Added intraday bar #90: 2025-09-22 05:00:00
[DEBUG] 2025-09-26 03:54:47 - COMPLETENESS_CHECK: BarStart=2025-09-22 04:00:00 | BarEnd=2025-09-22 04:00:00 | MinutesSinceEnd=5754 | Result=COMPLETE
[DEBUG] 2025-09-26 03:54:47 - Added intraday bar #91: 2025-09-22 04:00:00
[DEBUG] 2025-09-26 03:54:47 - COMPLETENESS_CHECK: BarStart=2025-09-22 03:00:00 | BarEnd=2025-09-22 03:00:00 | MinutesSinceEnd=5814 | Result=COMPLETE
[DEBUG] 2025-09-26 03:54:47 - Added intraday bar #92: 2025-09-22 03:00:00
[DEBUG] 2025-09-26 03:54:47 - COMPLETENESS_CHECK: BarStart=2025-09-22 02:00:00 | BarEnd=2025-09-22 02:00:00 | MinutesSinceEnd=5874 | Result=COMPLETE
[DEBUG] 2025-09-26 03:54:47 - Added intraday bar #93: 2025-09-22 02:00:00
[DEBUG] 2025-09-26 03:54:47 - COMPLETENESS_CHECK: BarStart=2025-09-22 01:00:00 | BarEnd=2025-09-22 01:00:00 | MinutesSinceEnd=5934 | Result=COMPLETE
[DEBUG] 2025-09-26 03:54:47 - Added intraday bar #94: 2025-09-22 01:00:00
[DEBUG] 2025-09-26 03:54:47 - COMPLETENESS_CHECK: BarStart=2025-09-22 00:00:00 | BarEnd=2025-09-22 00:00:00 | MinutesSinceEnd=5994 | Result=COMPLETE
[DEBUG] 2025-09-26 03:54:47 - Added intraday bar #95: 2025-09-22 00:00:00
[DEBUG] 2025-09-26 03:54:47 - COMPLETENESS_CHECK: BarStart=2025-09-21 23:00:00 | BarEnd=2025-09-21 23:00:00 | MinutesSinceEnd=6054 | Result=COMPLETE
[DEBUG] 2025-09-26 03:54:47 - Added intraday bar #96: 2025-09-21 23:00:00
[DEBUG] 2025-09-26 03:54:47 - COMPLETENESS_CHECK: BarStart=2025-09-21 22:00:00 | BarEnd=2025-09-21 22:00:00 | MinutesSinceEnd=6114 | Result=COMPLETE
[DEBUG] 2025-09-26 03:54:47 - Added intraday bar #97: 2025-09-21 22:00:00
[DEBUG] 2025-09-26 03:54:47 - COMPLETENESS_CHECK: BarStart=2025-09-21 21:00:00 | BarEnd=2025-09-21 21:00:00 | MinutesSinceEnd=6174 | Result=COMPLETE
[DEBUG] 2025-09-26 03:54:47 - Added intraday bar #98: 2025-09-21 21:00:00
[DEBUG] 2025-09-26 03:54:47 - COMPLETENESS_CHECK: BarStart=2025-09-21 20:00:00 | BarEnd=2025-09-21 20:00:00 | MinutesSinceEnd=6234 | Result=COMPLETE
[DEBUG] 2025-09-26 03:54:47 - Added intraday bar #99: 2025-09-21 20:00:00
[INFO] 2025-09-26 03:54:47 - Applied intraday timestamp/OHLCV correction - using 99 bars
[DEBUG] 2025-09-26 03:54:47 - First 5 final processed bars:
[DEBUG] 2025-09-26 03:54:47 - FinalBar[0] = 2025-09-26 02:00:00 | O:3771.300000 H:3784.400000 L:3771.000000 C:3773.300000
[DEBUG] 2025-09-26 03:54:47 - FinalBar[1] = 2025-09-26 01:00:00 | O:3777.000000 H:3779.400000 L:3771.300000 C:3771.600000
[DEBUG] 2025-09-26 03:54:47 - FinalBar[2] = 2025-09-26 00:00:00 | O:3775.100000 H:3777.200000 L:3774.000000 C:3777.100000
[DEBUG] 2025-09-26 03:54:47 - FinalBar[3] = 2025-09-25 23:00:00 | O:3767.800000 H:3775.500000 L:3764.000000 C:3774.800000
[DEBUG] 2025-09-26 03:54:47 - FinalBar[4] = 2025-09-25 22:00:00 | O:3768.400000 H:3772.500000 L:3767.100000 C:3767.800000
[SUCCESS] 2025-09-26 03:54:47 - Successfully parsed 99 complete bars
[INFO] 2025-09-26 08:42:20 - Fetching 100 1Hour bars for symbol: QGC#
[DEBUG] 2025-09-26 08:42:20 - Sending command: HIX,QGC#,3600,100,0,HIST_QGC#_1Hour,100,s,1

[DEBUG] 2025-09-26 08:42:20 - Raw response received (8296 characters)
[DEBUG] 2025-09-26 08:42:20 - Parsing historical data response...
[DEBUG] 2025-09-26 08:42:20 - First 5 lines of raw response:
[DEBUG] 2025-09-26 08:42:20 - Raw Line 0: HIST_QGC#_1Hour,LH,2025-09-26 08:00:00,3788.0,3776.4,3778.8,3781.5,78947,9480,0,
[DEBUG] 2025-09-26 08:42:20 - Raw Line 1: HIST_QGC#_1Hour,LH,2025-09-26 07:00:00,3783.1,3774.5,3775.0,3778.7,68816,4916,0,
[DEBUG] 2025-09-26 08:42:20 - Raw Line 2: HIST_QGC#_1Hour,LH,2025-09-26 06:00:00,3785.2,3772.8,3781.3,3774.9,63173,4953,0,
[DEBUG] 2025-09-26 08:42:20 - Raw Line 3: HIST_QGC#_1Hour,LH,2025-09-26 05:00:00,3784.1,3776.9,3782.5,3781.5,57759,4093,0,
[DEBUG] 2025-09-26 08:42:20 - Raw Line 4: HIST_QGC#_1Hour,LH,2025-09-26 04:00:00,3784.9,3776.8,3777.9,3782.6,53208,5627,0,
[DEBUG] 2025-09-26 08:42:20 - Last 5 lines of raw response:
[DEBUG] 2025-09-26 08:42:20 - Raw Line 95: HIST_QGC#_1Hour,LH,2025-09-22 05:00:00,3761.2,3753.7,3754.6,3757.9,85000,7877,0,
[DEBUG] 2025-09-26 08:42:20 - Raw Line 96: HIST_QGC#_1Hour,LH,2025-09-22 04:00:00,3756.8,3746.6,3747.4,3754.6,76961,7403,0,
[DEBUG] 2025-09-26 08:42:20 - Raw Line 97: HIST_QGC#_1Hour,LH,2025-09-22 03:00:00,3751.0,3742.9,3749.1,3747.5,69412,9740,0,
[DEBUG] 2025-09-26 08:42:20 - Raw Line 98: HIST_QGC#_1Hour,LH,2025-09-22 02:00:00,3753.4,3730.9,3732.5,3749.1,59503,18092,0,
[DEBUG] 2025-09-26 08:42:20 - Raw Line 99: HIST_QGC#_1Hour,LH,2025-09-22 01:00:00,3735.8,3727.1,3727.4,3732.5,41079,5698,0,
[DEBUG] 2025-09-26 08:42:20 - Parsed bar - StartTime: 2025-09-26 08:00:00 | O:3778.800000 H:3788.000000 L:3776.400000 C:3781.500000
[DEBUG] 2025-09-26 08:42:20 - Parsed bar - StartTime: 2025-09-26 07:00:00 | O:3775.000000 H:3783.100000 L:3774.500000 C:3778.700000
[DEBUG] 2025-09-26 08:42:20 - Parsed bar - StartTime: 2025-09-26 06:00:00 | O:3781.300000 H:3785.200000 L:3772.800000 C:3774.900000
[DEBUG] 2025-09-26 08:42:20 - Parsed bar - StartTime: 2025-09-26 05:00:00 | O:3782.500000 H:3784.100000 L:3776.900000 C:3781.500000
[DEBUG] 2025-09-26 08:42:20 - Parsed bar - StartTime: 2025-09-26 04:00:00 | O:3777.900000 H:3784.900000 L:3776.800000 C:3782.600000
[DEBUG] 2025-09-26 08:42:20 - Parsed bar - StartTime: 2025-09-26 03:00:00 | O:3773.200000 H:3779.200000 L:3768.800000 C:3777.900000
[DEBUG] 2025-09-26 08:42:20 - Parsed bar - StartTime: 2025-09-26 02:00:00 | O:3771.300000 H:3784.400000 L:3771.000000 C:3773.300000
[DEBUG] 2025-09-26 08:42:20 - Parsed bar - StartTime: 2025-09-26 01:00:00 | O:3777.000000 H:3779.400000 L:3771.300000 C:3771.600000
[DEBUG] 2025-09-26 08:42:20 - Parsed bar - StartTime: 2025-09-26 00:00:00 | O:3775.100000 H:3777.200000 L:3774.000000 C:3777.100000
[DEBUG] 2025-09-26 08:42:20 - Parsed bar - StartTime: 2025-09-25 23:00:00 | O:3767.800000 H:3775.500000 L:3764.000000 C:3774.800000
[DEBUG] 2025-09-26 08:42:20 - Parsed bar - StartTime: 2025-09-25 22:00:00 | O:3768.400000 H:3772.500000 L:3767.100000 C:3767.800000
[DEBUG] 2025-09-26 08:42:20 - Parsed bar - StartTime: 2025-09-25 21:00:00 | O:3779.300000 H:3783.500000 L:3767.300000 C:3768.600000
[DEBUG] 2025-09-26 08:42:20 - Parsed bar - StartTime: 2025-09-25 20:00:00 | O:3775.000000 H:3779.300000 L:3770.000000 C:3779.200000
[DEBUG] 2025-09-26 08:42:20 - Parsed bar - StartTime: 2025-09-25 19:00:00 | O:3779.900000 H:3780.900000 L:3768.500000 C:3775.000000
[DEBUG] 2025-09-26 08:42:20 - Parsed bar - StartTime: 2025-09-25 18:00:00 | O:3781.500000 H:3782.400000 L:3777.200000 C:3779.600000
[DEBUG] 2025-09-26 08:42:20 - Parsed bar - StartTime: 2025-09-25 16:00:00 | O:3777.500000 H:3783.900000 L:3776.900000 C:3780.500000
[DEBUG] 2025-09-26 08:42:20 - Parsed bar - StartTime: 2025-09-25 15:00:00 | O:3786.400000 H:3788.200000 L:3776.000000 C:3777.500000
[DEBUG] 2025-09-26 08:42:20 - Parsed bar - StartTime: 2025-09-25 14:00:00 | O:3773.000000 H:3789.500000 L:3767.500000 C:3786.400000
[DEBUG] 2025-09-26 08:42:20 - Parsed bar - StartTime: 2025-09-25 13:00:00 | O:3763.900000 H:3775.600000 L:3762.500000 C:3772.900000
[DEBUG] 2025-09-26 08:42:20 - Parsed bar - StartTime: 2025-09-25 12:00:00 | O:3766.900000 H:3772.800000 L:3762.800000 C:3764.000000
[DEBUG] 2025-09-26 08:42:20 - Parsed bar - StartTime: 2025-09-25 11:00:00 | O:3762.400000 H:3769.400000 L:3758.600000 C:3766.900000
[DEBUG] 2025-09-26 08:42:20 - Parsed bar - StartTime: 2025-09-25 10:00:00 | O:3764.100000 H:3767.000000 L:3753.400000 C:3762.200000
[DEBUG] 2025-09-26 08:42:20 - Parsed bar - StartTime: 2025-09-25 09:00:00 | O:3769.200000 H:3776.200000 L:3751.900000 C:3764.000000
[DEBUG] 2025-09-26 08:42:20 - Parsed bar - StartTime: 2025-09-25 08:00:00 | O:3783.700000 H:3787.000000 L:3760.800000 C:3769.200000
[DEBUG] 2025-09-26 08:42:20 - Parsed bar - StartTime: 2025-09-25 07:00:00 | O:3788.200000 H:3788.500000 L:3771.000000 C:3784.000000
[DEBUG] 2025-09-26 08:42:20 - Parsed bar - StartTime: 2025-09-25 06:00:00 | O:3787.100000 H:3791.700000 L:3785.800000 C:3788.200000
[DEBUG] 2025-09-26 08:42:20 - Parsed bar - StartTime: 2025-09-25 05:00:00 | O:3786.700000 H:3791.500000 L:3780.100000 C:3787.100000
[DEBUG] 2025-09-26 08:42:20 - Parsed bar - StartTime: 2025-09-25 04:00:00 | O:3782.600000 H:3792.300000 L:3781.300000 C:3786.700000
[DEBUG] 2025-09-26 08:42:20 - Parsed bar - StartTime: 2025-09-25 03:00:00 | O:3771.800000 H:3785.600000 L:3770.500000 C:3782.500000
[DEBUG] 2025-09-26 08:42:20 - Parsed bar - StartTime: 2025-09-25 02:00:00 | O:3769.200000 H:3778.700000 L:3768.200000 C:3771.700000
[DEBUG] 2025-09-26 08:42:20 - Parsed bar - StartTime: 2025-09-25 01:00:00 | O:3768.100000 H:3771.400000 L:3764.100000 C:3768.800000
[DEBUG] 2025-09-26 08:42:20 - Parsed bar - StartTime: 2025-09-25 00:00:00 | O:3767.200000 H:3770.700000 L:3762.200000 C:3768.100000
[DEBUG] 2025-09-26 08:42:20 - Parsed bar - StartTime: 2025-09-24 23:00:00 | O:3770.300000 H:3770.400000 L:3764.700000 C:3767.000000
[DEBUG] 2025-09-26 08:42:20 - Parsed bar - StartTime: 2025-09-24 22:00:00 | O:3766.600000 H:3773.100000 L:3760.500000 C:3770.300000
[DEBUG] 2025-09-26 08:42:20 - Parsed bar - StartTime: 2025-09-24 21:00:00 | O:3779.700000 H:3781.400000 L:3763.900000 C:3766.800000
[DEBUG] 2025-09-26 08:42:20 - Parsed bar - StartTime: 2025-09-24 20:00:00 | O:3774.300000 H:3782.200000 L:3772.800000 C:3779.800000
[DEBUG] 2025-09-26 08:42:20 - Parsed bar - StartTime: 2025-09-24 19:00:00 | O:3772.500000 H:3776.700000 L:3770.500000 C:3774.500000
[DEBUG] 2025-09-26 08:42:20 - Parsed bar - StartTime: 2025-09-24 18:00:00 | O:3768.300000 H:3776.600000 L:3767.000000 C:3772.700000
[DEBUG] 2025-09-26 08:42:20 - Parsed bar - StartTime: 2025-09-24 16:00:00 | O:3762.400000 H:3770.000000 L:3762.300000 C:3768.500000
[DEBUG] 2025-09-26 08:42:20 - Parsed bar - StartTime: 2025-09-24 15:00:00 | O:3757.100000 H:3764.000000 L:3749.700000 C:3762.500000
[DEBUG] 2025-09-26 08:42:20 - Parsed bar - StartTime: 2025-09-24 14:00:00 | O:3766.600000 H:3767.500000 L:3755.600000 C:3757.000000
[DEBUG] 2025-09-26 08:42:20 - Parsed bar - StartTime: 2025-09-24 13:00:00 | O:3768.400000 H:3772.400000 L:3765.700000 C:3766.600000
[DEBUG] 2025-09-26 08:42:20 - Parsed bar - StartTime: 2025-09-24 12:00:00 | O:3774.200000 H:3778.400000 L:3764.500000 C:3768.300000
[DEBUG] 2025-09-26 08:42:20 - Parsed bar - StartTime: 2025-09-24 11:00:00 | O:3784.900000 H:3790.000000 L:3772.600000 C:3774.100000
[DEBUG] 2025-09-26 08:42:20 - Parsed bar - StartTime: 2025-09-24 10:00:00 | O:3794.700000 H:3798.400000 L:3782.000000 C:3784.800000
[DEBUG] 2025-09-26 08:42:20 - Parsed bar - StartTime: 2025-09-24 09:00:00 | O:3800.900000 H:3806.400000 L:3791.800000 C:3794.500000
[DEBUG] 2025-09-26 08:42:20 - Parsed bar - StartTime: 2025-09-24 08:00:00 | O:3802.200000 H:3804.700000 L:3796.800000 C:3801.000000
[DEBUG] 2025-09-26 08:42:20 - Parsed bar - StartTime: 2025-09-24 07:00:00 | O:3795.100000 H:3802.900000 L:3792.500000 C:3802.200000
[DEBUG] 2025-09-26 08:42:20 - Parsed bar - StartTime: 2025-09-24 06:00:00 | O:3801.400000 H:3801.700000 L:3792.400000 C:3795.000000
[DEBUG] 2025-09-26 08:42:20 - Parsed bar - StartTime: 2025-09-24 05:00:00 | O:3802.500000 H:3804.300000 L:3795.900000 C:3801.400000
[DEBUG] 2025-09-26 08:42:20 - Parsed bar - StartTime: 2025-09-24 04:00:00 | O:3810.900000 H:3811.300000 L:3799.700000 C:3802.700000
[DEBUG] 2025-09-26 08:42:20 - Parsed bar - StartTime: 2025-09-24 03:00:00 | O:3804.400000 H:3812.600000 L:3803.700000 C:3810.900000
[DEBUG] 2025-09-26 08:42:20 - Parsed bar - StartTime: 2025-09-24 02:00:00 | O:3808.000000 H:3809.300000 L:3801.900000 C:3804.400000
[DEBUG] 2025-09-26 08:42:20 - Parsed bar - StartTime: 2025-09-24 01:00:00 | O:3800.600000 H:3809.500000 L:3800.100000 C:3808.000000
[DEBUG] 2025-09-26 08:42:20 - Parsed bar - StartTime: 2025-09-24 00:00:00 | O:3798.400000 H:3800.700000 L:3795.400000 C:3800.600000
[DEBUG] 2025-09-26 08:42:20 - Parsed bar - StartTime: 2025-09-23 23:00:00 | O:3790.100000 H:3799.500000 L:3785.400000 C:3798.500000
[DEBUG] 2025-09-26 08:42:20 - Parsed bar - StartTime: 2025-09-23 22:00:00 | O:3788.800000 H:3792.300000 L:3783.000000 C:3790.100000
[DEBUG] 2025-09-26 08:42:20 - Parsed bar - StartTime: 2025-09-23 21:00:00 | O:3797.500000 H:3803.600000 L:3787.200000 C:3789.000000
[DEBUG] 2025-09-26 08:42:20 - Parsed bar - StartTime: 2025-09-23 20:00:00 | O:3795.800000 H:3797.800000 L:3791.200000 C:3797.500000
[DEBUG] 2025-09-26 08:42:20 - Parsed bar - StartTime: 2025-09-23 19:00:00 | O:3797.600000 H:3802.600000 L:3793.800000 C:3796.100000
[DEBUG] 2025-09-26 08:42:20 - Parsed bar - StartTime: 2025-09-23 18:00:00 | O:3796.900000 H:3799.400000 L:3793.800000 C:3797.700000
[DEBUG] 2025-09-26 08:42:20 - Parsed bar - StartTime: 2025-09-23 16:00:00 | O:3796.600000 H:3799.800000 L:3794.600000 C:3796.900000
[DEBUG] 2025-09-26 08:42:20 - Parsed bar - StartTime: 2025-09-23 15:00:00 | O:3789.000000 H:3800.600000 L:3783.900000 C:3796.400000
[DEBUG] 2025-09-26 08:42:20 - Parsed bar - StartTime: 2025-09-23 14:00:00 | O:3810.100000 H:3813.600000 L:3788.400000 C:3789.000000
[DEBUG] 2025-09-26 08:42:20 - Parsed bar - StartTime: 2025-09-23 13:00:00 | O:3812.500000 H:3819.000000 L:3808.200000 C:3810.000000
[DEBUG] 2025-09-26 08:42:20 - Parsed bar - StartTime: 2025-09-23 12:00:00 | O:3811.700000 H:3815.300000 L:3796.600000 C:3812.300000
[DEBUG] 2025-09-26 08:42:20 - Parsed bar - StartTime: 2025-09-23 11:00:00 | O:3806.500000 H:3814.200000 L:3805.100000 C:3811.500000
[DEBUG] 2025-09-26 08:42:20 - Parsed bar - StartTime: 2025-09-23 10:00:00 | O:3816.300000 H:3817.300000 L:3799.000000 C:3806.400000
[DEBUG] 2025-09-26 08:42:20 - Parsed bar - StartTime: 2025-09-23 09:00:00 | O:3817.500000 H:3821.600000 L:3806.600000 C:3816.400000
[DEBUG] 2025-09-26 08:42:20 - Parsed bar - StartTime: 2025-09-23 08:00:00 | O:3816.600000 H:3818.700000 L:3810.100000 C:3817.600000
[DEBUG] 2025-09-26 08:42:20 - Parsed bar - StartTime: 2025-09-23 07:00:00 | O:3816.500000 H:3822.300000 L:3812.800000 C:3816.500000
[DEBUG] 2025-09-26 08:42:20 - Parsed bar - StartTime: 2025-09-23 06:00:00 | O:3818.600000 H:3821.700000 L:3814.400000 C:3816.400000
[DEBUG] 2025-09-26 08:42:20 - Parsed bar - StartTime: 2025-09-23 05:00:00 | O:3808.500000 H:3824.600000 L:3808.300000 C:3818.400000
[DEBUG] 2025-09-26 08:42:20 - Parsed bar - StartTime: 2025-09-23 04:00:00 | O:3787.600000 H:3809.600000 L:3786.800000 C:3808.600000
[DEBUG] 2025-09-26 08:42:20 - Parsed bar - StartTime: 2025-09-23 03:00:00 | O:3787.800000 H:3791.200000 L:3782.800000 C:3787.600000
[DEBUG] 2025-09-26 08:42:20 - Parsed bar - StartTime: 2025-09-23 02:00:00 | O:3787.300000 H:3791.800000 L:3785.200000 C:3788.100000
[DEBUG] 2025-09-26 08:42:20 - Parsed bar - StartTime: 2025-09-23 01:00:00 | O:3778.700000 H:3793.000000 L:3777.400000 C:3787.200000
[DEBUG] 2025-09-26 08:42:20 - Parsed bar - StartTime: 2025-09-23 00:00:00 | O:3780.900000 H:3781.900000 L:3777.400000 C:3778.800000
[DEBUG] 2025-09-26 08:42:20 - Parsed bar - StartTime: 2025-09-22 23:00:00 | O:3777.700000 H:3781.600000 L:3774.300000 C:3780.900000
[DEBUG] 2025-09-26 08:42:20 - Parsed bar - StartTime: 2025-09-22 22:00:00 | O:3790.300000 H:3791.200000 L:3772.400000 C:3777.800000
[DEBUG] 2025-09-26 08:42:20 - Parsed bar - StartTime: 2025-09-22 21:00:00 | O:3781.700000 H:3795.100000 L:3779.800000 C:3790.400000
[DEBUG] 2025-09-26 08:42:20 - Parsed bar - StartTime: 2025-09-22 20:00:00 | O:3782.200000 H:3785.200000 L:3779.600000 C:3781.500000
[DEBUG] 2025-09-26 08:42:20 - Parsed bar - StartTime: 2025-09-22 19:00:00 | O:3775.500000 H:3784.200000 L:3774.300000 C:3782.200000
[DEBUG] 2025-09-26 08:42:20 - Parsed bar - StartTime: 2025-09-22 18:00:00 | O:3781.200000 H:3782.100000 L:3773.500000 C:3775.500000
[DEBUG] 2025-09-26 08:42:20 - Parsed bar - StartTime: 2025-09-22 16:00:00 | O:3781.100000 H:3783.300000 L:3779.900000 C:3781.200000
[DEBUG] 2025-09-26 08:42:20 - Parsed bar - StartTime: 2025-09-22 15:00:00 | O:3782.100000 H:3783.200000 L:3777.100000 C:3781.200000
[DEBUG] 2025-09-26 08:42:20 - Parsed bar - StartTime: 2025-09-22 14:00:00 | O:3781.400000 H:3782.600000 L:3779.200000 C:3782.100000
[DEBUG] 2025-09-26 08:42:20 - Parsed bar - StartTime: 2025-09-22 13:00:00 | O:3771.200000 H:3782.000000 L:3771.200000 C:3781.400000
[DEBUG] 2025-09-26 08:42:20 - Parsed bar - StartTime: 2025-09-22 12:00:00 | O:3769.900000 H:3773.700000 L:3769.200000 C:3771.100000
[DEBUG] 2025-09-26 08:42:20 - Parsed bar - StartTime: 2025-09-22 11:00:00 | O:3760.000000 H:3770.300000 L:3758.000000 C:3769.900000
[DEBUG] 2025-09-26 08:42:20 - Parsed bar - StartTime: 2025-09-22 10:00:00 | O:3756.200000 H:3761.000000 L:3750.700000 C:3760.200000
[DEBUG] 2025-09-26 08:42:20 - Parsed bar - StartTime: 2025-09-22 09:00:00 | O:3755.600000 H:3759.200000 L:3747.100000 C:3756.400000
[DEBUG] 2025-09-26 08:42:20 - Parsed bar - StartTime: 2025-09-22 08:00:00 | O:3758.900000 H:3759.500000 L:3746.000000 C:3755.500000
[DEBUG] 2025-09-26 08:42:20 - Parsed bar - StartTime: 2025-09-22 07:00:00 | O:3761.900000 H:3762.700000 L:3755.100000 C:3758.800000
[DEBUG] 2025-09-26 08:42:20 - Parsed bar - StartTime: 2025-09-22 06:00:00 | O:3757.900000 H:3763.100000 L:3755.400000 C:3762.000000
[DEBUG] 2025-09-26 08:42:20 - Parsed bar - StartTime: 2025-09-22 05:00:00 | O:3754.600000 H:3761.200000 L:3753.700000 C:3757.900000
[DEBUG] 2025-09-26 08:42:20 - Parsed bar - StartTime: 2025-09-22 04:00:00 | O:3747.400000 H:3756.800000 L:3746.600000 C:3754.600000
[DEBUG] 2025-09-26 08:42:20 - Parsed bar - StartTime: 2025-09-22 03:00:00 | O:3749.100000 H:3751.000000 L:3742.900000 C:3747.500000
[DEBUG] 2025-09-26 08:42:20 - Parsed bar - StartTime: 2025-09-22 02:00:00 | O:3732.500000 H:3753.400000 L:3730.900000 C:3749.100000
[DEBUG] 2025-09-26 08:42:20 - Parsed bar - StartTime: 2025-09-22 01:00:00 | O:3727.400000 H:3735.800000 L:3727.100000 C:3732.500000
[DEBUG] 2025-09-26 08:42:20 - First 3 parsed bars:
[DEBUG] 2025-09-26 08:42:20 - ParsedBar[0] = 2025-09-26 08:00:00 OHLCV: 3778.800000/3788.000000/3776.400000/3781.500000/78947
[DEBUG] 2025-09-26 08:42:20 - ParsedBar[1] = 2025-09-26 07:00:00 OHLCV: 3775.000000/3783.100000/3774.500000/3778.700000/68816
[DEBUG] 2025-09-26 08:42:20 - ParsedBar[2] = 2025-09-26 06:00:00 OHLCV: 3781.300000/3785.200000/3772.800000/3774.900000/63173
[DEBUG] 2025-09-26 08:42:20 - COMPLETENESS_CHECK: BarStart=2025-09-26 07:00:00 | BarEnd=2025-09-26 07:00:00 | MinutesSinceEnd=102 | Result=COMPLETE
[DEBUG] 2025-09-26 08:42:20 - Added corrected intraday bar: 2025-09-26 07:00:00 (timestamp from line 0, OHLCV from line 1)
[DEBUG] 2025-09-26 08:42:20 - COMPLETENESS_CHECK: BarStart=2025-09-26 06:00:00 | BarEnd=2025-09-26 06:00:00 | MinutesSinceEnd=162 | Result=COMPLETE
[DEBUG] 2025-09-26 08:42:20 - Added intraday bar #2: 2025-09-26 06:00:00
[DEBUG] 2025-09-26 08:42:20 - COMPLETENESS_CHECK: BarStart=2025-09-26 05:00:00 | BarEnd=2025-09-26 05:00:00 | MinutesSinceEnd=222 | Result=COMPLETE
[DEBUG] 2025-09-26 08:42:20 - Added intraday bar #3: 2025-09-26 05:00:00
[DEBUG] 2025-09-26 08:42:20 - COMPLETENESS_CHECK: BarStart=2025-09-26 04:00:00 | BarEnd=2025-09-26 04:00:00 | MinutesSinceEnd=282 | Result=COMPLETE
[DEBUG] 2025-09-26 08:42:20 - Added intraday bar #4: 2025-09-26 04:00:00
[DEBUG] 2025-09-26 08:42:20 - COMPLETENESS_CHECK: BarStart=2025-09-26 03:00:00 | BarEnd=2025-09-26 03:00:00 | MinutesSinceEnd=342 | Result=COMPLETE
[DEBUG] 2025-09-26 08:42:20 - Added intraday bar #5: 2025-09-26 03:00:00
[DEBUG] 2025-09-26 08:42:20 - COMPLETENESS_CHECK: BarStart=2025-09-26 02:00:00 | BarEnd=2025-09-26 02:00:00 | MinutesSinceEnd=402 | Result=COMPLETE
[DEBUG] 2025-09-26 08:42:20 - Added intraday bar #6: 2025-09-26 02:00:00
[DEBUG] 2025-09-26 08:42:20 - COMPLETENESS_CHECK: BarStart=2025-09-26 01:00:00 | BarEnd=2025-09-26 01:00:00 | MinutesSinceEnd=462 | Result=COMPLETE
[DEBUG] 2025-09-26 08:42:20 - Added intraday bar #7: 2025-09-26 01:00:00
[DEBUG] 2025-09-26 08:42:20 - COMPLETENESS_CHECK: BarStart=2025-09-26 00:00:00 | BarEnd=2025-09-26 00:00:00 | MinutesSinceEnd=522 | Result=COMPLETE
[DEBUG] 2025-09-26 08:42:20 - Added intraday bar #8: 2025-09-26 00:00:00
[DEBUG] 2025-09-26 08:42:20 - COMPLETENESS_CHECK: BarStart=2025-09-25 23:00:00 | BarEnd=2025-09-25 23:00:00 | MinutesSinceEnd=582 | Result=COMPLETE
[DEBUG] 2025-09-26 08:42:20 - Added intraday bar #9: 2025-09-25 23:00:00
[DEBUG] 2025-09-26 08:42:20 - COMPLETENESS_CHECK: BarStart=2025-09-25 22:00:00 | BarEnd=2025-09-25 22:00:00 | MinutesSinceEnd=642 | Result=COMPLETE
[DEBUG] 2025-09-26 08:42:20 - Added intraday bar #10: 2025-09-25 22:00:00
[DEBUG] 2025-09-26 08:42:20 - COMPLETENESS_CHECK: BarStart=2025-09-25 21:00:00 | BarEnd=2025-09-25 21:00:00 | MinutesSinceEnd=702 | Result=COMPLETE
[DEBUG] 2025-09-26 08:42:20 - Added intraday bar #11: 2025-09-25 21:00:00
[DEBUG] 2025-09-26 08:42:20 - COMPLETENESS_CHECK: BarStart=2025-09-25 20:00:00 | BarEnd=2025-09-25 20:00:00 | MinutesSinceEnd=762 | Result=COMPLETE
[DEBUG] 2025-09-26 08:42:20 - Added intraday bar #12: 2025-09-25 20:00:00
[DEBUG] 2025-09-26 08:42:20 - COMPLETENESS_CHECK: BarStart=2025-09-25 19:00:00 | BarEnd=2025-09-25 19:00:00 | MinutesSinceEnd=822 | Result=COMPLETE
[DEBUG] 2025-09-26 08:42:20 - Added intraday bar #13: 2025-09-25 19:00:00
[DEBUG] 2025-09-26 08:42:20 - COMPLETENESS_CHECK: BarStart=2025-09-25 18:00:00 | BarEnd=2025-09-25 18:00:00 | MinutesSinceEnd=882 | Result=COMPLETE
[DEBUG] 2025-09-26 08:42:20 - Added intraday bar #14: 2025-09-25 18:00:00
[DEBUG] 2025-09-26 08:42:20 - COMPLETENESS_CHECK: BarStart=2025-09-25 16:00:00 | BarEnd=2025-09-25 16:00:00 | MinutesSinceEnd=1002 | Result=COMPLETE
[DEBUG] 2025-09-26 08:42:20 - Added intraday bar #15: 2025-09-25 16:00:00
[DEBUG] 2025-09-26 08:42:20 - COMPLETENESS_CHECK: BarStart=2025-09-25 15:00:00 | BarEnd=2025-09-25 15:00:00 | MinutesSinceEnd=1062 | Result=COMPLETE
[DEBUG] 2025-09-26 08:42:20 - Added intraday bar #16: 2025-09-25 15:00:00
[DEBUG] 2025-09-26 08:42:20 - COMPLETENESS_CHECK: BarStart=2025-09-25 14:00:00 | BarEnd=2025-09-25 14:00:00 | MinutesSinceEnd=1122 | Result=COMPLETE
[DEBUG] 2025-09-26 08:42:20 - Added intraday bar #17: 2025-09-25 14:00:00
[DEBUG] 2025-09-26 08:42:20 - COMPLETENESS_CHECK: BarStart=2025-09-25 13:00:00 | BarEnd=2025-09-25 13:00:00 | MinutesSinceEnd=1182 | Result=COMPLETE
[DEBUG] 2025-09-26 08:42:20 - Added intraday bar #18: 2025-09-25 13:00:00
[DEBUG] 2025-09-26 08:42:20 - COMPLETENESS_CHECK: BarStart=2025-09-25 12:00:00 | BarEnd=2025-09-25 12:00:00 | MinutesSinceEnd=1242 | Result=COMPLETE
[DEBUG] 2025-09-26 08:42:20 - Added intraday bar #19: 2025-09-25 12:00:00
[DEBUG] 2025-09-26 08:42:20 - COMPLETENESS_CHECK: BarStart=2025-09-25 11:00:00 | BarEnd=2025-09-25 11:00:00 | MinutesSinceEnd=1302 | Result=COMPLETE
[DEBUG] 2025-09-26 08:42:20 - Added intraday bar #20: 2025-09-25 11:00:00
[DEBUG] 2025-09-26 08:42:20 - COMPLETENESS_CHECK: BarStart=2025-09-25 10:00:00 | BarEnd=2025-09-25 10:00:00 | MinutesSinceEnd=1362 | Result=COMPLETE
[DEBUG] 2025-09-26 08:42:20 - Added intraday bar #21: 2025-09-25 10:00:00
[DEBUG] 2025-09-26 08:42:20 - COMPLETENESS_CHECK: BarStart=2025-09-25 09:00:00 | BarEnd=2025-09-25 09:00:00 | MinutesSinceEnd=1422 | Result=COMPLETE
[DEBUG] 2025-09-26 08:42:20 - Added intraday bar #22: 2025-09-25 09:00:00
[DEBUG] 2025-09-26 08:42:20 - COMPLETENESS_CHECK: BarStart=2025-09-25 08:00:00 | BarEnd=2025-09-25 08:00:00 | MinutesSinceEnd=1482 | Result=COMPLETE
[DEBUG] 2025-09-26 08:42:20 - Added intraday bar #23: 2025-09-25 08:00:00
[DEBUG] 2025-09-26 08:42:20 - COMPLETENESS_CHECK: BarStart=2025-09-25 07:00:00 | BarEnd=2025-09-25 07:00:00 | MinutesSinceEnd=1542 | Result=COMPLETE
[DEBUG] 2025-09-26 08:42:20 - Added intraday bar #24: 2025-09-25 07:00:00
[DEBUG] 2025-09-26 08:42:20 - COMPLETENESS_CHECK: BarStart=2025-09-25 06:00:00 | BarEnd=2025-09-25 06:00:00 | MinutesSinceEnd=1602 | Result=COMPLETE
[DEBUG] 2025-09-26 08:42:20 - Added intraday bar #25: 2025-09-25 06:00:00
[DEBUG] 2025-09-26 08:42:20 - COMPLETENESS_CHECK: BarStart=2025-09-25 05:00:00 | BarEnd=2025-09-25 05:00:00 | MinutesSinceEnd=1662 | Result=COMPLETE
[DEBUG] 2025-09-26 08:42:20 - Added intraday bar #26: 2025-09-25 05:00:00
[DEBUG] 2025-09-26 08:42:20 - COMPLETENESS_CHECK: BarStart=2025-09-25 04:00:00 | BarEnd=2025-09-25 04:00:00 | MinutesSinceEnd=1722 | Result=COMPLETE
[DEBUG] 2025-09-26 08:42:20 - Added intraday bar #27: 2025-09-25 04:00:00
[DEBUG] 2025-09-26 08:42:20 - COMPLETENESS_CHECK: BarStart=2025-09-25 03:00:00 | BarEnd=2025-09-25 03:00:00 | MinutesSinceEnd=1782 | Result=COMPLETE
[DEBUG] 2025-09-26 08:42:20 - Added intraday bar #28: 2025-09-25 03:00:00
[DEBUG] 2025-09-26 08:42:20 - COMPLETENESS_CHECK: BarStart=2025-09-25 02:00:00 | BarEnd=2025-09-25 02:00:00 | MinutesSinceEnd=1842 | Result=COMPLETE
[DEBUG] 2025-09-26 08:42:20 - Added intraday bar #29: 2025-09-25 02:00:00
[DEBUG] 2025-09-26 08:42:20 - COMPLETENESS_CHECK: BarStart=2025-09-25 01:00:00 | BarEnd=2025-09-25 01:00:00 | MinutesSinceEnd=1902 | Result=COMPLETE
[DEBUG] 2025-09-26 08:42:20 - Added intraday bar #30: 2025-09-25 01:00:00
[DEBUG] 2025-09-26 08:42:20 - COMPLETENESS_CHECK: BarStart=2025-09-25 00:00:00 | BarEnd=2025-09-25 00:00:00 | MinutesSinceEnd=1962 | Result=COMPLETE
[DEBUG] 2025-09-26 08:42:20 - Added intraday bar #31: 2025-09-25 00:00:00
[DEBUG] 2025-09-26 08:42:20 - COMPLETENESS_CHECK: BarStart=2025-09-24 23:00:00 | BarEnd=2025-09-24 23:00:00 | MinutesSinceEnd=2022 | Result=COMPLETE
[DEBUG] 2025-09-26 08:42:20 - Added intraday bar #32: 2025-09-24 23:00:00
[DEBUG] 2025-09-26 08:42:20 - COMPLETENESS_CHECK: BarStart=2025-09-24 22:00:00 | BarEnd=2025-09-24 22:00:00 | MinutesSinceEnd=2082 | Result=COMPLETE
[DEBUG] 2025-09-26 08:42:20 - Added intraday bar #33: 2025-09-24 22:00:00
[DEBUG] 2025-09-26 08:42:20 - COMPLETENESS_CHECK: BarStart=2025-09-24 21:00:00 | BarEnd=2025-09-24 21:00:00 | MinutesSinceEnd=2142 | Result=COMPLETE
[DEBUG] 2025-09-26 08:42:20 - Added intraday bar #34: 2025-09-24 21:00:00
[DEBUG] 2025-09-26 08:42:20 - COMPLETENESS_CHECK: BarStart=2025-09-24 20:00:00 | BarEnd=2025-09-24 20:00:00 | MinutesSinceEnd=2202 | Result=COMPLETE
[DEBUG] 2025-09-26 08:42:20 - Added intraday bar #35: 2025-09-24 20:00:00
[DEBUG] 2025-09-26 08:42:20 - COMPLETENESS_CHECK: BarStart=2025-09-24 19:00:00 | BarEnd=2025-09-24 19:00:00 | MinutesSinceEnd=2262 | Result=COMPLETE
[DEBUG] 2025-09-26 08:42:20 - Added intraday bar #36: 2025-09-24 19:00:00
[DEBUG] 2025-09-26 08:42:20 - COMPLETENESS_CHECK: BarStart=2025-09-24 18:00:00 | BarEnd=2025-09-24 18:00:00 | MinutesSinceEnd=2322 | Result=COMPLETE
[DEBUG] 2025-09-26 08:42:20 - Added intraday bar #37: 2025-09-24 18:00:00
[DEBUG] 2025-09-26 08:42:20 - COMPLETENESS_CHECK: BarStart=2025-09-24 16:00:00 | BarEnd=2025-09-24 16:00:00 | MinutesSinceEnd=2442 | Result=COMPLETE
[DEBUG] 2025-09-26 08:42:20 - Added intraday bar #38: 2025-09-24 16:00:00
[DEBUG] 2025-09-26 08:42:20 - COMPLETENESS_CHECK: BarStart=2025-09-24 15:00:00 | BarEnd=2025-09-24 15:00:00 | MinutesSinceEnd=2502 | Result=COMPLETE
[DEBUG] 2025-09-26 08:42:20 - Added intraday bar #39: 2025-09-24 15:00:00
[DEBUG] 2025-09-26 08:42:20 - COMPLETENESS_CHECK: BarStart=2025-09-24 14:00:00 | BarEnd=2025-09-24 14:00:00 | MinutesSinceEnd=2562 | Result=COMPLETE
[DEBUG] 2025-09-26 08:42:20 - Added intraday bar #40: 2025-09-24 14:00:00
[DEBUG] 2025-09-26 08:42:20 - COMPLETENESS_CHECK: BarStart=2025-09-24 13:00:00 | BarEnd=2025-09-24 13:00:00 | MinutesSinceEnd=2622 | Result=COMPLETE
[DEBUG] 2025-09-26 08:42:20 - Added intraday bar #41: 2025-09-24 13:00:00
[DEBUG] 2025-09-26 08:42:20 - COMPLETENESS_CHECK: BarStart=2025-09-24 12:00:00 | BarEnd=2025-09-24 12:00:00 | MinutesSinceEnd=2682 | Result=COMPLETE
[DEBUG] 2025-09-26 08:42:20 - Added intraday bar #42: 2025-09-24 12:00:00
[DEBUG] 2025-09-26 08:42:20 - COMPLETENESS_CHECK: BarStart=2025-09-24 11:00:00 | BarEnd=2025-09-24 11:00:00 | MinutesSinceEnd=2742 | Result=COMPLETE
[DEBUG] 2025-09-26 08:42:20 - Added intraday bar #43: 2025-09-24 11:00:00
[DEBUG] 2025-09-26 08:42:20 - COMPLETENESS_CHECK: BarStart=2025-09-24 10:00:00 | BarEnd=2025-09-24 10:00:00 | MinutesSinceEnd=2802 | Result=COMPLETE
[DEBUG] 2025-09-26 08:42:20 - Added intraday bar #44: 2025-09-24 10:00:00
[DEBUG] 2025-09-26 08:42:20 - COMPLETENESS_CHECK: BarStart=2025-09-24 09:00:00 | BarEnd=2025-09-24 09:00:00 | MinutesSinceEnd=2862 | Result=COMPLETE
[DEBUG] 2025-09-26 08:42:20 - Added intraday bar #45: 2025-09-24 09:00:00
[DEBUG] 2025-09-26 08:42:20 - COMPLETENESS_CHECK: BarStart=2025-09-24 08:00:00 | BarEnd=2025-09-24 08:00:00 | MinutesSinceEnd=2922 | Result=COMPLETE
[DEBUG] 2025-09-26 08:42:20 - Added intraday bar #46: 2025-09-24 08:00:00
[DEBUG] 2025-09-26 08:42:20 - COMPLETENESS_CHECK: BarStart=2025-09-24 07:00:00 | BarEnd=2025-09-24 07:00:00 | MinutesSinceEnd=2982 | Result=COMPLETE
[DEBUG] 2025-09-26 08:42:20 - Added intraday bar #47: 2025-09-24 07:00:00
[DEBUG] 2025-09-26 08:42:20 - COMPLETENESS_CHECK: BarStart=2025-09-24 06:00:00 | BarEnd=2025-09-24 06:00:00 | MinutesSinceEnd=3042 | Result=COMPLETE
[DEBUG] 2025-09-26 08:42:20 - Added intraday bar #48: 2025-09-24 06:00:00
[DEBUG] 2025-09-26 08:42:20 - COMPLETENESS_CHECK: BarStart=2025-09-24 05:00:00 | BarEnd=2025-09-24 05:00:00 | MinutesSinceEnd=3102 | Result=COMPLETE
[DEBUG] 2025-09-26 08:42:20 - Added intraday bar #49: 2025-09-24 05:00:00
[DEBUG] 2025-09-26 08:42:20 - COMPLETENESS_CHECK: BarStart=2025-09-24 04:00:00 | BarEnd=2025-09-24 04:00:00 | MinutesSinceEnd=3162 | Result=COMPLETE
[DEBUG] 2025-09-26 08:42:20 - Added intraday bar #50: 2025-09-24 04:00:00
[DEBUG] 2025-09-26 08:42:20 - COMPLETENESS_CHECK: BarStart=2025-09-24 03:00:00 | BarEnd=2025-09-24 03:00:00 | MinutesSinceEnd=3222 | Result=COMPLETE
[DEBUG] 2025-09-26 08:42:20 - Added intraday bar #51: 2025-09-24 03:00:00
[DEBUG] 2025-09-26 08:42:20 - COMPLETENESS_CHECK: BarStart=2025-09-24 02:00:00 | BarEnd=2025-09-24 02:00:00 | MinutesSinceEnd=3282 | Result=COMPLETE
[DEBUG] 2025-09-26 08:42:20 - Added intraday bar #52: 2025-09-24 02:00:00
[DEBUG] 2025-09-26 08:42:20 - COMPLETENESS_CHECK: BarStart=2025-09-24 01:00:00 | BarEnd=2025-09-24 01:00:00 | MinutesSinceEnd=3342 | Result=COMPLETE
[DEBUG] 2025-09-26 08:42:20 - Added intraday bar #53: 2025-09-24 01:00:00
[DEBUG] 2025-09-26 08:42:20 - COMPLETENESS_CHECK: BarStart=2025-09-24 00:00:00 | BarEnd=2025-09-24 00:00:00 | MinutesSinceEnd=3402 | Result=COMPLETE
[DEBUG] 2025-09-26 08:42:20 - Added intraday bar #54: 2025-09-24 00:00:00
[DEBUG] 2025-09-26 08:42:20 - COMPLETENESS_CHECK: BarStart=2025-09-23 23:00:00 | BarEnd=2025-09-23 23:00:00 | MinutesSinceEnd=3462 | Result=COMPLETE
[DEBUG] 2025-09-26 08:42:20 - Added intraday bar #55: 2025-09-23 23:00:00
[DEBUG] 2025-09-26 08:42:20 - COMPLETENESS_CHECK: BarStart=2025-09-23 22:00:00 | BarEnd=2025-09-23 22:00:00 | MinutesSinceEnd=3522 | Result=COMPLETE
[DEBUG] 2025-09-26 08:42:20 - Added intraday bar #56: 2025-09-23 22:00:00
[DEBUG] 2025-09-26 08:42:20 - COMPLETENESS_CHECK: BarStart=2025-09-23 21:00:00 | BarEnd=2025-09-23 21:00:00 | MinutesSinceEnd=3582 | Result=COMPLETE
[DEBUG] 2025-09-26 08:42:20 - Added intraday bar #57: 2025-09-23 21:00:00
[DEBUG] 2025-09-26 08:42:20 - COMPLETENESS_CHECK: BarStart=2025-09-23 20:00:00 | BarEnd=2025-09-23 20:00:00 | MinutesSinceEnd=3642 | Result=COMPLETE
[DEBUG] 2025-09-26 08:42:20 - Added intraday bar #58: 2025-09-23 20:00:00
[DEBUG] 2025-09-26 08:42:20 - COMPLETENESS_CHECK: BarStart=2025-09-23 19:00:00 | BarEnd=2025-09-23 19:00:00 | MinutesSinceEnd=3702 | Result=COMPLETE
[DEBUG] 2025-09-26 08:42:20 - Added intraday bar #59: 2025-09-23 19:00:00
[DEBUG] 2025-09-26 08:42:20 - COMPLETENESS_CHECK: BarStart=2025-09-23 18:00:00 | BarEnd=2025-09-23 18:00:00 | MinutesSinceEnd=3762 | Result=COMPLETE
[DEBUG] 2025-09-26 08:42:20 - Added intraday bar #60: 2025-09-23 18:00:00
[DEBUG] 2025-09-26 08:42:20 - COMPLETENESS_CHECK: BarStart=2025-09-23 16:00:00 | BarEnd=2025-09-23 16:00:00 | MinutesSinceEnd=3882 | Result=COMPLETE
[DEBUG] 2025-09-26 08:42:20 - Added intraday bar #61: 2025-09-23 16:00:00
[DEBUG] 2025-09-26 08:42:20 - COMPLETENESS_CHECK: BarStart=2025-09-23 15:00:00 | BarEnd=2025-09-23 15:00:00 | MinutesSinceEnd=3942 | Result=COMPLETE
[DEBUG] 2025-09-26 08:42:20 - Added intraday bar #62: 2025-09-23 15:00:00
[DEBUG] 2025-09-26 08:42:20 - COMPLETENESS_CHECK: BarStart=2025-09-23 14:00:00 | BarEnd=2025-09-23 14:00:00 | MinutesSinceEnd=4002 | Result=COMPLETE
[DEBUG] 2025-09-26 08:42:20 - Added intraday bar #63: 2025-09-23 14:00:00
[DEBUG] 2025-09-26 08:42:20 - COMPLETENESS_CHECK: BarStart=2025-09-23 13:00:00 | BarEnd=2025-09-23 13:00:00 | MinutesSinceEnd=4062 | Result=COMPLETE
[DEBUG] 2025-09-26 08:42:20 - Added intraday bar #64: 2025-09-23 13:00:00
[DEBUG] 2025-09-26 08:42:20 - COMPLETENESS_CHECK: BarStart=2025-09-23 12:00:00 | BarEnd=2025-09-23 12:00:00 | MinutesSinceEnd=4122 | Result=COMPLETE
[DEBUG] 2025-09-26 08:42:20 - Added intraday bar #65: 2025-09-23 12:00:00
[DEBUG] 2025-09-26 08:42:20 - COMPLETENESS_CHECK: BarStart=2025-09-23 11:00:00 | BarEnd=2025-09-23 11:00:00 | MinutesSinceEnd=4182 | Result=COMPLETE
[DEBUG] 2025-09-26 08:42:20 - Added intraday bar #66: 2025-09-23 11:00:00
[DEBUG] 2025-09-26 08:42:20 - COMPLETENESS_CHECK: BarStart=2025-09-23 10:00:00 | BarEnd=2025-09-23 10:00:00 | MinutesSinceEnd=4242 | Result=COMPLETE
[DEBUG] 2025-09-26 08:42:20 - Added intraday bar #67: 2025-09-23 10:00:00
[DEBUG] 2025-09-26 08:42:20 - COMPLETENESS_CHECK: BarStart=2025-09-23 09:00:00 | BarEnd=2025-09-23 09:00:00 | MinutesSinceEnd=4302 | Result=COMPLETE
[DEBUG] 2025-09-26 08:42:20 - Added intraday bar #68: 2025-09-23 09:00:00
[DEBUG] 2025-09-26 08:42:20 - COMPLETENESS_CHECK: BarStart=2025-09-23 08:00:00 | BarEnd=2025-09-23 08:00:00 | MinutesSinceEnd=4362 | Result=COMPLETE
[DEBUG] 2025-09-26 08:42:20 - Added intraday bar #69: 2025-09-23 08:00:00
[DEBUG] 2025-09-26 08:42:20 - COMPLETENESS_CHECK: BarStart=2025-09-23 07:00:00 | BarEnd=2025-09-23 07:00:00 | MinutesSinceEnd=4422 | Result=COMPLETE
[DEBUG] 2025-09-26 08:42:20 - Added intraday bar #70: 2025-09-23 07:00:00
[DEBUG] 2025-09-26 08:42:20 - COMPLETENESS_CHECK: BarStart=2025-09-23 06:00:00 | BarEnd=2025-09-23 06:00:00 | MinutesSinceEnd=4482 | Result=COMPLETE
[DEBUG] 2025-09-26 08:42:20 - Added intraday bar #71: 2025-09-23 06:00:00
[DEBUG] 2025-09-26 08:42:20 - COMPLETENESS_CHECK: BarStart=2025-09-23 05:00:00 | BarEnd=2025-09-23 05:00:00 | MinutesSinceEnd=4542 | Result=COMPLETE
[DEBUG] 2025-09-26 08:42:20 - Added intraday bar #72: 2025-09-23 05:00:00
[DEBUG] 2025-09-26 08:42:20 - COMPLETENESS_CHECK: BarStart=2025-09-23 04:00:00 | BarEnd=2025-09-23 04:00:00 | MinutesSinceEnd=4602 | Result=COMPLETE
[DEBUG] 2025-09-26 08:42:20 - Added intraday bar #73: 2025-09-23 04:00:00
[DEBUG] 2025-09-26 08:42:20 - COMPLETENESS_CHECK: BarStart=2025-09-23 03:00:00 | BarEnd=2025-09-23 03:00:00 | MinutesSinceEnd=4662 | Result=COMPLETE
[DEBUG] 2025-09-26 08:42:20 - Added intraday bar #74: 2025-09-23 03:00:00
[DEBUG] 2025-09-26 08:42:20 - COMPLETENESS_CHECK: BarStart=2025-09-23 02:00:00 | BarEnd=2025-09-23 02:00:00 | MinutesSinceEnd=4722 | Result=COMPLETE
[DEBUG] 2025-09-26 08:42:20 - Added intraday bar #75: 2025-09-23 02:00:00
[DEBUG] 2025-09-26 08:42:20 - COMPLETENESS_CHECK: BarStart=2025-09-23 01:00:00 | BarEnd=2025-09-23 01:00:00 | MinutesSinceEnd=4782 | Result=COMPLETE
[DEBUG] 2025-09-26 08:42:20 - Added intraday bar #76: 2025-09-23 01:00:00
[DEBUG] 2025-09-26 08:42:20 - COMPLETENESS_CHECK: BarStart=2025-09-23 00:00:00 | BarEnd=2025-09-23 00:00:00 | MinutesSinceEnd=4842 | Result=COMPLETE
[DEBUG] 2025-09-26 08:42:20 - Added intraday bar #77: 2025-09-23 00:00:00
[DEBUG] 2025-09-26 08:42:20 - COMPLETENESS_CHECK: BarStart=2025-09-22 23:00:00 | BarEnd=2025-09-22 23:00:00 | MinutesSinceEnd=4902 | Result=COMPLETE
[DEBUG] 2025-09-26 08:42:20 - Added intraday bar #78: 2025-09-22 23:00:00
[DEBUG] 2025-09-26 08:42:20 - COMPLETENESS_CHECK: BarStart=2025-09-22 22:00:00 | BarEnd=2025-09-22 22:00:00 | MinutesSinceEnd=4962 | Result=COMPLETE
[DEBUG] 2025-09-26 08:42:20 - Added intraday bar #79: 2025-09-22 22:00:00
[DEBUG] 2025-09-26 08:42:20 - COMPLETENESS_CHECK: BarStart=2025-09-22 21:00:00 | BarEnd=2025-09-22 21:00:00 | MinutesSinceEnd=5022 | Result=COMPLETE
[DEBUG] 2025-09-26 08:42:20 - Added intraday bar #80: 2025-09-22 21:00:00
[DEBUG] 2025-09-26 08:42:20 - COMPLETENESS_CHECK: BarStart=2025-09-22 20:00:00 | BarEnd=2025-09-22 20:00:00 | MinutesSinceEnd=5082 | Result=COMPLETE
[DEBUG] 2025-09-26 08:42:20 - Added intraday bar #81: 2025-09-22 20:00:00
[DEBUG] 2025-09-26 08:42:20 - COMPLETENESS_CHECK: BarStart=2025-09-22 19:00:00 | BarEnd=2025-09-22 19:00:00 | MinutesSinceEnd=5142 | Result=COMPLETE
[DEBUG] 2025-09-26 08:42:20 - Added intraday bar #82: 2025-09-22 19:00:00
[DEBUG] 2025-09-26 08:42:20 - COMPLETENESS_CHECK: BarStart=2025-09-22 18:00:00 | BarEnd=2025-09-22 18:00:00 | MinutesSinceEnd=5202 | Result=COMPLETE
[DEBUG] 2025-09-26 08:42:20 - Added intraday bar #83: 2025-09-22 18:00:00
[DEBUG] 2025-09-26 08:42:20 - COMPLETENESS_CHECK: BarStart=2025-09-22 16:00:00 | BarEnd=2025-09-22 16:00:00 | MinutesSinceEnd=5322 | Result=COMPLETE
[DEBUG] 2025-09-26 08:42:20 - Added intraday bar #84: 2025-09-22 16:00:00
[DEBUG] 2025-09-26 08:42:20 - COMPLETENESS_CHECK: BarStart=2025-09-22 15:00:00 | BarEnd=2025-09-22 15:00:00 | MinutesSinceEnd=5382 | Result=COMPLETE
[DEBUG] 2025-09-26 08:42:20 - Added intraday bar #85: 2025-09-22 15:00:00
[DEBUG] 2025-09-26 08:42:20 - COMPLETENESS_CHECK: BarStart=2025-09-22 14:00:00 | BarEnd=2025-09-22 14:00:00 | MinutesSinceEnd=5442 | Result=COMPLETE
[DEBUG] 2025-09-26 08:42:20 - Added intraday bar #86: 2025-09-22 14:00:00
[DEBUG] 2025-09-26 08:42:20 - COMPLETENESS_CHECK: BarStart=2025-09-22 13:00:00 | BarEnd=2025-09-22 13:00:00 | MinutesSinceEnd=5502 | Result=COMPLETE
[DEBUG] 2025-09-26 08:42:20 - Added intraday bar #87: 2025-09-22 13:00:00
[DEBUG] 2025-09-26 08:42:20 - COMPLETENESS_CHECK: BarStart=2025-09-22 12:00:00 | BarEnd=2025-09-22 12:00:00 | MinutesSinceEnd=5562 | Result=COMPLETE
[DEBUG] 2025-09-26 08:42:20 - Added intraday bar #88: 2025-09-22 12:00:00
[DEBUG] 2025-09-26 08:42:21 - COMPLETENESS_CHECK: BarStart=2025-09-22 11:00:00 | BarEnd=2025-09-22 11:00:00 | MinutesSinceEnd=5622 | Result=COMPLETE
[DEBUG] 2025-09-26 08:42:21 - Added intraday bar #89: 2025-09-22 11:00:00
[DEBUG] 2025-09-26 08:42:21 - COMPLETENESS_CHECK: BarStart=2025-09-22 10:00:00 | BarEnd=2025-09-22 10:00:00 | MinutesSinceEnd=5682 | Result=COMPLETE
[DEBUG] 2025-09-26 08:42:21 - Added intraday bar #90: 2025-09-22 10:00:00
[DEBUG] 2025-09-26 08:42:21 - COMPLETENESS_CHECK: BarStart=2025-09-22 09:00:00 | BarEnd=2025-09-22 09:00:00 | MinutesSinceEnd=5742 | Result=COMPLETE
[DEBUG] 2025-09-26 08:42:21 - Added intraday bar #91: 2025-09-22 09:00:00
[DEBUG] 2025-09-26 08:42:21 - COMPLETENESS_CHECK: BarStart=2025-09-22 08:00:00 | BarEnd=2025-09-22 08:00:00 | MinutesSinceEnd=5802 | Result=COMPLETE
[DEBUG] 2025-09-26 08:42:21 - Added intraday bar #92: 2025-09-22 08:00:00
[DEBUG] 2025-09-26 08:42:21 - COMPLETENESS_CHECK: BarStart=2025-09-22 07:00:00 | BarEnd=2025-09-22 07:00:00 | MinutesSinceEnd=5862 | Result=COMPLETE
[DEBUG] 2025-09-26 08:42:21 - Added intraday bar #93: 2025-09-22 07:00:00
[DEBUG] 2025-09-26 08:42:21 - COMPLETENESS_CHECK: BarStart=2025-09-22 06:00:00 | BarEnd=2025-09-22 06:00:00 | MinutesSinceEnd=5922 | Result=COMPLETE
[DEBUG] 2025-09-26 08:42:21 - Added intraday bar #94: 2025-09-22 06:00:00
[DEBUG] 2025-09-26 08:42:21 - COMPLETENESS_CHECK: BarStart=2025-09-22 05:00:00 | BarEnd=2025-09-22 05:00:00 | MinutesSinceEnd=5982 | Result=COMPLETE
[DEBUG] 2025-09-26 08:42:21 - Added intraday bar #95: 2025-09-22 05:00:00
[DEBUG] 2025-09-26 08:42:21 - COMPLETENESS_CHECK: BarStart=2025-09-22 04:00:00 | BarEnd=2025-09-22 04:00:00 | MinutesSinceEnd=6042 | Result=COMPLETE
[DEBUG] 2025-09-26 08:42:21 - Added intraday bar #96: 2025-09-22 04:00:00
[DEBUG] 2025-09-26 08:42:21 - COMPLETENESS_CHECK: BarStart=2025-09-22 03:00:00 | BarEnd=2025-09-22 03:00:00 | MinutesSinceEnd=6102 | Result=COMPLETE
[DEBUG] 2025-09-26 08:42:21 - Added intraday bar #97: 2025-09-22 03:00:00
[DEBUG] 2025-09-26 08:42:21 - COMPLETENESS_CHECK: BarStart=2025-09-22 02:00:00 | BarEnd=2025-09-22 02:00:00 | MinutesSinceEnd=6162 | Result=COMPLETE
[DEBUG] 2025-09-26 08:42:21 - Added intraday bar #98: 2025-09-22 02:00:00
[DEBUG] 2025-09-26 08:42:21 - COMPLETENESS_CHECK: BarStart=2025-09-22 01:00:00 | BarEnd=2025-09-22 01:00:00 | MinutesSinceEnd=6222 | Result=COMPLETE
[DEBUG] 2025-09-26 08:42:21 - Added intraday bar #99: 2025-09-22 01:00:00
[INFO] 2025-09-26 08:42:21 - Applied intraday timestamp/OHLCV correction - using 99 bars
[DEBUG] 2025-09-26 08:42:21 - First 5 final processed bars:
[DEBUG] 2025-09-26 08:42:21 - FinalBar[0] = 2025-09-26 07:00:00 | O:3775.000000 H:3783.100000 L:3774.500000 C:3778.700000
[DEBUG] 2025-09-26 08:42:21 - FinalBar[1] = 2025-09-26 06:00:00 | O:3781.300000 H:3785.200000 L:3772.800000 C:3774.900000
[DEBUG] 2025-09-26 08:42:21 - FinalBar[2] = 2025-09-26 05:00:00 | O:3782.500000 H:3784.100000 L:3776.900000 C:3781.500000
[DEBUG] 2025-09-26 08:42:21 - FinalBar[3] = 2025-09-26 04:00:00 | O:3777.900000 H:3784.900000 L:3776.800000 C:3782.600000
[DEBUG] 2025-09-26 08:42:21 - FinalBar[4] = 2025-09-26 03:00:00 | O:3773.200000 H:3779.200000 L:3768.800000 C:3777.900000
[SUCCESS] 2025-09-26 08:42:21 - Successfully parsed 99 complete bars
