[DEBUG] 2025-09-26 03:54:38 - Winsock initialized successfully
[INFO] 2025-09-26 03:54:38 - Initializing IQFeed connection...
[SUCCESS] 2025-09-26 03:54:38 - IQFeed connection initialized successfully
[DEBUG] 2025-09-26 03:54:45 - Creating lookup socket...
[DEBUG] 2025-09-26 03:54:45 - Protocol response: S,CURRENT PROTOCOL,6.2

[DEBUG] 2025-09-26 03:54:45 - Lookup socket created and configured successfully
[DEBUG] 2025-09-26 03:54:45 - Sending command: HDX,QGC#,100,0,HIST_QGC#_Daily,100,0

[DEBUG] 2025-09-26 03:54:46 - Lookup socket closed
[DEBUG] 2025-09-26 03:54:46 - Creating lookup socket...
[DEBUG] 2025-09-26 03:54:46 - Protocol response: S,CURRENT PROTOCOL,6.2

[DEBUG] 2025-09-26 03:54:46 - Lookup socket created and configured successfully
[DEBUG] 2025-09-26 03:54:46 - Sending command: HIX,QGC#,900,100,0,HIST_QGC#_15Min,100,s,1

[DEBUG] 2025-09-26 03:54:46 - Lookup socket closed
[DEBUG] 2025-09-26 03:54:46 - Creating lookup socket...
[DEBUG] 2025-09-26 03:54:46 - Protocol response: S,CURRENT PROTOCOL,6.2

[DEBUG] 2025-09-26 03:54:46 - Lookup socket created and configured successfully
[DEBUG] 2025-09-26 03:54:46 - Sending command: HIX,QGC#,1800,100,0,HIST_QGC#_30Min,100,s,1

[DEBUG] 2025-09-26 03:54:47 - Lookup socket closed
[DEBUG] 2025-09-26 03:54:47 - Creating lookup socket...
[DEBUG] 2025-09-26 03:54:47 - Protocol response: S,CURRENT PROTOCOL,6.2

[DEBUG] 2025-09-26 03:54:47 - Lookup socket created and configured successfully
[DEBUG] 2025-09-26 03:54:47 - Sending command: HIX,QGC#,3600,100,0,HIST_QGC#_1Hour,100,s,1

[DEBUG] 2025-09-26 03:54:47 - Lookup socket closed
[DEBUG] 2025-09-26 03:54:47 - Creating lookup socket...
[DEBUG] 2025-09-26 03:54:47 - Protocol response: S,CURRENT PROTOCOL,6.2

[DEBUG] 2025-09-26 03:54:47 - Lookup socket created and configured successfully
[DEBUG] 2025-09-26 03:54:47 - Sending command: HIX,QGC#,7200,100,0,HIST_QGC#_2Hour,100,s,1

[DEBUG] 2025-09-26 03:54:48 - Lookup socket closed
