[INFO] 2025-09-26 03:54:47 - Fetching 100 2Hour bars for symbol: QGC#
[DEBUG] 2025-09-26 03:54:47 - Sending command: HIX,QGC#,7200,100,0,HIST_QGC#_2Hour,100,s,1

[DEBUG] 2025-09-26 03:54:48 - Raw response received (8337 characters)
[DEBUG] 2025-09-26 03:54:48 - Parsing historical data response...
[DEBUG] 2025-09-26 03:54:48 - First 5 lines of raw response:
[DEBUG] 2025-09-26 03:54:48 - Raw Line 0: HIST_QGC#_2Hour,LH,2025-09-26 02:00:00,3784.4,3768.8,3771.3,3777.6,45514,12914,0,
[DEBUG] 2025-09-26 03:54:48 - Raw Line 1: HIST_QGC#_2Hour,LH,2025-09-26 00:00:00,3779.4,3771.3,3775.1,3771.6,31120,4969,0,
[DEBUG] 2025-09-26 03:54:48 - Raw Line 2: HIST_QGC#_2Hour,LH,2025-09-25 22:00:00,3775.5,3764.0,3768.4,3774.8,25995,6957,0,
[DEBUG] 2025-09-26 03:54:48 - Raw Line 3: HIST_QGC#_2Hour,LH,2025-09-25 20:00:00,3783.5,3767.3,3775.0,3768.6,18773,12338,0,
[DEBUG] 2025-09-26 03:54:48 - Raw Line 4: HIST_QGC#_2Hour,LH,2025-09-25 18:00:00,3782.4,3768.5,3781.5,3775.0,6106,5981,0,
[DEBUG] 2025-09-26 03:54:48 - Last 5 lines of raw response:
[DEBUG] 2025-09-26 03:54:48 - Raw Line 95: HIST_QGC#_2Hour,LH,2025-09-16 04:00:00,3737.1,3724.1,3724.5,3736.3,68112,14346,0,
[DEBUG] 2025-09-26 03:54:48 - Raw Line 96: HIST_QGC#_2Hour,LH,2025-09-16 02:00:00,3731.9,3719.4,3720.1,3724.5,53468,15754,0,
[DEBUG] 2025-09-26 03:54:48 - Raw Line 97: HIST_QGC#_2Hour,LH,2025-09-16 00:00:00,3722.3,3717.1,3718.5,3720.0,37162,5483,0,
[DEBUG] 2025-09-26 03:54:48 - Raw Line 98: HIST_QGC#_2Hour,LH,2025-09-15 22:00:00,3720.9,3711.8,3717.6,3718.5,30387,10165,0,
[DEBUG] 2025-09-26 03:54:48 - Raw Line 99: HIST_QGC#_2Hour,LH,2025-09-15 20:00:00,3728.4,3715.5,3716.0,3717.7,20087,14586,0,
[DEBUG] 2025-09-26 03:54:48 - Parsed bar - StartTime: 2025-09-26 02:00:00 | O:3771.300000 H:3784.400000 L:3768.800000 C:3777.600000
[DEBUG] 2025-09-26 03:54:48 - Parsed bar - StartTime: 2025-09-26 00:00:00 | O:3775.100000 H:3779.400000 L:3771.300000 C:3771.600000
[DEBUG] 2025-09-26 03:54:48 - Parsed bar - StartTime: 2025-09-25 22:00:00 | O:3768.400000 H:3775.500000 L:3764.000000 C:3774.800000
[DEBUG] 2025-09-26 03:54:48 - Parsed bar - StartTime: 2025-09-25 20:00:00 | O:3775.000000 H:3783.500000 L:3767.300000 C:3768.600000
[DEBUG] 2025-09-26 03:54:48 - Parsed bar - StartTime: 2025-09-25 18:00:00 | O:3781.500000 H:3782.400000 L:3768.500000 C:3775.000000
[DEBUG] 2025-09-26 03:54:48 - Parsed bar - StartTime: 2025-09-25 16:00:00 | O:3777.500000 H:3783.900000 L:3776.900000 C:3780.500000
[DEBUG] 2025-09-26 03:54:48 - Parsed bar - StartTime: 2025-09-25 14:00:00 | O:3773.000000 H:3789.500000 L:3767.500000 C:3777.500000
[DEBUG] 2025-09-26 03:54:48 - Parsed bar - StartTime: 2025-09-25 12:00:00 | O:3766.900000 H:3775.600000 L:3762.500000 C:3772.900000
[DEBUG] 2025-09-26 03:54:48 - Parsed bar - StartTime: 2025-09-25 10:00:00 | O:3764.100000 H:3769.400000 L:3753.400000 C:3766.900000
[DEBUG] 2025-09-26 03:54:48 - Parsed bar - StartTime: 2025-09-25 08:00:00 | O:3783.700000 H:3787.000000 L:3751.900000 C:3764.000000
[DEBUG] 2025-09-26 03:54:48 - Parsed bar - StartTime: 2025-09-25 06:00:00 | O:3787.100000 H:3791.700000 L:3771.000000 C:3784.000000
[DEBUG] 2025-09-26 03:54:48 - Parsed bar - StartTime: 2025-09-25 04:00:00 | O:3782.600000 H:3792.300000 L:3780.100000 C:3787.100000
[DEBUG] 2025-09-26 03:54:48 - Parsed bar - StartTime: 2025-09-25 02:00:00 | O:3769.200000 H:3785.600000 L:3768.200000 C:3782.500000
[DEBUG] 2025-09-26 03:54:48 - Parsed bar - StartTime: 2025-09-25 00:00:00 | O:3767.200000 H:3771.400000 L:3762.200000 C:3768.800000
[DEBUG] 2025-09-26 03:54:48 - Parsed bar - StartTime: 2025-09-24 22:00:00 | O:3766.600000 H:3773.100000 L:3760.500000 C:3767.000000
[DEBUG] 2025-09-26 03:54:48 - Parsed bar - StartTime: 2025-09-24 20:00:00 | O:3774.300000 H:3782.200000 L:3763.900000 C:3766.800000
[DEBUG] 2025-09-26 03:54:48 - Parsed bar - StartTime: 2025-09-24 18:00:00 | O:3768.300000 H:3776.700000 L:3767.000000 C:3774.500000
[DEBUG] 2025-09-26 03:54:48 - Parsed bar - StartTime: 2025-09-24 16:00:00 | O:3762.400000 H:3770.000000 L:3762.300000 C:3768.500000
[DEBUG] 2025-09-26 03:54:48 - Parsed bar - StartTime: 2025-09-24 14:00:00 | O:3766.600000 H:3767.500000 L:3749.700000 C:3762.500000
[DEBUG] 2025-09-26 03:54:48 - Parsed bar - StartTime: 2025-09-24 12:00:00 | O:3774.200000 H:3778.400000 L:3764.500000 C:3766.600000
[DEBUG] 2025-09-26 03:54:48 - Parsed bar - StartTime: 2025-09-24 10:00:00 | O:3794.700000 H:3798.400000 L:3772.600000 C:3774.100000
[DEBUG] 2025-09-26 03:54:48 - Parsed bar - StartTime: 2025-09-24 08:00:00 | O:3802.200000 H:3806.400000 L:3791.800000 C:3794.500000
[DEBUG] 2025-09-26 03:54:48 - Parsed bar - StartTime: 2025-09-24 06:00:00 | O:3801.400000 H:3802.900000 L:3792.400000 C:3802.200000
[DEBUG] 2025-09-26 03:54:48 - Parsed bar - StartTime: 2025-09-24 04:00:00 | O:3810.900000 H:3811.300000 L:3795.900000 C:3801.400000
[DEBUG] 2025-09-26 03:54:48 - Parsed bar - StartTime: 2025-09-24 02:00:00 | O:3808.000000 H:3812.600000 L:3801.900000 C:3810.900000
[DEBUG] 2025-09-26 03:54:48 - Parsed bar - StartTime: 2025-09-24 00:00:00 | O:3798.400000 H:3809.500000 L:3795.400000 C:3808.000000
[DEBUG] 2025-09-26 03:54:48 - Parsed bar - StartTime: 2025-09-23 22:00:00 | O:3788.800000 H:3799.500000 L:3783.000000 C:3798.500000
[DEBUG] 2025-09-26 03:54:48 - Parsed bar - StartTime: 2025-09-23 20:00:00 | O:3795.800000 H:3803.600000 L:3787.200000 C:3789.000000
[DEBUG] 2025-09-26 03:54:48 - Parsed bar - StartTime: 2025-09-23 18:00:00 | O:3796.900000 H:3802.600000 L:3793.800000 C:3796.100000
[DEBUG] 2025-09-26 03:54:48 - Parsed bar - StartTime: 2025-09-23 16:00:00 | O:3796.600000 H:3799.800000 L:3794.600000 C:3796.900000
[DEBUG] 2025-09-26 03:54:48 - Parsed bar - StartTime: 2025-09-23 14:00:00 | O:3810.100000 H:3813.600000 L:3783.900000 C:3796.400000
[DEBUG] 2025-09-26 03:54:48 - Parsed bar - StartTime: 2025-09-23 12:00:00 | O:3811.700000 H:3819.000000 L:3796.600000 C:3810.000000
[DEBUG] 2025-09-26 03:54:48 - Parsed bar - StartTime: 2025-09-23 10:00:00 | O:3816.300000 H:3817.300000 L:3799.000000 C:3811.500000
[DEBUG] 2025-09-26 03:54:48 - Parsed bar - StartTime: 2025-09-23 08:00:00 | O:3816.600000 H:3821.600000 L:3806.600000 C:3816.400000
[DEBUG] 2025-09-26 03:54:48 - Parsed bar - StartTime: 2025-09-23 06:00:00 | O:3818.600000 H:3822.300000 L:3812.800000 C:3816.500000
[DEBUG] 2025-09-26 03:54:48 - Parsed bar - StartTime: 2025-09-23 04:00:00 | O:3787.600000 H:3824.600000 L:3786.800000 C:3818.400000
[DEBUG] 2025-09-26 03:54:48 - Parsed bar - StartTime: 2025-09-23 02:00:00 | O:3787.300000 H:3791.800000 L:3782.800000 C:3787.600000
[DEBUG] 2025-09-26 03:54:48 - Parsed bar - StartTime: 2025-09-23 00:00:00 | O:3780.900000 H:3793.000000 L:3777.400000 C:3787.200000
[DEBUG] 2025-09-26 03:54:48 - Parsed bar - StartTime: 2025-09-22 22:00:00 | O:3790.300000 H:3791.200000 L:3772.400000 C:3780.900000
[DEBUG] 2025-09-26 03:54:48 - Parsed bar - StartTime: 2025-09-22 20:00:00 | O:3782.200000 H:3795.100000 L:3779.600000 C:3790.400000
[DEBUG] 2025-09-26 03:54:48 - Parsed bar - StartTime: 2025-09-22 18:00:00 | O:3781.200000 H:3784.200000 L:3773.500000 C:3782.200000
[DEBUG] 2025-09-26 03:54:48 - Parsed bar - StartTime: 2025-09-22 16:00:00 | O:3781.100000 H:3783.300000 L:3779.900000 C:3781.200000
[DEBUG] 2025-09-26 03:54:48 - Parsed bar - StartTime: 2025-09-22 14:00:00 | O:3781.400000 H:3783.200000 L:3777.100000 C:3781.200000
[DEBUG] 2025-09-26 03:54:48 - Parsed bar - StartTime: 2025-09-22 12:00:00 | O:3769.900000 H:3782.000000 L:3769.200000 C:3781.400000
[DEBUG] 2025-09-26 03:54:48 - Parsed bar - StartTime: 2025-09-22 10:00:00 | O:3756.200000 H:3770.300000 L:3750.700000 C:3769.900000
[DEBUG] 2025-09-26 03:54:48 - Parsed bar - StartTime: 2025-09-22 08:00:00 | O:3758.900000 H:3759.500000 L:3746.000000 C:3756.400000
[DEBUG] 2025-09-26 03:54:48 - Parsed bar - StartTime: 2025-09-22 06:00:00 | O:3757.900000 H:3763.100000 L:3755.100000 C:3758.800000
[DEBUG] 2025-09-26 03:54:48 - Parsed bar - StartTime: 2025-09-22 04:00:00 | O:3747.400000 H:3761.200000 L:3746.600000 C:3757.900000
[DEBUG] 2025-09-26 03:54:48 - Parsed bar - StartTime: 2025-09-22 02:00:00 | O:3732.500000 H:3753.400000 L:3730.900000 C:3747.500000
[DEBUG] 2025-09-26 03:54:48 - Parsed bar - StartTime: 2025-09-22 00:00:00 | O:3730.800000 H:3735.800000 L:3725.500000 C:3732.500000
[DEBUG] 2025-09-26 03:54:48 - Parsed bar - StartTime: 2025-09-21 22:00:00 | O:3724.000000 H:3733.100000 L:3720.500000 C:3731.100000
[DEBUG] 2025-09-26 03:54:48 - Parsed bar - StartTime: 2025-09-21 20:00:00 | O:3721.400000 H:3732.500000 L:3720.600000 C:3724.300000
[DEBUG] 2025-09-26 03:54:48 - Parsed bar - StartTime: 2025-09-21 18:00:00 | O:3721.300000 H:3727.400000 L:3718.100000 C:3721.600000
[DEBUG] 2025-09-26 03:54:48 - Parsed bar - StartTime: 2025-09-19 16:00:00 | O:3717.800000 H:3719.600000 L:3715.100000 C:3719.400000
[DEBUG] 2025-09-26 03:54:48 - Parsed bar - StartTime: 2025-09-19 14:00:00 | O:3713.100000 H:3718.800000 L:3712.700000 C:3717.900000
[DEBUG] 2025-09-26 03:54:48 - Parsed bar - StartTime: 2025-09-19 12:00:00 | O:3704.100000 H:3713.900000 L:3699.800000 C:3713.000000
[DEBUG] 2025-09-26 03:54:48 - Parsed bar - StartTime: 2025-09-19 10:00:00 | O:3696.200000 H:3709.500000 L:3688.900000 C:3704.200000
[DEBUG] 2025-09-26 03:54:48 - Parsed bar - StartTime: 2025-09-19 08:00:00 | O:3680.500000 H:3697.300000 L:3676.200000 C:3696.100000
[DEBUG] 2025-09-26 03:54:48 - Parsed bar - StartTime: 2025-09-19 06:00:00 | O:3691.300000 H:3691.900000 L:3677.500000 C:3680.500000
[DEBUG] 2025-09-26 03:54:48 - Parsed bar - StartTime: 2025-09-19 04:00:00 | O:3685.700000 H:3691.400000 L:3681.800000 C:3691.200000
[DEBUG] 2025-09-26 03:54:48 - Parsed bar - StartTime: 2025-09-19 02:00:00 | O:3685.600000 H:3689.300000 L:3675.900000 C:3686.000000
[DEBUG] 2025-09-26 03:54:48 - Parsed bar - StartTime: 2025-09-19 00:00:00 | O:3686.800000 H:3694.100000 L:3684.700000 C:3685.600000
[DEBUG] 2025-09-26 03:54:48 - Parsed bar - StartTime: 2025-09-18 22:00:00 | O:3672.200000 H:3689.600000 L:3671.200000 C:3686.600000
[DEBUG] 2025-09-26 03:54:48 - Parsed bar - StartTime: 2025-09-18 20:00:00 | O:3673.000000 H:3684.300000 L:3664.400000 C:3672.200000
[DEBUG] 2025-09-26 03:54:48 - Parsed bar - StartTime: 2025-09-18 18:00:00 | O:3677.700000 H:3678.200000 L:3670.400000 C:3672.800000
[DEBUG] 2025-09-26 03:54:48 - Parsed bar - StartTime: 2025-09-18 16:00:00 | O:3679.700000 H:3680.400000 L:3677.300000 C:3678.200000
[DEBUG] 2025-09-26 03:54:48 - Parsed bar - StartTime: 2025-09-18 14:00:00 | O:3676.700000 H:3680.000000 L:3673.600000 C:3679.700000
[DEBUG] 2025-09-26 03:54:48 - Parsed bar - StartTime: 2025-09-18 12:00:00 | O:3674.600000 H:3680.700000 L:3674.000000 C:3676.600000
[DEBUG] 2025-09-26 03:54:48 - Parsed bar - StartTime: 2025-09-18 10:00:00 | O:3675.300000 H:3679.800000 L:3667.500000 C:3674.500000
[DEBUG] 2025-09-26 03:54:48 - Parsed bar - StartTime: 2025-09-18 08:00:00 | O:3700.900000 H:3706.400000 L:3660.500000 C:3675.400000
[DEBUG] 2025-09-26 03:54:48 - Parsed bar - StartTime: 2025-09-18 06:00:00 | O:3706.200000 H:3707.100000 L:3698.100000 C:3700.700000
[DEBUG] 2025-09-26 03:54:48 - Parsed bar - StartTime: 2025-09-18 04:00:00 | O:3692.400000 H:3707.300000 L:3687.700000 C:3706.400000
[DEBUG] 2025-09-26 03:54:48 - Parsed bar - StartTime: 2025-09-18 02:00:00 | O:3685.400000 H:3693.700000 L:3667.300000 C:3692.500000
[DEBUG] 2025-09-26 03:54:48 - Parsed bar - StartTime: 2025-09-18 00:00:00 | O:3693.000000 H:3693.800000 L:3683.100000 C:3685.300000
[DEBUG] 2025-09-26 03:54:48 - Parsed bar - StartTime: 2025-09-17 22:00:00 | O:3692.700000 H:3700.600000 L:3691.100000 C:3692.900000
[DEBUG] 2025-09-26 03:54:48 - Parsed bar - StartTime: 2025-09-17 20:00:00 | O:3703.500000 H:3703.900000 L:3686.600000 C:3692.600000
[DEBUG] 2025-09-26 03:54:48 - Parsed bar - StartTime: 2025-09-17 18:00:00 | O:3692.500000 H:3705.600000 L:3688.200000 C:3703.000000
[DEBUG] 2025-09-26 03:54:48 - Parsed bar - StartTime: 2025-09-17 16:00:00 | O:3696.200000 H:3696.300000 L:3690.700000 C:3694.600000
[DEBUG] 2025-09-26 03:54:48 - Parsed bar - StartTime: 2025-09-17 14:00:00 | O:3722.400000 H:3744.000000 L:3679.500000 C:3696.200000
[DEBUG] 2025-09-26 03:54:48 - Parsed bar - StartTime: 2025-09-17 12:00:00 | O:3718.800000 H:3724.400000 L:3713.900000 C:3722.300000
[DEBUG] 2025-09-26 03:54:48 - Parsed bar - StartTime: 2025-09-17 10:00:00 | O:3714.100000 H:3722.000000 L:3712.200000 C:3718.600000
[DEBUG] 2025-09-26 03:54:48 - Parsed bar - StartTime: 2025-09-17 08:00:00 | O:3701.400000 H:3718.600000 L:3701.000000 C:3714.200000
[DEBUG] 2025-09-26 03:54:48 - Parsed bar - StartTime: 2025-09-17 06:00:00 | O:3703.800000 H:3706.000000 L:3695.400000 C:3701.200000
[DEBUG] 2025-09-26 03:54:48 - Parsed bar - StartTime: 2025-09-17 04:00:00 | O:3703.700000 H:3707.100000 L:3698.600000 C:3703.900000
[DEBUG] 2025-09-26 03:54:48 - Parsed bar - StartTime: 2025-09-17 02:00:00 | O:3716.600000 H:3717.400000 L:3702.800000 C:3703.700000
[DEBUG] 2025-09-26 03:54:48 - Parsed bar - StartTime: 2025-09-17 00:00:00 | O:3718.500000 H:3722.700000 L:3713.000000 C:3716.400000
[DEBUG] 2025-09-26 03:54:48 - Parsed bar - StartTime: 2025-09-16 22:00:00 | O:3716.600000 H:3720.900000 L:3710.700000 C:3718.300000
[DEBUG] 2025-09-26 03:54:48 - Parsed bar - StartTime: 2025-09-16 20:00:00 | O:3731.900000 H:3732.800000 L:3712.400000 C:3716.700000
[DEBUG] 2025-09-26 03:54:48 - Parsed bar - StartTime: 2025-09-16 18:00:00 | O:3727.300000 H:3732.800000 L:3726.400000 C:3731.700000
[DEBUG] 2025-09-26 03:54:48 - Parsed bar - StartTime: 2025-09-16 16:00:00 | O:3726.800000 H:3731.300000 L:3726.600000 C:3727.500000
[DEBUG] 2025-09-26 03:54:48 - Parsed bar - StartTime: 2025-09-16 14:00:00 | O:3723.700000 H:3727.600000 L:3722.500000 C:3726.600000
[DEBUG] 2025-09-26 03:54:48 - Parsed bar - StartTime: 2025-09-16 12:00:00 | O:3723.000000 H:3728.400000 L:3721.300000 C:3723.800000
[DEBUG] 2025-09-26 03:54:48 - Parsed bar - StartTime: 2025-09-16 10:00:00 | O:3732.800000 H:3739.900000 L:3715.200000 C:3723.000000
[DEBUG] 2025-09-26 03:54:48 - Parsed bar - StartTime: 2025-09-16 08:00:00 | O:3734.600000 H:3735.900000 L:3722.100000 C:3733.000000
[DEBUG] 2025-09-26 03:54:48 - Parsed bar - StartTime: 2025-09-16 06:00:00 | O:3736.200000 H:3737.600000 L:3728.700000 C:3734.500000
[DEBUG] 2025-09-26 03:54:48 - Parsed bar - StartTime: 2025-09-16 04:00:00 | O:3724.500000 H:3737.100000 L:3724.100000 C:3736.300000
[DEBUG] 2025-09-26 03:54:48 - Parsed bar - StartTime: 2025-09-16 02:00:00 | O:3720.100000 H:3731.900000 L:3719.400000 C:3724.500000
[DEBUG] 2025-09-26 03:54:48 - Parsed bar - StartTime: 2025-09-16 00:00:00 | O:3718.500000 H:3722.300000 L:3717.100000 C:3720.000000
[DEBUG] 2025-09-26 03:54:48 - Parsed bar - StartTime: 2025-09-15 22:00:00 | O:3717.600000 H:3720.900000 L:3711.800000 C:3718.500000
[DEBUG] 2025-09-26 03:54:48 - Parsed bar - StartTime: 2025-09-15 20:00:00 | O:3716.000000 H:3728.400000 L:3715.500000 C:3717.700000
[DEBUG] 2025-09-26 03:54:48 - First 3 parsed bars:
[DEBUG] 2025-09-26 03:54:48 - ParsedBar[0] = 2025-09-26 02:00:00 OHLCV: 3771.300000/3784.400000/3768.800000/3777.600000/45514
[DEBUG] 2025-09-26 03:54:48 - ParsedBar[1] = 2025-09-26 00:00:00 OHLCV: 3775.100000/3779.400000/3771.300000/3771.600000/31120
[DEBUG] 2025-09-26 03:54:48 - ParsedBar[2] = 2025-09-25 22:00:00 OHLCV: 3768.400000/3775.500000/3764.000000/3774.800000/25995
[DEBUG] 2025-09-26 03:54:48 - COMPLETENESS_CHECK: BarStart=2025-09-26 00:00:00 | BarEnd=2025-09-26 00:00:00 | MinutesSinceEnd=234 | Result=COMPLETE
[DEBUG] 2025-09-26 03:54:48 - Added corrected intraday bar: 2025-09-26 00:00:00 (timestamp from line 0, OHLCV from line 1)
[DEBUG] 2025-09-26 03:54:48 - COMPLETENESS_CHECK: BarStart=2025-09-25 22:00:00 | BarEnd=2025-09-25 22:00:00 | MinutesSinceEnd=354 | Result=COMPLETE
[DEBUG] 2025-09-26 03:54:48 - Added intraday bar #2: 2025-09-25 22:00:00
[DEBUG] 2025-09-26 03:54:48 - COMPLETENESS_CHECK: BarStart=2025-09-25 20:00:00 | BarEnd=2025-09-25 20:00:00 | MinutesSinceEnd=474 | Result=COMPLETE
[DEBUG] 2025-09-26 03:54:48 - Added intraday bar #3: 2025-09-25 20:00:00
[DEBUG] 2025-09-26 03:54:48 - COMPLETENESS_CHECK: BarStart=2025-09-25 18:00:00 | BarEnd=2025-09-25 18:00:00 | MinutesSinceEnd=594 | Result=COMPLETE
[DEBUG] 2025-09-26 03:54:48 - Added intraday bar #4: 2025-09-25 18:00:00
[DEBUG] 2025-09-26 03:54:48 - COMPLETENESS_CHECK: BarStart=2025-09-25 16:00:00 | BarEnd=2025-09-25 16:00:00 | MinutesSinceEnd=714 | Result=COMPLETE
[DEBUG] 2025-09-26 03:54:48 - Added intraday bar #5: 2025-09-25 16:00:00
[DEBUG] 2025-09-26 03:54:48 - COMPLETENESS_CHECK: BarStart=2025-09-25 14:00:00 | BarEnd=2025-09-25 14:00:00 | MinutesSinceEnd=834 | Result=COMPLETE
[DEBUG] 2025-09-26 03:54:48 - Added intraday bar #6: 2025-09-25 14:00:00
[DEBUG] 2025-09-26 03:54:48 - COMPLETENESS_CHECK: BarStart=2025-09-25 12:00:00 | BarEnd=2025-09-25 12:00:00 | MinutesSinceEnd=954 | Result=COMPLETE
[DEBUG] 2025-09-26 03:54:48 - Added intraday bar #7: 2025-09-25 12:00:00
[DEBUG] 2025-09-26 03:54:48 - COMPLETENESS_CHECK: BarStart=2025-09-25 10:00:00 | BarEnd=2025-09-25 10:00:00 | MinutesSinceEnd=1074 | Result=COMPLETE
[DEBUG] 2025-09-26 03:54:48 - Added intraday bar #8: 2025-09-25 10:00:00
[DEBUG] 2025-09-26 03:54:48 - COMPLETENESS_CHECK: BarStart=2025-09-25 08:00:00 | BarEnd=2025-09-25 08:00:00 | MinutesSinceEnd=1194 | Result=COMPLETE
[DEBUG] 2025-09-26 03:54:48 - Added intraday bar #9: 2025-09-25 08:00:00
[DEBUG] 2025-09-26 03:54:48 - COMPLETENESS_CHECK: BarStart=2025-09-25 06:00:00 | BarEnd=2025-09-25 06:00:00 | MinutesSinceEnd=1314 | Result=COMPLETE
[DEBUG] 2025-09-26 03:54:48 - Added intraday bar #10: 2025-09-25 06:00:00
[DEBUG] 2025-09-26 03:54:48 - COMPLETENESS_CHECK: BarStart=2025-09-25 04:00:00 | BarEnd=2025-09-25 04:00:00 | MinutesSinceEnd=1434 | Result=COMPLETE
[DEBUG] 2025-09-26 03:54:48 - Added intraday bar #11: 2025-09-25 04:00:00
[DEBUG] 2025-09-26 03:54:48 - COMPLETENESS_CHECK: BarStart=2025-09-25 02:00:00 | BarEnd=2025-09-25 02:00:00 | MinutesSinceEnd=1554 | Result=COMPLETE
[DEBUG] 2025-09-26 03:54:48 - Added intraday bar #12: 2025-09-25 02:00:00
[DEBUG] 2025-09-26 03:54:48 - COMPLETENESS_CHECK: BarStart=2025-09-25 00:00:00 | BarEnd=2025-09-25 00:00:00 | MinutesSinceEnd=1674 | Result=COMPLETE
[DEBUG] 2025-09-26 03:54:48 - Added intraday bar #13: 2025-09-25 00:00:00
[DEBUG] 2025-09-26 03:54:48 - COMPLETENESS_CHECK: BarStart=2025-09-24 22:00:00 | BarEnd=2025-09-24 22:00:00 | MinutesSinceEnd=1794 | Result=COMPLETE
[DEBUG] 2025-09-26 03:54:48 - Added intraday bar #14: 2025-09-24 22:00:00
[DEBUG] 2025-09-26 03:54:48 - COMPLETENESS_CHECK: BarStart=2025-09-24 20:00:00 | BarEnd=2025-09-24 20:00:00 | MinutesSinceEnd=1914 | Result=COMPLETE
[DEBUG] 2025-09-26 03:54:48 - Added intraday bar #15: 2025-09-24 20:00:00
[DEBUG] 2025-09-26 03:54:48 - COMPLETENESS_CHECK: BarStart=2025-09-24 18:00:00 | BarEnd=2025-09-24 18:00:00 | MinutesSinceEnd=2034 | Result=COMPLETE
[DEBUG] 2025-09-26 03:54:48 - Added intraday bar #16: 2025-09-24 18:00:00
[DEBUG] 2025-09-26 03:54:48 - COMPLETENESS_CHECK: BarStart=2025-09-24 16:00:00 | BarEnd=2025-09-24 16:00:00 | MinutesSinceEnd=2154 | Result=COMPLETE
[DEBUG] 2025-09-26 03:54:48 - Added intraday bar #17: 2025-09-24 16:00:00
[DEBUG] 2025-09-26 03:54:48 - COMPLETENESS_CHECK: BarStart=2025-09-24 14:00:00 | BarEnd=2025-09-24 14:00:00 | MinutesSinceEnd=2274 | Result=COMPLETE
[DEBUG] 2025-09-26 03:54:48 - Added intraday bar #18: 2025-09-24 14:00:00
[DEBUG] 2025-09-26 03:54:48 - COMPLETENESS_CHECK: BarStart=2025-09-24 12:00:00 | BarEnd=2025-09-24 12:00:00 | MinutesSinceEnd=2394 | Result=COMPLETE
[DEBUG] 2025-09-26 03:54:48 - Added intraday bar #19: 2025-09-24 12:00:00
[DEBUG] 2025-09-26 03:54:48 - COMPLETENESS_CHECK: BarStart=2025-09-24 10:00:00 | BarEnd=2025-09-24 10:00:00 | MinutesSinceEnd=2514 | Result=COMPLETE
[DEBUG] 2025-09-26 03:54:48 - Added intraday bar #20: 2025-09-24 10:00:00
[DEBUG] 2025-09-26 03:54:48 - COMPLETENESS_CHECK: BarStart=2025-09-24 08:00:00 | BarEnd=2025-09-24 08:00:00 | MinutesSinceEnd=2634 | Result=COMPLETE
[DEBUG] 2025-09-26 03:54:48 - Added intraday bar #21: 2025-09-24 08:00:00
[DEBUG] 2025-09-26 03:54:48 - COMPLETENESS_CHECK: BarStart=2025-09-24 06:00:00 | BarEnd=2025-09-24 06:00:00 | MinutesSinceEnd=2754 | Result=COMPLETE
[DEBUG] 2025-09-26 03:54:48 - Added intraday bar #22: 2025-09-24 06:00:00
[DEBUG] 2025-09-26 03:54:48 - COMPLETENESS_CHECK: BarStart=2025-09-24 04:00:00 | BarEnd=2025-09-24 04:00:00 | MinutesSinceEnd=2874 | Result=COMPLETE
[DEBUG] 2025-09-26 03:54:48 - Added intraday bar #23: 2025-09-24 04:00:00
[DEBUG] 2025-09-26 03:54:48 - COMPLETENESS_CHECK: BarStart=2025-09-24 02:00:00 | BarEnd=2025-09-24 02:00:00 | MinutesSinceEnd=2994 | Result=COMPLETE
[DEBUG] 2025-09-26 03:54:48 - Added intraday bar #24: 2025-09-24 02:00:00
[DEBUG] 2025-09-26 03:54:48 - COMPLETENESS_CHECK: BarStart=2025-09-24 00:00:00 | BarEnd=2025-09-24 00:00:00 | MinutesSinceEnd=3114 | Result=COMPLETE
[DEBUG] 2025-09-26 03:54:48 - Added intraday bar #25: 2025-09-24 00:00:00
[DEBUG] 2025-09-26 03:54:48 - COMPLETENESS_CHECK: BarStart=2025-09-23 22:00:00 | BarEnd=2025-09-23 22:00:00 | MinutesSinceEnd=3234 | Result=COMPLETE
[DEBUG] 2025-09-26 03:54:48 - Added intraday bar #26: 2025-09-23 22:00:00
[DEBUG] 2025-09-26 03:54:48 - COMPLETENESS_CHECK: BarStart=2025-09-23 20:00:00 | BarEnd=2025-09-23 20:00:00 | MinutesSinceEnd=3354 | Result=COMPLETE
[DEBUG] 2025-09-26 03:54:48 - Added intraday bar #27: 2025-09-23 20:00:00
[DEBUG] 2025-09-26 03:54:48 - COMPLETENESS_CHECK: BarStart=2025-09-23 18:00:00 | BarEnd=2025-09-23 18:00:00 | MinutesSinceEnd=3474 | Result=COMPLETE
[DEBUG] 2025-09-26 03:54:48 - Added intraday bar #28: 2025-09-23 18:00:00
[DEBUG] 2025-09-26 03:54:48 - COMPLETENESS_CHECK: BarStart=2025-09-23 16:00:00 | BarEnd=2025-09-23 16:00:00 | MinutesSinceEnd=3594 | Result=COMPLETE
[DEBUG] 2025-09-26 03:54:48 - Added intraday bar #29: 2025-09-23 16:00:00
[DEBUG] 2025-09-26 03:54:48 - COMPLETENESS_CHECK: BarStart=2025-09-23 14:00:00 | BarEnd=2025-09-23 14:00:00 | MinutesSinceEnd=3714 | Result=COMPLETE
[DEBUG] 2025-09-26 03:54:48 - Added intraday bar #30: 2025-09-23 14:00:00
[DEBUG] 2025-09-26 03:54:48 - COMPLETENESS_CHECK: BarStart=2025-09-23 12:00:00 | BarEnd=2025-09-23 12:00:00 | MinutesSinceEnd=3834 | Result=COMPLETE
[DEBUG] 2025-09-26 03:54:48 - Added intraday bar #31: 2025-09-23 12:00:00
[DEBUG] 2025-09-26 03:54:48 - COMPLETENESS_CHECK: BarStart=2025-09-23 10:00:00 | BarEnd=2025-09-23 10:00:00 | MinutesSinceEnd=3954 | Result=COMPLETE
[DEBUG] 2025-09-26 03:54:48 - Added intraday bar #32: 2025-09-23 10:00:00
[DEBUG] 2025-09-26 03:54:48 - COMPLETENESS_CHECK: BarStart=2025-09-23 08:00:00 | BarEnd=2025-09-23 08:00:00 | MinutesSinceEnd=4074 | Result=COMPLETE
[DEBUG] 2025-09-26 03:54:48 - Added intraday bar #33: 2025-09-23 08:00:00
[DEBUG] 2025-09-26 03:54:48 - COMPLETENESS_CHECK: BarStart=2025-09-23 06:00:00 | BarEnd=2025-09-23 06:00:00 | MinutesSinceEnd=4194 | Result=COMPLETE
[DEBUG] 2025-09-26 03:54:48 - Added intraday bar #34: 2025-09-23 06:00:00
[DEBUG] 2025-09-26 03:54:48 - COMPLETENESS_CHECK: BarStart=2025-09-23 04:00:00 | BarEnd=2025-09-23 04:00:00 | MinutesSinceEnd=4314 | Result=COMPLETE
[DEBUG] 2025-09-26 03:54:48 - Added intraday bar #35: 2025-09-23 04:00:00
[DEBUG] 2025-09-26 03:54:48 - COMPLETENESS_CHECK: BarStart=2025-09-23 02:00:00 | BarEnd=2025-09-23 02:00:00 | MinutesSinceEnd=4434 | Result=COMPLETE
[DEBUG] 2025-09-26 03:54:48 - Added intraday bar #36: 2025-09-23 02:00:00
[DEBUG] 2025-09-26 03:54:48 - COMPLETENESS_CHECK: BarStart=2025-09-23 00:00:00 | BarEnd=2025-09-23 00:00:00 | MinutesSinceEnd=4554 | Result=COMPLETE
[DEBUG] 2025-09-26 03:54:48 - Added intraday bar #37: 2025-09-23 00:00:00
[DEBUG] 2025-09-26 03:54:48 - COMPLETENESS_CHECK: BarStart=2025-09-22 22:00:00 | BarEnd=2025-09-22 22:00:00 | MinutesSinceEnd=4674 | Result=COMPLETE
[DEBUG] 2025-09-26 03:54:48 - Added intraday bar #38: 2025-09-22 22:00:00
[DEBUG] 2025-09-26 03:54:48 - COMPLETENESS_CHECK: BarStart=2025-09-22 20:00:00 | BarEnd=2025-09-22 20:00:00 | MinutesSinceEnd=4794 | Result=COMPLETE
[DEBUG] 2025-09-26 03:54:48 - Added intraday bar #39: 2025-09-22 20:00:00
[DEBUG] 2025-09-26 03:54:48 - COMPLETENESS_CHECK: BarStart=2025-09-22 18:00:00 | BarEnd=2025-09-22 18:00:00 | MinutesSinceEnd=4914 | Result=COMPLETE
[DEBUG] 2025-09-26 03:54:48 - Added intraday bar #40: 2025-09-22 18:00:00
[DEBUG] 2025-09-26 03:54:48 - COMPLETENESS_CHECK: BarStart=2025-09-22 16:00:00 | BarEnd=2025-09-22 16:00:00 | MinutesSinceEnd=5034 | Result=COMPLETE
[DEBUG] 2025-09-26 03:54:48 - Added intraday bar #41: 2025-09-22 16:00:00
[DEBUG] 2025-09-26 03:54:48 - COMPLETENESS_CHECK: BarStart=2025-09-22 14:00:00 | BarEnd=2025-09-22 14:00:00 | MinutesSinceEnd=5154 | Result=COMPLETE
[DEBUG] 2025-09-26 03:54:48 - Added intraday bar #42: 2025-09-22 14:00:00
[DEBUG] 2025-09-26 03:54:48 - COMPLETENESS_CHECK: BarStart=2025-09-22 12:00:00 | BarEnd=2025-09-22 12:00:00 | MinutesSinceEnd=5274 | Result=COMPLETE
[DEBUG] 2025-09-26 03:54:48 - Added intraday bar #43: 2025-09-22 12:00:00
[DEBUG] 2025-09-26 03:54:48 - COMPLETENESS_CHECK: BarStart=2025-09-22 10:00:00 | BarEnd=2025-09-22 10:00:00 | MinutesSinceEnd=5394 | Result=COMPLETE
[DEBUG] 2025-09-26 03:54:48 - Added intraday bar #44: 2025-09-22 10:00:00
[DEBUG] 2025-09-26 03:54:48 - COMPLETENESS_CHECK: BarStart=2025-09-22 08:00:00 | BarEnd=2025-09-22 08:00:00 | MinutesSinceEnd=5514 | Result=COMPLETE
[DEBUG] 2025-09-26 03:54:48 - Added intraday bar #45: 2025-09-22 08:00:00
[DEBUG] 2025-09-26 03:54:48 - COMPLETENESS_CHECK: BarStart=2025-09-22 06:00:00 | BarEnd=2025-09-22 06:00:00 | MinutesSinceEnd=5634 | Result=COMPLETE
[DEBUG] 2025-09-26 03:54:48 - Added intraday bar #46: 2025-09-22 06:00:00
[DEBUG] 2025-09-26 03:54:48 - COMPLETENESS_CHECK: BarStart=2025-09-22 04:00:00 | BarEnd=2025-09-22 04:00:00 | MinutesSinceEnd=5754 | Result=COMPLETE
[DEBUG] 2025-09-26 03:54:48 - Added intraday bar #47: 2025-09-22 04:00:00
[DEBUG] 2025-09-26 03:54:48 - COMPLETENESS_CHECK: BarStart=2025-09-22 02:00:00 | BarEnd=2025-09-22 02:00:00 | MinutesSinceEnd=5874 | Result=COMPLETE
[DEBUG] 2025-09-26 03:54:48 - Added intraday bar #48: 2025-09-22 02:00:00
[DEBUG] 2025-09-26 03:54:48 - COMPLETENESS_CHECK: BarStart=2025-09-22 00:00:00 | BarEnd=2025-09-22 00:00:00 | MinutesSinceEnd=5994 | Result=COMPLETE
[DEBUG] 2025-09-26 03:54:48 - Added intraday bar #49: 2025-09-22 00:00:00
[DEBUG] 2025-09-26 03:54:48 - COMPLETENESS_CHECK: BarStart=2025-09-21 22:00:00 | BarEnd=2025-09-21 22:00:00 | MinutesSinceEnd=6114 | Result=COMPLETE
[DEBUG] 2025-09-26 03:54:48 - Added intraday bar #50: 2025-09-21 22:00:00
[DEBUG] 2025-09-26 03:54:48 - COMPLETENESS_CHECK: BarStart=2025-09-21 20:00:00 | BarEnd=2025-09-21 20:00:00 | MinutesSinceEnd=6234 | Result=COMPLETE
[DEBUG] 2025-09-26 03:54:48 - Added intraday bar #51: 2025-09-21 20:00:00
[DEBUG] 2025-09-26 03:54:48 - COMPLETENESS_CHECK: BarStart=2025-09-21 18:00:00 | BarEnd=2025-09-21 18:00:00 | MinutesSinceEnd=6354 | Result=COMPLETE
[DEBUG] 2025-09-26 03:54:48 - Added intraday bar #52: 2025-09-21 18:00:00
[DEBUG] 2025-09-26 03:54:48 - COMPLETENESS_CHECK: BarStart=2025-09-19 16:00:00 | BarEnd=2025-09-19 16:00:00 | MinutesSinceEnd=9354 | Result=COMPLETE
[DEBUG] 2025-09-26 03:54:48 - Added intraday bar #53: 2025-09-19 16:00:00
[DEBUG] 2025-09-26 03:54:48 - COMPLETENESS_CHECK: BarStart=2025-09-19 14:00:00 | BarEnd=2025-09-19 14:00:00 | MinutesSinceEnd=9474 | Result=COMPLETE
[DEBUG] 2025-09-26 03:54:48 - Added intraday bar #54: 2025-09-19 14:00:00
[DEBUG] 2025-09-26 03:54:48 - COMPLETENESS_CHECK: BarStart=2025-09-19 12:00:00 | BarEnd=2025-09-19 12:00:00 | MinutesSinceEnd=9594 | Result=COMPLETE
[DEBUG] 2025-09-26 03:54:48 - Added intraday bar #55: 2025-09-19 12:00:00
[DEBUG] 2025-09-26 03:54:48 - COMPLETENESS_CHECK: BarStart=2025-09-19 10:00:00 | BarEnd=2025-09-19 10:00:00 | MinutesSinceEnd=9714 | Result=COMPLETE
[DEBUG] 2025-09-26 03:54:48 - Added intraday bar #56: 2025-09-19 10:00:00
[DEBUG] 2025-09-26 03:54:48 - COMPLETENESS_CHECK: BarStart=2025-09-19 08:00:00 | BarEnd=2025-09-19 08:00:00 | MinutesSinceEnd=9834 | Result=COMPLETE
[DEBUG] 2025-09-26 03:54:48 - Added intraday bar #57: 2025-09-19 08:00:00
[DEBUG] 2025-09-26 03:54:48 - COMPLETENESS_CHECK: BarStart=2025-09-19 06:00:00 | BarEnd=2025-09-19 06:00:00 | MinutesSinceEnd=9954 | Result=COMPLETE
[DEBUG] 2025-09-26 03:54:48 - Added intraday bar #58: 2025-09-19 06:00:00
[DEBUG] 2025-09-26 03:54:48 - COMPLETENESS_CHECK: BarStart=2025-09-19 04:00:00 | BarEnd=2025-09-19 04:00:00 | MinutesSinceEnd=10074 | Result=COMPLETE
[DEBUG] 2025-09-26 03:54:48 - Added intraday bar #59: 2025-09-19 04:00:00
[DEBUG] 2025-09-26 03:54:48 - COMPLETENESS_CHECK: BarStart=2025-09-19 02:00:00 | BarEnd=2025-09-19 02:00:00 | MinutesSinceEnd=10194 | Result=COMPLETE
[DEBUG] 2025-09-26 03:54:48 - Added intraday bar #60: 2025-09-19 02:00:00
[DEBUG] 2025-09-26 03:54:48 - COMPLETENESS_CHECK: BarStart=2025-09-19 00:00:00 | BarEnd=2025-09-19 00:00:00 | MinutesSinceEnd=10314 | Result=COMPLETE
[DEBUG] 2025-09-26 03:54:48 - Added intraday bar #61: 2025-09-19 00:00:00
[DEBUG] 2025-09-26 03:54:48 - COMPLETENESS_CHECK: BarStart=2025-09-18 22:00:00 | BarEnd=2025-09-18 22:00:00 | MinutesSinceEnd=10434 | Result=COMPLETE
[DEBUG] 2025-09-26 03:54:48 - Added intraday bar #62: 2025-09-18 22:00:00
[DEBUG] 2025-09-26 03:54:48 - COMPLETENESS_CHECK: BarStart=2025-09-18 20:00:00 | BarEnd=2025-09-18 20:00:00 | MinutesSinceEnd=10554 | Result=COMPLETE
[DEBUG] 2025-09-26 03:54:48 - Added intraday bar #63: 2025-09-18 20:00:00
[DEBUG] 2025-09-26 03:54:48 - COMPLETENESS_CHECK: BarStart=2025-09-18 18:00:00 | BarEnd=2025-09-18 18:00:00 | MinutesSinceEnd=10674 | Result=COMPLETE
[DEBUG] 2025-09-26 03:54:48 - Added intraday bar #64: 2025-09-18 18:00:00
[DEBUG] 2025-09-26 03:54:48 - COMPLETENESS_CHECK: BarStart=2025-09-18 16:00:00 | BarEnd=2025-09-18 16:00:00 | MinutesSinceEnd=10794 | Result=COMPLETE
[DEBUG] 2025-09-26 03:54:48 - Added intraday bar #65: 2025-09-18 16:00:00
[DEBUG] 2025-09-26 03:54:48 - COMPLETENESS_CHECK: BarStart=2025-09-18 14:00:00 | BarEnd=2025-09-18 14:00:00 | MinutesSinceEnd=10914 | Result=COMPLETE
[DEBUG] 2025-09-26 03:54:48 - Added intraday bar #66: 2025-09-18 14:00:00
[DEBUG] 2025-09-26 03:54:48 - COMPLETENESS_CHECK: BarStart=2025-09-18 12:00:00 | BarEnd=2025-09-18 12:00:00 | MinutesSinceEnd=11034 | Result=COMPLETE
[DEBUG] 2025-09-26 03:54:48 - Added intraday bar #67: 2025-09-18 12:00:00
[DEBUG] 2025-09-26 03:54:48 - COMPLETENESS_CHECK: BarStart=2025-09-18 10:00:00 | BarEnd=2025-09-18 10:00:00 | MinutesSinceEnd=11154 | Result=COMPLETE
[DEBUG] 2025-09-26 03:54:48 - Added intraday bar #68: 2025-09-18 10:00:00
[DEBUG] 2025-09-26 03:54:48 - COMPLETENESS_CHECK: BarStart=2025-09-18 08:00:00 | BarEnd=2025-09-18 08:00:00 | MinutesSinceEnd=11274 | Result=COMPLETE
[DEBUG] 2025-09-26 03:54:48 - Added intraday bar #69: 2025-09-18 08:00:00
[DEBUG] 2025-09-26 03:54:48 - COMPLETENESS_CHECK: BarStart=2025-09-18 06:00:00 | BarEnd=2025-09-18 06:00:00 | MinutesSinceEnd=11394 | Result=COMPLETE
[DEBUG] 2025-09-26 03:54:48 - Added intraday bar #70: 2025-09-18 06:00:00
[DEBUG] 2025-09-26 03:54:48 - COMPLETENESS_CHECK: BarStart=2025-09-18 04:00:00 | BarEnd=2025-09-18 04:00:00 | MinutesSinceEnd=11514 | Result=COMPLETE
[DEBUG] 2025-09-26 03:54:48 - Added intraday bar #71: 2025-09-18 04:00:00
[DEBUG] 2025-09-26 03:54:48 - COMPLETENESS_CHECK: BarStart=2025-09-18 02:00:00 | BarEnd=2025-09-18 02:00:00 | MinutesSinceEnd=11634 | Result=COMPLETE
[DEBUG] 2025-09-26 03:54:48 - Added intraday bar #72: 2025-09-18 02:00:00
[DEBUG] 2025-09-26 03:54:48 - COMPLETENESS_CHECK: BarStart=2025-09-18 00:00:00 | BarEnd=2025-09-18 00:00:00 | MinutesSinceEnd=11754 | Result=COMPLETE
[DEBUG] 2025-09-26 03:54:48 - Added intraday bar #73: 2025-09-18 00:00:00
[DEBUG] 2025-09-26 03:54:48 - COMPLETENESS_CHECK: BarStart=2025-09-17 22:00:00 | BarEnd=2025-09-17 22:00:00 | MinutesSinceEnd=11874 | Result=COMPLETE
[DEBUG] 2025-09-26 03:54:48 - Added intraday bar #74: 2025-09-17 22:00:00
[DEBUG] 2025-09-26 03:54:48 - COMPLETENESS_CHECK: BarStart=2025-09-17 20:00:00 | BarEnd=2025-09-17 20:00:00 | MinutesSinceEnd=11994 | Result=COMPLETE
[DEBUG] 2025-09-26 03:54:48 - Added intraday bar #75: 2025-09-17 20:00:00
[DEBUG] 2025-09-26 03:54:48 - COMPLETENESS_CHECK: BarStart=2025-09-17 18:00:00 | BarEnd=2025-09-17 18:00:00 | MinutesSinceEnd=12114 | Result=COMPLETE
[DEBUG] 2025-09-26 03:54:48 - Added intraday bar #76: 2025-09-17 18:00:00
[DEBUG] 2025-09-26 03:54:48 - COMPLETENESS_CHECK: BarStart=2025-09-17 16:00:00 | BarEnd=2025-09-17 16:00:00 | MinutesSinceEnd=12234 | Result=COMPLETE
[DEBUG] 2025-09-26 03:54:48 - Added intraday bar #77: 2025-09-17 16:00:00
[DEBUG] 2025-09-26 03:54:48 - COMPLETENESS_CHECK: BarStart=2025-09-17 14:00:00 | BarEnd=2025-09-17 14:00:00 | MinutesSinceEnd=12354 | Result=COMPLETE
[DEBUG] 2025-09-26 03:54:48 - Added intraday bar #78: 2025-09-17 14:00:00
[DEBUG] 2025-09-26 03:54:48 - COMPLETENESS_CHECK: BarStart=2025-09-17 12:00:00 | BarEnd=2025-09-17 12:00:00 | MinutesSinceEnd=12474 | Result=COMPLETE
[DEBUG] 2025-09-26 03:54:48 - Added intraday bar #79: 2025-09-17 12:00:00
[DEBUG] 2025-09-26 03:54:48 - COMPLETENESS_CHECK: BarStart=2025-09-17 10:00:00 | BarEnd=2025-09-17 10:00:00 | MinutesSinceEnd=12594 | Result=COMPLETE
[DEBUG] 2025-09-26 03:54:48 - Added intraday bar #80: 2025-09-17 10:00:00
[DEBUG] 2025-09-26 03:54:48 - COMPLETENESS_CHECK: BarStart=2025-09-17 08:00:00 | BarEnd=2025-09-17 08:00:00 | MinutesSinceEnd=12714 | Result=COMPLETE
[DEBUG] 2025-09-26 03:54:48 - Added intraday bar #81: 2025-09-17 08:00:00
[DEBUG] 2025-09-26 03:54:48 - COMPLETENESS_CHECK: BarStart=2025-09-17 06:00:00 | BarEnd=2025-09-17 06:00:00 | MinutesSinceEnd=12834 | Result=COMPLETE
[DEBUG] 2025-09-26 03:54:48 - Added intraday bar #82: 2025-09-17 06:00:00
[DEBUG] 2025-09-26 03:54:48 - COMPLETENESS_CHECK: BarStart=2025-09-17 04:00:00 | BarEnd=2025-09-17 04:00:00 | MinutesSinceEnd=12954 | Result=COMPLETE
[DEBUG] 2025-09-26 03:54:48 - Added intraday bar #83: 2025-09-17 04:00:00
[DEBUG] 2025-09-26 03:54:48 - COMPLETENESS_CHECK: BarStart=2025-09-17 02:00:00 | BarEnd=2025-09-17 02:00:00 | MinutesSinceEnd=13074 | Result=COMPLETE
[DEBUG] 2025-09-26 03:54:48 - Added intraday bar #84: 2025-09-17 02:00:00
[DEBUG] 2025-09-26 03:54:48 - COMPLETENESS_CHECK: BarStart=2025-09-17 00:00:00 | BarEnd=2025-09-17 00:00:00 | MinutesSinceEnd=13194 | Result=COMPLETE
[DEBUG] 2025-09-26 03:54:48 - Added intraday bar #85: 2025-09-17 00:00:00
[DEBUG] 2025-09-26 03:54:48 - COMPLETENESS_CHECK: BarStart=2025-09-16 22:00:00 | BarEnd=2025-09-16 22:00:00 | MinutesSinceEnd=13314 | Result=COMPLETE
[DEBUG] 2025-09-26 03:54:48 - Added intraday bar #86: 2025-09-16 22:00:00
[DEBUG] 2025-09-26 03:54:48 - COMPLETENESS_CHECK: BarStart=2025-09-16 20:00:00 | BarEnd=2025-09-16 20:00:00 | MinutesSinceEnd=13434 | Result=COMPLETE
[DEBUG] 2025-09-26 03:54:48 - Added intraday bar #87: 2025-09-16 20:00:00
[DEBUG] 2025-09-26 03:54:48 - COMPLETENESS_CHECK: BarStart=2025-09-16 18:00:00 | BarEnd=2025-09-16 18:00:00 | MinutesSinceEnd=13554 | Result=COMPLETE
[DEBUG] 2025-09-26 03:54:48 - Added intraday bar #88: 2025-09-16 18:00:00
[DEBUG] 2025-09-26 03:54:48 - COMPLETENESS_CHECK: BarStart=2025-09-16 16:00:00 | BarEnd=2025-09-16 16:00:00 | MinutesSinceEnd=13674 | Result=COMPLETE
[DEBUG] 2025-09-26 03:54:48 - Added intraday bar #89: 2025-09-16 16:00:00
[DEBUG] 2025-09-26 03:54:48 - COMPLETENESS_CHECK: BarStart=2025-09-16 14:00:00 | BarEnd=2025-09-16 14:00:00 | MinutesSinceEnd=13794 | Result=COMPLETE
[DEBUG] 2025-09-26 03:54:48 - Added intraday bar #90: 2025-09-16 14:00:00
[DEBUG] 2025-09-26 03:54:48 - COMPLETENESS_CHECK: BarStart=2025-09-16 12:00:00 | BarEnd=2025-09-16 12:00:00 | MinutesSinceEnd=13914 | Result=COMPLETE
[DEBUG] 2025-09-26 03:54:48 - Added intraday bar #91: 2025-09-16 12:00:00
[DEBUG] 2025-09-26 03:54:48 - COMPLETENESS_CHECK: BarStart=2025-09-16 10:00:00 | BarEnd=2025-09-16 10:00:00 | MinutesSinceEnd=14034 | Result=COMPLETE
[DEBUG] 2025-09-26 03:54:48 - Added intraday bar #92: 2025-09-16 10:00:00
[DEBUG] 2025-09-26 03:54:48 - COMPLETENESS_CHECK: BarStart=2025-09-16 08:00:00 | BarEnd=2025-09-16 08:00:00 | MinutesSinceEnd=14154 | Result=COMPLETE
[DEBUG] 2025-09-26 03:54:48 - Added intraday bar #93: 2025-09-16 08:00:00
[DEBUG] 2025-09-26 03:54:48 - COMPLETENESS_CHECK: BarStart=2025-09-16 06:00:00 | BarEnd=2025-09-16 06:00:00 | MinutesSinceEnd=14274 | Result=COMPLETE
[DEBUG] 2025-09-26 03:54:48 - Added intraday bar #94: 2025-09-16 06:00:00
[DEBUG] 2025-09-26 03:54:48 - COMPLETENESS_CHECK: BarStart=2025-09-16 04:00:00 | BarEnd=2025-09-16 04:00:00 | MinutesSinceEnd=14394 | Result=COMPLETE
[DEBUG] 2025-09-26 03:54:48 - Added intraday bar #95: 2025-09-16 04:00:00
[DEBUG] 2025-09-26 03:54:48 - COMPLETENESS_CHECK: BarStart=2025-09-16 02:00:00 | BarEnd=2025-09-16 02:00:00 | MinutesSinceEnd=14514 | Result=COMPLETE
[DEBUG] 2025-09-26 03:54:48 - Added intraday bar #96: 2025-09-16 02:00:00
[DEBUG] 2025-09-26 03:54:48 - COMPLETENESS_CHECK: BarStart=2025-09-16 00:00:00 | BarEnd=2025-09-16 00:00:00 | MinutesSinceEnd=14634 | Result=COMPLETE
[DEBUG] 2025-09-26 03:54:48 - Added intraday bar #97: 2025-09-16 00:00:00
[DEBUG] 2025-09-26 03:54:48 - COMPLETENESS_CHECK: BarStart=2025-09-15 22:00:00 | BarEnd=2025-09-15 22:00:00 | MinutesSinceEnd=14754 | Result=COMPLETE
[DEBUG] 2025-09-26 03:54:48 - Added intraday bar #98: 2025-09-15 22:00:00
[DEBUG] 2025-09-26 03:54:48 - COMPLETENESS_CHECK: BarStart=2025-09-15 20:00:00 | BarEnd=2025-09-15 20:00:00 | MinutesSinceEnd=14874 | Result=COMPLETE
[DEBUG] 2025-09-26 03:54:48 - Added intraday bar #99: 2025-09-15 20:00:00
[INFO] 2025-09-26 03:54:48 - Applied intraday timestamp/OHLCV correction - using 99 bars
[DEBUG] 2025-09-26 03:54:48 - First 5 final processed bars:
[DEBUG] 2025-09-26 03:54:48 - FinalBar[0] = 2025-09-26 00:00:00 | O:3775.100000 H:3779.400000 L:3771.300000 C:3771.600000
[DEBUG] 2025-09-26 03:54:48 - FinalBar[1] = 2025-09-25 22:00:00 | O:3768.400000 H:3775.500000 L:3764.000000 C:3774.800000
[DEBUG] 2025-09-26 03:54:48 - FinalBar[2] = 2025-09-25 20:00:00 | O:3775.000000 H:3783.500000 L:3767.300000 C:3768.600000
[DEBUG] 2025-09-26 03:54:48 - FinalBar[3] = 2025-09-25 18:00:00 | O:3781.500000 H:3782.400000 L:3768.500000 C:3775.000000
[DEBUG] 2025-09-26 03:54:48 - FinalBar[4] = 2025-09-25 16:00:00 | O:3777.500000 H:3783.900000 L:3776.900000 C:3780.500000
[SUCCESS] 2025-09-26 03:54:48 - Successfully parsed 99 complete bars
