[INFO] 2025-09-26 03:54:46 - Fetching 100 15Min bars for symbol: QGC#
[DEBUG] 2025-09-26 03:54:46 - Sending command: HIX,QGC#,900,100,0,HIST_QGC#_15Min,100,s,1

[DEBUG] 2025-09-26 03:54:46 - Raw response received (8229 characters)
[DEBUG] 2025-09-26 03:54:46 - Parsing historical data response...
[DEBUG] 2025-09-26 03:54:46 - First 5 lines of raw response:
[DEBUG] 2025-09-26 03:54:46 - Raw Line 0: HIST_QGC#_15Min,LH,2025-09-26 03:30:00,3778.9,3773.8,3774.6,3777.7,44939,1394,0,
[DEBUG] 2025-09-26 03:54:46 - Raw Line 1: HIST_QGC#_15Min,LH,2025-09-26 03:15:00,3775.3,3771.3,3772.7,3774.6,43137,1408,0,
[DEBUG] 2025-09-26 03:54:46 - Raw Line 2: HIST_QGC#_15Min,LH,2025-09-26 03:00:00,3774.5,3768.8,3773.2,3772.8,41529,2426,0,
[DEBUG] 2025-09-26 03:54:46 - Raw Line 3: HIST_QGC#_15Min,LH,2025-09-26 02:45:00,3776.9,3772.1,3774.7,3773.3,38676,1604,0,
[DEBUG] 2025-09-26 03:54:46 - Raw Line 4: HIST_QGC#_15Min,LH,2025-09-26 02:30:00,3783.1,3774.6,3781.9,3774.8,36805,1588,0,
[DEBUG] 2025-09-26 03:54:46 - Last 5 lines of raw response:
[DEBUG] 2025-09-26 03:54:46 - Raw Line 95: HIST_QGC#_15Min,LH,2025-09-25 02:45:00,3774.3,3770.5,3772.5,3771.7,52489,1287,0,
[DEBUG] 2025-09-26 03:54:46 - Raw Line 96: HIST_QGC#_15Min,LH,2025-09-25 02:30:00,3776.8,3771.2,3775.6,3772.7,51017,1198,0,
[DEBUG] 2025-09-26 03:54:46 - Raw Line 97: HIST_QGC#_15Min,LH,2025-09-25 02:15:00,3778.7,3775.1,3776.4,3775.6,49638,2269,0,
[DEBUG] 2025-09-26 03:54:46 - Raw Line 98: HIST_QGC#_15Min,LH,2025-09-25 02:00:00,3777.9,3768.2,3769.2,3776.5,47177,3019,0,
[DEBUG] 2025-09-26 03:54:46 - Raw Line 99: HIST_QGC#_15Min,LH,2025-09-25 01:45:00,3771.0,3766.3,3768.0,3768.8,44087,1437,0,
[DEBUG] 2025-09-26 03:54:46 - Parsed bar - StartTime: 2025-09-26 03:30:00 | O:3774.600000 H:3778.900000 L:3773.800000 C:3777.700000
[DEBUG] 2025-09-26 03:54:46 - Parsed bar - StartTime: 2025-09-26 03:15:00 | O:3772.700000 H:3775.300000 L:3771.300000 C:3774.600000
[DEBUG] 2025-09-26 03:54:46 - Parsed bar - StartTime: 2025-09-26 03:00:00 | O:3773.200000 H:3774.500000 L:3768.800000 C:3772.800000
[DEBUG] 2025-09-26 03:54:46 - Parsed bar - StartTime: 2025-09-26 02:45:00 | O:3774.700000 H:3776.900000 L:3772.100000 C:3773.300000
[DEBUG] 2025-09-26 03:54:46 - Parsed bar - StartTime: 2025-09-26 02:30:00 | O:3781.900000 H:3783.100000 L:3774.600000 C:3774.800000
[DEBUG] 2025-09-26 03:54:46 - Parsed bar - StartTime: 2025-09-26 02:15:00 | O:3781.400000 H:3784.400000 L:3780.500000 C:3782.000000
[DEBUG] 2025-09-26 03:54:46 - Parsed bar - StartTime: 2025-09-26 02:00:00 | O:3771.300000 H:3781.400000 L:3771.000000 C:3781.200000
[DEBUG] 2025-09-26 03:54:46 - Parsed bar - StartTime: 2025-09-26 01:45:00 | O:3778.200000 H:3778.600000 L:3771.300000 C:3771.600000
[DEBUG] 2025-09-26 03:54:46 - Parsed bar - StartTime: 2025-09-26 01:30:00 | O:3776.100000 H:3779.400000 L:3774.700000 C:3778.200000
[DEBUG] 2025-09-26 03:54:46 - Parsed bar - StartTime: 2025-09-26 01:15:00 | O:3775.200000 H:3776.600000 L:3774.100000 C:3776.300000
[DEBUG] 2025-09-26 03:54:46 - Parsed bar - StartTime: 2025-09-26 01:00:00 | O:3777.000000 H:3777.500000 L:3774.300000 C:3775.300000
[DEBUG] 2025-09-26 03:54:46 - Parsed bar - StartTime: 2025-09-26 00:45:00 | O:3774.500000 H:3777.200000 L:3774.000000 C:3777.100000
[DEBUG] 2025-09-26 03:54:46 - Parsed bar - StartTime: 2025-09-26 00:30:00 | O:3774.100000 H:3776.400000 L:3774.000000 C:3774.700000
[DEBUG] 2025-09-26 03:54:46 - Parsed bar - StartTime: 2025-09-26 00:15:00 | O:3775.800000 H:3776.700000 L:3774.100000 C:3774.100000
[DEBUG] 2025-09-26 03:54:46 - Parsed bar - StartTime: 2025-09-26 00:00:00 | O:3775.100000 H:3776.100000 L:3774.000000 C:3776.000000
[DEBUG] 2025-09-26 03:54:46 - Parsed bar - StartTime: 2025-09-25 23:45:00 | O:3774.600000 H:3775.500000 L:3774.000000 C:3774.800000
[DEBUG] 2025-09-26 03:54:46 - Parsed bar - StartTime: 2025-09-25 23:30:00 | O:3771.800000 H:3774.900000 L:3771.800000 C:3774.400000
[DEBUG] 2025-09-26 03:54:46 - Parsed bar - StartTime: 2025-09-25 23:15:00 | O:3765.100000 H:3772.200000 L:3764.000000 C:3771.900000
[DEBUG] 2025-09-26 03:54:46 - Parsed bar - StartTime: 2025-09-25 23:00:00 | O:3767.800000 H:3768.100000 L:3764.700000 C:3765.000000
[DEBUG] 2025-09-26 03:54:46 - Parsed bar - StartTime: 2025-09-25 22:45:00 | O:3768.200000 H:3771.000000 L:3767.500000 C:3767.800000
[DEBUG] 2025-09-26 03:54:46 - Parsed bar - StartTime: 2025-09-25 22:30:00 | O:3770.700000 H:3772.500000 L:3767.100000 C:3768.100000
[DEBUG] 2025-09-26 03:54:46 - Parsed bar - StartTime: 2025-09-25 22:15:00 | O:3768.400000 H:3770.700000 L:3767.200000 C:3770.700000
[DEBUG] 2025-09-26 03:54:46 - Parsed bar - StartTime: 2025-09-25 22:00:00 | O:3768.400000 H:3770.700000 L:3767.600000 C:3768.300000
[DEBUG] 2025-09-26 03:54:46 - Parsed bar - StartTime: 2025-09-25 21:45:00 | O:3773.300000 H:3774.000000 L:3767.300000 C:3768.600000
[DEBUG] 2025-09-26 03:54:46 - Parsed bar - StartTime: 2025-09-25 21:30:00 | O:3770.900000 H:3773.400000 L:3769.700000 C:3773.200000
[DEBUG] 2025-09-26 03:54:46 - Parsed bar - StartTime: 2025-09-25 21:15:00 | O:3773.800000 H:3774.300000 L:3768.200000 C:3771.000000
[DEBUG] 2025-09-26 03:54:46 - Parsed bar - StartTime: 2025-09-25 21:00:00 | O:3779.300000 H:3783.500000 L:3773.800000 C:3773.900000
[DEBUG] 2025-09-26 03:54:46 - Parsed bar - StartTime: 2025-09-25 20:45:00 | O:3773.800000 H:3779.300000 L:3773.200000 C:3779.200000
[DEBUG] 2025-09-26 03:54:46 - Parsed bar - StartTime: 2025-09-25 20:30:00 | O:3771.800000 H:3775.500000 L:3771.200000 C:3773.800000
[DEBUG] 2025-09-26 03:54:46 - Parsed bar - StartTime: 2025-09-25 20:15:00 | O:3777.000000 H:3777.900000 L:3770.000000 C:3772.000000
[DEBUG] 2025-09-26 03:54:46 - Parsed bar - StartTime: 2025-09-25 20:00:00 | O:3775.000000 H:3779.100000 L:3771.900000 C:3776.500000
[DEBUG] 2025-09-26 03:54:46 - Parsed bar - StartTime: 2025-09-25 19:45:00 | O:3772.200000 H:3776.000000 L:3772.200000 C:3775.000000
[DEBUG] 2025-09-26 03:54:46 - Parsed bar - StartTime: 2025-09-25 19:30:00 | O:3773.500000 H:3773.500000 L:3770.300000 C:3772.100000
[DEBUG] 2025-09-26 03:54:46 - Parsed bar - StartTime: 2025-09-25 19:15:00 | O:3776.500000 H:3776.800000 L:3768.500000 C:3773.700000
[DEBUG] 2025-09-26 03:54:46 - Parsed bar - StartTime: 2025-09-25 19:00:00 | O:3779.900000 H:3780.900000 L:3776.400000 C:3776.500000
[DEBUG] 2025-09-26 03:54:46 - Parsed bar - StartTime: 2025-09-25 18:45:00 | O:3780.700000 H:3782.400000 L:3779.500000 C:3779.600000
[DEBUG] 2025-09-26 03:54:46 - Parsed bar - StartTime: 2025-09-25 18:30:00 | O:3780.300000 H:3782.000000 L:3779.100000 C:3780.500000
[DEBUG] 2025-09-26 03:54:46 - Parsed bar - StartTime: 2025-09-25 18:15:00 | O:3777.500000 H:3780.400000 L:3777.500000 C:3780.300000
[DEBUG] 2025-09-26 03:54:46 - Parsed bar - StartTime: 2025-09-25 18:00:00 | O:3781.500000 H:3782.400000 L:3777.200000 C:3777.400000
[DEBUG] 2025-09-26 03:54:46 - Parsed bar - StartTime: 2025-09-25 16:45:00 | O:3782.100000 H:3783.900000 L:3780.200000 C:3780.500000
[DEBUG] 2025-09-26 03:54:46 - Parsed bar - StartTime: 2025-09-25 16:30:00 | O:3780.200000 H:3782.300000 L:3780.200000 C:3782.000000
[DEBUG] 2025-09-26 03:54:46 - Parsed bar - StartTime: 2025-09-25 16:15:00 | O:3780.700000 H:3782.000000 L:3779.300000 C:3780.100000
[DEBUG] 2025-09-26 03:54:46 - Parsed bar - StartTime: 2025-09-25 16:00:00 | O:3777.500000 H:3780.800000 L:3776.900000 C:3780.700000
[DEBUG] 2025-09-26 03:54:46 - Parsed bar - StartTime: 2025-09-25 15:45:00 | O:3778.600000 H:3781.700000 L:3776.600000 C:3777.500000
[DEBUG] 2025-09-26 03:54:46 - Parsed bar - StartTime: 2025-09-25 15:30:00 | O:3783.400000 H:3783.900000 L:3776.000000 C:3778.600000
[DEBUG] 2025-09-26 03:54:46 - Parsed bar - StartTime: 2025-09-25 15:15:00 | O:3786.800000 H:3787.400000 L:3782.400000 C:3783.400000
[DEBUG] 2025-09-26 03:54:46 - Parsed bar - StartTime: 2025-09-25 15:00:00 | O:3786.400000 H:3788.200000 L:3782.700000 C:3786.600000
[DEBUG] 2025-09-26 03:54:46 - Parsed bar - StartTime: 2025-09-25 14:45:00 | O:3786.800000 H:3789.500000 L:3784.400000 C:3786.400000
[DEBUG] 2025-09-26 03:54:46 - Parsed bar - StartTime: 2025-09-25 14:30:00 | O:3781.500000 H:3789.100000 L:3780.000000 C:3786.700000
[DEBUG] 2025-09-26 03:54:46 - Parsed bar - StartTime: 2025-09-25 14:15:00 | O:3770.200000 H:3782.100000 L:3768.800000 C:3781.500000
[DEBUG] 2025-09-26 03:54:46 - Parsed bar - StartTime: 2025-09-25 14:00:00 | O:3773.000000 H:3776.600000 L:3767.500000 C:3770.200000
[DEBUG] 2025-09-26 03:54:46 - Parsed bar - StartTime: 2025-09-25 13:45:00 | O:3771.400000 H:3775.600000 L:3770.200000 C:3772.900000
[DEBUG] 2025-09-26 03:54:46 - Parsed bar - StartTime: 2025-09-25 13:30:00 | O:3770.900000 H:3773.600000 L:3769.200000 C:3771.100000
[DEBUG] 2025-09-26 03:54:46 - Parsed bar - StartTime: 2025-09-25 13:15:00 | O:3771.100000 H:3774.300000 L:3767.800000 C:3770.900000
[DEBUG] 2025-09-26 03:54:46 - Parsed bar - StartTime: 2025-09-25 13:00:00 | O:3763.900000 H:3771.400000 L:3762.500000 C:3771.000000
[DEBUG] 2025-09-26 03:54:46 - Parsed bar - StartTime: 2025-09-25 12:45:00 | O:3765.400000 H:3765.900000 L:3762.800000 C:3764.000000
[DEBUG] 2025-09-26 03:54:46 - Parsed bar - StartTime: 2025-09-25 12:30:00 | O:3767.900000 H:3769.000000 L:3764.300000 C:3765.400000
[DEBUG] 2025-09-26 03:54:46 - Parsed bar - StartTime: 2025-09-25 12:15:00 | O:3772.200000 H:3772.700000 L:3765.500000 C:3768.000000
[DEBUG] 2025-09-26 03:54:46 - Parsed bar - StartTime: 2025-09-25 12:00:00 | O:3766.900000 H:3772.800000 L:3765.900000 C:3772.100000
[DEBUG] 2025-09-26 03:54:46 - Parsed bar - StartTime: 2025-09-25 11:45:00 | O:3766.500000 H:3766.900000 L:3763.800000 C:3766.900000
[DEBUG] 2025-09-26 03:54:46 - Parsed bar - StartTime: 2025-09-25 11:30:00 | O:3761.000000 H:3767.400000 L:3759.600000 C:3766.500000
[DEBUG] 2025-09-26 03:54:46 - Parsed bar - StartTime: 2025-09-25 11:15:00 | O:3765.600000 H:3769.400000 L:3761.000000 C:3761.100000
[DEBUG] 2025-09-26 03:54:46 - Parsed bar - StartTime: 2025-09-25 11:00:00 | O:3762.400000 H:3766.200000 L:3758.600000 C:3765.500000
[DEBUG] 2025-09-26 03:54:46 - Parsed bar - StartTime: 2025-09-25 10:45:00 | O:3757.500000 H:3764.100000 L:3753.400000 C:3762.200000
[DEBUG] 2025-09-26 03:54:46 - Parsed bar - StartTime: 2025-09-25 10:30:00 | O:3763.500000 H:3764.100000 L:3754.200000 C:3757.700000
[DEBUG] 2025-09-26 03:54:46 - Parsed bar - StartTime: 2025-09-25 10:15:00 | O:3760.400000 H:3767.000000 L:3756.500000 C:3763.700000
[DEBUG] 2025-09-26 03:54:46 - Parsed bar - StartTime: 2025-09-25 10:00:00 | O:3764.100000 H:3765.200000 L:3755.100000 C:3760.500000
[DEBUG] 2025-09-26 03:54:46 - Parsed bar - StartTime: 2025-09-25 09:45:00 | O:3756.300000 H:3764.400000 L:3751.900000 C:3764.000000
[DEBUG] 2025-09-26 03:54:46 - Parsed bar - StartTime: 2025-09-25 09:30:00 | O:3772.600000 H:3773.600000 L:3754.500000 C:3756.400000
[DEBUG] 2025-09-26 03:54:46 - Parsed bar - StartTime: 2025-09-25 09:15:00 | O:3767.400000 H:3776.200000 L:3765.800000 C:3772.300000
[DEBUG] 2025-09-26 03:54:46 - Parsed bar - StartTime: 2025-09-25 09:00:00 | O:3769.200000 H:3772.500000 L:3763.600000 C:3767.500000
[DEBUG] 2025-09-26 03:54:46 - Parsed bar - StartTime: 2025-09-25 08:45:00 | O:3771.600000 H:3773.000000 L:3760.800000 C:3769.200000
[DEBUG] 2025-09-26 03:54:46 - Parsed bar - StartTime: 2025-09-25 08:30:00 | O:3784.700000 H:3784.700000 L:3765.200000 C:3771.900000
[DEBUG] 2025-09-26 03:54:46 - Parsed bar - StartTime: 2025-09-25 08:15:00 | O:3783.000000 H:3787.000000 L:3782.600000 C:3785.500000
[DEBUG] 2025-09-26 03:54:46 - Parsed bar - StartTime: 2025-09-25 08:00:00 | O:3783.700000 H:3784.700000 L:3780.200000 C:3783.000000
[DEBUG] 2025-09-26 03:54:46 - Parsed bar - StartTime: 2025-09-25 07:45:00 | O:3782.000000 H:3784.900000 L:3780.900000 C:3784.000000
[DEBUG] 2025-09-26 03:54:46 - Parsed bar - StartTime: 2025-09-25 07:30:00 | O:3780.700000 H:3783.100000 L:3779.500000 C:3781.900000
[DEBUG] 2025-09-26 03:54:46 - Parsed bar - StartTime: 2025-09-25 07:15:00 | O:3773.600000 H:3781.500000 L:3773.200000 C:3780.700000
[DEBUG] 2025-09-26 03:54:46 - Parsed bar - StartTime: 2025-09-25 07:00:00 | O:3788.200000 H:3788.500000 L:3771.000000 C:3773.600000
[DEBUG] 2025-09-26 03:54:46 - Parsed bar - StartTime: 2025-09-25 06:45:00 | O:3787.500000 H:3791.700000 L:3786.600000 C:3788.200000
[DEBUG] 2025-09-26 03:54:46 - Parsed bar - StartTime: 2025-09-25 06:30:00 | O:3787.600000 H:3788.600000 L:3785.800000 C:3787.500000
[DEBUG] 2025-09-26 03:54:46 - Parsed bar - StartTime: 2025-09-25 06:15:00 | O:3786.800000 H:3789.600000 L:3786.100000 C:3787.500000
[DEBUG] 2025-09-26 03:54:46 - Parsed bar - StartTime: 2025-09-25 06:00:00 | O:3787.100000 H:3788.400000 L:3785.800000 C:3786.900000
[DEBUG] 2025-09-26 03:54:46 - Parsed bar - StartTime: 2025-09-25 05:45:00 | O:3786.500000 H:3791.500000 L:3785.300000 C:3787.100000
[DEBUG] 2025-09-26 03:54:46 - Parsed bar - StartTime: 2025-09-25 05:30:00 | O:3780.700000 H:3786.500000 L:3780.400000 C:3786.300000
[DEBUG] 2025-09-26 03:54:46 - Parsed bar - StartTime: 2025-09-25 05:15:00 | O:3786.800000 H:3786.800000 L:3780.100000 C:3780.700000
[DEBUG] 2025-09-26 03:54:46 - Parsed bar - StartTime: 2025-09-25 05:00:00 | O:3786.700000 H:3787.400000 L:3784.100000 C:3786.600000
[DEBUG] 2025-09-26 03:54:46 - Parsed bar - StartTime: 2025-09-25 04:45:00 | O:3784.300000 H:3787.800000 L:3782.200000 C:3786.700000
[DEBUG] 2025-09-26 03:54:46 - Parsed bar - StartTime: 2025-09-25 04:30:00 | O:3787.600000 H:3787.700000 L:3781.600000 C:3784.300000
[DEBUG] 2025-09-26 03:54:46 - Parsed bar - StartTime: 2025-09-25 04:15:00 | O:3788.500000 H:3792.300000 L:3786.500000 C:3787.500000
[DEBUG] 2025-09-26 03:54:46 - Parsed bar - StartTime: 2025-09-25 04:00:00 | O:3782.600000 H:3790.100000 L:3781.300000 C:3788.400000
[DEBUG] 2025-09-26 03:54:46 - Parsed bar - StartTime: 2025-09-25 03:45:00 | O:3781.800000 H:3785.600000 L:3780.200000 C:3782.500000
[DEBUG] 2025-09-26 03:54:46 - Parsed bar - StartTime: 2025-09-25 03:30:00 | O:3775.200000 H:3782.700000 L:3773.300000 C:3782.000000
[DEBUG] 2025-09-26 03:54:46 - Parsed bar - StartTime: 2025-09-25 03:15:00 | O:3773.400000 H:3776.500000 L:3772.700000 C:3775.500000
[DEBUG] 2025-09-26 03:54:46 - Parsed bar - StartTime: 2025-09-25 03:00:00 | O:3771.800000 H:3774.800000 L:3770.500000 C:3773.200000
[DEBUG] 2025-09-26 03:54:46 - Parsed bar - StartTime: 2025-09-25 02:45:00 | O:3772.500000 H:3774.300000 L:3770.500000 C:3771.700000
[DEBUG] 2025-09-26 03:54:46 - Parsed bar - StartTime: 2025-09-25 02:30:00 | O:3775.600000 H:3776.800000 L:3771.200000 C:3772.700000
[DEBUG] 2025-09-26 03:54:46 - Parsed bar - StartTime: 2025-09-25 02:15:00 | O:3776.400000 H:3778.700000 L:3775.100000 C:3775.600000
[DEBUG] 2025-09-26 03:54:46 - Parsed bar - StartTime: 2025-09-25 02:00:00 | O:3769.200000 H:3777.900000 L:3768.200000 C:3776.500000
[DEBUG] 2025-09-26 03:54:46 - Parsed bar - StartTime: 2025-09-25 01:45:00 | O:3768.000000 H:3771.000000 L:3766.300000 C:3768.800000
[DEBUG] 2025-09-26 03:54:46 - First 3 parsed bars:
[DEBUG] 2025-09-26 03:54:46 - ParsedBar[0] = 2025-09-26 03:30:00 OHLCV: 3774.600000/3778.900000/3773.800000/3777.700000/44939
[DEBUG] 2025-09-26 03:54:46 - ParsedBar[1] = 2025-09-26 03:15:00 OHLCV: 3772.700000/3775.300000/3771.300000/3774.600000/43137
[DEBUG] 2025-09-26 03:54:46 - ParsedBar[2] = 2025-09-26 03:00:00 OHLCV: 3773.200000/3774.500000/3768.800000/3772.800000/41529
[DEBUG] 2025-09-26 03:54:46 - COMPLETENESS_CHECK: BarStart=2025-09-26 03:15:00 | BarEnd=2025-09-26 03:15:00 | MinutesSinceEnd=39 | Result=COMPLETE
[DEBUG] 2025-09-26 03:54:46 - Added corrected intraday bar: 2025-09-26 03:15:00 (timestamp from line 0, OHLCV from line 1)
[DEBUG] 2025-09-26 03:54:46 - COMPLETENESS_CHECK: BarStart=2025-09-26 03:00:00 | BarEnd=2025-09-26 03:00:00 | MinutesSinceEnd=54 | Result=COMPLETE
[DEBUG] 2025-09-26 03:54:46 - Added intraday bar #2: 2025-09-26 03:00:00
[DEBUG] 2025-09-26 03:54:46 - COMPLETENESS_CHECK: BarStart=2025-09-26 02:45:00 | BarEnd=2025-09-26 02:45:00 | MinutesSinceEnd=69 | Result=COMPLETE
[DEBUG] 2025-09-26 03:54:46 - Added intraday bar #3: 2025-09-26 02:45:00
[DEBUG] 2025-09-26 03:54:46 - COMPLETENESS_CHECK: BarStart=2025-09-26 02:30:00 | BarEnd=2025-09-26 02:30:00 | MinutesSinceEnd=84 | Result=COMPLETE
[DEBUG] 2025-09-26 03:54:46 - Added intraday bar #4: 2025-09-26 02:30:00
[DEBUG] 2025-09-26 03:54:46 - COMPLETENESS_CHECK: BarStart=2025-09-26 02:15:00 | BarEnd=2025-09-26 02:15:00 | MinutesSinceEnd=99 | Result=COMPLETE
[DEBUG] 2025-09-26 03:54:46 - Added intraday bar #5: 2025-09-26 02:15:00
[DEBUG] 2025-09-26 03:54:46 - COMPLETENESS_CHECK: BarStart=2025-09-26 02:00:00 | BarEnd=2025-09-26 02:00:00 | MinutesSinceEnd=114 | Result=COMPLETE
[DEBUG] 2025-09-26 03:54:46 - Added intraday bar #6: 2025-09-26 02:00:00
[DEBUG] 2025-09-26 03:54:46 - COMPLETENESS_CHECK: BarStart=2025-09-26 01:45:00 | BarEnd=2025-09-26 01:45:00 | MinutesSinceEnd=129 | Result=COMPLETE
[DEBUG] 2025-09-26 03:54:46 - Added intraday bar #7: 2025-09-26 01:45:00
[DEBUG] 2025-09-26 03:54:46 - COMPLETENESS_CHECK: BarStart=2025-09-26 01:30:00 | BarEnd=2025-09-26 01:30:00 | MinutesSinceEnd=144 | Result=COMPLETE
[DEBUG] 2025-09-26 03:54:46 - Added intraday bar #8: 2025-09-26 01:30:00
[DEBUG] 2025-09-26 03:54:46 - COMPLETENESS_CHECK: BarStart=2025-09-26 01:15:00 | BarEnd=2025-09-26 01:15:00 | MinutesSinceEnd=159 | Result=COMPLETE
[DEBUG] 2025-09-26 03:54:46 - Added intraday bar #9: 2025-09-26 01:15:00
[DEBUG] 2025-09-26 03:54:46 - COMPLETENESS_CHECK: BarStart=2025-09-26 01:00:00 | BarEnd=2025-09-26 01:00:00 | MinutesSinceEnd=174 | Result=COMPLETE
[DEBUG] 2025-09-26 03:54:46 - Added intraday bar #10: 2025-09-26 01:00:00
[DEBUG] 2025-09-26 03:54:46 - COMPLETENESS_CHECK: BarStart=2025-09-26 00:45:00 | BarEnd=2025-09-26 00:45:00 | MinutesSinceEnd=189 | Result=COMPLETE
[DEBUG] 2025-09-26 03:54:46 - Added intraday bar #11: 2025-09-26 00:45:00
[DEBUG] 2025-09-26 03:54:46 - COMPLETENESS_CHECK: BarStart=2025-09-26 00:30:00 | BarEnd=2025-09-26 00:30:00 | MinutesSinceEnd=204 | Result=COMPLETE
[DEBUG] 2025-09-26 03:54:46 - Added intraday bar #12: 2025-09-26 00:30:00
[DEBUG] 2025-09-26 03:54:46 - COMPLETENESS_CHECK: BarStart=2025-09-26 00:15:00 | BarEnd=2025-09-26 00:15:00 | MinutesSinceEnd=219 | Result=COMPLETE
[DEBUG] 2025-09-26 03:54:46 - Added intraday bar #13: 2025-09-26 00:15:00
[DEBUG] 2025-09-26 03:54:46 - COMPLETENESS_CHECK: BarStart=2025-09-26 00:00:00 | BarEnd=2025-09-26 00:00:00 | MinutesSinceEnd=234 | Result=COMPLETE
[DEBUG] 2025-09-26 03:54:46 - Added intraday bar #14: 2025-09-26 00:00:00
[DEBUG] 2025-09-26 03:54:46 - COMPLETENESS_CHECK: BarStart=2025-09-25 23:45:00 | BarEnd=2025-09-25 23:45:00 | MinutesSinceEnd=249 | Result=COMPLETE
[DEBUG] 2025-09-26 03:54:46 - Added intraday bar #15: 2025-09-25 23:45:00
[DEBUG] 2025-09-26 03:54:46 - COMPLETENESS_CHECK: BarStart=2025-09-25 23:30:00 | BarEnd=2025-09-25 23:30:00 | MinutesSinceEnd=264 | Result=COMPLETE
[DEBUG] 2025-09-26 03:54:46 - Added intraday bar #16: 2025-09-25 23:30:00
[DEBUG] 2025-09-26 03:54:46 - COMPLETENESS_CHECK: BarStart=2025-09-25 23:15:00 | BarEnd=2025-09-25 23:15:00 | MinutesSinceEnd=279 | Result=COMPLETE
[DEBUG] 2025-09-26 03:54:46 - Added intraday bar #17: 2025-09-25 23:15:00
[DEBUG] 2025-09-26 03:54:46 - COMPLETENESS_CHECK: BarStart=2025-09-25 23:00:00 | BarEnd=2025-09-25 23:00:00 | MinutesSinceEnd=294 | Result=COMPLETE
[DEBUG] 2025-09-26 03:54:46 - Added intraday bar #18: 2025-09-25 23:00:00
[DEBUG] 2025-09-26 03:54:46 - COMPLETENESS_CHECK: BarStart=2025-09-25 22:45:00 | BarEnd=2025-09-25 22:45:00 | MinutesSinceEnd=309 | Result=COMPLETE
[DEBUG] 2025-09-26 03:54:46 - Added intraday bar #19: 2025-09-25 22:45:00
[DEBUG] 2025-09-26 03:54:46 - COMPLETENESS_CHECK: BarStart=2025-09-25 22:30:00 | BarEnd=2025-09-25 22:30:00 | MinutesSinceEnd=324 | Result=COMPLETE
[DEBUG] 2025-09-26 03:54:46 - Added intraday bar #20: 2025-09-25 22:30:00
[DEBUG] 2025-09-26 03:54:46 - COMPLETENESS_CHECK: BarStart=2025-09-25 22:15:00 | BarEnd=2025-09-25 22:15:00 | MinutesSinceEnd=339 | Result=COMPLETE
[DEBUG] 2025-09-26 03:54:46 - Added intraday bar #21: 2025-09-25 22:15:00
[DEBUG] 2025-09-26 03:54:46 - COMPLETENESS_CHECK: BarStart=2025-09-25 22:00:00 | BarEnd=2025-09-25 22:00:00 | MinutesSinceEnd=354 | Result=COMPLETE
[DEBUG] 2025-09-26 03:54:46 - Added intraday bar #22: 2025-09-25 22:00:00
[DEBUG] 2025-09-26 03:54:46 - COMPLETENESS_CHECK: BarStart=2025-09-25 21:45:00 | BarEnd=2025-09-25 21:45:00 | MinutesSinceEnd=369 | Result=COMPLETE
[DEBUG] 2025-09-26 03:54:46 - Added intraday bar #23: 2025-09-25 21:45:00
[DEBUG] 2025-09-26 03:54:46 - COMPLETENESS_CHECK: BarStart=2025-09-25 21:30:00 | BarEnd=2025-09-25 21:30:00 | MinutesSinceEnd=384 | Result=COMPLETE
[DEBUG] 2025-09-26 03:54:46 - Added intraday bar #24: 2025-09-25 21:30:00
[DEBUG] 2025-09-26 03:54:46 - COMPLETENESS_CHECK: BarStart=2025-09-25 21:15:00 | BarEnd=2025-09-25 21:15:00 | MinutesSinceEnd=399 | Result=COMPLETE
[DEBUG] 2025-09-26 03:54:46 - Added intraday bar #25: 2025-09-25 21:15:00
[DEBUG] 2025-09-26 03:54:46 - COMPLETENESS_CHECK: BarStart=2025-09-25 21:00:00 | BarEnd=2025-09-25 21:00:00 | MinutesSinceEnd=414 | Result=COMPLETE
[DEBUG] 2025-09-26 03:54:46 - Added intraday bar #26: 2025-09-25 21:00:00
[DEBUG] 2025-09-26 03:54:46 - COMPLETENESS_CHECK: BarStart=2025-09-25 20:45:00 | BarEnd=2025-09-25 20:45:00 | MinutesSinceEnd=429 | Result=COMPLETE
[DEBUG] 2025-09-26 03:54:46 - Added intraday bar #27: 2025-09-25 20:45:00
[DEBUG] 2025-09-26 03:54:46 - COMPLETENESS_CHECK: BarStart=2025-09-25 20:30:00 | BarEnd=2025-09-25 20:30:00 | MinutesSinceEnd=444 | Result=COMPLETE
[DEBUG] 2025-09-26 03:54:46 - Added intraday bar #28: 2025-09-25 20:30:00
[DEBUG] 2025-09-26 03:54:46 - COMPLETENESS_CHECK: BarStart=2025-09-25 20:15:00 | BarEnd=2025-09-25 20:15:00 | MinutesSinceEnd=459 | Result=COMPLETE
[DEBUG] 2025-09-26 03:54:46 - Added intraday bar #29: 2025-09-25 20:15:00
[DEBUG] 2025-09-26 03:54:46 - COMPLETENESS_CHECK: BarStart=2025-09-25 20:00:00 | BarEnd=2025-09-25 20:00:00 | MinutesSinceEnd=474 | Result=COMPLETE
[DEBUG] 2025-09-26 03:54:46 - Added intraday bar #30: 2025-09-25 20:00:00
[DEBUG] 2025-09-26 03:54:46 - COMPLETENESS_CHECK: BarStart=2025-09-25 19:45:00 | BarEnd=2025-09-25 19:45:00 | MinutesSinceEnd=489 | Result=COMPLETE
[DEBUG] 2025-09-26 03:54:46 - Added intraday bar #31: 2025-09-25 19:45:00
[DEBUG] 2025-09-26 03:54:46 - COMPLETENESS_CHECK: BarStart=2025-09-25 19:30:00 | BarEnd=2025-09-25 19:30:00 | MinutesSinceEnd=504 | Result=COMPLETE
[DEBUG] 2025-09-26 03:54:46 - Added intraday bar #32: 2025-09-25 19:30:00
[DEBUG] 2025-09-26 03:54:46 - COMPLETENESS_CHECK: BarStart=2025-09-25 19:15:00 | BarEnd=2025-09-25 19:15:00 | MinutesSinceEnd=519 | Result=COMPLETE
[DEBUG] 2025-09-26 03:54:46 - Added intraday bar #33: 2025-09-25 19:15:00
[DEBUG] 2025-09-26 03:54:46 - COMPLETENESS_CHECK: BarStart=2025-09-25 19:00:00 | BarEnd=2025-09-25 19:00:00 | MinutesSinceEnd=534 | Result=COMPLETE
[DEBUG] 2025-09-26 03:54:46 - Added intraday bar #34: 2025-09-25 19:00:00
[DEBUG] 2025-09-26 03:54:46 - COMPLETENESS_CHECK: BarStart=2025-09-25 18:45:00 | BarEnd=2025-09-25 18:45:00 | MinutesSinceEnd=549 | Result=COMPLETE
[DEBUG] 2025-09-26 03:54:46 - Added intraday bar #35: 2025-09-25 18:45:00
[DEBUG] 2025-09-26 03:54:46 - COMPLETENESS_CHECK: BarStart=2025-09-25 18:30:00 | BarEnd=2025-09-25 18:30:00 | MinutesSinceEnd=564 | Result=COMPLETE
[DEBUG] 2025-09-26 03:54:46 - Added intraday bar #36: 2025-09-25 18:30:00
[DEBUG] 2025-09-26 03:54:46 - COMPLETENESS_CHECK: BarStart=2025-09-25 18:15:00 | BarEnd=2025-09-25 18:15:00 | MinutesSinceEnd=579 | Result=COMPLETE
[DEBUG] 2025-09-26 03:54:46 - Added intraday bar #37: 2025-09-25 18:15:00
[DEBUG] 2025-09-26 03:54:46 - COMPLETENESS_CHECK: BarStart=2025-09-25 18:00:00 | BarEnd=2025-09-25 18:00:00 | MinutesSinceEnd=594 | Result=COMPLETE
[DEBUG] 2025-09-26 03:54:46 - Added intraday bar #38: 2025-09-25 18:00:00
[DEBUG] 2025-09-26 03:54:46 - COMPLETENESS_CHECK: BarStart=2025-09-25 16:45:00 | BarEnd=2025-09-25 16:45:00 | MinutesSinceEnd=669 | Result=COMPLETE
[DEBUG] 2025-09-26 03:54:46 - Added intraday bar #39: 2025-09-25 16:45:00
[DEBUG] 2025-09-26 03:54:46 - COMPLETENESS_CHECK: BarStart=2025-09-25 16:30:00 | BarEnd=2025-09-25 16:30:00 | MinutesSinceEnd=684 | Result=COMPLETE
[DEBUG] 2025-09-26 03:54:46 - Added intraday bar #40: 2025-09-25 16:30:00
[DEBUG] 2025-09-26 03:54:46 - COMPLETENESS_CHECK: BarStart=2025-09-25 16:15:00 | BarEnd=2025-09-25 16:15:00 | MinutesSinceEnd=699 | Result=COMPLETE
[DEBUG] 2025-09-26 03:54:46 - Added intraday bar #41: 2025-09-25 16:15:00
[DEBUG] 2025-09-26 03:54:46 - COMPLETENESS_CHECK: BarStart=2025-09-25 16:00:00 | BarEnd=2025-09-25 16:00:00 | MinutesSinceEnd=714 | Result=COMPLETE
[DEBUG] 2025-09-26 03:54:46 - Added intraday bar #42: 2025-09-25 16:00:00
[DEBUG] 2025-09-26 03:54:46 - COMPLETENESS_CHECK: BarStart=2025-09-25 15:45:00 | BarEnd=2025-09-25 15:45:00 | MinutesSinceEnd=729 | Result=COMPLETE
[DEBUG] 2025-09-26 03:54:46 - Added intraday bar #43: 2025-09-25 15:45:00
[DEBUG] 2025-09-26 03:54:46 - COMPLETENESS_CHECK: BarStart=2025-09-25 15:30:00 | BarEnd=2025-09-25 15:30:00 | MinutesSinceEnd=744 | Result=COMPLETE
[DEBUG] 2025-09-26 03:54:46 - Added intraday bar #44: 2025-09-25 15:30:00
[DEBUG] 2025-09-26 03:54:46 - COMPLETENESS_CHECK: BarStart=2025-09-25 15:15:00 | BarEnd=2025-09-25 15:15:00 | MinutesSinceEnd=759 | Result=COMPLETE
[DEBUG] 2025-09-26 03:54:46 - Added intraday bar #45: 2025-09-25 15:15:00
[DEBUG] 2025-09-26 03:54:46 - COMPLETENESS_CHECK: BarStart=2025-09-25 15:00:00 | BarEnd=2025-09-25 15:00:00 | MinutesSinceEnd=774 | Result=COMPLETE
[DEBUG] 2025-09-26 03:54:46 - Added intraday bar #46: 2025-09-25 15:00:00
[DEBUG] 2025-09-26 03:54:46 - COMPLETENESS_CHECK: BarStart=2025-09-25 14:45:00 | BarEnd=2025-09-25 14:45:00 | MinutesSinceEnd=789 | Result=COMPLETE
[DEBUG] 2025-09-26 03:54:46 - Added intraday bar #47: 2025-09-25 14:45:00
[DEBUG] 2025-09-26 03:54:46 - COMPLETENESS_CHECK: BarStart=2025-09-25 14:30:00 | BarEnd=2025-09-25 14:30:00 | MinutesSinceEnd=804 | Result=COMPLETE
[DEBUG] 2025-09-26 03:54:46 - Added intraday bar #48: 2025-09-25 14:30:00
[DEBUG] 2025-09-26 03:54:46 - COMPLETENESS_CHECK: BarStart=2025-09-25 14:15:00 | BarEnd=2025-09-25 14:15:00 | MinutesSinceEnd=819 | Result=COMPLETE
[DEBUG] 2025-09-26 03:54:46 - Added intraday bar #49: 2025-09-25 14:15:00
[DEBUG] 2025-09-26 03:54:46 - COMPLETENESS_CHECK: BarStart=2025-09-25 14:00:00 | BarEnd=2025-09-25 14:00:00 | MinutesSinceEnd=834 | Result=COMPLETE
[DEBUG] 2025-09-26 03:54:46 - Added intraday bar #50: 2025-09-25 14:00:00
[DEBUG] 2025-09-26 03:54:46 - COMPLETENESS_CHECK: BarStart=2025-09-25 13:45:00 | BarEnd=2025-09-25 13:45:00 | MinutesSinceEnd=849 | Result=COMPLETE
[DEBUG] 2025-09-26 03:54:46 - Added intraday bar #51: 2025-09-25 13:45:00
[DEBUG] 2025-09-26 03:54:46 - COMPLETENESS_CHECK: BarStart=2025-09-25 13:30:00 | BarEnd=2025-09-25 13:30:00 | MinutesSinceEnd=864 | Result=COMPLETE
[DEBUG] 2025-09-26 03:54:46 - Added intraday bar #52: 2025-09-25 13:30:00
[DEBUG] 2025-09-26 03:54:46 - COMPLETENESS_CHECK: BarStart=2025-09-25 13:15:00 | BarEnd=2025-09-25 13:15:00 | MinutesSinceEnd=879 | Result=COMPLETE
[DEBUG] 2025-09-26 03:54:46 - Added intraday bar #53: 2025-09-25 13:15:00
[DEBUG] 2025-09-26 03:54:46 - COMPLETENESS_CHECK: BarStart=2025-09-25 13:00:00 | BarEnd=2025-09-25 13:00:00 | MinutesSinceEnd=894 | Result=COMPLETE
[DEBUG] 2025-09-26 03:54:46 - Added intraday bar #54: 2025-09-25 13:00:00
[DEBUG] 2025-09-26 03:54:46 - COMPLETENESS_CHECK: BarStart=2025-09-25 12:45:00 | BarEnd=2025-09-25 12:45:00 | MinutesSinceEnd=909 | Result=COMPLETE
[DEBUG] 2025-09-26 03:54:46 - Added intraday bar #55: 2025-09-25 12:45:00
[DEBUG] 2025-09-26 03:54:46 - COMPLETENESS_CHECK: BarStart=2025-09-25 12:30:00 | BarEnd=2025-09-25 12:30:00 | MinutesSinceEnd=924 | Result=COMPLETE
[DEBUG] 2025-09-26 03:54:46 - Added intraday bar #56: 2025-09-25 12:30:00
[DEBUG] 2025-09-26 03:54:46 - COMPLETENESS_CHECK: BarStart=2025-09-25 12:15:00 | BarEnd=2025-09-25 12:15:00 | MinutesSinceEnd=939 | Result=COMPLETE
[DEBUG] 2025-09-26 03:54:46 - Added intraday bar #57: 2025-09-25 12:15:00
[DEBUG] 2025-09-26 03:54:46 - COMPLETENESS_CHECK: BarStart=2025-09-25 12:00:00 | BarEnd=2025-09-25 12:00:00 | MinutesSinceEnd=954 | Result=COMPLETE
[DEBUG] 2025-09-26 03:54:46 - Added intraday bar #58: 2025-09-25 12:00:00
[DEBUG] 2025-09-26 03:54:46 - COMPLETENESS_CHECK: BarStart=2025-09-25 11:45:00 | BarEnd=2025-09-25 11:45:00 | MinutesSinceEnd=969 | Result=COMPLETE
[DEBUG] 2025-09-26 03:54:46 - Added intraday bar #59: 2025-09-25 11:45:00
[DEBUG] 2025-09-26 03:54:46 - COMPLETENESS_CHECK: BarStart=2025-09-25 11:30:00 | BarEnd=2025-09-25 11:30:00 | MinutesSinceEnd=984 | Result=COMPLETE
[DEBUG] 2025-09-26 03:54:46 - Added intraday bar #60: 2025-09-25 11:30:00
[DEBUG] 2025-09-26 03:54:46 - COMPLETENESS_CHECK: BarStart=2025-09-25 11:15:00 | BarEnd=2025-09-25 11:15:00 | MinutesSinceEnd=999 | Result=COMPLETE
[DEBUG] 2025-09-26 03:54:46 - Added intraday bar #61: 2025-09-25 11:15:00
[DEBUG] 2025-09-26 03:54:46 - COMPLETENESS_CHECK: BarStart=2025-09-25 11:00:00 | BarEnd=2025-09-25 11:00:00 | MinutesSinceEnd=1014 | Result=COMPLETE
[DEBUG] 2025-09-26 03:54:46 - Added intraday bar #62: 2025-09-25 11:00:00
[DEBUG] 2025-09-26 03:54:46 - COMPLETENESS_CHECK: BarStart=2025-09-25 10:45:00 | BarEnd=2025-09-25 10:45:00 | MinutesSinceEnd=1029 | Result=COMPLETE
[DEBUG] 2025-09-26 03:54:46 - Added intraday bar #63: 2025-09-25 10:45:00
[DEBUG] 2025-09-26 03:54:46 - COMPLETENESS_CHECK: BarStart=2025-09-25 10:30:00 | BarEnd=2025-09-25 10:30:00 | MinutesSinceEnd=1044 | Result=COMPLETE
[DEBUG] 2025-09-26 03:54:46 - Added intraday bar #64: 2025-09-25 10:30:00
[DEBUG] 2025-09-26 03:54:46 - COMPLETENESS_CHECK: BarStart=2025-09-25 10:15:00 | BarEnd=2025-09-25 10:15:00 | MinutesSinceEnd=1059 | Result=COMPLETE
[DEBUG] 2025-09-26 03:54:46 - Added intraday bar #65: 2025-09-25 10:15:00
[DEBUG] 2025-09-26 03:54:46 - COMPLETENESS_CHECK: BarStart=2025-09-25 10:00:00 | BarEnd=2025-09-25 10:00:00 | MinutesSinceEnd=1074 | Result=COMPLETE
[DEBUG] 2025-09-26 03:54:46 - Added intraday bar #66: 2025-09-25 10:00:00
[DEBUG] 2025-09-26 03:54:46 - COMPLETENESS_CHECK: BarStart=2025-09-25 09:45:00 | BarEnd=2025-09-25 09:45:00 | MinutesSinceEnd=1089 | Result=COMPLETE
[DEBUG] 2025-09-26 03:54:46 - Added intraday bar #67: 2025-09-25 09:45:00
[DEBUG] 2025-09-26 03:54:46 - COMPLETENESS_CHECK: BarStart=2025-09-25 09:30:00 | BarEnd=2025-09-25 09:30:00 | MinutesSinceEnd=1104 | Result=COMPLETE
[DEBUG] 2025-09-26 03:54:46 - Added intraday bar #68: 2025-09-25 09:30:00
[DEBUG] 2025-09-26 03:54:46 - COMPLETENESS_CHECK: BarStart=2025-09-25 09:15:00 | BarEnd=2025-09-25 09:15:00 | MinutesSinceEnd=1119 | Result=COMPLETE
[DEBUG] 2025-09-26 03:54:46 - Added intraday bar #69: 2025-09-25 09:15:00
[DEBUG] 2025-09-26 03:54:46 - COMPLETENESS_CHECK: BarStart=2025-09-25 09:00:00 | BarEnd=2025-09-25 09:00:00 | MinutesSinceEnd=1134 | Result=COMPLETE
[DEBUG] 2025-09-26 03:54:46 - Added intraday bar #70: 2025-09-25 09:00:00
[DEBUG] 2025-09-26 03:54:46 - COMPLETENESS_CHECK: BarStart=2025-09-25 08:45:00 | BarEnd=2025-09-25 08:45:00 | MinutesSinceEnd=1149 | Result=COMPLETE
[DEBUG] 2025-09-26 03:54:46 - Added intraday bar #71: 2025-09-25 08:45:00
[DEBUG] 2025-09-26 03:54:46 - COMPLETENESS_CHECK: BarStart=2025-09-25 08:30:00 | BarEnd=2025-09-25 08:30:00 | MinutesSinceEnd=1164 | Result=COMPLETE
[DEBUG] 2025-09-26 03:54:46 - Added intraday bar #72: 2025-09-25 08:30:00
[DEBUG] 2025-09-26 03:54:46 - COMPLETENESS_CHECK: BarStart=2025-09-25 08:15:00 | BarEnd=2025-09-25 08:15:00 | MinutesSinceEnd=1179 | Result=COMPLETE
[DEBUG] 2025-09-26 03:54:46 - Added intraday bar #73: 2025-09-25 08:15:00
[DEBUG] 2025-09-26 03:54:46 - COMPLETENESS_CHECK: BarStart=2025-09-25 08:00:00 | BarEnd=2025-09-25 08:00:00 | MinutesSinceEnd=1194 | Result=COMPLETE
[DEBUG] 2025-09-26 03:54:46 - Added intraday bar #74: 2025-09-25 08:00:00
[DEBUG] 2025-09-26 03:54:46 - COMPLETENESS_CHECK: BarStart=2025-09-25 07:45:00 | BarEnd=2025-09-25 07:45:00 | MinutesSinceEnd=1209 | Result=COMPLETE
[DEBUG] 2025-09-26 03:54:46 - Added intraday bar #75: 2025-09-25 07:45:00
[DEBUG] 2025-09-26 03:54:46 - COMPLETENESS_CHECK: BarStart=2025-09-25 07:30:00 | BarEnd=2025-09-25 07:30:00 | MinutesSinceEnd=1224 | Result=COMPLETE
[DEBUG] 2025-09-26 03:54:46 - Added intraday bar #76: 2025-09-25 07:30:00
[DEBUG] 2025-09-26 03:54:46 - COMPLETENESS_CHECK: BarStart=2025-09-25 07:15:00 | BarEnd=2025-09-25 07:15:00 | MinutesSinceEnd=1239 | Result=COMPLETE
[DEBUG] 2025-09-26 03:54:46 - Added intraday bar #77: 2025-09-25 07:15:00
[DEBUG] 2025-09-26 03:54:46 - COMPLETENESS_CHECK: BarStart=2025-09-25 07:00:00 | BarEnd=2025-09-25 07:00:00 | MinutesSinceEnd=1254 | Result=COMPLETE
[DEBUG] 2025-09-26 03:54:46 - Added intraday bar #78: 2025-09-25 07:00:00
[DEBUG] 2025-09-26 03:54:46 - COMPLETENESS_CHECK: BarStart=2025-09-25 06:45:00 | BarEnd=2025-09-25 06:45:00 | MinutesSinceEnd=1269 | Result=COMPLETE
[DEBUG] 2025-09-26 03:54:46 - Added intraday bar #79: 2025-09-25 06:45:00
[DEBUG] 2025-09-26 03:54:46 - COMPLETENESS_CHECK: BarStart=2025-09-25 06:30:00 | BarEnd=2025-09-25 06:30:00 | MinutesSinceEnd=1284 | Result=COMPLETE
[DEBUG] 2025-09-26 03:54:46 - Added intraday bar #80: 2025-09-25 06:30:00
[DEBUG] 2025-09-26 03:54:46 - COMPLETENESS_CHECK: BarStart=2025-09-25 06:15:00 | BarEnd=2025-09-25 06:15:00 | MinutesSinceEnd=1299 | Result=COMPLETE
[DEBUG] 2025-09-26 03:54:46 - Added intraday bar #81: 2025-09-25 06:15:00
[DEBUG] 2025-09-26 03:54:46 - COMPLETENESS_CHECK: BarStart=2025-09-25 06:00:00 | BarEnd=2025-09-25 06:00:00 | MinutesSinceEnd=1314 | Result=COMPLETE
[DEBUG] 2025-09-26 03:54:46 - Added intraday bar #82: 2025-09-25 06:00:00
[DEBUG] 2025-09-26 03:54:46 - COMPLETENESS_CHECK: BarStart=2025-09-25 05:45:00 | BarEnd=2025-09-25 05:45:00 | MinutesSinceEnd=1329 | Result=COMPLETE
[DEBUG] 2025-09-26 03:54:46 - Added intraday bar #83: 2025-09-25 05:45:00
[DEBUG] 2025-09-26 03:54:46 - COMPLETENESS_CHECK: BarStart=2025-09-25 05:30:00 | BarEnd=2025-09-25 05:30:00 | MinutesSinceEnd=1344 | Result=COMPLETE
[DEBUG] 2025-09-26 03:54:46 - Added intraday bar #84: 2025-09-25 05:30:00
[DEBUG] 2025-09-26 03:54:46 - COMPLETENESS_CHECK: BarStart=2025-09-25 05:15:00 | BarEnd=2025-09-25 05:15:00 | MinutesSinceEnd=1359 | Result=COMPLETE
[DEBUG] 2025-09-26 03:54:46 - Added intraday bar #85: 2025-09-25 05:15:00
[DEBUG] 2025-09-26 03:54:46 - COMPLETENESS_CHECK: BarStart=2025-09-25 05:00:00 | BarEnd=2025-09-25 05:00:00 | MinutesSinceEnd=1374 | Result=COMPLETE
[DEBUG] 2025-09-26 03:54:46 - Added intraday bar #86: 2025-09-25 05:00:00
[DEBUG] 2025-09-26 03:54:46 - COMPLETENESS_CHECK: BarStart=2025-09-25 04:45:00 | BarEnd=2025-09-25 04:45:00 | MinutesSinceEnd=1389 | Result=COMPLETE
[DEBUG] 2025-09-26 03:54:46 - Added intraday bar #87: 2025-09-25 04:45:00
[DEBUG] 2025-09-26 03:54:46 - COMPLETENESS_CHECK: BarStart=2025-09-25 04:30:00 | BarEnd=2025-09-25 04:30:00 | MinutesSinceEnd=1404 | Result=COMPLETE
[DEBUG] 2025-09-26 03:54:46 - Added intraday bar #88: 2025-09-25 04:30:00
[DEBUG] 2025-09-26 03:54:46 - COMPLETENESS_CHECK: BarStart=2025-09-25 04:15:00 | BarEnd=2025-09-25 04:15:00 | MinutesSinceEnd=1419 | Result=COMPLETE
[DEBUG] 2025-09-26 03:54:46 - Added intraday bar #89: 2025-09-25 04:15:00
[DEBUG] 2025-09-26 03:54:46 - COMPLETENESS_CHECK: BarStart=2025-09-25 04:00:00 | BarEnd=2025-09-25 04:00:00 | MinutesSinceEnd=1434 | Result=COMPLETE
[DEBUG] 2025-09-26 03:54:46 - Added intraday bar #90: 2025-09-25 04:00:00
[DEBUG] 2025-09-26 03:54:46 - COMPLETENESS_CHECK: BarStart=2025-09-25 03:45:00 | BarEnd=2025-09-25 03:45:00 | MinutesSinceEnd=1449 | Result=COMPLETE
[DEBUG] 2025-09-26 03:54:46 - Added intraday bar #91: 2025-09-25 03:45:00
[DEBUG] 2025-09-26 03:54:46 - COMPLETENESS_CHECK: BarStart=2025-09-25 03:30:00 | BarEnd=2025-09-25 03:30:00 | MinutesSinceEnd=1464 | Result=COMPLETE
[DEBUG] 2025-09-26 03:54:46 - Added intraday bar #92: 2025-09-25 03:30:00
[DEBUG] 2025-09-26 03:54:46 - COMPLETENESS_CHECK: BarStart=2025-09-25 03:15:00 | BarEnd=2025-09-25 03:15:00 | MinutesSinceEnd=1479 | Result=COMPLETE
[DEBUG] 2025-09-26 03:54:46 - Added intraday bar #93: 2025-09-25 03:15:00
[DEBUG] 2025-09-26 03:54:46 - COMPLETENESS_CHECK: BarStart=2025-09-25 03:00:00 | BarEnd=2025-09-25 03:00:00 | MinutesSinceEnd=1494 | Result=COMPLETE
[DEBUG] 2025-09-26 03:54:46 - Added intraday bar #94: 2025-09-25 03:00:00
[DEBUG] 2025-09-26 03:54:46 - COMPLETENESS_CHECK: BarStart=2025-09-25 02:45:00 | BarEnd=2025-09-25 02:45:00 | MinutesSinceEnd=1509 | Result=COMPLETE
[DEBUG] 2025-09-26 03:54:46 - Added intraday bar #95: 2025-09-25 02:45:00
[DEBUG] 2025-09-26 03:54:46 - COMPLETENESS_CHECK: BarStart=2025-09-25 02:30:00 | BarEnd=2025-09-25 02:30:00 | MinutesSinceEnd=1524 | Result=COMPLETE
[DEBUG] 2025-09-26 03:54:46 - Added intraday bar #96: 2025-09-25 02:30:00
[DEBUG] 2025-09-26 03:54:46 - COMPLETENESS_CHECK: BarStart=2025-09-25 02:15:00 | BarEnd=2025-09-25 02:15:00 | MinutesSinceEnd=1539 | Result=COMPLETE
[DEBUG] 2025-09-26 03:54:46 - Added intraday bar #97: 2025-09-25 02:15:00
[DEBUG] 2025-09-26 03:54:46 - COMPLETENESS_CHECK: BarStart=2025-09-25 02:00:00 | BarEnd=2025-09-25 02:00:00 | MinutesSinceEnd=1554 | Result=COMPLETE
[DEBUG] 2025-09-26 03:54:46 - Added intraday bar #98: 2025-09-25 02:00:00
[DEBUG] 2025-09-26 03:54:46 - COMPLETENESS_CHECK: BarStart=2025-09-25 01:45:00 | BarEnd=2025-09-25 01:45:00 | MinutesSinceEnd=1569 | Result=COMPLETE
[DEBUG] 2025-09-26 03:54:46 - Added intraday bar #99: 2025-09-25 01:45:00
[INFO] 2025-09-26 03:54:46 - Applied intraday timestamp/OHLCV correction - using 99 bars
[DEBUG] 2025-09-26 03:54:46 - First 5 final processed bars:
[DEBUG] 2025-09-26 03:54:46 - FinalBar[0] = 2025-09-26 03:15:00 | O:3772.700000 H:3775.300000 L:3771.300000 C:3774.600000
[DEBUG] 2025-09-26 03:54:46 - FinalBar[1] = 2025-09-26 03:00:00 | O:3773.200000 H:3774.500000 L:3768.800000 C:3772.800000
[DEBUG] 2025-09-26 03:54:46 - FinalBar[2] = 2025-09-26 02:45:00 | O:3774.700000 H:3776.900000 L:3772.100000 C:3773.300000
[DEBUG] 2025-09-26 03:54:46 - FinalBar[3] = 2025-09-26 02:30:00 | O:3781.900000 H:3783.100000 L:3774.600000 C:3774.800000
[DEBUG] 2025-09-26 03:54:46 - FinalBar[4] = 2025-09-26 02:15:00 | O:3781.400000 H:3784.400000 L:3780.500000 C:3782.000000
[SUCCESS] 2025-09-26 03:54:46 - Successfully parsed 99 complete bars
[INFO] 2025-09-26 08:42:18 - Fetching 100 15Min bars for symbol: QGC#
[DEBUG] 2025-09-26 08:42:18 - Sending command: HIX,QGC#,900,100,0,HIST_QGC#_15Min,100,s,1

[DEBUG] 2025-09-26 08:42:19 - Raw response received (8227 characters)
[DEBUG] 2025-09-26 08:42:19 - Parsing historical data response...
[DEBUG] 2025-09-26 08:42:19 - First 5 lines of raw response:
[DEBUG] 2025-09-26 08:42:19 - Raw Line 0: HIST_QGC#_15Min,LH,2025-09-26 08:30:00,3788.0,3776.4,3779.6,3781.4,78945,6141,0,
[DEBUG] 2025-09-26 08:42:19 - Raw Line 1: HIST_QGC#_15Min,LH,2025-09-26 08:15:00,3783.7,3779.1,3781.9,3779.6,72550,2027,0,
[DEBUG] 2025-09-26 08:42:19 - Raw Line 2: HIST_QGC#_15Min,LH,2025-09-26 08:00:00,3783.1,3778.3,3778.8,3781.9,70401,1310,0,
[DEBUG] 2025-09-26 08:42:19 - Raw Line 3: HIST_QGC#_15Min,LH,2025-09-26 07:45:00,3782.6,3778.6,3782.3,3778.7,68816,1334,0,
[DEBUG] 2025-09-26 08:42:19 - Raw Line 4: HIST_QGC#_15Min,LH,2025-09-26 07:30:00,3783.1,3780.5,3781.4,3782.3,67205,1269,0,
[DEBUG] 2025-09-26 08:42:19 - Last 5 lines of raw response:
[DEBUG] 2025-09-26 08:42:19 - Raw Line 95: HIST_QGC#_15Min,LH,2025-09-25 07:45:00,3784.9,3780.9,3782.0,3784.0,106713,1618,0,
[DEBUG] 2025-09-26 08:42:19 - Raw Line 96: HIST_QGC#_15Min,LH,2025-09-25 07:30:00,3783.1,3779.5,3780.7,3781.9,104988,1848,0,
[DEBUG] 2025-09-26 08:42:19 - Raw Line 97: HIST_QGC#_15Min,LH,2025-09-25 07:15:00,3781.5,3773.2,3773.6,3780.7,102982,2925,0,
[DEBUG] 2025-09-26 08:42:19 - Raw Line 98: HIST_QGC#_15Min,LH,2025-09-25 07:00:00,3788.5,3771.0,3788.2,3773.6,99768,6329,0,
[DEBUG] 2025-09-26 08:42:19 - Raw Line 99: HIST_QGC#_15Min,LH,2025-09-25 06:45:00,3791.7,3786.6,3787.5,3788.2,93253,2918,0,
[DEBUG] 2025-09-26 08:42:19 - Parsed bar - StartTime: 2025-09-26 08:30:00 | O:3779.600000 H:3788.000000 L:3776.400000 C:3781.400000
[DEBUG] 2025-09-26 08:42:19 - Parsed bar - StartTime: 2025-09-26 08:15:00 | O:3781.900000 H:3783.700000 L:3779.100000 C:3779.600000
[DEBUG] 2025-09-26 08:42:19 - Parsed bar - StartTime: 2025-09-26 08:00:00 | O:3778.800000 H:3783.100000 L:3778.300000 C:3781.900000
[DEBUG] 2025-09-26 08:42:19 - Parsed bar - StartTime: 2025-09-26 07:45:00 | O:3782.300000 H:3782.600000 L:3778.600000 C:3778.700000
[DEBUG] 2025-09-26 08:42:19 - Parsed bar - StartTime: 2025-09-26 07:30:00 | O:3781.400000 H:3783.100000 L:3780.500000 C:3782.300000
[DEBUG] 2025-09-26 08:42:19 - Parsed bar - StartTime: 2025-09-26 07:15:00 | O:3776.500000 H:3781.800000 L:3776.000000 C:3781.400000
[DEBUG] 2025-09-26 08:42:19 - Parsed bar - StartTime: 2025-09-26 07:00:00 | O:3775.000000 H:3777.500000 L:3774.500000 C:3776.300000
[DEBUG] 2025-09-26 08:42:19 - Parsed bar - StartTime: 2025-09-26 06:45:00 | O:3776.000000 H:3776.300000 L:3772.800000 C:3774.900000
[DEBUG] 2025-09-26 08:42:19 - Parsed bar - StartTime: 2025-09-26 06:30:00 | O:3779.600000 H:3780.100000 L:3775.500000 C:3776.200000
[DEBUG] 2025-09-26 08:42:19 - Parsed bar - StartTime: 2025-09-26 06:15:00 | O:3782.800000 H:3783.300000 L:3779.000000 C:3779.600000
[DEBUG] 2025-09-26 08:42:19 - Parsed bar - StartTime: 2025-09-26 06:00:00 | O:3781.300000 H:3785.200000 L:3781.100000 C:3782.800000
[DEBUG] 2025-09-26 08:42:19 - Parsed bar - StartTime: 2025-09-26 05:45:00 | O:3778.800000 H:3781.500000 L:3777.800000 C:3781.500000
[DEBUG] 2025-09-26 08:42:19 - Parsed bar - StartTime: 2025-09-26 05:30:00 | O:3778.500000 H:3779.600000 L:3776.900000 C:3778.900000
[DEBUG] 2025-09-26 08:42:19 - Parsed bar - StartTime: 2025-09-26 05:15:00 | O:3780.800000 H:3781.200000 L:3778.000000 C:3778.400000
[DEBUG] 2025-09-26 08:42:19 - Parsed bar - StartTime: 2025-09-26 05:00:00 | O:3782.500000 H:3784.100000 L:3780.800000 C:3780.800000
[DEBUG] 2025-09-26 08:42:19 - Parsed bar - StartTime: 2025-09-26 04:45:00 | O:3783.100000 H:3783.900000 L:3781.300000 C:3782.600000
[DEBUG] 2025-09-26 08:42:19 - Parsed bar - StartTime: 2025-09-26 04:30:00 | O:3780.700000 H:3784.900000 L:3780.600000 C:3783.100000
[DEBUG] 2025-09-26 08:42:19 - Parsed bar - StartTime: 2025-09-26 04:15:00 | O:3778.500000 H:3782.400000 L:3778.400000 C:3780.700000
[DEBUG] 2025-09-26 08:42:19 - Parsed bar - StartTime: 2025-09-26 04:00:00 | O:3777.900000 H:3781.900000 L:3776.800000 C:3778.500000
[DEBUG] 2025-09-26 08:42:19 - Parsed bar - StartTime: 2025-09-26 03:45:00 | O:3777.500000 H:3779.200000 L:3776.400000 C:3777.900000
[DEBUG] 2025-09-26 08:42:19 - Parsed bar - StartTime: 2025-09-26 03:30:00 | O:3774.600000 H:3778.900000 L:3773.800000 C:3777.700000
[DEBUG] 2025-09-26 08:42:19 - Parsed bar - StartTime: 2025-09-26 03:15:00 | O:3772.700000 H:3775.300000 L:3771.300000 C:3774.600000
[DEBUG] 2025-09-26 08:42:19 - Parsed bar - StartTime: 2025-09-26 03:00:00 | O:3773.200000 H:3774.500000 L:3768.800000 C:3772.800000
[DEBUG] 2025-09-26 08:42:19 - Parsed bar - StartTime: 2025-09-26 02:45:00 | O:3774.700000 H:3776.900000 L:3772.100000 C:3773.300000
[DEBUG] 2025-09-26 08:42:19 - Parsed bar - StartTime: 2025-09-26 02:30:00 | O:3781.900000 H:3783.100000 L:3774.600000 C:3774.800000
[DEBUG] 2025-09-26 08:42:19 - Parsed bar - StartTime: 2025-09-26 02:15:00 | O:3781.400000 H:3784.400000 L:3780.500000 C:3782.000000
[DEBUG] 2025-09-26 08:42:19 - Parsed bar - StartTime: 2025-09-26 02:00:00 | O:3771.300000 H:3781.400000 L:3771.000000 C:3781.200000
[DEBUG] 2025-09-26 08:42:19 - Parsed bar - StartTime: 2025-09-26 01:45:00 | O:3778.200000 H:3778.600000 L:3771.300000 C:3771.600000
[DEBUG] 2025-09-26 08:42:19 - Parsed bar - StartTime: 2025-09-26 01:30:00 | O:3776.100000 H:3779.400000 L:3774.700000 C:3778.200000
[DEBUG] 2025-09-26 08:42:19 - Parsed bar - StartTime: 2025-09-26 01:15:00 | O:3775.200000 H:3776.600000 L:3774.100000 C:3776.300000
[DEBUG] 2025-09-26 08:42:19 - Parsed bar - StartTime: 2025-09-26 01:00:00 | O:3777.000000 H:3777.500000 L:3774.300000 C:3775.300000
[DEBUG] 2025-09-26 08:42:19 - Parsed bar - StartTime: 2025-09-26 00:45:00 | O:3774.500000 H:3777.200000 L:3774.000000 C:3777.100000
[DEBUG] 2025-09-26 08:42:19 - Parsed bar - StartTime: 2025-09-26 00:30:00 | O:3774.100000 H:3776.400000 L:3774.000000 C:3774.700000
[DEBUG] 2025-09-26 08:42:19 - Parsed bar - StartTime: 2025-09-26 00:15:00 | O:3775.800000 H:3776.700000 L:3774.100000 C:3774.100000
[DEBUG] 2025-09-26 08:42:19 - Parsed bar - StartTime: 2025-09-26 00:00:00 | O:3775.100000 H:3776.100000 L:3774.000000 C:3776.000000
[DEBUG] 2025-09-26 08:42:19 - Parsed bar - StartTime: 2025-09-25 23:45:00 | O:3774.600000 H:3775.500000 L:3774.000000 C:3774.800000
[DEBUG] 2025-09-26 08:42:19 - Parsed bar - StartTime: 2025-09-25 23:30:00 | O:3771.800000 H:3774.900000 L:3771.800000 C:3774.400000
[DEBUG] 2025-09-26 08:42:19 - Parsed bar - StartTime: 2025-09-25 23:15:00 | O:3765.100000 H:3772.200000 L:3764.000000 C:3771.900000
[DEBUG] 2025-09-26 08:42:19 - Parsed bar - StartTime: 2025-09-25 23:00:00 | O:3767.800000 H:3768.100000 L:3764.700000 C:3765.000000
[DEBUG] 2025-09-26 08:42:19 - Parsed bar - StartTime: 2025-09-25 22:45:00 | O:3768.200000 H:3771.000000 L:3767.500000 C:3767.800000
[DEBUG] 2025-09-26 08:42:19 - Parsed bar - StartTime: 2025-09-25 22:30:00 | O:3770.700000 H:3772.500000 L:3767.100000 C:3768.100000
[DEBUG] 2025-09-26 08:42:19 - Parsed bar - StartTime: 2025-09-25 22:15:00 | O:3768.400000 H:3770.700000 L:3767.200000 C:3770.700000
[DEBUG] 2025-09-26 08:42:19 - Parsed bar - StartTime: 2025-09-25 22:00:00 | O:3768.400000 H:3770.700000 L:3767.600000 C:3768.300000
[DEBUG] 2025-09-26 08:42:19 - Parsed bar - StartTime: 2025-09-25 21:45:00 | O:3773.300000 H:3774.000000 L:3767.300000 C:3768.600000
[DEBUG] 2025-09-26 08:42:19 - Parsed bar - StartTime: 2025-09-25 21:30:00 | O:3770.900000 H:3773.400000 L:3769.700000 C:3773.200000
[DEBUG] 2025-09-26 08:42:19 - Parsed bar - StartTime: 2025-09-25 21:15:00 | O:3773.800000 H:3774.300000 L:3768.200000 C:3771.000000
[DEBUG] 2025-09-26 08:42:19 - Parsed bar - StartTime: 2025-09-25 21:00:00 | O:3779.300000 H:3783.500000 L:3773.800000 C:3773.900000
[DEBUG] 2025-09-26 08:42:19 - Parsed bar - StartTime: 2025-09-25 20:45:00 | O:3773.800000 H:3779.300000 L:3773.200000 C:3779.200000
[DEBUG] 2025-09-26 08:42:19 - Parsed bar - StartTime: 2025-09-25 20:30:00 | O:3771.800000 H:3775.500000 L:3771.200000 C:3773.800000
[DEBUG] 2025-09-26 08:42:19 - Parsed bar - StartTime: 2025-09-25 20:15:00 | O:3777.000000 H:3777.900000 L:3770.000000 C:3772.000000
[DEBUG] 2025-09-26 08:42:19 - Parsed bar - StartTime: 2025-09-25 20:00:00 | O:3775.000000 H:3779.100000 L:3771.900000 C:3776.500000
[DEBUG] 2025-09-26 08:42:19 - Parsed bar - StartTime: 2025-09-25 19:45:00 | O:3772.200000 H:3776.000000 L:3772.200000 C:3775.000000
[DEBUG] 2025-09-26 08:42:19 - Parsed bar - StartTime: 2025-09-25 19:30:00 | O:3773.500000 H:3773.500000 L:3770.300000 C:3772.100000
[DEBUG] 2025-09-26 08:42:19 - Parsed bar - StartTime: 2025-09-25 19:15:00 | O:3776.500000 H:3776.800000 L:3768.500000 C:3773.700000
[DEBUG] 2025-09-26 08:42:19 - Parsed bar - StartTime: 2025-09-25 19:00:00 | O:3779.900000 H:3780.900000 L:3776.400000 C:3776.500000
[DEBUG] 2025-09-26 08:42:19 - Parsed bar - StartTime: 2025-09-25 18:45:00 | O:3780.700000 H:3782.400000 L:3779.500000 C:3779.600000
[DEBUG] 2025-09-26 08:42:19 - Parsed bar - StartTime: 2025-09-25 18:30:00 | O:3780.300000 H:3782.000000 L:3779.100000 C:3780.500000
[DEBUG] 2025-09-26 08:42:19 - Parsed bar - StartTime: 2025-09-25 18:15:00 | O:3777.500000 H:3780.400000 L:3777.500000 C:3780.300000
[DEBUG] 2025-09-26 08:42:19 - Parsed bar - StartTime: 2025-09-25 18:00:00 | O:3781.500000 H:3782.400000 L:3777.200000 C:3777.400000
[DEBUG] 2025-09-26 08:42:19 - Parsed bar - StartTime: 2025-09-25 16:45:00 | O:3782.100000 H:3783.900000 L:3780.200000 C:3780.500000
[DEBUG] 2025-09-26 08:42:19 - Parsed bar - StartTime: 2025-09-25 16:30:00 | O:3780.200000 H:3782.300000 L:3780.200000 C:3782.000000
[DEBUG] 2025-09-26 08:42:19 - Parsed bar - StartTime: 2025-09-25 16:15:00 | O:3780.700000 H:3782.000000 L:3779.300000 C:3780.100000
[DEBUG] 2025-09-26 08:42:19 - Parsed bar - StartTime: 2025-09-25 16:00:00 | O:3777.500000 H:3780.800000 L:3776.900000 C:3780.700000
[DEBUG] 2025-09-26 08:42:19 - Parsed bar - StartTime: 2025-09-25 15:45:00 | O:3778.600000 H:3781.700000 L:3776.600000 C:3777.500000
[DEBUG] 2025-09-26 08:42:19 - Parsed bar - StartTime: 2025-09-25 15:30:00 | O:3783.400000 H:3783.900000 L:3776.000000 C:3778.600000
[DEBUG] 2025-09-26 08:42:19 - Parsed bar - StartTime: 2025-09-25 15:15:00 | O:3786.800000 H:3787.400000 L:3782.400000 C:3783.400000
[DEBUG] 2025-09-26 08:42:19 - Parsed bar - StartTime: 2025-09-25 15:00:00 | O:3786.400000 H:3788.200000 L:3782.700000 C:3786.600000
[DEBUG] 2025-09-26 08:42:19 - Parsed bar - StartTime: 2025-09-25 14:45:00 | O:3786.800000 H:3789.500000 L:3784.400000 C:3786.400000
[DEBUG] 2025-09-26 08:42:19 - Parsed bar - StartTime: 2025-09-25 14:30:00 | O:3781.500000 H:3789.100000 L:3780.000000 C:3786.700000
[DEBUG] 2025-09-26 08:42:19 - Parsed bar - StartTime: 2025-09-25 14:15:00 | O:3770.200000 H:3782.100000 L:3768.800000 C:3781.500000
[DEBUG] 2025-09-26 08:42:19 - Parsed bar - StartTime: 2025-09-25 14:00:00 | O:3773.000000 H:3776.600000 L:3767.500000 C:3770.200000
[DEBUG] 2025-09-26 08:42:19 - Parsed bar - StartTime: 2025-09-25 13:45:00 | O:3771.400000 H:3775.600000 L:3770.200000 C:3772.900000
[DEBUG] 2025-09-26 08:42:19 - Parsed bar - StartTime: 2025-09-25 13:30:00 | O:3770.900000 H:3773.600000 L:3769.200000 C:3771.100000
[DEBUG] 2025-09-26 08:42:19 - Parsed bar - StartTime: 2025-09-25 13:15:00 | O:3771.100000 H:3774.300000 L:3767.800000 C:3770.900000
[DEBUG] 2025-09-26 08:42:19 - Parsed bar - StartTime: 2025-09-25 13:00:00 | O:3763.900000 H:3771.400000 L:3762.500000 C:3771.000000
[DEBUG] 2025-09-26 08:42:19 - Parsed bar - StartTime: 2025-09-25 12:45:00 | O:3765.400000 H:3765.900000 L:3762.800000 C:3764.000000
[DEBUG] 2025-09-26 08:42:19 - Parsed bar - StartTime: 2025-09-25 12:30:00 | O:3767.900000 H:3769.000000 L:3764.300000 C:3765.400000
[DEBUG] 2025-09-26 08:42:19 - Parsed bar - StartTime: 2025-09-25 12:15:00 | O:3772.200000 H:3772.700000 L:3765.500000 C:3768.000000
[DEBUG] 2025-09-26 08:42:19 - Parsed bar - StartTime: 2025-09-25 12:00:00 | O:3766.900000 H:3772.800000 L:3765.900000 C:3772.100000
[DEBUG] 2025-09-26 08:42:19 - Parsed bar - StartTime: 2025-09-25 11:45:00 | O:3766.500000 H:3766.900000 L:3763.800000 C:3766.900000
[DEBUG] 2025-09-26 08:42:19 - Parsed bar - StartTime: 2025-09-25 11:30:00 | O:3761.000000 H:3767.400000 L:3759.600000 C:3766.500000
[DEBUG] 2025-09-26 08:42:19 - Parsed bar - StartTime: 2025-09-25 11:15:00 | O:3765.600000 H:3769.400000 L:3761.000000 C:3761.100000
[DEBUG] 2025-09-26 08:42:19 - Parsed bar - StartTime: 2025-09-25 11:00:00 | O:3762.400000 H:3766.200000 L:3758.600000 C:3765.500000
[DEBUG] 2025-09-26 08:42:19 - Parsed bar - StartTime: 2025-09-25 10:45:00 | O:3757.500000 H:3764.100000 L:3753.400000 C:3762.200000
[DEBUG] 2025-09-26 08:42:19 - Parsed bar - StartTime: 2025-09-25 10:30:00 | O:3763.500000 H:3764.100000 L:3754.200000 C:3757.700000
[DEBUG] 2025-09-26 08:42:19 - Parsed bar - StartTime: 2025-09-25 10:15:00 | O:3760.400000 H:3767.000000 L:3756.500000 C:3763.700000
[DEBUG] 2025-09-26 08:42:19 - Parsed bar - StartTime: 2025-09-25 10:00:00 | O:3764.100000 H:3765.200000 L:3755.100000 C:3760.500000
[DEBUG] 2025-09-26 08:42:19 - Parsed bar - StartTime: 2025-09-25 09:45:00 | O:3756.300000 H:3764.400000 L:3751.900000 C:3764.000000
[DEBUG] 2025-09-26 08:42:19 - Parsed bar - StartTime: 2025-09-25 09:30:00 | O:3772.600000 H:3773.600000 L:3754.500000 C:3756.400000
[DEBUG] 2025-09-26 08:42:19 - Parsed bar - StartTime: 2025-09-25 09:15:00 | O:3767.400000 H:3776.200000 L:3765.800000 C:3772.300000
[DEBUG] 2025-09-26 08:42:19 - Parsed bar - StartTime: 2025-09-25 09:00:00 | O:3769.200000 H:3772.500000 L:3763.600000 C:3767.500000
[DEBUG] 2025-09-26 08:42:19 - Parsed bar - StartTime: 2025-09-25 08:45:00 | O:3771.600000 H:3773.000000 L:3760.800000 C:3769.200000
[DEBUG] 2025-09-26 08:42:19 - Parsed bar - StartTime: 2025-09-25 08:30:00 | O:3784.700000 H:3784.700000 L:3765.200000 C:3771.900000
[DEBUG] 2025-09-26 08:42:19 - Parsed bar - StartTime: 2025-09-25 08:15:00 | O:3783.000000 H:3787.000000 L:3782.600000 C:3785.500000
[DEBUG] 2025-09-26 08:42:19 - Parsed bar - StartTime: 2025-09-25 08:00:00 | O:3783.700000 H:3784.700000 L:3780.200000 C:3783.000000
[DEBUG] 2025-09-26 08:42:19 - Parsed bar - StartTime: 2025-09-25 07:45:00 | O:3782.000000 H:3784.900000 L:3780.900000 C:3784.000000
[DEBUG] 2025-09-26 08:42:19 - Parsed bar - StartTime: 2025-09-25 07:30:00 | O:3780.700000 H:3783.100000 L:3779.500000 C:3781.900000
[DEBUG] 2025-09-26 08:42:19 - Parsed bar - StartTime: 2025-09-25 07:15:00 | O:3773.600000 H:3781.500000 L:3773.200000 C:3780.700000
[DEBUG] 2025-09-26 08:42:19 - Parsed bar - StartTime: 2025-09-25 07:00:00 | O:3788.200000 H:3788.500000 L:3771.000000 C:3773.600000
[DEBUG] 2025-09-26 08:42:19 - Parsed bar - StartTime: 2025-09-25 06:45:00 | O:3787.500000 H:3791.700000 L:3786.600000 C:3788.200000
[DEBUG] 2025-09-26 08:42:19 - First 3 parsed bars:
[DEBUG] 2025-09-26 08:42:19 - ParsedBar[0] = 2025-09-26 08:30:00 OHLCV: 3779.600000/3788.000000/3776.400000/3781.400000/78945
[DEBUG] 2025-09-26 08:42:19 - ParsedBar[1] = 2025-09-26 08:15:00 OHLCV: 3781.900000/3783.700000/3779.100000/3779.600000/72550
[DEBUG] 2025-09-26 08:42:19 - ParsedBar[2] = 2025-09-26 08:00:00 OHLCV: 3778.800000/3783.100000/3778.300000/3781.900000/70401
[DEBUG] 2025-09-26 08:42:19 - COMPLETENESS_CHECK: BarStart=2025-09-26 08:15:00 | BarEnd=2025-09-26 08:15:00 | MinutesSinceEnd=27 | Result=COMPLETE
[DEBUG] 2025-09-26 08:42:19 - Added corrected intraday bar: 2025-09-26 08:15:00 (timestamp from line 0, OHLCV from line 1)
[DEBUG] 2025-09-26 08:42:19 - COMPLETENESS_CHECK: BarStart=2025-09-26 08:00:00 | BarEnd=2025-09-26 08:00:00 | MinutesSinceEnd=42 | Result=COMPLETE
[DEBUG] 2025-09-26 08:42:19 - Added intraday bar #2: 2025-09-26 08:00:00
[DEBUG] 2025-09-26 08:42:19 - COMPLETENESS_CHECK: BarStart=2025-09-26 07:45:00 | BarEnd=2025-09-26 07:45:00 | MinutesSinceEnd=57 | Result=COMPLETE
[DEBUG] 2025-09-26 08:42:19 - Added intraday bar #3: 2025-09-26 07:45:00
[DEBUG] 2025-09-26 08:42:19 - COMPLETENESS_CHECK: BarStart=2025-09-26 07:30:00 | BarEnd=2025-09-26 07:30:00 | MinutesSinceEnd=72 | Result=COMPLETE
[DEBUG] 2025-09-26 08:42:19 - Added intraday bar #4: 2025-09-26 07:30:00
[DEBUG] 2025-09-26 08:42:19 - COMPLETENESS_CHECK: BarStart=2025-09-26 07:15:00 | BarEnd=2025-09-26 07:15:00 | MinutesSinceEnd=87 | Result=COMPLETE
[DEBUG] 2025-09-26 08:42:19 - Added intraday bar #5: 2025-09-26 07:15:00
[DEBUG] 2025-09-26 08:42:19 - COMPLETENESS_CHECK: BarStart=2025-09-26 07:00:00 | BarEnd=2025-09-26 07:00:00 | MinutesSinceEnd=102 | Result=COMPLETE
[DEBUG] 2025-09-26 08:42:19 - Added intraday bar #6: 2025-09-26 07:00:00
[DEBUG] 2025-09-26 08:42:19 - COMPLETENESS_CHECK: BarStart=2025-09-26 06:45:00 | BarEnd=2025-09-26 06:45:00 | MinutesSinceEnd=117 | Result=COMPLETE
[DEBUG] 2025-09-26 08:42:19 - Added intraday bar #7: 2025-09-26 06:45:00
[DEBUG] 2025-09-26 08:42:19 - COMPLETENESS_CHECK: BarStart=2025-09-26 06:30:00 | BarEnd=2025-09-26 06:30:00 | MinutesSinceEnd=132 | Result=COMPLETE
[DEBUG] 2025-09-26 08:42:19 - Added intraday bar #8: 2025-09-26 06:30:00
[DEBUG] 2025-09-26 08:42:19 - COMPLETENESS_CHECK: BarStart=2025-09-26 06:15:00 | BarEnd=2025-09-26 06:15:00 | MinutesSinceEnd=147 | Result=COMPLETE
[DEBUG] 2025-09-26 08:42:19 - Added intraday bar #9: 2025-09-26 06:15:00
[DEBUG] 2025-09-26 08:42:19 - COMPLETENESS_CHECK: BarStart=2025-09-26 06:00:00 | BarEnd=2025-09-26 06:00:00 | MinutesSinceEnd=162 | Result=COMPLETE
[DEBUG] 2025-09-26 08:42:19 - Added intraday bar #10: 2025-09-26 06:00:00
[DEBUG] 2025-09-26 08:42:19 - COMPLETENESS_CHECK: BarStart=2025-09-26 05:45:00 | BarEnd=2025-09-26 05:45:00 | MinutesSinceEnd=177 | Result=COMPLETE
[DEBUG] 2025-09-26 08:42:19 - Added intraday bar #11: 2025-09-26 05:45:00
[DEBUG] 2025-09-26 08:42:19 - COMPLETENESS_CHECK: BarStart=2025-09-26 05:30:00 | BarEnd=2025-09-26 05:30:00 | MinutesSinceEnd=192 | Result=COMPLETE
[DEBUG] 2025-09-26 08:42:19 - Added intraday bar #12: 2025-09-26 05:30:00
[DEBUG] 2025-09-26 08:42:19 - COMPLETENESS_CHECK: BarStart=2025-09-26 05:15:00 | BarEnd=2025-09-26 05:15:00 | MinutesSinceEnd=207 | Result=COMPLETE
[DEBUG] 2025-09-26 08:42:19 - Added intraday bar #13: 2025-09-26 05:15:00
[DEBUG] 2025-09-26 08:42:19 - COMPLETENESS_CHECK: BarStart=2025-09-26 05:00:00 | BarEnd=2025-09-26 05:00:00 | MinutesSinceEnd=222 | Result=COMPLETE
[DEBUG] 2025-09-26 08:42:19 - Added intraday bar #14: 2025-09-26 05:00:00
[DEBUG] 2025-09-26 08:42:19 - COMPLETENESS_CHECK: BarStart=2025-09-26 04:45:00 | BarEnd=2025-09-26 04:45:00 | MinutesSinceEnd=237 | Result=COMPLETE
[DEBUG] 2025-09-26 08:42:19 - Added intraday bar #15: 2025-09-26 04:45:00
[DEBUG] 2025-09-26 08:42:19 - COMPLETENESS_CHECK: BarStart=2025-09-26 04:30:00 | BarEnd=2025-09-26 04:30:00 | MinutesSinceEnd=252 | Result=COMPLETE
[DEBUG] 2025-09-26 08:42:19 - Added intraday bar #16: 2025-09-26 04:30:00
[DEBUG] 2025-09-26 08:42:19 - COMPLETENESS_CHECK: BarStart=2025-09-26 04:15:00 | BarEnd=2025-09-26 04:15:00 | MinutesSinceEnd=267 | Result=COMPLETE
[DEBUG] 2025-09-26 08:42:19 - Added intraday bar #17: 2025-09-26 04:15:00
[DEBUG] 2025-09-26 08:42:19 - COMPLETENESS_CHECK: BarStart=2025-09-26 04:00:00 | BarEnd=2025-09-26 04:00:00 | MinutesSinceEnd=282 | Result=COMPLETE
[DEBUG] 2025-09-26 08:42:19 - Added intraday bar #18: 2025-09-26 04:00:00
[DEBUG] 2025-09-26 08:42:19 - COMPLETENESS_CHECK: BarStart=2025-09-26 03:45:00 | BarEnd=2025-09-26 03:45:00 | MinutesSinceEnd=297 | Result=COMPLETE
[DEBUG] 2025-09-26 08:42:19 - Added intraday bar #19: 2025-09-26 03:45:00
[DEBUG] 2025-09-26 08:42:19 - COMPLETENESS_CHECK: BarStart=2025-09-26 03:30:00 | BarEnd=2025-09-26 03:30:00 | MinutesSinceEnd=312 | Result=COMPLETE
[DEBUG] 2025-09-26 08:42:19 - Added intraday bar #20: 2025-09-26 03:30:00
[DEBUG] 2025-09-26 08:42:19 - COMPLETENESS_CHECK: BarStart=2025-09-26 03:15:00 | BarEnd=2025-09-26 03:15:00 | MinutesSinceEnd=327 | Result=COMPLETE
[DEBUG] 2025-09-26 08:42:19 - Added intraday bar #21: 2025-09-26 03:15:00
[DEBUG] 2025-09-26 08:42:19 - COMPLETENESS_CHECK: BarStart=2025-09-26 03:00:00 | BarEnd=2025-09-26 03:00:00 | MinutesSinceEnd=342 | Result=COMPLETE
[DEBUG] 2025-09-26 08:42:19 - Added intraday bar #22: 2025-09-26 03:00:00
[DEBUG] 2025-09-26 08:42:19 - COMPLETENESS_CHECK: BarStart=2025-09-26 02:45:00 | BarEnd=2025-09-26 02:45:00 | MinutesSinceEnd=357 | Result=COMPLETE
[DEBUG] 2025-09-26 08:42:19 - Added intraday bar #23: 2025-09-26 02:45:00
[DEBUG] 2025-09-26 08:42:19 - COMPLETENESS_CHECK: BarStart=2025-09-26 02:30:00 | BarEnd=2025-09-26 02:30:00 | MinutesSinceEnd=372 | Result=COMPLETE
[DEBUG] 2025-09-26 08:42:19 - Added intraday bar #24: 2025-09-26 02:30:00
[DEBUG] 2025-09-26 08:42:19 - COMPLETENESS_CHECK: BarStart=2025-09-26 02:15:00 | BarEnd=2025-09-26 02:15:00 | MinutesSinceEnd=387 | Result=COMPLETE
[DEBUG] 2025-09-26 08:42:19 - Added intraday bar #25: 2025-09-26 02:15:00
[DEBUG] 2025-09-26 08:42:19 - COMPLETENESS_CHECK: BarStart=2025-09-26 02:00:00 | BarEnd=2025-09-26 02:00:00 | MinutesSinceEnd=402 | Result=COMPLETE
[DEBUG] 2025-09-26 08:42:19 - Added intraday bar #26: 2025-09-26 02:00:00
[DEBUG] 2025-09-26 08:42:19 - COMPLETENESS_CHECK: BarStart=2025-09-26 01:45:00 | BarEnd=2025-09-26 01:45:00 | MinutesSinceEnd=417 | Result=COMPLETE
[DEBUG] 2025-09-26 08:42:19 - Added intraday bar #27: 2025-09-26 01:45:00
[DEBUG] 2025-09-26 08:42:19 - COMPLETENESS_CHECK: BarStart=2025-09-26 01:30:00 | BarEnd=2025-09-26 01:30:00 | MinutesSinceEnd=432 | Result=COMPLETE
[DEBUG] 2025-09-26 08:42:19 - Added intraday bar #28: 2025-09-26 01:30:00
[DEBUG] 2025-09-26 08:42:19 - COMPLETENESS_CHECK: BarStart=2025-09-26 01:15:00 | BarEnd=2025-09-26 01:15:00 | MinutesSinceEnd=447 | Result=COMPLETE
[DEBUG] 2025-09-26 08:42:19 - Added intraday bar #29: 2025-09-26 01:15:00
[DEBUG] 2025-09-26 08:42:19 - COMPLETENESS_CHECK: BarStart=2025-09-26 01:00:00 | BarEnd=2025-09-26 01:00:00 | MinutesSinceEnd=462 | Result=COMPLETE
[DEBUG] 2025-09-26 08:42:19 - Added intraday bar #30: 2025-09-26 01:00:00
[DEBUG] 2025-09-26 08:42:19 - COMPLETENESS_CHECK: BarStart=2025-09-26 00:45:00 | BarEnd=2025-09-26 00:45:00 | MinutesSinceEnd=477 | Result=COMPLETE
[DEBUG] 2025-09-26 08:42:19 - Added intraday bar #31: 2025-09-26 00:45:00
[DEBUG] 2025-09-26 08:42:19 - COMPLETENESS_CHECK: BarStart=2025-09-26 00:30:00 | BarEnd=2025-09-26 00:30:00 | MinutesSinceEnd=492 | Result=COMPLETE
[DEBUG] 2025-09-26 08:42:19 - Added intraday bar #32: 2025-09-26 00:30:00
[DEBUG] 2025-09-26 08:42:19 - COMPLETENESS_CHECK: BarStart=2025-09-26 00:15:00 | BarEnd=2025-09-26 00:15:00 | MinutesSinceEnd=507 | Result=COMPLETE
[DEBUG] 2025-09-26 08:42:19 - Added intraday bar #33: 2025-09-26 00:15:00
[DEBUG] 2025-09-26 08:42:19 - COMPLETENESS_CHECK: BarStart=2025-09-26 00:00:00 | BarEnd=2025-09-26 00:00:00 | MinutesSinceEnd=522 | Result=COMPLETE
[DEBUG] 2025-09-26 08:42:19 - Added intraday bar #34: 2025-09-26 00:00:00
[DEBUG] 2025-09-26 08:42:19 - COMPLETENESS_CHECK: BarStart=2025-09-25 23:45:00 | BarEnd=2025-09-25 23:45:00 | MinutesSinceEnd=537 | Result=COMPLETE
[DEBUG] 2025-09-26 08:42:19 - Added intraday bar #35: 2025-09-25 23:45:00
[DEBUG] 2025-09-26 08:42:19 - COMPLETENESS_CHECK: BarStart=2025-09-25 23:30:00 | BarEnd=2025-09-25 23:30:00 | MinutesSinceEnd=552 | Result=COMPLETE
[DEBUG] 2025-09-26 08:42:19 - Added intraday bar #36: 2025-09-25 23:30:00
[DEBUG] 2025-09-26 08:42:19 - COMPLETENESS_CHECK: BarStart=2025-09-25 23:15:00 | BarEnd=2025-09-25 23:15:00 | MinutesSinceEnd=567 | Result=COMPLETE
[DEBUG] 2025-09-26 08:42:19 - Added intraday bar #37: 2025-09-25 23:15:00
[DEBUG] 2025-09-26 08:42:19 - COMPLETENESS_CHECK: BarStart=2025-09-25 23:00:00 | BarEnd=2025-09-25 23:00:00 | MinutesSinceEnd=582 | Result=COMPLETE
[DEBUG] 2025-09-26 08:42:19 - Added intraday bar #38: 2025-09-25 23:00:00
[DEBUG] 2025-09-26 08:42:19 - COMPLETENESS_CHECK: BarStart=2025-09-25 22:45:00 | BarEnd=2025-09-25 22:45:00 | MinutesSinceEnd=597 | Result=COMPLETE
[DEBUG] 2025-09-26 08:42:19 - Added intraday bar #39: 2025-09-25 22:45:00
[DEBUG] 2025-09-26 08:42:19 - COMPLETENESS_CHECK: BarStart=2025-09-25 22:30:00 | BarEnd=2025-09-25 22:30:00 | MinutesSinceEnd=612 | Result=COMPLETE
[DEBUG] 2025-09-26 08:42:19 - Added intraday bar #40: 2025-09-25 22:30:00
[DEBUG] 2025-09-26 08:42:19 - COMPLETENESS_CHECK: BarStart=2025-09-25 22:15:00 | BarEnd=2025-09-25 22:15:00 | MinutesSinceEnd=627 | Result=COMPLETE
[DEBUG] 2025-09-26 08:42:19 - Added intraday bar #41: 2025-09-25 22:15:00
[DEBUG] 2025-09-26 08:42:19 - COMPLETENESS_CHECK: BarStart=2025-09-25 22:00:00 | BarEnd=2025-09-25 22:00:00 | MinutesSinceEnd=642 | Result=COMPLETE
[DEBUG] 2025-09-26 08:42:19 - Added intraday bar #42: 2025-09-25 22:00:00
[DEBUG] 2025-09-26 08:42:19 - COMPLETENESS_CHECK: BarStart=2025-09-25 21:45:00 | BarEnd=2025-09-25 21:45:00 | MinutesSinceEnd=657 | Result=COMPLETE
[DEBUG] 2025-09-26 08:42:19 - Added intraday bar #43: 2025-09-25 21:45:00
[DEBUG] 2025-09-26 08:42:19 - COMPLETENESS_CHECK: BarStart=2025-09-25 21:30:00 | BarEnd=2025-09-25 21:30:00 | MinutesSinceEnd=672 | Result=COMPLETE
[DEBUG] 2025-09-26 08:42:19 - Added intraday bar #44: 2025-09-25 21:30:00
[DEBUG] 2025-09-26 08:42:19 - COMPLETENESS_CHECK: BarStart=2025-09-25 21:15:00 | BarEnd=2025-09-25 21:15:00 | MinutesSinceEnd=687 | Result=COMPLETE
[DEBUG] 2025-09-26 08:42:19 - Added intraday bar #45: 2025-09-25 21:15:00
[DEBUG] 2025-09-26 08:42:19 - COMPLETENESS_CHECK: BarStart=2025-09-25 21:00:00 | BarEnd=2025-09-25 21:00:00 | MinutesSinceEnd=702 | Result=COMPLETE
[DEBUG] 2025-09-26 08:42:19 - Added intraday bar #46: 2025-09-25 21:00:00
[DEBUG] 2025-09-26 08:42:19 - COMPLETENESS_CHECK: BarStart=2025-09-25 20:45:00 | BarEnd=2025-09-25 20:45:00 | MinutesSinceEnd=717 | Result=COMPLETE
[DEBUG] 2025-09-26 08:42:19 - Added intraday bar #47: 2025-09-25 20:45:00
[DEBUG] 2025-09-26 08:42:19 - COMPLETENESS_CHECK: BarStart=2025-09-25 20:30:00 | BarEnd=2025-09-25 20:30:00 | MinutesSinceEnd=732 | Result=COMPLETE
[DEBUG] 2025-09-26 08:42:19 - Added intraday bar #48: 2025-09-25 20:30:00
[DEBUG] 2025-09-26 08:42:19 - COMPLETENESS_CHECK: BarStart=2025-09-25 20:15:00 | BarEnd=2025-09-25 20:15:00 | MinutesSinceEnd=747 | Result=COMPLETE
[DEBUG] 2025-09-26 08:42:19 - Added intraday bar #49: 2025-09-25 20:15:00
[DEBUG] 2025-09-26 08:42:19 - COMPLETENESS_CHECK: BarStart=2025-09-25 20:00:00 | BarEnd=2025-09-25 20:00:00 | MinutesSinceEnd=762 | Result=COMPLETE
[DEBUG] 2025-09-26 08:42:19 - Added intraday bar #50: 2025-09-25 20:00:00
[DEBUG] 2025-09-26 08:42:19 - COMPLETENESS_CHECK: BarStart=2025-09-25 19:45:00 | BarEnd=2025-09-25 19:45:00 | MinutesSinceEnd=777 | Result=COMPLETE
[DEBUG] 2025-09-26 08:42:19 - Added intraday bar #51: 2025-09-25 19:45:00
[DEBUG] 2025-09-26 08:42:19 - COMPLETENESS_CHECK: BarStart=2025-09-25 19:30:00 | BarEnd=2025-09-25 19:30:00 | MinutesSinceEnd=792 | Result=COMPLETE
[DEBUG] 2025-09-26 08:42:19 - Added intraday bar #52: 2025-09-25 19:30:00
[DEBUG] 2025-09-26 08:42:19 - COMPLETENESS_CHECK: BarStart=2025-09-25 19:15:00 | BarEnd=2025-09-25 19:15:00 | MinutesSinceEnd=807 | Result=COMPLETE
[DEBUG] 2025-09-26 08:42:19 - Added intraday bar #53: 2025-09-25 19:15:00
[DEBUG] 2025-09-26 08:42:19 - COMPLETENESS_CHECK: BarStart=2025-09-25 19:00:00 | BarEnd=2025-09-25 19:00:00 | MinutesSinceEnd=822 | Result=COMPLETE
[DEBUG] 2025-09-26 08:42:19 - Added intraday bar #54: 2025-09-25 19:00:00
[DEBUG] 2025-09-26 08:42:19 - COMPLETENESS_CHECK: BarStart=2025-09-25 18:45:00 | BarEnd=2025-09-25 18:45:00 | MinutesSinceEnd=837 | Result=COMPLETE
[DEBUG] 2025-09-26 08:42:19 - Added intraday bar #55: 2025-09-25 18:45:00
[DEBUG] 2025-09-26 08:42:19 - COMPLETENESS_CHECK: BarStart=2025-09-25 18:30:00 | BarEnd=2025-09-25 18:30:00 | MinutesSinceEnd=852 | Result=COMPLETE
[DEBUG] 2025-09-26 08:42:19 - Added intraday bar #56: 2025-09-25 18:30:00
[DEBUG] 2025-09-26 08:42:19 - COMPLETENESS_CHECK: BarStart=2025-09-25 18:15:00 | BarEnd=2025-09-25 18:15:00 | MinutesSinceEnd=867 | Result=COMPLETE
[DEBUG] 2025-09-26 08:42:19 - Added intraday bar #57: 2025-09-25 18:15:00
[DEBUG] 2025-09-26 08:42:19 - COMPLETENESS_CHECK: BarStart=2025-09-25 18:00:00 | BarEnd=2025-09-25 18:00:00 | MinutesSinceEnd=882 | Result=COMPLETE
[DEBUG] 2025-09-26 08:42:19 - Added intraday bar #58: 2025-09-25 18:00:00
[DEBUG] 2025-09-26 08:42:19 - COMPLETENESS_CHECK: BarStart=2025-09-25 16:45:00 | BarEnd=2025-09-25 16:45:00 | MinutesSinceEnd=957 | Result=COMPLETE
[DEBUG] 2025-09-26 08:42:19 - Added intraday bar #59: 2025-09-25 16:45:00
[DEBUG] 2025-09-26 08:42:19 - COMPLETENESS_CHECK: BarStart=2025-09-25 16:30:00 | BarEnd=2025-09-25 16:30:00 | MinutesSinceEnd=972 | Result=COMPLETE
[DEBUG] 2025-09-26 08:42:19 - Added intraday bar #60: 2025-09-25 16:30:00
[DEBUG] 2025-09-26 08:42:19 - COMPLETENESS_CHECK: BarStart=2025-09-25 16:15:00 | BarEnd=2025-09-25 16:15:00 | MinutesSinceEnd=987 | Result=COMPLETE
[DEBUG] 2025-09-26 08:42:19 - Added intraday bar #61: 2025-09-25 16:15:00
[DEBUG] 2025-09-26 08:42:19 - COMPLETENESS_CHECK: BarStart=2025-09-25 16:00:00 | BarEnd=2025-09-25 16:00:00 | MinutesSinceEnd=1002 | Result=COMPLETE
[DEBUG] 2025-09-26 08:42:19 - Added intraday bar #62: 2025-09-25 16:00:00
[DEBUG] 2025-09-26 08:42:19 - COMPLETENESS_CHECK: BarStart=2025-09-25 15:45:00 | BarEnd=2025-09-25 15:45:00 | MinutesSinceEnd=1017 | Result=COMPLETE
[DEBUG] 2025-09-26 08:42:19 - Added intraday bar #63: 2025-09-25 15:45:00
[DEBUG] 2025-09-26 08:42:19 - COMPLETENESS_CHECK: BarStart=2025-09-25 15:30:00 | BarEnd=2025-09-25 15:30:00 | MinutesSinceEnd=1032 | Result=COMPLETE
[DEBUG] 2025-09-26 08:42:19 - Added intraday bar #64: 2025-09-25 15:30:00
[DEBUG] 2025-09-26 08:42:19 - COMPLETENESS_CHECK: BarStart=2025-09-25 15:15:00 | BarEnd=2025-09-25 15:15:00 | MinutesSinceEnd=1047 | Result=COMPLETE
[DEBUG] 2025-09-26 08:42:19 - Added intraday bar #65: 2025-09-25 15:15:00
[DEBUG] 2025-09-26 08:42:19 - COMPLETENESS_CHECK: BarStart=2025-09-25 15:00:00 | BarEnd=2025-09-25 15:00:00 | MinutesSinceEnd=1062 | Result=COMPLETE
[DEBUG] 2025-09-26 08:42:19 - Added intraday bar #66: 2025-09-25 15:00:00
[DEBUG] 2025-09-26 08:42:19 - COMPLETENESS_CHECK: BarStart=2025-09-25 14:45:00 | BarEnd=2025-09-25 14:45:00 | MinutesSinceEnd=1077 | Result=COMPLETE
[DEBUG] 2025-09-26 08:42:19 - Added intraday bar #67: 2025-09-25 14:45:00
[DEBUG] 2025-09-26 08:42:19 - COMPLETENESS_CHECK: BarStart=2025-09-25 14:30:00 | BarEnd=2025-09-25 14:30:00 | MinutesSinceEnd=1092 | Result=COMPLETE
[DEBUG] 2025-09-26 08:42:19 - Added intraday bar #68: 2025-09-25 14:30:00
[DEBUG] 2025-09-26 08:42:19 - COMPLETENESS_CHECK: BarStart=2025-09-25 14:15:00 | BarEnd=2025-09-25 14:15:00 | MinutesSinceEnd=1107 | Result=COMPLETE
[DEBUG] 2025-09-26 08:42:19 - Added intraday bar #69: 2025-09-25 14:15:00
[DEBUG] 2025-09-26 08:42:19 - COMPLETENESS_CHECK: BarStart=2025-09-25 14:00:00 | BarEnd=2025-09-25 14:00:00 | MinutesSinceEnd=1122 | Result=COMPLETE
[DEBUG] 2025-09-26 08:42:19 - Added intraday bar #70: 2025-09-25 14:00:00
[DEBUG] 2025-09-26 08:42:19 - COMPLETENESS_CHECK: BarStart=2025-09-25 13:45:00 | BarEnd=2025-09-25 13:45:00 | MinutesSinceEnd=1137 | Result=COMPLETE
[DEBUG] 2025-09-26 08:42:19 - Added intraday bar #71: 2025-09-25 13:45:00
[DEBUG] 2025-09-26 08:42:19 - COMPLETENESS_CHECK: BarStart=2025-09-25 13:30:00 | BarEnd=2025-09-25 13:30:00 | MinutesSinceEnd=1152 | Result=COMPLETE
[DEBUG] 2025-09-26 08:42:19 - Added intraday bar #72: 2025-09-25 13:30:00
[DEBUG] 2025-09-26 08:42:19 - COMPLETENESS_CHECK: BarStart=2025-09-25 13:15:00 | BarEnd=2025-09-25 13:15:00 | MinutesSinceEnd=1167 | Result=COMPLETE
[DEBUG] 2025-09-26 08:42:19 - Added intraday bar #73: 2025-09-25 13:15:00
[DEBUG] 2025-09-26 08:42:19 - COMPLETENESS_CHECK: BarStart=2025-09-25 13:00:00 | BarEnd=2025-09-25 13:00:00 | MinutesSinceEnd=1182 | Result=COMPLETE
[DEBUG] 2025-09-26 08:42:19 - Added intraday bar #74: 2025-09-25 13:00:00
[DEBUG] 2025-09-26 08:42:19 - COMPLETENESS_CHECK: BarStart=2025-09-25 12:45:00 | BarEnd=2025-09-25 12:45:00 | MinutesSinceEnd=1197 | Result=COMPLETE
[DEBUG] 2025-09-26 08:42:19 - Added intraday bar #75: 2025-09-25 12:45:00
[DEBUG] 2025-09-26 08:42:19 - COMPLETENESS_CHECK: BarStart=2025-09-25 12:30:00 | BarEnd=2025-09-25 12:30:00 | MinutesSinceEnd=1212 | Result=COMPLETE
[DEBUG] 2025-09-26 08:42:19 - Added intraday bar #76: 2025-09-25 12:30:00
[DEBUG] 2025-09-26 08:42:19 - COMPLETENESS_CHECK: BarStart=2025-09-25 12:15:00 | BarEnd=2025-09-25 12:15:00 | MinutesSinceEnd=1227 | Result=COMPLETE
[DEBUG] 2025-09-26 08:42:19 - Added intraday bar #77: 2025-09-25 12:15:00
[DEBUG] 2025-09-26 08:42:19 - COMPLETENESS_CHECK: BarStart=2025-09-25 12:00:00 | BarEnd=2025-09-25 12:00:00 | MinutesSinceEnd=1242 | Result=COMPLETE
[DEBUG] 2025-09-26 08:42:19 - Added intraday bar #78: 2025-09-25 12:00:00
[DEBUG] 2025-09-26 08:42:19 - COMPLETENESS_CHECK: BarStart=2025-09-25 11:45:00 | BarEnd=2025-09-25 11:45:00 | MinutesSinceEnd=1257 | Result=COMPLETE
[DEBUG] 2025-09-26 08:42:19 - Added intraday bar #79: 2025-09-25 11:45:00
[DEBUG] 2025-09-26 08:42:19 - COMPLETENESS_CHECK: BarStart=2025-09-25 11:30:00 | BarEnd=2025-09-25 11:30:00 | MinutesSinceEnd=1272 | Result=COMPLETE
[DEBUG] 2025-09-26 08:42:19 - Added intraday bar #80: 2025-09-25 11:30:00
[DEBUG] 2025-09-26 08:42:19 - COMPLETENESS_CHECK: BarStart=2025-09-25 11:15:00 | BarEnd=2025-09-25 11:15:00 | MinutesSinceEnd=1287 | Result=COMPLETE
[DEBUG] 2025-09-26 08:42:19 - Added intraday bar #81: 2025-09-25 11:15:00
[DEBUG] 2025-09-26 08:42:19 - COMPLETENESS_CHECK: BarStart=2025-09-25 11:00:00 | BarEnd=2025-09-25 11:00:00 | MinutesSinceEnd=1302 | Result=COMPLETE
[DEBUG] 2025-09-26 08:42:19 - Added intraday bar #82: 2025-09-25 11:00:00
[DEBUG] 2025-09-26 08:42:19 - COMPLETENESS_CHECK: BarStart=2025-09-25 10:45:00 | BarEnd=2025-09-25 10:45:00 | MinutesSinceEnd=1317 | Result=COMPLETE
[DEBUG] 2025-09-26 08:42:19 - Added intraday bar #83: 2025-09-25 10:45:00
[DEBUG] 2025-09-26 08:42:19 - COMPLETENESS_CHECK: BarStart=2025-09-25 10:30:00 | BarEnd=2025-09-25 10:30:00 | MinutesSinceEnd=1332 | Result=COMPLETE
[DEBUG] 2025-09-26 08:42:19 - Added intraday bar #84: 2025-09-25 10:30:00
[DEBUG] 2025-09-26 08:42:19 - COMPLETENESS_CHECK: BarStart=2025-09-25 10:15:00 | BarEnd=2025-09-25 10:15:00 | MinutesSinceEnd=1347 | Result=COMPLETE
[DEBUG] 2025-09-26 08:42:19 - Added intraday bar #85: 2025-09-25 10:15:00
[DEBUG] 2025-09-26 08:42:19 - COMPLETENESS_CHECK: BarStart=2025-09-25 10:00:00 | BarEnd=2025-09-25 10:00:00 | MinutesSinceEnd=1362 | Result=COMPLETE
[DEBUG] 2025-09-26 08:42:19 - Added intraday bar #86: 2025-09-25 10:00:00
[DEBUG] 2025-09-26 08:42:19 - COMPLETENESS_CHECK: BarStart=2025-09-25 09:45:00 | BarEnd=2025-09-25 09:45:00 | MinutesSinceEnd=1377 | Result=COMPLETE
[DEBUG] 2025-09-26 08:42:19 - Added intraday bar #87: 2025-09-25 09:45:00
[DEBUG] 2025-09-26 08:42:19 - COMPLETENESS_CHECK: BarStart=2025-09-25 09:30:00 | BarEnd=2025-09-25 09:30:00 | MinutesSinceEnd=1392 | Result=COMPLETE
[DEBUG] 2025-09-26 08:42:19 - Added intraday bar #88: 2025-09-25 09:30:00
[DEBUG] 2025-09-26 08:42:19 - COMPLETENESS_CHECK: BarStart=2025-09-25 09:15:00 | BarEnd=2025-09-25 09:15:00 | MinutesSinceEnd=1407 | Result=COMPLETE
[DEBUG] 2025-09-26 08:42:19 - Added intraday bar #89: 2025-09-25 09:15:00
[DEBUG] 2025-09-26 08:42:19 - COMPLETENESS_CHECK: BarStart=2025-09-25 09:00:00 | BarEnd=2025-09-25 09:00:00 | MinutesSinceEnd=1422 | Result=COMPLETE
[DEBUG] 2025-09-26 08:42:19 - Added intraday bar #90: 2025-09-25 09:00:00
[DEBUG] 2025-09-26 08:42:19 - COMPLETENESS_CHECK: BarStart=2025-09-25 08:45:00 | BarEnd=2025-09-25 08:45:00 | MinutesSinceEnd=1437 | Result=COMPLETE
[DEBUG] 2025-09-26 08:42:19 - Added intraday bar #91: 2025-09-25 08:45:00
[DEBUG] 2025-09-26 08:42:19 - COMPLETENESS_CHECK: BarStart=2025-09-25 08:30:00 | BarEnd=2025-09-25 08:30:00 | MinutesSinceEnd=1452 | Result=COMPLETE
[DEBUG] 2025-09-26 08:42:19 - Added intraday bar #92: 2025-09-25 08:30:00
[DEBUG] 2025-09-26 08:42:19 - COMPLETENESS_CHECK: BarStart=2025-09-25 08:15:00 | BarEnd=2025-09-25 08:15:00 | MinutesSinceEnd=1467 | Result=COMPLETE
[DEBUG] 2025-09-26 08:42:19 - Added intraday bar #93: 2025-09-25 08:15:00
[DEBUG] 2025-09-26 08:42:19 - COMPLETENESS_CHECK: BarStart=2025-09-25 08:00:00 | BarEnd=2025-09-25 08:00:00 | MinutesSinceEnd=1482 | Result=COMPLETE
[DEBUG] 2025-09-26 08:42:19 - Added intraday bar #94: 2025-09-25 08:00:00
[DEBUG] 2025-09-26 08:42:19 - COMPLETENESS_CHECK: BarStart=2025-09-25 07:45:00 | BarEnd=2025-09-25 07:45:00 | MinutesSinceEnd=1497 | Result=COMPLETE
[DEBUG] 2025-09-26 08:42:19 - Added intraday bar #95: 2025-09-25 07:45:00
[DEBUG] 2025-09-26 08:42:19 - COMPLETENESS_CHECK: BarStart=2025-09-25 07:30:00 | BarEnd=2025-09-25 07:30:00 | MinutesSinceEnd=1512 | Result=COMPLETE
[DEBUG] 2025-09-26 08:42:19 - Added intraday bar #96: 2025-09-25 07:30:00
[DEBUG] 2025-09-26 08:42:19 - COMPLETENESS_CHECK: BarStart=2025-09-25 07:15:00 | BarEnd=2025-09-25 07:15:00 | MinutesSinceEnd=1527 | Result=COMPLETE
[DEBUG] 2025-09-26 08:42:19 - Added intraday bar #97: 2025-09-25 07:15:00
[DEBUG] 2025-09-26 08:42:19 - COMPLETENESS_CHECK: BarStart=2025-09-25 07:00:00 | BarEnd=2025-09-25 07:00:00 | MinutesSinceEnd=1542 | Result=COMPLETE
[DEBUG] 2025-09-26 08:42:19 - Added intraday bar #98: 2025-09-25 07:00:00
[DEBUG] 2025-09-26 08:42:19 - COMPLETENESS_CHECK: BarStart=2025-09-25 06:45:00 | BarEnd=2025-09-25 06:45:00 | MinutesSinceEnd=1557 | Result=COMPLETE
[DEBUG] 2025-09-26 08:42:19 - Added intraday bar #99: 2025-09-25 06:45:00
[INFO] 2025-09-26 08:42:19 - Applied intraday timestamp/OHLCV correction - using 99 bars
[DEBUG] 2025-09-26 08:42:19 - First 5 final processed bars:
[DEBUG] 2025-09-26 08:42:19 - FinalBar[0] = 2025-09-26 08:15:00 | O:3781.900000 H:3783.700000 L:3779.100000 C:3779.600000
[DEBUG] 2025-09-26 08:42:19 - FinalBar[1] = 2025-09-26 08:00:00 | O:3778.800000 H:3783.100000 L:3778.300000 C:3781.900000
[DEBUG] 2025-09-26 08:42:19 - FinalBar[2] = 2025-09-26 07:45:00 | O:3782.300000 H:3782.600000 L:3778.600000 C:3778.700000
[DEBUG] 2025-09-26 08:42:19 - FinalBar[3] = 2025-09-26 07:30:00 | O:3781.400000 H:3783.100000 L:3780.500000 C:3782.300000
[DEBUG] 2025-09-26 08:42:19 - FinalBar[4] = 2025-09-26 07:15:00 | O:3776.500000 H:3781.800000 L:3776.000000 C:3781.400000
[SUCCESS] 2025-09-26 08:42:19 - Successfully parsed 99 complete bars
