[INFO] 2025-09-26 03:54:46 - Fetching 100 30Min bars for symbol: QGC#
[DEBUG] 2025-09-26 03:54:46 - Sending command: HIX,QGC#,1800,100,0,HIST_QGC#_30Min,100,s,1

[DEBUG] 2025-09-26 03:54:47 - Raw response received (8259 characters)
[DEBUG] 2025-09-26 03:54:47 - Parsing historical data response...
[DEBUG] 2025-09-26 03:54:47 - First 5 lines of raw response:
[DEBUG] 2025-09-26 03:54:47 - Raw Line 0: HIST_QGC#_30Min,LH,2025-09-26 03:30:00,3779.0,3773.8,3774.6,3777.6,45514,1942,0,
[DEBUG] 2025-09-26 03:54:47 - Raw Line 1: HIST_QGC#_30Min,LH,2025-09-26 03:00:00,3775.3,3768.8,3773.2,3774.6,43137,3834,0,
[DEBUG] 2025-09-26 03:54:47 - Raw Line 2: HIST_QGC#_30Min,LH,2025-09-26 02:30:00,3783.1,3772.1,3781.9,3773.3,38676,3192,0,
[DEBUG] 2025-09-26 03:54:47 - Raw Line 3: HIST_QGC#_30Min,LH,2025-09-26 02:00:00,3784.4,3771.0,3771.3,3782.0,35132,3946,0,
[DEBUG] 2025-09-26 03:54:47 - Raw Line 4: HIST_QGC#_30Min,LH,2025-09-26 01:30:00,3779.4,3771.3,3776.1,3771.6,31120,1668,0,
[DEBUG] 2025-09-26 03:54:47 - Last 5 lines of raw response:
[DEBUG] 2025-09-26 03:54:47 - Raw Line 95: HIST_QGC#_30Min,LH,2025-09-24 02:00:00,3809.3,3801.9,3808.0,3804.1,47742,2976,0,
[DEBUG] 2025-09-26 03:54:47 - Raw Line 96: HIST_QGC#_30Min,LH,2025-09-24 01:30:00,3809.5,3803.7,3804.4,3808.0,44652,4167,0,
[DEBUG] 2025-09-26 03:54:47 - Raw Line 97: HIST_QGC#_30Min,LH,2025-09-24 01:00:00,3805.8,3800.1,3800.6,3804.5,40446,2894,0,
[DEBUG] 2025-09-26 03:54:47 - Raw Line 98: HIST_QGC#_30Min,LH,2025-09-24 00:30:00,3800.7,3796.8,3796.9,3800.6,37414,1645,0,
[DEBUG] 2025-09-26 03:54:47 - Raw Line 99: HIST_QGC#_30Min,LH,2025-09-24 00:00:00,3800.6,3795.4,3798.4,3797.1,35767,3056,0,
[DEBUG] 2025-09-26 03:54:47 - Parsed bar - StartTime: 2025-09-26 03:30:00 | O:3774.600000 H:3779.000000 L:3773.800000 C:3777.600000
[DEBUG] 2025-09-26 03:54:47 - Parsed bar - StartTime: 2025-09-26 03:00:00 | O:3773.200000 H:3775.300000 L:3768.800000 C:3774.600000
[DEBUG] 2025-09-26 03:54:47 - Parsed bar - StartTime: 2025-09-26 02:30:00 | O:3781.900000 H:3783.100000 L:3772.100000 C:3773.300000
[DEBUG] 2025-09-26 03:54:47 - Parsed bar - StartTime: 2025-09-26 02:00:00 | O:3771.300000 H:3784.400000 L:3771.000000 C:3782.000000
[DEBUG] 2025-09-26 03:54:47 - Parsed bar - StartTime: 2025-09-26 01:30:00 | O:3776.100000 H:3779.400000 L:3771.300000 C:3771.600000
[DEBUG] 2025-09-26 03:54:47 - Parsed bar - StartTime: 2025-09-26 01:00:00 | O:3777.000000 H:3777.500000 L:3774.100000 C:3776.300000
[DEBUG] 2025-09-26 03:54:47 - Parsed bar - StartTime: 2025-09-26 00:30:00 | O:3774.100000 H:3777.200000 L:3774.000000 C:3777.100000
[DEBUG] 2025-09-26 03:54:47 - Parsed bar - StartTime: 2025-09-26 00:00:00 | O:3775.100000 H:3776.700000 L:3774.000000 C:3774.100000
[DEBUG] 2025-09-26 03:54:47 - Parsed bar - StartTime: 2025-09-25 23:30:00 | O:3771.800000 H:3775.500000 L:3771.800000 C:3774.800000
[DEBUG] 2025-09-26 03:54:47 - Parsed bar - StartTime: 2025-09-25 23:00:00 | O:3767.800000 H:3772.200000 L:3764.000000 C:3771.900000
[DEBUG] 2025-09-26 03:54:47 - Parsed bar - StartTime: 2025-09-25 22:30:00 | O:3770.700000 H:3772.500000 L:3767.100000 C:3767.800000
[DEBUG] 2025-09-26 03:54:47 - Parsed bar - StartTime: 2025-09-25 22:00:00 | O:3768.400000 H:3770.700000 L:3767.200000 C:3770.700000
[DEBUG] 2025-09-26 03:54:47 - Parsed bar - StartTime: 2025-09-25 21:30:00 | O:3770.900000 H:3774.000000 L:3767.300000 C:3768.600000
[DEBUG] 2025-09-26 03:54:47 - Parsed bar - StartTime: 2025-09-25 21:00:00 | O:3779.300000 H:3783.500000 L:3768.200000 C:3771.000000
[DEBUG] 2025-09-26 03:54:47 - Parsed bar - StartTime: 2025-09-25 20:30:00 | O:3771.800000 H:3779.300000 L:3771.200000 C:3779.200000
[DEBUG] 2025-09-26 03:54:47 - Parsed bar - StartTime: 2025-09-25 20:00:00 | O:3775.000000 H:3779.100000 L:3770.000000 C:3772.000000
[DEBUG] 2025-09-26 03:54:47 - Parsed bar - StartTime: 2025-09-25 19:30:00 | O:3773.500000 H:3776.000000 L:3770.300000 C:3775.000000
[DEBUG] 2025-09-26 03:54:47 - Parsed bar - StartTime: 2025-09-25 19:00:00 | O:3779.900000 H:3780.900000 L:3768.500000 C:3773.700000
[DEBUG] 2025-09-26 03:54:47 - Parsed bar - StartTime: 2025-09-25 18:30:00 | O:3780.300000 H:3782.400000 L:3779.100000 C:3779.600000
[DEBUG] 2025-09-26 03:54:47 - Parsed bar - StartTime: 2025-09-25 18:00:00 | O:3781.500000 H:3782.400000 L:3777.200000 C:3780.300000
[DEBUG] 2025-09-26 03:54:47 - Parsed bar - StartTime: 2025-09-25 16:30:00 | O:3780.200000 H:3783.900000 L:3780.200000 C:3780.500000
[DEBUG] 2025-09-26 03:54:47 - Parsed bar - StartTime: 2025-09-25 16:00:00 | O:3777.500000 H:3782.000000 L:3776.900000 C:3780.100000
[DEBUG] 2025-09-26 03:54:47 - Parsed bar - StartTime: 2025-09-25 15:30:00 | O:3783.400000 H:3783.900000 L:3776.000000 C:3777.500000
[DEBUG] 2025-09-26 03:54:47 - Parsed bar - StartTime: 2025-09-25 15:00:00 | O:3786.400000 H:3788.200000 L:3782.400000 C:3783.400000
[DEBUG] 2025-09-26 03:54:47 - Parsed bar - StartTime: 2025-09-25 14:30:00 | O:3781.500000 H:3789.500000 L:3780.000000 C:3786.400000
[DEBUG] 2025-09-26 03:54:47 - Parsed bar - StartTime: 2025-09-25 14:00:00 | O:3773.000000 H:3782.100000 L:3767.500000 C:3781.500000
[DEBUG] 2025-09-26 03:54:47 - Parsed bar - StartTime: 2025-09-25 13:30:00 | O:3770.900000 H:3775.600000 L:3769.200000 C:3772.900000
[DEBUG] 2025-09-26 03:54:47 - Parsed bar - StartTime: 2025-09-25 13:00:00 | O:3763.900000 H:3774.300000 L:3762.500000 C:3770.900000
[DEBUG] 2025-09-26 03:54:47 - Parsed bar - StartTime: 2025-09-25 12:30:00 | O:3767.900000 H:3769.000000 L:3762.800000 C:3764.000000
[DEBUG] 2025-09-26 03:54:47 - Parsed bar - StartTime: 2025-09-25 12:00:00 | O:3766.900000 H:3772.800000 L:3765.500000 C:3768.000000
[DEBUG] 2025-09-26 03:54:47 - Parsed bar - StartTime: 2025-09-25 11:30:00 | O:3761.000000 H:3767.400000 L:3759.600000 C:3766.900000
[DEBUG] 2025-09-26 03:54:47 - Parsed bar - StartTime: 2025-09-25 11:00:00 | O:3762.400000 H:3769.400000 L:3758.600000 C:3761.100000
[DEBUG] 2025-09-26 03:54:47 - Parsed bar - StartTime: 2025-09-25 10:30:00 | O:3763.500000 H:3764.100000 L:3753.400000 C:3762.200000
[DEBUG] 2025-09-26 03:54:47 - Parsed bar - StartTime: 2025-09-25 10:00:00 | O:3764.100000 H:3767.000000 L:3755.100000 C:3763.700000
[DEBUG] 2025-09-26 03:54:47 - Parsed bar - StartTime: 2025-09-25 09:30:00 | O:3772.600000 H:3773.600000 L:3751.900000 C:3764.000000
[DEBUG] 2025-09-26 03:54:47 - Parsed bar - StartTime: 2025-09-25 09:00:00 | O:3769.200000 H:3776.200000 L:3763.600000 C:3772.300000
[DEBUG] 2025-09-26 03:54:47 - Parsed bar - StartTime: 2025-09-25 08:30:00 | O:3784.700000 H:3784.700000 L:3760.800000 C:3769.200000
[DEBUG] 2025-09-26 03:54:47 - Parsed bar - StartTime: 2025-09-25 08:00:00 | O:3783.700000 H:3787.000000 L:3780.200000 C:3785.500000
[DEBUG] 2025-09-26 03:54:47 - Parsed bar - StartTime: 2025-09-25 07:30:00 | O:3780.700000 H:3784.900000 L:3779.500000 C:3784.000000
[DEBUG] 2025-09-26 03:54:47 - Parsed bar - StartTime: 2025-09-25 07:00:00 | O:3788.200000 H:3788.500000 L:3771.000000 C:3780.700000
[DEBUG] 2025-09-26 03:54:47 - Parsed bar - StartTime: 2025-09-25 06:30:00 | O:3787.600000 H:3791.700000 L:3785.800000 C:3788.200000
[DEBUG] 2025-09-26 03:54:47 - Parsed bar - StartTime: 2025-09-25 06:00:00 | O:3787.100000 H:3789.600000 L:3785.800000 C:3787.500000
[DEBUG] 2025-09-26 03:54:47 - Parsed bar - StartTime: 2025-09-25 05:30:00 | O:3780.700000 H:3791.500000 L:3780.400000 C:3787.100000
[DEBUG] 2025-09-26 03:54:47 - Parsed bar - StartTime: 2025-09-25 05:00:00 | O:3786.700000 H:3787.400000 L:3780.100000 C:3780.700000
[DEBUG] 2025-09-26 03:54:47 - Parsed bar - StartTime: 2025-09-25 04:30:00 | O:3787.600000 H:3787.800000 L:3781.600000 C:3786.700000
[DEBUG] 2025-09-26 03:54:47 - Parsed bar - StartTime: 2025-09-25 04:00:00 | O:3782.600000 H:3792.300000 L:3781.300000 C:3787.500000
[DEBUG] 2025-09-26 03:54:47 - Parsed bar - StartTime: 2025-09-25 03:30:00 | O:3775.200000 H:3785.600000 L:3773.300000 C:3782.500000
[DEBUG] 2025-09-26 03:54:47 - Parsed bar - StartTime: 2025-09-25 03:00:00 | O:3771.800000 H:3776.500000 L:3770.500000 C:3775.500000
[DEBUG] 2025-09-26 03:54:47 - Parsed bar - StartTime: 2025-09-25 02:30:00 | O:3775.600000 H:3776.800000 L:3770.500000 C:3771.700000
[DEBUG] 2025-09-26 03:54:47 - Parsed bar - StartTime: 2025-09-25 02:00:00 | O:3769.200000 H:3778.700000 L:3768.200000 C:3775.600000
[DEBUG] 2025-09-26 03:54:47 - Parsed bar - StartTime: 2025-09-25 01:30:00 | O:3766.600000 H:3771.400000 L:3765.600000 C:3768.800000
[DEBUG] 2025-09-26 03:54:47 - Parsed bar - StartTime: 2025-09-25 01:00:00 | O:3768.100000 H:3768.600000 L:3764.100000 C:3766.700000
[DEBUG] 2025-09-26 03:54:47 - Parsed bar - StartTime: 2025-09-25 00:30:00 | O:3764.100000 H:3770.700000 L:3763.700000 C:3768.100000
[DEBUG] 2025-09-26 03:54:47 - Parsed bar - StartTime: 2025-09-25 00:00:00 | O:3767.200000 H:3767.200000 L:3762.200000 C:3764.300000
[DEBUG] 2025-09-26 03:54:47 - Parsed bar - StartTime: 2025-09-24 23:30:00 | O:3766.200000 H:3769.700000 L:3764.700000 C:3767.000000
[DEBUG] 2025-09-26 03:54:47 - Parsed bar - StartTime: 2025-09-24 23:00:00 | O:3770.300000 H:3770.400000 L:3765.000000 C:3766.200000
[DEBUG] 2025-09-26 03:54:47 - Parsed bar - StartTime: 2025-09-24 22:30:00 | O:3766.000000 H:3773.100000 L:3766.000000 C:3770.300000
[DEBUG] 2025-09-26 03:54:47 - Parsed bar - StartTime: 2025-09-24 22:00:00 | O:3766.600000 H:3767.200000 L:3760.500000 C:3766.000000
[DEBUG] 2025-09-26 03:54:47 - Parsed bar - StartTime: 2025-09-24 21:30:00 | O:3775.300000 H:3775.500000 L:3763.900000 C:3766.800000
[DEBUG] 2025-09-26 03:54:47 - Parsed bar - StartTime: 2025-09-24 21:00:00 | O:3779.700000 H:3781.400000 L:3771.600000 C:3775.400000
[DEBUG] 2025-09-26 03:54:47 - Parsed bar - StartTime: 2025-09-24 20:30:00 | O:3781.100000 H:3782.200000 L:3777.200000 C:3779.800000
[DEBUG] 2025-09-26 03:54:47 - Parsed bar - StartTime: 2025-09-24 20:00:00 | O:3774.300000 H:3782.000000 L:3772.800000 C:3781.000000
[DEBUG] 2025-09-26 03:54:47 - Parsed bar - StartTime: 2025-09-24 19:30:00 | O:3771.100000 H:3776.700000 L:3771.100000 C:3774.500000
[DEBUG] 2025-09-26 03:54:47 - Parsed bar - StartTime: 2025-09-24 19:00:00 | O:3772.500000 H:3773.700000 L:3770.500000 C:3770.900000
[DEBUG] 2025-09-26 03:54:47 - Parsed bar - StartTime: 2025-09-24 18:30:00 | O:3776.100000 H:3776.100000 L:3771.000000 C:3772.700000
[DEBUG] 2025-09-26 03:54:47 - Parsed bar - StartTime: 2025-09-24 18:00:00 | O:3768.300000 H:3776.600000 L:3767.000000 C:3776.100000
[DEBUG] 2025-09-26 03:54:47 - Parsed bar - StartTime: 2025-09-24 16:30:00 | O:3763.900000 H:3770.000000 L:3763.700000 C:3768.500000
[DEBUG] 2025-09-26 03:54:47 - Parsed bar - StartTime: 2025-09-24 16:00:00 | O:3762.400000 H:3764.800000 L:3762.300000 C:3764.000000
[DEBUG] 2025-09-26 03:54:47 - Parsed bar - StartTime: 2025-09-24 15:30:00 | O:3750.800000 H:3764.000000 L:3750.800000 C:3762.500000
[DEBUG] 2025-09-26 03:54:47 - Parsed bar - StartTime: 2025-09-24 15:00:00 | O:3757.100000 H:3757.200000 L:3749.700000 C:3750.900000
[DEBUG] 2025-09-26 03:54:47 - Parsed bar - StartTime: 2025-09-24 14:30:00 | O:3762.600000 H:3764.900000 L:3755.600000 C:3757.000000
[DEBUG] 2025-09-26 03:54:47 - Parsed bar - StartTime: 2025-09-24 14:00:00 | O:3766.600000 H:3767.500000 L:3760.100000 C:3762.600000
[DEBUG] 2025-09-26 03:54:47 - Parsed bar - StartTime: 2025-09-24 13:30:00 | O:3768.300000 H:3768.700000 L:3765.700000 C:3766.600000
[DEBUG] 2025-09-26 03:54:47 - Parsed bar - StartTime: 2025-09-24 13:00:00 | O:3768.400000 H:3772.400000 L:3766.800000 C:3768.400000
[DEBUG] 2025-09-26 03:54:47 - Parsed bar - StartTime: 2025-09-24 12:30:00 | O:3775.200000 H:3776.200000 L:3764.500000 C:3768.300000
[DEBUG] 2025-09-26 03:54:47 - Parsed bar - StartTime: 2025-09-24 12:00:00 | O:3774.200000 H:3778.400000 L:3770.100000 C:3775.300000
[DEBUG] 2025-09-26 03:54:47 - Parsed bar - StartTime: 2025-09-24 11:30:00 | O:3784.200000 H:3784.800000 L:3772.600000 C:3774.100000
[DEBUG] 2025-09-26 03:54:47 - Parsed bar - StartTime: 2025-09-24 11:00:00 | O:3784.900000 H:3790.000000 L:3784.000000 C:3784.200000
[DEBUG] 2025-09-26 03:54:47 - Parsed bar - StartTime: 2025-09-24 10:30:00 | O:3790.900000 H:3792.400000 L:3782.000000 C:3784.800000
[DEBUG] 2025-09-26 03:54:47 - Parsed bar - StartTime: 2025-09-24 10:00:00 | O:3794.700000 H:3798.400000 L:3785.400000 C:3790.900000
[DEBUG] 2025-09-26 03:54:47 - Parsed bar - StartTime: 2025-09-24 09:30:00 | O:3800.500000 H:3801.500000 L:3791.800000 C:3794.500000
[DEBUG] 2025-09-26 03:54:47 - Parsed bar - StartTime: 2025-09-24 09:00:00 | O:3800.900000 H:3806.400000 L:3799.500000 C:3800.500000
[DEBUG] 2025-09-26 03:54:47 - Parsed bar - StartTime: 2025-09-24 08:30:00 | O:3800.500000 H:3803.400000 L:3796.800000 C:3801.000000
[DEBUG] 2025-09-26 03:54:47 - Parsed bar - StartTime: 2025-09-24 08:00:00 | O:3802.200000 H:3804.700000 L:3797.600000 C:3800.700000
[DEBUG] 2025-09-26 03:54:47 - Parsed bar - StartTime: 2025-09-24 07:30:00 | O:3798.200000 H:3802.900000 L:3797.200000 C:3802.200000
[DEBUG] 2025-09-26 03:54:47 - Parsed bar - StartTime: 2025-09-24 07:00:00 | O:3795.100000 H:3799.200000 L:3792.500000 C:3798.300000
[DEBUG] 2025-09-26 03:54:47 - Parsed bar - StartTime: 2025-09-24 06:30:00 | O:3797.000000 H:3798.400000 L:3793.100000 C:3795.000000
[DEBUG] 2025-09-26 03:54:47 - Parsed bar - StartTime: 2025-09-24 06:00:00 | O:3801.400000 H:3801.700000 L:3792.400000 C:3797.000000
[DEBUG] 2025-09-26 03:54:47 - Parsed bar - StartTime: 2025-09-24 05:30:00 | O:3800.200000 H:3802.000000 L:3795.900000 C:3801.400000
[DEBUG] 2025-09-26 03:54:47 - Parsed bar - StartTime: 2025-09-24 05:00:00 | O:3802.500000 H:3804.300000 L:3799.400000 C:3800.100000
[DEBUG] 2025-09-26 03:54:47 - Parsed bar - StartTime: 2025-09-24 04:30:00 | O:3803.200000 H:3804.400000 L:3799.700000 C:3802.700000
[DEBUG] 2025-09-26 03:54:47 - Parsed bar - StartTime: 2025-09-24 04:00:00 | O:3810.900000 H:3811.300000 L:3803.200000 C:3803.300000
[DEBUG] 2025-09-26 03:54:47 - Parsed bar - StartTime: 2025-09-24 03:30:00 | O:3808.300000 H:3812.600000 L:3807.000000 C:3810.900000
[DEBUG] 2025-09-26 03:54:47 - Parsed bar - StartTime: 2025-09-24 03:00:00 | O:3804.400000 H:3810.300000 L:3803.700000 C:3808.400000
[DEBUG] 2025-09-26 03:54:47 - Parsed bar - StartTime: 2025-09-24 02:30:00 | O:3804.200000 H:3808.300000 L:3802.900000 C:3804.400000
[DEBUG] 2025-09-26 03:54:47 - Parsed bar - StartTime: 2025-09-24 02:00:00 | O:3808.000000 H:3809.300000 L:3801.900000 C:3804.100000
[DEBUG] 2025-09-26 03:54:47 - Parsed bar - StartTime: 2025-09-24 01:30:00 | O:3804.400000 H:3809.500000 L:3803.700000 C:3808.000000
[DEBUG] 2025-09-26 03:54:47 - Parsed bar - StartTime: 2025-09-24 01:00:00 | O:3800.600000 H:3805.800000 L:3800.100000 C:3804.500000
[DEBUG] 2025-09-26 03:54:47 - Parsed bar - StartTime: 2025-09-24 00:30:00 | O:3796.900000 H:3800.700000 L:3796.800000 C:3800.600000
[DEBUG] 2025-09-26 03:54:47 - Parsed bar - StartTime: 2025-09-24 00:00:00 | O:3798.400000 H:3800.600000 L:3795.400000 C:3797.100000
[DEBUG] 2025-09-26 03:54:47 - First 3 parsed bars:
[DEBUG] 2025-09-26 03:54:47 - ParsedBar[0] = 2025-09-26 03:30:00 OHLCV: 3774.600000/3779.000000/3773.800000/3777.600000/45514
[DEBUG] 2025-09-26 03:54:47 - ParsedBar[1] = 2025-09-26 03:00:00 OHLCV: 3773.200000/3775.300000/3768.800000/3774.600000/43137
[DEBUG] 2025-09-26 03:54:47 - ParsedBar[2] = 2025-09-26 02:30:00 OHLCV: 3781.900000/3783.100000/3772.100000/3773.300000/38676
[DEBUG] 2025-09-26 03:54:47 - COMPLETENESS_CHECK: BarStart=2025-09-26 03:00:00 | BarEnd=2025-09-26 03:00:00 | MinutesSinceEnd=54 | Result=COMPLETE
[DEBUG] 2025-09-26 03:54:47 - Added corrected intraday bar: 2025-09-26 03:00:00 (timestamp from line 0, OHLCV from line 1)
[DEBUG] 2025-09-26 03:54:47 - COMPLETENESS_CHECK: BarStart=2025-09-26 02:30:00 | BarEnd=2025-09-26 02:30:00 | MinutesSinceEnd=84 | Result=COMPLETE
[DEBUG] 2025-09-26 03:54:47 - Added intraday bar #2: 2025-09-26 02:30:00
[DEBUG] 2025-09-26 03:54:47 - COMPLETENESS_CHECK: BarStart=2025-09-26 02:00:00 | BarEnd=2025-09-26 02:00:00 | MinutesSinceEnd=114 | Result=COMPLETE
[DEBUG] 2025-09-26 03:54:47 - Added intraday bar #3: 2025-09-26 02:00:00
[DEBUG] 2025-09-26 03:54:47 - COMPLETENESS_CHECK: BarStart=2025-09-26 01:30:00 | BarEnd=2025-09-26 01:30:00 | MinutesSinceEnd=144 | Result=COMPLETE
[DEBUG] 2025-09-26 03:54:47 - Added intraday bar #4: 2025-09-26 01:30:00
[DEBUG] 2025-09-26 03:54:47 - COMPLETENESS_CHECK: BarStart=2025-09-26 01:00:00 | BarEnd=2025-09-26 01:00:00 | MinutesSinceEnd=174 | Result=COMPLETE
[DEBUG] 2025-09-26 03:54:47 - Added intraday bar #5: 2025-09-26 01:00:00
[DEBUG] 2025-09-26 03:54:47 - COMPLETENESS_CHECK: BarStart=2025-09-26 00:30:00 | BarEnd=2025-09-26 00:30:00 | MinutesSinceEnd=204 | Result=COMPLETE
[DEBUG] 2025-09-26 03:54:47 - Added intraday bar #6: 2025-09-26 00:30:00
[DEBUG] 2025-09-26 03:54:47 - COMPLETENESS_CHECK: BarStart=2025-09-26 00:00:00 | BarEnd=2025-09-26 00:00:00 | MinutesSinceEnd=234 | Result=COMPLETE
[DEBUG] 2025-09-26 03:54:47 - Added intraday bar #7: 2025-09-26 00:00:00
[DEBUG] 2025-09-26 03:54:47 - COMPLETENESS_CHECK: BarStart=2025-09-25 23:30:00 | BarEnd=2025-09-25 23:30:00 | MinutesSinceEnd=264 | Result=COMPLETE
[DEBUG] 2025-09-26 03:54:47 - Added intraday bar #8: 2025-09-25 23:30:00
[DEBUG] 2025-09-26 03:54:47 - COMPLETENESS_CHECK: BarStart=2025-09-25 23:00:00 | BarEnd=2025-09-25 23:00:00 | MinutesSinceEnd=294 | Result=COMPLETE
[DEBUG] 2025-09-26 03:54:47 - Added intraday bar #9: 2025-09-25 23:00:00
[DEBUG] 2025-09-26 03:54:47 - COMPLETENESS_CHECK: BarStart=2025-09-25 22:30:00 | BarEnd=2025-09-25 22:30:00 | MinutesSinceEnd=324 | Result=COMPLETE
[DEBUG] 2025-09-26 03:54:47 - Added intraday bar #10: 2025-09-25 22:30:00
[DEBUG] 2025-09-26 03:54:47 - COMPLETENESS_CHECK: BarStart=2025-09-25 22:00:00 | BarEnd=2025-09-25 22:00:00 | MinutesSinceEnd=354 | Result=COMPLETE
[DEBUG] 2025-09-26 03:54:47 - Added intraday bar #11: 2025-09-25 22:00:00
[DEBUG] 2025-09-26 03:54:47 - COMPLETENESS_CHECK: BarStart=2025-09-25 21:30:00 | BarEnd=2025-09-25 21:30:00 | MinutesSinceEnd=384 | Result=COMPLETE
[DEBUG] 2025-09-26 03:54:47 - Added intraday bar #12: 2025-09-25 21:30:00
[DEBUG] 2025-09-26 03:54:47 - COMPLETENESS_CHECK: BarStart=2025-09-25 21:00:00 | BarEnd=2025-09-25 21:00:00 | MinutesSinceEnd=414 | Result=COMPLETE
[DEBUG] 2025-09-26 03:54:47 - Added intraday bar #13: 2025-09-25 21:00:00
[DEBUG] 2025-09-26 03:54:47 - COMPLETENESS_CHECK: BarStart=2025-09-25 20:30:00 | BarEnd=2025-09-25 20:30:00 | MinutesSinceEnd=444 | Result=COMPLETE
[DEBUG] 2025-09-26 03:54:47 - Added intraday bar #14: 2025-09-25 20:30:00
[DEBUG] 2025-09-26 03:54:47 - COMPLETENESS_CHECK: BarStart=2025-09-25 20:00:00 | BarEnd=2025-09-25 20:00:00 | MinutesSinceEnd=474 | Result=COMPLETE
[DEBUG] 2025-09-26 03:54:47 - Added intraday bar #15: 2025-09-25 20:00:00
[DEBUG] 2025-09-26 03:54:47 - COMPLETENESS_CHECK: BarStart=2025-09-25 19:30:00 | BarEnd=2025-09-25 19:30:00 | MinutesSinceEnd=504 | Result=COMPLETE
[DEBUG] 2025-09-26 03:54:47 - Added intraday bar #16: 2025-09-25 19:30:00
[DEBUG] 2025-09-26 03:54:47 - COMPLETENESS_CHECK: BarStart=2025-09-25 19:00:00 | BarEnd=2025-09-25 19:00:00 | MinutesSinceEnd=534 | Result=COMPLETE
[DEBUG] 2025-09-26 03:54:47 - Added intraday bar #17: 2025-09-25 19:00:00
[DEBUG] 2025-09-26 03:54:47 - COMPLETENESS_CHECK: BarStart=2025-09-25 18:30:00 | BarEnd=2025-09-25 18:30:00 | MinutesSinceEnd=564 | Result=COMPLETE
[DEBUG] 2025-09-26 03:54:47 - Added intraday bar #18: 2025-09-25 18:30:00
[DEBUG] 2025-09-26 03:54:47 - COMPLETENESS_CHECK: BarStart=2025-09-25 18:00:00 | BarEnd=2025-09-25 18:00:00 | MinutesSinceEnd=594 | Result=COMPLETE
[DEBUG] 2025-09-26 03:54:47 - Added intraday bar #19: 2025-09-25 18:00:00
[DEBUG] 2025-09-26 03:54:47 - COMPLETENESS_CHECK: BarStart=2025-09-25 16:30:00 | BarEnd=2025-09-25 16:30:00 | MinutesSinceEnd=684 | Result=COMPLETE
[DEBUG] 2025-09-26 03:54:47 - Added intraday bar #20: 2025-09-25 16:30:00
[DEBUG] 2025-09-26 03:54:47 - COMPLETENESS_CHECK: BarStart=2025-09-25 16:00:00 | BarEnd=2025-09-25 16:00:00 | MinutesSinceEnd=714 | Result=COMPLETE
[DEBUG] 2025-09-26 03:54:47 - Added intraday bar #21: 2025-09-25 16:00:00
[DEBUG] 2025-09-26 03:54:47 - COMPLETENESS_CHECK: BarStart=2025-09-25 15:30:00 | BarEnd=2025-09-25 15:30:00 | MinutesSinceEnd=744 | Result=COMPLETE
[DEBUG] 2025-09-26 03:54:47 - Added intraday bar #22: 2025-09-25 15:30:00
[DEBUG] 2025-09-26 03:54:47 - COMPLETENESS_CHECK: BarStart=2025-09-25 15:00:00 | BarEnd=2025-09-25 15:00:00 | MinutesSinceEnd=774 | Result=COMPLETE
[DEBUG] 2025-09-26 03:54:47 - Added intraday bar #23: 2025-09-25 15:00:00
[DEBUG] 2025-09-26 03:54:47 - COMPLETENESS_CHECK: BarStart=2025-09-25 14:30:00 | BarEnd=2025-09-25 14:30:00 | MinutesSinceEnd=804 | Result=COMPLETE
[DEBUG] 2025-09-26 03:54:47 - Added intraday bar #24: 2025-09-25 14:30:00
[DEBUG] 2025-09-26 03:54:47 - COMPLETENESS_CHECK: BarStart=2025-09-25 14:00:00 | BarEnd=2025-09-25 14:00:00 | MinutesSinceEnd=834 | Result=COMPLETE
[DEBUG] 2025-09-26 03:54:47 - Added intraday bar #25: 2025-09-25 14:00:00
[DEBUG] 2025-09-26 03:54:47 - COMPLETENESS_CHECK: BarStart=2025-09-25 13:30:00 | BarEnd=2025-09-25 13:30:00 | MinutesSinceEnd=864 | Result=COMPLETE
[DEBUG] 2025-09-26 03:54:47 - Added intraday bar #26: 2025-09-25 13:30:00
[DEBUG] 2025-09-26 03:54:47 - COMPLETENESS_CHECK: BarStart=2025-09-25 13:00:00 | BarEnd=2025-09-25 13:00:00 | MinutesSinceEnd=894 | Result=COMPLETE
[DEBUG] 2025-09-26 03:54:47 - Added intraday bar #27: 2025-09-25 13:00:00
[DEBUG] 2025-09-26 03:54:47 - COMPLETENESS_CHECK: BarStart=2025-09-25 12:30:00 | BarEnd=2025-09-25 12:30:00 | MinutesSinceEnd=924 | Result=COMPLETE
[DEBUG] 2025-09-26 03:54:47 - Added intraday bar #28: 2025-09-25 12:30:00
[DEBUG] 2025-09-26 03:54:47 - COMPLETENESS_CHECK: BarStart=2025-09-25 12:00:00 | BarEnd=2025-09-25 12:00:00 | MinutesSinceEnd=954 | Result=COMPLETE
[DEBUG] 2025-09-26 03:54:47 - Added intraday bar #29: 2025-09-25 12:00:00
[DEBUG] 2025-09-26 03:54:47 - COMPLETENESS_CHECK: BarStart=2025-09-25 11:30:00 | BarEnd=2025-09-25 11:30:00 | MinutesSinceEnd=984 | Result=COMPLETE
[DEBUG] 2025-09-26 03:54:47 - Added intraday bar #30: 2025-09-25 11:30:00
[DEBUG] 2025-09-26 03:54:47 - COMPLETENESS_CHECK: BarStart=2025-09-25 11:00:00 | BarEnd=2025-09-25 11:00:00 | MinutesSinceEnd=1014 | Result=COMPLETE
[DEBUG] 2025-09-26 03:54:47 - Added intraday bar #31: 2025-09-25 11:00:00
[DEBUG] 2025-09-26 03:54:47 - COMPLETENESS_CHECK: BarStart=2025-09-25 10:30:00 | BarEnd=2025-09-25 10:30:00 | MinutesSinceEnd=1044 | Result=COMPLETE
[DEBUG] 2025-09-26 03:54:47 - Added intraday bar #32: 2025-09-25 10:30:00
[DEBUG] 2025-09-26 03:54:47 - COMPLETENESS_CHECK: BarStart=2025-09-25 10:00:00 | BarEnd=2025-09-25 10:00:00 | MinutesSinceEnd=1074 | Result=COMPLETE
[DEBUG] 2025-09-26 03:54:47 - Added intraday bar #33: 2025-09-25 10:00:00
[DEBUG] 2025-09-26 03:54:47 - COMPLETENESS_CHECK: BarStart=2025-09-25 09:30:00 | BarEnd=2025-09-25 09:30:00 | MinutesSinceEnd=1104 | Result=COMPLETE
[DEBUG] 2025-09-26 03:54:47 - Added intraday bar #34: 2025-09-25 09:30:00
[DEBUG] 2025-09-26 03:54:47 - COMPLETENESS_CHECK: BarStart=2025-09-25 09:00:00 | BarEnd=2025-09-25 09:00:00 | MinutesSinceEnd=1134 | Result=COMPLETE
[DEBUG] 2025-09-26 03:54:47 - Added intraday bar #35: 2025-09-25 09:00:00
[DEBUG] 2025-09-26 03:54:47 - COMPLETENESS_CHECK: BarStart=2025-09-25 08:30:00 | BarEnd=2025-09-25 08:30:00 | MinutesSinceEnd=1164 | Result=COMPLETE
[DEBUG] 2025-09-26 03:54:47 - Added intraday bar #36: 2025-09-25 08:30:00
[DEBUG] 2025-09-26 03:54:47 - COMPLETENESS_CHECK: BarStart=2025-09-25 08:00:00 | BarEnd=2025-09-25 08:00:00 | MinutesSinceEnd=1194 | Result=COMPLETE
[DEBUG] 2025-09-26 03:54:47 - Added intraday bar #37: 2025-09-25 08:00:00
[DEBUG] 2025-09-26 03:54:47 - COMPLETENESS_CHECK: BarStart=2025-09-25 07:30:00 | BarEnd=2025-09-25 07:30:00 | MinutesSinceEnd=1224 | Result=COMPLETE
[DEBUG] 2025-09-26 03:54:47 - Added intraday bar #38: 2025-09-25 07:30:00
[DEBUG] 2025-09-26 03:54:47 - COMPLETENESS_CHECK: BarStart=2025-09-25 07:00:00 | BarEnd=2025-09-25 07:00:00 | MinutesSinceEnd=1254 | Result=COMPLETE
[DEBUG] 2025-09-26 03:54:47 - Added intraday bar #39: 2025-09-25 07:00:00
[DEBUG] 2025-09-26 03:54:47 - COMPLETENESS_CHECK: BarStart=2025-09-25 06:30:00 | BarEnd=2025-09-25 06:30:00 | MinutesSinceEnd=1284 | Result=COMPLETE
[DEBUG] 2025-09-26 03:54:47 - Added intraday bar #40: 2025-09-25 06:30:00
[DEBUG] 2025-09-26 03:54:47 - COMPLETENESS_CHECK: BarStart=2025-09-25 06:00:00 | BarEnd=2025-09-25 06:00:00 | MinutesSinceEnd=1314 | Result=COMPLETE
[DEBUG] 2025-09-26 03:54:47 - Added intraday bar #41: 2025-09-25 06:00:00
[DEBUG] 2025-09-26 03:54:47 - COMPLETENESS_CHECK: BarStart=2025-09-25 05:30:00 | BarEnd=2025-09-25 05:30:00 | MinutesSinceEnd=1344 | Result=COMPLETE
[DEBUG] 2025-09-26 03:54:47 - Added intraday bar #42: 2025-09-25 05:30:00
[DEBUG] 2025-09-26 03:54:47 - COMPLETENESS_CHECK: BarStart=2025-09-25 05:00:00 | BarEnd=2025-09-25 05:00:00 | MinutesSinceEnd=1374 | Result=COMPLETE
[DEBUG] 2025-09-26 03:54:47 - Added intraday bar #43: 2025-09-25 05:00:00
[DEBUG] 2025-09-26 03:54:47 - COMPLETENESS_CHECK: BarStart=2025-09-25 04:30:00 | BarEnd=2025-09-25 04:30:00 | MinutesSinceEnd=1404 | Result=COMPLETE
[DEBUG] 2025-09-26 03:54:47 - Added intraday bar #44: 2025-09-25 04:30:00
[DEBUG] 2025-09-26 03:54:47 - COMPLETENESS_CHECK: BarStart=2025-09-25 04:00:00 | BarEnd=2025-09-25 04:00:00 | MinutesSinceEnd=1434 | Result=COMPLETE
[DEBUG] 2025-09-26 03:54:47 - Added intraday bar #45: 2025-09-25 04:00:00
[DEBUG] 2025-09-26 03:54:47 - COMPLETENESS_CHECK: BarStart=2025-09-25 03:30:00 | BarEnd=2025-09-25 03:30:00 | MinutesSinceEnd=1464 | Result=COMPLETE
[DEBUG] 2025-09-26 03:54:47 - Added intraday bar #46: 2025-09-25 03:30:00
[DEBUG] 2025-09-26 03:54:47 - COMPLETENESS_CHECK: BarStart=2025-09-25 03:00:00 | BarEnd=2025-09-25 03:00:00 | MinutesSinceEnd=1494 | Result=COMPLETE
[DEBUG] 2025-09-26 03:54:47 - Added intraday bar #47: 2025-09-25 03:00:00
[DEBUG] 2025-09-26 03:54:47 - COMPLETENESS_CHECK: BarStart=2025-09-25 02:30:00 | BarEnd=2025-09-25 02:30:00 | MinutesSinceEnd=1524 | Result=COMPLETE
[DEBUG] 2025-09-26 03:54:47 - Added intraday bar #48: 2025-09-25 02:30:00
[DEBUG] 2025-09-26 03:54:47 - COMPLETENESS_CHECK: BarStart=2025-09-25 02:00:00 | BarEnd=2025-09-25 02:00:00 | MinutesSinceEnd=1554 | Result=COMPLETE
[DEBUG] 2025-09-26 03:54:47 - Added intraday bar #49: 2025-09-25 02:00:00
[DEBUG] 2025-09-26 03:54:47 - COMPLETENESS_CHECK: BarStart=2025-09-25 01:30:00 | BarEnd=2025-09-25 01:30:00 | MinutesSinceEnd=1584 | Result=COMPLETE
[DEBUG] 2025-09-26 03:54:47 - Added intraday bar #50: 2025-09-25 01:30:00
[DEBUG] 2025-09-26 03:54:47 - COMPLETENESS_CHECK: BarStart=2025-09-25 01:00:00 | BarEnd=2025-09-25 01:00:00 | MinutesSinceEnd=1614 | Result=COMPLETE
[DEBUG] 2025-09-26 03:54:47 - Added intraday bar #51: 2025-09-25 01:00:00
[DEBUG] 2025-09-26 03:54:47 - COMPLETENESS_CHECK: BarStart=2025-09-25 00:30:00 | BarEnd=2025-09-25 00:30:00 | MinutesSinceEnd=1644 | Result=COMPLETE
[DEBUG] 2025-09-26 03:54:47 - Added intraday bar #52: 2025-09-25 00:30:00
[DEBUG] 2025-09-26 03:54:47 - COMPLETENESS_CHECK: BarStart=2025-09-25 00:00:00 | BarEnd=2025-09-25 00:00:00 | MinutesSinceEnd=1674 | Result=COMPLETE
[DEBUG] 2025-09-26 03:54:47 - Added intraday bar #53: 2025-09-25 00:00:00
[DEBUG] 2025-09-26 03:54:47 - COMPLETENESS_CHECK: BarStart=2025-09-24 23:30:00 | BarEnd=2025-09-24 23:30:00 | MinutesSinceEnd=1704 | Result=COMPLETE
[DEBUG] 2025-09-26 03:54:47 - Added intraday bar #54: 2025-09-24 23:30:00
[DEBUG] 2025-09-26 03:54:47 - COMPLETENESS_CHECK: BarStart=2025-09-24 23:00:00 | BarEnd=2025-09-24 23:00:00 | MinutesSinceEnd=1734 | Result=COMPLETE
[DEBUG] 2025-09-26 03:54:47 - Added intraday bar #55: 2025-09-24 23:00:00
[DEBUG] 2025-09-26 03:54:47 - COMPLETENESS_CHECK: BarStart=2025-09-24 22:30:00 | BarEnd=2025-09-24 22:30:00 | MinutesSinceEnd=1764 | Result=COMPLETE
[DEBUG] 2025-09-26 03:54:47 - Added intraday bar #56: 2025-09-24 22:30:00
[DEBUG] 2025-09-26 03:54:47 - COMPLETENESS_CHECK: BarStart=2025-09-24 22:00:00 | BarEnd=2025-09-24 22:00:00 | MinutesSinceEnd=1794 | Result=COMPLETE
[DEBUG] 2025-09-26 03:54:47 - Added intraday bar #57: 2025-09-24 22:00:00
[DEBUG] 2025-09-26 03:54:47 - COMPLETENESS_CHECK: BarStart=2025-09-24 21:30:00 | BarEnd=2025-09-24 21:30:00 | MinutesSinceEnd=1824 | Result=COMPLETE
[DEBUG] 2025-09-26 03:54:47 - Added intraday bar #58: 2025-09-24 21:30:00
[DEBUG] 2025-09-26 03:54:47 - COMPLETENESS_CHECK: BarStart=2025-09-24 21:00:00 | BarEnd=2025-09-24 21:00:00 | MinutesSinceEnd=1854 | Result=COMPLETE
[DEBUG] 2025-09-26 03:54:47 - Added intraday bar #59: 2025-09-24 21:00:00
[DEBUG] 2025-09-26 03:54:47 - COMPLETENESS_CHECK: BarStart=2025-09-24 20:30:00 | BarEnd=2025-09-24 20:30:00 | MinutesSinceEnd=1884 | Result=COMPLETE
[DEBUG] 2025-09-26 03:54:47 - Added intraday bar #60: 2025-09-24 20:30:00
[DEBUG] 2025-09-26 03:54:47 - COMPLETENESS_CHECK: BarStart=2025-09-24 20:00:00 | BarEnd=2025-09-24 20:00:00 | MinutesSinceEnd=1914 | Result=COMPLETE
[DEBUG] 2025-09-26 03:54:47 - Added intraday bar #61: 2025-09-24 20:00:00
[DEBUG] 2025-09-26 03:54:47 - COMPLETENESS_CHECK: BarStart=2025-09-24 19:30:00 | BarEnd=2025-09-24 19:30:00 | MinutesSinceEnd=1944 | Result=COMPLETE
[DEBUG] 2025-09-26 03:54:47 - Added intraday bar #62: 2025-09-24 19:30:00
[DEBUG] 2025-09-26 03:54:47 - COMPLETENESS_CHECK: BarStart=2025-09-24 19:00:00 | BarEnd=2025-09-24 19:00:00 | MinutesSinceEnd=1974 | Result=COMPLETE
[DEBUG] 2025-09-26 03:54:47 - Added intraday bar #63: 2025-09-24 19:00:00
[DEBUG] 2025-09-26 03:54:47 - COMPLETENESS_CHECK: BarStart=2025-09-24 18:30:00 | BarEnd=2025-09-24 18:30:00 | MinutesSinceEnd=2004 | Result=COMPLETE
[DEBUG] 2025-09-26 03:54:47 - Added intraday bar #64: 2025-09-24 18:30:00
[DEBUG] 2025-09-26 03:54:47 - COMPLETENESS_CHECK: BarStart=2025-09-24 18:00:00 | BarEnd=2025-09-24 18:00:00 | MinutesSinceEnd=2034 | Result=COMPLETE
[DEBUG] 2025-09-26 03:54:47 - Added intraday bar #65: 2025-09-24 18:00:00
[DEBUG] 2025-09-26 03:54:47 - COMPLETENESS_CHECK: BarStart=2025-09-24 16:30:00 | BarEnd=2025-09-24 16:30:00 | MinutesSinceEnd=2124 | Result=COMPLETE
[DEBUG] 2025-09-26 03:54:47 - Added intraday bar #66: 2025-09-24 16:30:00
[DEBUG] 2025-09-26 03:54:47 - COMPLETENESS_CHECK: BarStart=2025-09-24 16:00:00 | BarEnd=2025-09-24 16:00:00 | MinutesSinceEnd=2154 | Result=COMPLETE
[DEBUG] 2025-09-26 03:54:47 - Added intraday bar #67: 2025-09-24 16:00:00
[DEBUG] 2025-09-26 03:54:47 - COMPLETENESS_CHECK: BarStart=2025-09-24 15:30:00 | BarEnd=2025-09-24 15:30:00 | MinutesSinceEnd=2184 | Result=COMPLETE
[DEBUG] 2025-09-26 03:54:47 - Added intraday bar #68: 2025-09-24 15:30:00
[DEBUG] 2025-09-26 03:54:47 - COMPLETENESS_CHECK: BarStart=2025-09-24 15:00:00 | BarEnd=2025-09-24 15:00:00 | MinutesSinceEnd=2214 | Result=COMPLETE
[DEBUG] 2025-09-26 03:54:47 - Added intraday bar #69: 2025-09-24 15:00:00
[DEBUG] 2025-09-26 03:54:47 - COMPLETENESS_CHECK: BarStart=2025-09-24 14:30:00 | BarEnd=2025-09-24 14:30:00 | MinutesSinceEnd=2244 | Result=COMPLETE
[DEBUG] 2025-09-26 03:54:47 - Added intraday bar #70: 2025-09-24 14:30:00
[DEBUG] 2025-09-26 03:54:47 - COMPLETENESS_CHECK: BarStart=2025-09-24 14:00:00 | BarEnd=2025-09-24 14:00:00 | MinutesSinceEnd=2274 | Result=COMPLETE
[DEBUG] 2025-09-26 03:54:47 - Added intraday bar #71: 2025-09-24 14:00:00
[DEBUG] 2025-09-26 03:54:47 - COMPLETENESS_CHECK: BarStart=2025-09-24 13:30:00 | BarEnd=2025-09-24 13:30:00 | MinutesSinceEnd=2304 | Result=COMPLETE
[DEBUG] 2025-09-26 03:54:47 - Added intraday bar #72: 2025-09-24 13:30:00
[DEBUG] 2025-09-26 03:54:47 - COMPLETENESS_CHECK: BarStart=2025-09-24 13:00:00 | BarEnd=2025-09-24 13:00:00 | MinutesSinceEnd=2334 | Result=COMPLETE
[DEBUG] 2025-09-26 03:54:47 - Added intraday bar #73: 2025-09-24 13:00:00
[DEBUG] 2025-09-26 03:54:47 - COMPLETENESS_CHECK: BarStart=2025-09-24 12:30:00 | BarEnd=2025-09-24 12:30:00 | MinutesSinceEnd=2364 | Result=COMPLETE
[DEBUG] 2025-09-26 03:54:47 - Added intraday bar #74: 2025-09-24 12:30:00
[DEBUG] 2025-09-26 03:54:47 - COMPLETENESS_CHECK: BarStart=2025-09-24 12:00:00 | BarEnd=2025-09-24 12:00:00 | MinutesSinceEnd=2394 | Result=COMPLETE
[DEBUG] 2025-09-26 03:54:47 - Added intraday bar #75: 2025-09-24 12:00:00
[DEBUG] 2025-09-26 03:54:47 - COMPLETENESS_CHECK: BarStart=2025-09-24 11:30:00 | BarEnd=2025-09-24 11:30:00 | MinutesSinceEnd=2424 | Result=COMPLETE
[DEBUG] 2025-09-26 03:54:47 - Added intraday bar #76: 2025-09-24 11:30:00
[DEBUG] 2025-09-26 03:54:47 - COMPLETENESS_CHECK: BarStart=2025-09-24 11:00:00 | BarEnd=2025-09-24 11:00:00 | MinutesSinceEnd=2454 | Result=COMPLETE
[DEBUG] 2025-09-26 03:54:47 - Added intraday bar #77: 2025-09-24 11:00:00
[DEBUG] 2025-09-26 03:54:47 - COMPLETENESS_CHECK: BarStart=2025-09-24 10:30:00 | BarEnd=2025-09-24 10:30:00 | MinutesSinceEnd=2484 | Result=COMPLETE
[DEBUG] 2025-09-26 03:54:47 - Added intraday bar #78: 2025-09-24 10:30:00
[DEBUG] 2025-09-26 03:54:47 - COMPLETENESS_CHECK: BarStart=2025-09-24 10:00:00 | BarEnd=2025-09-24 10:00:00 | MinutesSinceEnd=2514 | Result=COMPLETE
[DEBUG] 2025-09-26 03:54:47 - Added intraday bar #79: 2025-09-24 10:00:00
[DEBUG] 2025-09-26 03:54:47 - COMPLETENESS_CHECK: BarStart=2025-09-24 09:30:00 | BarEnd=2025-09-24 09:30:00 | MinutesSinceEnd=2544 | Result=COMPLETE
[DEBUG] 2025-09-26 03:54:47 - Added intraday bar #80: 2025-09-24 09:30:00
[DEBUG] 2025-09-26 03:54:47 - COMPLETENESS_CHECK: BarStart=2025-09-24 09:00:00 | BarEnd=2025-09-24 09:00:00 | MinutesSinceEnd=2574 | Result=COMPLETE
[DEBUG] 2025-09-26 03:54:47 - Added intraday bar #81: 2025-09-24 09:00:00
[DEBUG] 2025-09-26 03:54:47 - COMPLETENESS_CHECK: BarStart=2025-09-24 08:30:00 | BarEnd=2025-09-24 08:30:00 | MinutesSinceEnd=2604 | Result=COMPLETE
[DEBUG] 2025-09-26 03:54:47 - Added intraday bar #82: 2025-09-24 08:30:00
[DEBUG] 2025-09-26 03:54:47 - COMPLETENESS_CHECK: BarStart=2025-09-24 08:00:00 | BarEnd=2025-09-24 08:00:00 | MinutesSinceEnd=2634 | Result=COMPLETE
[DEBUG] 2025-09-26 03:54:47 - Added intraday bar #83: 2025-09-24 08:00:00
[DEBUG] 2025-09-26 03:54:47 - COMPLETENESS_CHECK: BarStart=2025-09-24 07:30:00 | BarEnd=2025-09-24 07:30:00 | MinutesSinceEnd=2664 | Result=COMPLETE
[DEBUG] 2025-09-26 03:54:47 - Added intraday bar #84: 2025-09-24 07:30:00
[DEBUG] 2025-09-26 03:54:47 - COMPLETENESS_CHECK: BarStart=2025-09-24 07:00:00 | BarEnd=2025-09-24 07:00:00 | MinutesSinceEnd=2694 | Result=COMPLETE
[DEBUG] 2025-09-26 03:54:47 - Added intraday bar #85: 2025-09-24 07:00:00
[DEBUG] 2025-09-26 03:54:47 - COMPLETENESS_CHECK: BarStart=2025-09-24 06:30:00 | BarEnd=2025-09-24 06:30:00 | MinutesSinceEnd=2724 | Result=COMPLETE
[DEBUG] 2025-09-26 03:54:47 - Added intraday bar #86: 2025-09-24 06:30:00
[DEBUG] 2025-09-26 03:54:47 - COMPLETENESS_CHECK: BarStart=2025-09-24 06:00:00 | BarEnd=2025-09-24 06:00:00 | MinutesSinceEnd=2754 | Result=COMPLETE
[DEBUG] 2025-09-26 03:54:47 - Added intraday bar #87: 2025-09-24 06:00:00
[DEBUG] 2025-09-26 03:54:47 - COMPLETENESS_CHECK: BarStart=2025-09-24 05:30:00 | BarEnd=2025-09-24 05:30:00 | MinutesSinceEnd=2784 | Result=COMPLETE
[DEBUG] 2025-09-26 03:54:47 - Added intraday bar #88: 2025-09-24 05:30:00
[DEBUG] 2025-09-26 03:54:47 - COMPLETENESS_CHECK: BarStart=2025-09-24 05:00:00 | BarEnd=2025-09-24 05:00:00 | MinutesSinceEnd=2814 | Result=COMPLETE
[DEBUG] 2025-09-26 03:54:47 - Added intraday bar #89: 2025-09-24 05:00:00
[DEBUG] 2025-09-26 03:54:47 - COMPLETENESS_CHECK: BarStart=2025-09-24 04:30:00 | BarEnd=2025-09-24 04:30:00 | MinutesSinceEnd=2844 | Result=COMPLETE
[DEBUG] 2025-09-26 03:54:47 - Added intraday bar #90: 2025-09-24 04:30:00
[DEBUG] 2025-09-26 03:54:47 - COMPLETENESS_CHECK: BarStart=2025-09-24 04:00:00 | BarEnd=2025-09-24 04:00:00 | MinutesSinceEnd=2874 | Result=COMPLETE
[DEBUG] 2025-09-26 03:54:47 - Added intraday bar #91: 2025-09-24 04:00:00
[DEBUG] 2025-09-26 03:54:47 - COMPLETENESS_CHECK: BarStart=2025-09-24 03:30:00 | BarEnd=2025-09-24 03:30:00 | MinutesSinceEnd=2904 | Result=COMPLETE
[DEBUG] 2025-09-26 03:54:47 - Added intraday bar #92: 2025-09-24 03:30:00
[DEBUG] 2025-09-26 03:54:47 - COMPLETENESS_CHECK: BarStart=2025-09-24 03:00:00 | BarEnd=2025-09-24 03:00:00 | MinutesSinceEnd=2934 | Result=COMPLETE
[DEBUG] 2025-09-26 03:54:47 - Added intraday bar #93: 2025-09-24 03:00:00
[DEBUG] 2025-09-26 03:54:47 - COMPLETENESS_CHECK: BarStart=2025-09-24 02:30:00 | BarEnd=2025-09-24 02:30:00 | MinutesSinceEnd=2964 | Result=COMPLETE
[DEBUG] 2025-09-26 03:54:47 - Added intraday bar #94: 2025-09-24 02:30:00
[DEBUG] 2025-09-26 03:54:47 - COMPLETENESS_CHECK: BarStart=2025-09-24 02:00:00 | BarEnd=2025-09-24 02:00:00 | MinutesSinceEnd=2994 | Result=COMPLETE
[DEBUG] 2025-09-26 03:54:47 - Added intraday bar #95: 2025-09-24 02:00:00
[DEBUG] 2025-09-26 03:54:47 - COMPLETENESS_CHECK: BarStart=2025-09-24 01:30:00 | BarEnd=2025-09-24 01:30:00 | MinutesSinceEnd=3024 | Result=COMPLETE
[DEBUG] 2025-09-26 03:54:47 - Added intraday bar #96: 2025-09-24 01:30:00
[DEBUG] 2025-09-26 03:54:47 - COMPLETENESS_CHECK: BarStart=2025-09-24 01:00:00 | BarEnd=2025-09-24 01:00:00 | MinutesSinceEnd=3054 | Result=COMPLETE
[DEBUG] 2025-09-26 03:54:47 - Added intraday bar #97: 2025-09-24 01:00:00
[DEBUG] 2025-09-26 03:54:47 - COMPLETENESS_CHECK: BarStart=2025-09-24 00:30:00 | BarEnd=2025-09-24 00:30:00 | MinutesSinceEnd=3084 | Result=COMPLETE
[DEBUG] 2025-09-26 03:54:47 - Added intraday bar #98: 2025-09-24 00:30:00
[DEBUG] 2025-09-26 03:54:47 - COMPLETENESS_CHECK: BarStart=2025-09-24 00:00:00 | BarEnd=2025-09-24 00:00:00 | MinutesSinceEnd=3114 | Result=COMPLETE
[DEBUG] 2025-09-26 03:54:47 - Added intraday bar #99: 2025-09-24 00:00:00
[INFO] 2025-09-26 03:54:47 - Applied intraday timestamp/OHLCV correction - using 99 bars
[DEBUG] 2025-09-26 03:54:47 - First 5 final processed bars:
[DEBUG] 2025-09-26 03:54:47 - FinalBar[0] = 2025-09-26 03:00:00 | O:3773.200000 H:3775.300000 L:3768.800000 C:3774.600000
[DEBUG] 2025-09-26 03:54:47 - FinalBar[1] = 2025-09-26 02:30:00 | O:3781.900000 H:3783.100000 L:3772.100000 C:3773.300000
[DEBUG] 2025-09-26 03:54:47 - FinalBar[2] = 2025-09-26 02:00:00 | O:3771.300000 H:3784.400000 L:3771.000000 C:3782.000000
[DEBUG] 2025-09-26 03:54:47 - FinalBar[3] = 2025-09-26 01:30:00 | O:3776.100000 H:3779.400000 L:3771.300000 C:3771.600000
[DEBUG] 2025-09-26 03:54:47 - FinalBar[4] = 2025-09-26 01:00:00 | O:3777.000000 H:3777.500000 L:3774.100000 C:3776.300000
[SUCCESS] 2025-09-26 03:54:47 - Successfully parsed 99 complete bars
[INFO] 2025-09-26 08:42:19 - Fetching 100 30Min bars for symbol: QGC#
[DEBUG] 2025-09-26 08:42:19 - Sending command: HIX,QGC#,1800,100,0,HIST_QGC#_30Min,100,s,1

[DEBUG] 2025-09-26 08:42:20 - Raw response received (8259 characters)
[DEBUG] 2025-09-26 08:42:20 - Parsing historical data response...
[DEBUG] 2025-09-26 08:42:20 - First 5 lines of raw response:
[DEBUG] 2025-09-26 08:42:20 - Raw Line 0: HIST_QGC#_30Min,LH,2025-09-26 08:30:00,3788.0,3776.4,3779.6,3781.5,78947,6143,0,
[DEBUG] 2025-09-26 08:42:20 - Raw Line 1: HIST_QGC#_30Min,LH,2025-09-26 08:00:00,3783.7,3778.3,3778.8,3779.6,72550,3337,0,
[DEBUG] 2025-09-26 08:42:20 - Raw Line 2: HIST_QGC#_30Min,LH,2025-09-26 07:30:00,3783.1,3778.6,3781.4,3778.7,68816,2603,0,
[DEBUG] 2025-09-26 08:42:20 - Raw Line 3: HIST_QGC#_30Min,LH,2025-09-26 07:00:00,3781.8,3774.5,3775.0,3781.4,65827,2313,0,
[DEBUG] 2025-09-26 08:42:20 - Raw Line 4: HIST_QGC#_30Min,LH,2025-09-26 06:30:00,3780.1,3772.8,3779.6,3774.9,63173,2768,0,
[DEBUG] 2025-09-26 08:42:20 - Last 5 lines of raw response:
[DEBUG] 2025-09-26 08:42:20 - Raw Line 95: HIST_QGC#_30Min,LH,2025-09-24 07:00:00,3799.2,3792.5,3795.1,3798.3,80583,2594,0,
[DEBUG] 2025-09-26 08:42:20 - Raw Line 96: HIST_QGC#_30Min,LH,2025-09-24 06:30:00,3798.4,3793.1,3797.0,3795.0,77759,2452,0,
[DEBUG] 2025-09-26 08:42:20 - Raw Line 97: HIST_QGC#_30Min,LH,2025-09-24 06:00:00,3801.7,3792.4,3801.4,3797.0,75174,3578,0,
[DEBUG] 2025-09-26 08:42:20 - Raw Line 98: HIST_QGC#_30Min,LH,2025-09-24 05:30:00,3802.0,3795.9,3800.2,3801.4,71534,3471,0,
[DEBUG] 2025-09-26 08:42:20 - Raw Line 99: HIST_QGC#_30Min,LH,2025-09-24 05:00:00,3804.3,3799.4,3802.5,3800.1,68045,3309,0,
[DEBUG] 2025-09-26 08:42:20 - Parsed bar - StartTime: 2025-09-26 08:30:00 | O:3779.600000 H:3788.000000 L:3776.400000 C:3781.500000
[DEBUG] 2025-09-26 08:42:20 - Parsed bar - StartTime: 2025-09-26 08:00:00 | O:3778.800000 H:3783.700000 L:3778.300000 C:3779.600000
[DEBUG] 2025-09-26 08:42:20 - Parsed bar - StartTime: 2025-09-26 07:30:00 | O:3781.400000 H:3783.100000 L:3778.600000 C:3778.700000
[DEBUG] 2025-09-26 08:42:20 - Parsed bar - StartTime: 2025-09-26 07:00:00 | O:3775.000000 H:3781.800000 L:3774.500000 C:3781.400000
[DEBUG] 2025-09-26 08:42:20 - Parsed bar - StartTime: 2025-09-26 06:30:00 | O:3779.600000 H:3780.100000 L:3772.800000 C:3774.900000
[DEBUG] 2025-09-26 08:42:20 - Parsed bar - StartTime: 2025-09-26 06:00:00 | O:3781.300000 H:3785.200000 L:3779.000000 C:3779.600000
[DEBUG] 2025-09-26 08:42:20 - Parsed bar - StartTime: 2025-09-26 05:30:00 | O:3778.500000 H:3781.500000 L:3776.900000 C:3781.500000
[DEBUG] 2025-09-26 08:42:20 - Parsed bar - StartTime: 2025-09-26 05:00:00 | O:3782.500000 H:3784.100000 L:3778.000000 C:3778.400000
[DEBUG] 2025-09-26 08:42:20 - Parsed bar - StartTime: 2025-09-26 04:30:00 | O:3780.700000 H:3784.900000 L:3780.600000 C:3782.600000
[DEBUG] 2025-09-26 08:42:20 - Parsed bar - StartTime: 2025-09-26 04:00:00 | O:3777.900000 H:3782.400000 L:3776.800000 C:3780.700000
[DEBUG] 2025-09-26 08:42:20 - Parsed bar - StartTime: 2025-09-26 03:30:00 | O:3774.600000 H:3779.200000 L:3773.800000 C:3777.900000
[DEBUG] 2025-09-26 08:42:20 - Parsed bar - StartTime: 2025-09-26 03:00:00 | O:3773.200000 H:3775.300000 L:3768.800000 C:3774.600000
[DEBUG] 2025-09-26 08:42:20 - Parsed bar - StartTime: 2025-09-26 02:30:00 | O:3781.900000 H:3783.100000 L:3772.100000 C:3773.300000
[DEBUG] 2025-09-26 08:42:20 - Parsed bar - StartTime: 2025-09-26 02:00:00 | O:3771.300000 H:3784.400000 L:3771.000000 C:3782.000000
[DEBUG] 2025-09-26 08:42:20 - Parsed bar - StartTime: 2025-09-26 01:30:00 | O:3776.100000 H:3779.400000 L:3771.300000 C:3771.600000
[DEBUG] 2025-09-26 08:42:20 - Parsed bar - StartTime: 2025-09-26 01:00:00 | O:3777.000000 H:3777.500000 L:3774.100000 C:3776.300000
[DEBUG] 2025-09-26 08:42:20 - Parsed bar - StartTime: 2025-09-26 00:30:00 | O:3774.100000 H:3777.200000 L:3774.000000 C:3777.100000
[DEBUG] 2025-09-26 08:42:20 - Parsed bar - StartTime: 2025-09-26 00:00:00 | O:3775.100000 H:3776.700000 L:3774.000000 C:3774.100000
[DEBUG] 2025-09-26 08:42:20 - Parsed bar - StartTime: 2025-09-25 23:30:00 | O:3771.800000 H:3775.500000 L:3771.800000 C:3774.800000
[DEBUG] 2025-09-26 08:42:20 - Parsed bar - StartTime: 2025-09-25 23:00:00 | O:3767.800000 H:3772.200000 L:3764.000000 C:3771.900000
[DEBUG] 2025-09-26 08:42:20 - Parsed bar - StartTime: 2025-09-25 22:30:00 | O:3770.700000 H:3772.500000 L:3767.100000 C:3767.800000
[DEBUG] 2025-09-26 08:42:20 - Parsed bar - StartTime: 2025-09-25 22:00:00 | O:3768.400000 H:3770.700000 L:3767.200000 C:3770.700000
[DEBUG] 2025-09-26 08:42:20 - Parsed bar - StartTime: 2025-09-25 21:30:00 | O:3770.900000 H:3774.000000 L:3767.300000 C:3768.600000
[DEBUG] 2025-09-26 08:42:20 - Parsed bar - StartTime: 2025-09-25 21:00:00 | O:3779.300000 H:3783.500000 L:3768.200000 C:3771.000000
[DEBUG] 2025-09-26 08:42:20 - Parsed bar - StartTime: 2025-09-25 20:30:00 | O:3771.800000 H:3779.300000 L:3771.200000 C:3779.200000
[DEBUG] 2025-09-26 08:42:20 - Parsed bar - StartTime: 2025-09-25 20:00:00 | O:3775.000000 H:3779.100000 L:3770.000000 C:3772.000000
[DEBUG] 2025-09-26 08:42:20 - Parsed bar - StartTime: 2025-09-25 19:30:00 | O:3773.500000 H:3776.000000 L:3770.300000 C:3775.000000
[DEBUG] 2025-09-26 08:42:20 - Parsed bar - StartTime: 2025-09-25 19:00:00 | O:3779.900000 H:3780.900000 L:3768.500000 C:3773.700000
[DEBUG] 2025-09-26 08:42:20 - Parsed bar - StartTime: 2025-09-25 18:30:00 | O:3780.300000 H:3782.400000 L:3779.100000 C:3779.600000
[DEBUG] 2025-09-26 08:42:20 - Parsed bar - StartTime: 2025-09-25 18:00:00 | O:3781.500000 H:3782.400000 L:3777.200000 C:3780.300000
[DEBUG] 2025-09-26 08:42:20 - Parsed bar - StartTime: 2025-09-25 16:30:00 | O:3780.200000 H:3783.900000 L:3780.200000 C:3780.500000
[DEBUG] 2025-09-26 08:42:20 - Parsed bar - StartTime: 2025-09-25 16:00:00 | O:3777.500000 H:3782.000000 L:3776.900000 C:3780.100000
[DEBUG] 2025-09-26 08:42:20 - Parsed bar - StartTime: 2025-09-25 15:30:00 | O:3783.400000 H:3783.900000 L:3776.000000 C:3777.500000
[DEBUG] 2025-09-26 08:42:20 - Parsed bar - StartTime: 2025-09-25 15:00:00 | O:3786.400000 H:3788.200000 L:3782.400000 C:3783.400000
[DEBUG] 2025-09-26 08:42:20 - Parsed bar - StartTime: 2025-09-25 14:30:00 | O:3781.500000 H:3789.500000 L:3780.000000 C:3786.400000
[DEBUG] 2025-09-26 08:42:20 - Parsed bar - StartTime: 2025-09-25 14:00:00 | O:3773.000000 H:3782.100000 L:3767.500000 C:3781.500000
[DEBUG] 2025-09-26 08:42:20 - Parsed bar - StartTime: 2025-09-25 13:30:00 | O:3770.900000 H:3775.600000 L:3769.200000 C:3772.900000
[DEBUG] 2025-09-26 08:42:20 - Parsed bar - StartTime: 2025-09-25 13:00:00 | O:3763.900000 H:3774.300000 L:3762.500000 C:3770.900000
[DEBUG] 2025-09-26 08:42:20 - Parsed bar - StartTime: 2025-09-25 12:30:00 | O:3767.900000 H:3769.000000 L:3762.800000 C:3764.000000
[DEBUG] 2025-09-26 08:42:20 - Parsed bar - StartTime: 2025-09-25 12:00:00 | O:3766.900000 H:3772.800000 L:3765.500000 C:3768.000000
[DEBUG] 2025-09-26 08:42:20 - Parsed bar - StartTime: 2025-09-25 11:30:00 | O:3761.000000 H:3767.400000 L:3759.600000 C:3766.900000
[DEBUG] 2025-09-26 08:42:20 - Parsed bar - StartTime: 2025-09-25 11:00:00 | O:3762.400000 H:3769.400000 L:3758.600000 C:3761.100000
[DEBUG] 2025-09-26 08:42:20 - Parsed bar - StartTime: 2025-09-25 10:30:00 | O:3763.500000 H:3764.100000 L:3753.400000 C:3762.200000
[DEBUG] 2025-09-26 08:42:20 - Parsed bar - StartTime: 2025-09-25 10:00:00 | O:3764.100000 H:3767.000000 L:3755.100000 C:3763.700000
[DEBUG] 2025-09-26 08:42:20 - Parsed bar - StartTime: 2025-09-25 09:30:00 | O:3772.600000 H:3773.600000 L:3751.900000 C:3764.000000
[DEBUG] 2025-09-26 08:42:20 - Parsed bar - StartTime: 2025-09-25 09:00:00 | O:3769.200000 H:3776.200000 L:3763.600000 C:3772.300000
[DEBUG] 2025-09-26 08:42:20 - Parsed bar - StartTime: 2025-09-25 08:30:00 | O:3784.700000 H:3784.700000 L:3760.800000 C:3769.200000
[DEBUG] 2025-09-26 08:42:20 - Parsed bar - StartTime: 2025-09-25 08:00:00 | O:3783.700000 H:3787.000000 L:3780.200000 C:3785.500000
[DEBUG] 2025-09-26 08:42:20 - Parsed bar - StartTime: 2025-09-25 07:30:00 | O:3780.700000 H:3784.900000 L:3779.500000 C:3784.000000
[DEBUG] 2025-09-26 08:42:20 - Parsed bar - StartTime: 2025-09-25 07:00:00 | O:3788.200000 H:3788.500000 L:3771.000000 C:3780.700000
[DEBUG] 2025-09-26 08:42:20 - Parsed bar - StartTime: 2025-09-25 06:30:00 | O:3787.600000 H:3791.700000 L:3785.800000 C:3788.200000
[DEBUG] 2025-09-26 08:42:20 - Parsed bar - StartTime: 2025-09-25 06:00:00 | O:3787.100000 H:3789.600000 L:3785.800000 C:3787.500000
[DEBUG] 2025-09-26 08:42:20 - Parsed bar - StartTime: 2025-09-25 05:30:00 | O:3780.700000 H:3791.500000 L:3780.400000 C:3787.100000
[DEBUG] 2025-09-26 08:42:20 - Parsed bar - StartTime: 2025-09-25 05:00:00 | O:3786.700000 H:3787.400000 L:3780.100000 C:3780.700000
[DEBUG] 2025-09-26 08:42:20 - Parsed bar - StartTime: 2025-09-25 04:30:00 | O:3787.600000 H:3787.800000 L:3781.600000 C:3786.700000
[DEBUG] 2025-09-26 08:42:20 - Parsed bar - StartTime: 2025-09-25 04:00:00 | O:3782.600000 H:3792.300000 L:3781.300000 C:3787.500000
[DEBUG] 2025-09-26 08:42:20 - Parsed bar - StartTime: 2025-09-25 03:30:00 | O:3775.200000 H:3785.600000 L:3773.300000 C:3782.500000
[DEBUG] 2025-09-26 08:42:20 - Parsed bar - StartTime: 2025-09-25 03:00:00 | O:3771.800000 H:3776.500000 L:3770.500000 C:3775.500000
[DEBUG] 2025-09-26 08:42:20 - Parsed bar - StartTime: 2025-09-25 02:30:00 | O:3775.600000 H:3776.800000 L:3770.500000 C:3771.700000
[DEBUG] 2025-09-26 08:42:20 - Parsed bar - StartTime: 2025-09-25 02:00:00 | O:3769.200000 H:3778.700000 L:3768.200000 C:3775.600000
[DEBUG] 2025-09-26 08:42:20 - Parsed bar - StartTime: 2025-09-25 01:30:00 | O:3766.600000 H:3771.400000 L:3765.600000 C:3768.800000
[DEBUG] 2025-09-26 08:42:20 - Parsed bar - StartTime: 2025-09-25 01:00:00 | O:3768.100000 H:3768.600000 L:3764.100000 C:3766.700000
[DEBUG] 2025-09-26 08:42:20 - Parsed bar - StartTime: 2025-09-25 00:30:00 | O:3764.100000 H:3770.700000 L:3763.700000 C:3768.100000
[DEBUG] 2025-09-26 08:42:20 - Parsed bar - StartTime: 2025-09-25 00:00:00 | O:3767.200000 H:3767.200000 L:3762.200000 C:3764.300000
[DEBUG] 2025-09-26 08:42:20 - Parsed bar - StartTime: 2025-09-24 23:30:00 | O:3766.200000 H:3769.700000 L:3764.700000 C:3767.000000
[DEBUG] 2025-09-26 08:42:20 - Parsed bar - StartTime: 2025-09-24 23:00:00 | O:3770.300000 H:3770.400000 L:3765.000000 C:3766.200000
[DEBUG] 2025-09-26 08:42:20 - Parsed bar - StartTime: 2025-09-24 22:30:00 | O:3766.000000 H:3773.100000 L:3766.000000 C:3770.300000
[DEBUG] 2025-09-26 08:42:20 - Parsed bar - StartTime: 2025-09-24 22:00:00 | O:3766.600000 H:3767.200000 L:3760.500000 C:3766.000000
[DEBUG] 2025-09-26 08:42:20 - Parsed bar - StartTime: 2025-09-24 21:30:00 | O:3775.300000 H:3775.500000 L:3763.900000 C:3766.800000
[DEBUG] 2025-09-26 08:42:20 - Parsed bar - StartTime: 2025-09-24 21:00:00 | O:3779.700000 H:3781.400000 L:3771.600000 C:3775.400000
[DEBUG] 2025-09-26 08:42:20 - Parsed bar - StartTime: 2025-09-24 20:30:00 | O:3781.100000 H:3782.200000 L:3777.200000 C:3779.800000
[DEBUG] 2025-09-26 08:42:20 - Parsed bar - StartTime: 2025-09-24 20:00:00 | O:3774.300000 H:3782.000000 L:3772.800000 C:3781.000000
[DEBUG] 2025-09-26 08:42:20 - Parsed bar - StartTime: 2025-09-24 19:30:00 | O:3771.100000 H:3776.700000 L:3771.100000 C:3774.500000
[DEBUG] 2025-09-26 08:42:20 - Parsed bar - StartTime: 2025-09-24 19:00:00 | O:3772.500000 H:3773.700000 L:3770.500000 C:3770.900000
[DEBUG] 2025-09-26 08:42:20 - Parsed bar - StartTime: 2025-09-24 18:30:00 | O:3776.100000 H:3776.100000 L:3771.000000 C:3772.700000
[DEBUG] 2025-09-26 08:42:20 - Parsed bar - StartTime: 2025-09-24 18:00:00 | O:3768.300000 H:3776.600000 L:3767.000000 C:3776.100000
[DEBUG] 2025-09-26 08:42:20 - Parsed bar - StartTime: 2025-09-24 16:30:00 | O:3763.900000 H:3770.000000 L:3763.700000 C:3768.500000
[DEBUG] 2025-09-26 08:42:20 - Parsed bar - StartTime: 2025-09-24 16:00:00 | O:3762.400000 H:3764.800000 L:3762.300000 C:3764.000000
[DEBUG] 2025-09-26 08:42:20 - Parsed bar - StartTime: 2025-09-24 15:30:00 | O:3750.800000 H:3764.000000 L:3750.800000 C:3762.500000
[DEBUG] 2025-09-26 08:42:20 - Parsed bar - StartTime: 2025-09-24 15:00:00 | O:3757.100000 H:3757.200000 L:3749.700000 C:3750.900000
[DEBUG] 2025-09-26 08:42:20 - Parsed bar - StartTime: 2025-09-24 14:30:00 | O:3762.600000 H:3764.900000 L:3755.600000 C:3757.000000
[DEBUG] 2025-09-26 08:42:20 - Parsed bar - StartTime: 2025-09-24 14:00:00 | O:3766.600000 H:3767.500000 L:3760.100000 C:3762.600000
[DEBUG] 2025-09-26 08:42:20 - Parsed bar - StartTime: 2025-09-24 13:30:00 | O:3768.300000 H:3768.700000 L:3765.700000 C:3766.600000
[DEBUG] 2025-09-26 08:42:20 - Parsed bar - StartTime: 2025-09-24 13:00:00 | O:3768.400000 H:3772.400000 L:3766.800000 C:3768.400000
[DEBUG] 2025-09-26 08:42:20 - Parsed bar - StartTime: 2025-09-24 12:30:00 | O:3775.200000 H:3776.200000 L:3764.500000 C:3768.300000
[DEBUG] 2025-09-26 08:42:20 - Parsed bar - StartTime: 2025-09-24 12:00:00 | O:3774.200000 H:3778.400000 L:3770.100000 C:3775.300000
[DEBUG] 2025-09-26 08:42:20 - Parsed bar - StartTime: 2025-09-24 11:30:00 | O:3784.200000 H:3784.800000 L:3772.600000 C:3774.100000
[DEBUG] 2025-09-26 08:42:20 - Parsed bar - StartTime: 2025-09-24 11:00:00 | O:3784.900000 H:3790.000000 L:3784.000000 C:3784.200000
[DEBUG] 2025-09-26 08:42:20 - Parsed bar - StartTime: 2025-09-24 10:30:00 | O:3790.900000 H:3792.400000 L:3782.000000 C:3784.800000
[DEBUG] 2025-09-26 08:42:20 - Parsed bar - StartTime: 2025-09-24 10:00:00 | O:3794.700000 H:3798.400000 L:3785.400000 C:3790.900000
[DEBUG] 2025-09-26 08:42:20 - Parsed bar - StartTime: 2025-09-24 09:30:00 | O:3800.500000 H:3801.500000 L:3791.800000 C:3794.500000
[DEBUG] 2025-09-26 08:42:20 - Parsed bar - StartTime: 2025-09-24 09:00:00 | O:3800.900000 H:3806.400000 L:3799.500000 C:3800.500000
[DEBUG] 2025-09-26 08:42:20 - Parsed bar - StartTime: 2025-09-24 08:30:00 | O:3800.500000 H:3803.400000 L:3796.800000 C:3801.000000
[DEBUG] 2025-09-26 08:42:20 - Parsed bar - StartTime: 2025-09-24 08:00:00 | O:3802.200000 H:3804.700000 L:3797.600000 C:3800.700000
[DEBUG] 2025-09-26 08:42:20 - Parsed bar - StartTime: 2025-09-24 07:30:00 | O:3798.200000 H:3802.900000 L:3797.200000 C:3802.200000
[DEBUG] 2025-09-26 08:42:20 - Parsed bar - StartTime: 2025-09-24 07:00:00 | O:3795.100000 H:3799.200000 L:3792.500000 C:3798.300000
[DEBUG] 2025-09-26 08:42:20 - Parsed bar - StartTime: 2025-09-24 06:30:00 | O:3797.000000 H:3798.400000 L:3793.100000 C:3795.000000
[DEBUG] 2025-09-26 08:42:20 - Parsed bar - StartTime: 2025-09-24 06:00:00 | O:3801.400000 H:3801.700000 L:3792.400000 C:3797.000000
[DEBUG] 2025-09-26 08:42:20 - Parsed bar - StartTime: 2025-09-24 05:30:00 | O:3800.200000 H:3802.000000 L:3795.900000 C:3801.400000
[DEBUG] 2025-09-26 08:42:20 - Parsed bar - StartTime: 2025-09-24 05:00:00 | O:3802.500000 H:3804.300000 L:3799.400000 C:3800.100000
[DEBUG] 2025-09-26 08:42:20 - First 3 parsed bars:
[DEBUG] 2025-09-26 08:42:20 - ParsedBar[0] = 2025-09-26 08:30:00 OHLCV: 3779.600000/3788.000000/3776.400000/3781.500000/78947
[DEBUG] 2025-09-26 08:42:20 - ParsedBar[1] = 2025-09-26 08:00:00 OHLCV: 3778.800000/3783.700000/3778.300000/3779.600000/72550
[DEBUG] 2025-09-26 08:42:20 - ParsedBar[2] = 2025-09-26 07:30:00 OHLCV: 3781.400000/3783.100000/3778.600000/3778.700000/68816
[DEBUG] 2025-09-26 08:42:20 - COMPLETENESS_CHECK: BarStart=2025-09-26 08:00:00 | BarEnd=2025-09-26 08:00:00 | MinutesSinceEnd=42 | Result=COMPLETE
[DEBUG] 2025-09-26 08:42:20 - Added corrected intraday bar: 2025-09-26 08:00:00 (timestamp from line 0, OHLCV from line 1)
[DEBUG] 2025-09-26 08:42:20 - COMPLETENESS_CHECK: BarStart=2025-09-26 07:30:00 | BarEnd=2025-09-26 07:30:00 | MinutesSinceEnd=72 | Result=COMPLETE
[DEBUG] 2025-09-26 08:42:20 - Added intraday bar #2: 2025-09-26 07:30:00
[DEBUG] 2025-09-26 08:42:20 - COMPLETENESS_CHECK: BarStart=2025-09-26 07:00:00 | BarEnd=2025-09-26 07:00:00 | MinutesSinceEnd=102 | Result=COMPLETE
[DEBUG] 2025-09-26 08:42:20 - Added intraday bar #3: 2025-09-26 07:00:00
[DEBUG] 2025-09-26 08:42:20 - COMPLETENESS_CHECK: BarStart=2025-09-26 06:30:00 | BarEnd=2025-09-26 06:30:00 | MinutesSinceEnd=132 | Result=COMPLETE
[DEBUG] 2025-09-26 08:42:20 - Added intraday bar #4: 2025-09-26 06:30:00
[DEBUG] 2025-09-26 08:42:20 - COMPLETENESS_CHECK: BarStart=2025-09-26 06:00:00 | BarEnd=2025-09-26 06:00:00 | MinutesSinceEnd=162 | Result=COMPLETE
[DEBUG] 2025-09-26 08:42:20 - Added intraday bar #5: 2025-09-26 06:00:00
[DEBUG] 2025-09-26 08:42:20 - COMPLETENESS_CHECK: BarStart=2025-09-26 05:30:00 | BarEnd=2025-09-26 05:30:00 | MinutesSinceEnd=192 | Result=COMPLETE
[DEBUG] 2025-09-26 08:42:20 - Added intraday bar #6: 2025-09-26 05:30:00
[DEBUG] 2025-09-26 08:42:20 - COMPLETENESS_CHECK: BarStart=2025-09-26 05:00:00 | BarEnd=2025-09-26 05:00:00 | MinutesSinceEnd=222 | Result=COMPLETE
[DEBUG] 2025-09-26 08:42:20 - Added intraday bar #7: 2025-09-26 05:00:00
[DEBUG] 2025-09-26 08:42:20 - COMPLETENESS_CHECK: BarStart=2025-09-26 04:30:00 | BarEnd=2025-09-26 04:30:00 | MinutesSinceEnd=252 | Result=COMPLETE
[DEBUG] 2025-09-26 08:42:20 - Added intraday bar #8: 2025-09-26 04:30:00
[DEBUG] 2025-09-26 08:42:20 - COMPLETENESS_CHECK: BarStart=2025-09-26 04:00:00 | BarEnd=2025-09-26 04:00:00 | MinutesSinceEnd=282 | Result=COMPLETE
[DEBUG] 2025-09-26 08:42:20 - Added intraday bar #9: 2025-09-26 04:00:00
[DEBUG] 2025-09-26 08:42:20 - COMPLETENESS_CHECK: BarStart=2025-09-26 03:30:00 | BarEnd=2025-09-26 03:30:00 | MinutesSinceEnd=312 | Result=COMPLETE
[DEBUG] 2025-09-26 08:42:20 - Added intraday bar #10: 2025-09-26 03:30:00
[DEBUG] 2025-09-26 08:42:20 - COMPLETENESS_CHECK: BarStart=2025-09-26 03:00:00 | BarEnd=2025-09-26 03:00:00 | MinutesSinceEnd=342 | Result=COMPLETE
[DEBUG] 2025-09-26 08:42:20 - Added intraday bar #11: 2025-09-26 03:00:00
[DEBUG] 2025-09-26 08:42:20 - COMPLETENESS_CHECK: BarStart=2025-09-26 02:30:00 | BarEnd=2025-09-26 02:30:00 | MinutesSinceEnd=372 | Result=COMPLETE
[DEBUG] 2025-09-26 08:42:20 - Added intraday bar #12: 2025-09-26 02:30:00
[DEBUG] 2025-09-26 08:42:20 - COMPLETENESS_CHECK: BarStart=2025-09-26 02:00:00 | BarEnd=2025-09-26 02:00:00 | MinutesSinceEnd=402 | Result=COMPLETE
[DEBUG] 2025-09-26 08:42:20 - Added intraday bar #13: 2025-09-26 02:00:00
[DEBUG] 2025-09-26 08:42:20 - COMPLETENESS_CHECK: BarStart=2025-09-26 01:30:00 | BarEnd=2025-09-26 01:30:00 | MinutesSinceEnd=432 | Result=COMPLETE
[DEBUG] 2025-09-26 08:42:20 - Added intraday bar #14: 2025-09-26 01:30:00
[DEBUG] 2025-09-26 08:42:20 - COMPLETENESS_CHECK: BarStart=2025-09-26 01:00:00 | BarEnd=2025-09-26 01:00:00 | MinutesSinceEnd=462 | Result=COMPLETE
[DEBUG] 2025-09-26 08:42:20 - Added intraday bar #15: 2025-09-26 01:00:00
[DEBUG] 2025-09-26 08:42:20 - COMPLETENESS_CHECK: BarStart=2025-09-26 00:30:00 | BarEnd=2025-09-26 00:30:00 | MinutesSinceEnd=492 | Result=COMPLETE
[DEBUG] 2025-09-26 08:42:20 - Added intraday bar #16: 2025-09-26 00:30:00
[DEBUG] 2025-09-26 08:42:20 - COMPLETENESS_CHECK: BarStart=2025-09-26 00:00:00 | BarEnd=2025-09-26 00:00:00 | MinutesSinceEnd=522 | Result=COMPLETE
[DEBUG] 2025-09-26 08:42:20 - Added intraday bar #17: 2025-09-26 00:00:00
[DEBUG] 2025-09-26 08:42:20 - COMPLETENESS_CHECK: BarStart=2025-09-25 23:30:00 | BarEnd=2025-09-25 23:30:00 | MinutesSinceEnd=552 | Result=COMPLETE
[DEBUG] 2025-09-26 08:42:20 - Added intraday bar #18: 2025-09-25 23:30:00
[DEBUG] 2025-09-26 08:42:20 - COMPLETENESS_CHECK: BarStart=2025-09-25 23:00:00 | BarEnd=2025-09-25 23:00:00 | MinutesSinceEnd=582 | Result=COMPLETE
[DEBUG] 2025-09-26 08:42:20 - Added intraday bar #19: 2025-09-25 23:00:00
[DEBUG] 2025-09-26 08:42:20 - COMPLETENESS_CHECK: BarStart=2025-09-25 22:30:00 | BarEnd=2025-09-25 22:30:00 | MinutesSinceEnd=612 | Result=COMPLETE
[DEBUG] 2025-09-26 08:42:20 - Added intraday bar #20: 2025-09-25 22:30:00
[DEBUG] 2025-09-26 08:42:20 - COMPLETENESS_CHECK: BarStart=2025-09-25 22:00:00 | BarEnd=2025-09-25 22:00:00 | MinutesSinceEnd=642 | Result=COMPLETE
[DEBUG] 2025-09-26 08:42:20 - Added intraday bar #21: 2025-09-25 22:00:00
[DEBUG] 2025-09-26 08:42:20 - COMPLETENESS_CHECK: BarStart=2025-09-25 21:30:00 | BarEnd=2025-09-25 21:30:00 | MinutesSinceEnd=672 | Result=COMPLETE
[DEBUG] 2025-09-26 08:42:20 - Added intraday bar #22: 2025-09-25 21:30:00
[DEBUG] 2025-09-26 08:42:20 - COMPLETENESS_CHECK: BarStart=2025-09-25 21:00:00 | BarEnd=2025-09-25 21:00:00 | MinutesSinceEnd=702 | Result=COMPLETE
[DEBUG] 2025-09-26 08:42:20 - Added intraday bar #23: 2025-09-25 21:00:00
[DEBUG] 2025-09-26 08:42:20 - COMPLETENESS_CHECK: BarStart=2025-09-25 20:30:00 | BarEnd=2025-09-25 20:30:00 | MinutesSinceEnd=732 | Result=COMPLETE
[DEBUG] 2025-09-26 08:42:20 - Added intraday bar #24: 2025-09-25 20:30:00
[DEBUG] 2025-09-26 08:42:20 - COMPLETENESS_CHECK: BarStart=2025-09-25 20:00:00 | BarEnd=2025-09-25 20:00:00 | MinutesSinceEnd=762 | Result=COMPLETE
[DEBUG] 2025-09-26 08:42:20 - Added intraday bar #25: 2025-09-25 20:00:00
[DEBUG] 2025-09-26 08:42:20 - COMPLETENESS_CHECK: BarStart=2025-09-25 19:30:00 | BarEnd=2025-09-25 19:30:00 | MinutesSinceEnd=792 | Result=COMPLETE
[DEBUG] 2025-09-26 08:42:20 - Added intraday bar #26: 2025-09-25 19:30:00
[DEBUG] 2025-09-26 08:42:20 - COMPLETENESS_CHECK: BarStart=2025-09-25 19:00:00 | BarEnd=2025-09-25 19:00:00 | MinutesSinceEnd=822 | Result=COMPLETE
[DEBUG] 2025-09-26 08:42:20 - Added intraday bar #27: 2025-09-25 19:00:00
[DEBUG] 2025-09-26 08:42:20 - COMPLETENESS_CHECK: BarStart=2025-09-25 18:30:00 | BarEnd=2025-09-25 18:30:00 | MinutesSinceEnd=852 | Result=COMPLETE
[DEBUG] 2025-09-26 08:42:20 - Added intraday bar #28: 2025-09-25 18:30:00
[DEBUG] 2025-09-26 08:42:20 - COMPLETENESS_CHECK: BarStart=2025-09-25 18:00:00 | BarEnd=2025-09-25 18:00:00 | MinutesSinceEnd=882 | Result=COMPLETE
[DEBUG] 2025-09-26 08:42:20 - Added intraday bar #29: 2025-09-25 18:00:00
[DEBUG] 2025-09-26 08:42:20 - COMPLETENESS_CHECK: BarStart=2025-09-25 16:30:00 | BarEnd=2025-09-25 16:30:00 | MinutesSinceEnd=972 | Result=COMPLETE
[DEBUG] 2025-09-26 08:42:20 - Added intraday bar #30: 2025-09-25 16:30:00
[DEBUG] 2025-09-26 08:42:20 - COMPLETENESS_CHECK: BarStart=2025-09-25 16:00:00 | BarEnd=2025-09-25 16:00:00 | MinutesSinceEnd=1002 | Result=COMPLETE
[DEBUG] 2025-09-26 08:42:20 - Added intraday bar #31: 2025-09-25 16:00:00
[DEBUG] 2025-09-26 08:42:20 - COMPLETENESS_CHECK: BarStart=2025-09-25 15:30:00 | BarEnd=2025-09-25 15:30:00 | MinutesSinceEnd=1032 | Result=COMPLETE
[DEBUG] 2025-09-26 08:42:20 - Added intraday bar #32: 2025-09-25 15:30:00
[DEBUG] 2025-09-26 08:42:20 - COMPLETENESS_CHECK: BarStart=2025-09-25 15:00:00 | BarEnd=2025-09-25 15:00:00 | MinutesSinceEnd=1062 | Result=COMPLETE
[DEBUG] 2025-09-26 08:42:20 - Added intraday bar #33: 2025-09-25 15:00:00
[DEBUG] 2025-09-26 08:42:20 - COMPLETENESS_CHECK: BarStart=2025-09-25 14:30:00 | BarEnd=2025-09-25 14:30:00 | MinutesSinceEnd=1092 | Result=COMPLETE
[DEBUG] 2025-09-26 08:42:20 - Added intraday bar #34: 2025-09-25 14:30:00
[DEBUG] 2025-09-26 08:42:20 - COMPLETENESS_CHECK: BarStart=2025-09-25 14:00:00 | BarEnd=2025-09-25 14:00:00 | MinutesSinceEnd=1122 | Result=COMPLETE
[DEBUG] 2025-09-26 08:42:20 - Added intraday bar #35: 2025-09-25 14:00:00
[DEBUG] 2025-09-26 08:42:20 - COMPLETENESS_CHECK: BarStart=2025-09-25 13:30:00 | BarEnd=2025-09-25 13:30:00 | MinutesSinceEnd=1152 | Result=COMPLETE
[DEBUG] 2025-09-26 08:42:20 - Added intraday bar #36: 2025-09-25 13:30:00
[DEBUG] 2025-09-26 08:42:20 - COMPLETENESS_CHECK: BarStart=2025-09-25 13:00:00 | BarEnd=2025-09-25 13:00:00 | MinutesSinceEnd=1182 | Result=COMPLETE
[DEBUG] 2025-09-26 08:42:20 - Added intraday bar #37: 2025-09-25 13:00:00
[DEBUG] 2025-09-26 08:42:20 - COMPLETENESS_CHECK: BarStart=2025-09-25 12:30:00 | BarEnd=2025-09-25 12:30:00 | MinutesSinceEnd=1212 | Result=COMPLETE
[DEBUG] 2025-09-26 08:42:20 - Added intraday bar #38: 2025-09-25 12:30:00
[DEBUG] 2025-09-26 08:42:20 - COMPLETENESS_CHECK: BarStart=2025-09-25 12:00:00 | BarEnd=2025-09-25 12:00:00 | MinutesSinceEnd=1242 | Result=COMPLETE
[DEBUG] 2025-09-26 08:42:20 - Added intraday bar #39: 2025-09-25 12:00:00
[DEBUG] 2025-09-26 08:42:20 - COMPLETENESS_CHECK: BarStart=2025-09-25 11:30:00 | BarEnd=2025-09-25 11:30:00 | MinutesSinceEnd=1272 | Result=COMPLETE
[DEBUG] 2025-09-26 08:42:20 - Added intraday bar #40: 2025-09-25 11:30:00
[DEBUG] 2025-09-26 08:42:20 - COMPLETENESS_CHECK: BarStart=2025-09-25 11:00:00 | BarEnd=2025-09-25 11:00:00 | MinutesSinceEnd=1302 | Result=COMPLETE
[DEBUG] 2025-09-26 08:42:20 - Added intraday bar #41: 2025-09-25 11:00:00
[DEBUG] 2025-09-26 08:42:20 - COMPLETENESS_CHECK: BarStart=2025-09-25 10:30:00 | BarEnd=2025-09-25 10:30:00 | MinutesSinceEnd=1332 | Result=COMPLETE
[DEBUG] 2025-09-26 08:42:20 - Added intraday bar #42: 2025-09-25 10:30:00
[DEBUG] 2025-09-26 08:42:20 - COMPLETENESS_CHECK: BarStart=2025-09-25 10:00:00 | BarEnd=2025-09-25 10:00:00 | MinutesSinceEnd=1362 | Result=COMPLETE
[DEBUG] 2025-09-26 08:42:20 - Added intraday bar #43: 2025-09-25 10:00:00
[DEBUG] 2025-09-26 08:42:20 - COMPLETENESS_CHECK: BarStart=2025-09-25 09:30:00 | BarEnd=2025-09-25 09:30:00 | MinutesSinceEnd=1392 | Result=COMPLETE
[DEBUG] 2025-09-26 08:42:20 - Added intraday bar #44: 2025-09-25 09:30:00
[DEBUG] 2025-09-26 08:42:20 - COMPLETENESS_CHECK: BarStart=2025-09-25 09:00:00 | BarEnd=2025-09-25 09:00:00 | MinutesSinceEnd=1422 | Result=COMPLETE
[DEBUG] 2025-09-26 08:42:20 - Added intraday bar #45: 2025-09-25 09:00:00
[DEBUG] 2025-09-26 08:42:20 - COMPLETENESS_CHECK: BarStart=2025-09-25 08:30:00 | BarEnd=2025-09-25 08:30:00 | MinutesSinceEnd=1452 | Result=COMPLETE
[DEBUG] 2025-09-26 08:42:20 - Added intraday bar #46: 2025-09-25 08:30:00
[DEBUG] 2025-09-26 08:42:20 - COMPLETENESS_CHECK: BarStart=2025-09-25 08:00:00 | BarEnd=2025-09-25 08:00:00 | MinutesSinceEnd=1482 | Result=COMPLETE
[DEBUG] 2025-09-26 08:42:20 - Added intraday bar #47: 2025-09-25 08:00:00
[DEBUG] 2025-09-26 08:42:20 - COMPLETENESS_CHECK: BarStart=2025-09-25 07:30:00 | BarEnd=2025-09-25 07:30:00 | MinutesSinceEnd=1512 | Result=COMPLETE
[DEBUG] 2025-09-26 08:42:20 - Added intraday bar #48: 2025-09-25 07:30:00
[DEBUG] 2025-09-26 08:42:20 - COMPLETENESS_CHECK: BarStart=2025-09-25 07:00:00 | BarEnd=2025-09-25 07:00:00 | MinutesSinceEnd=1542 | Result=COMPLETE
[DEBUG] 2025-09-26 08:42:20 - Added intraday bar #49: 2025-09-25 07:00:00
[DEBUG] 2025-09-26 08:42:20 - COMPLETENESS_CHECK: BarStart=2025-09-25 06:30:00 | BarEnd=2025-09-25 06:30:00 | MinutesSinceEnd=1572 | Result=COMPLETE
[DEBUG] 2025-09-26 08:42:20 - Added intraday bar #50: 2025-09-25 06:30:00
[DEBUG] 2025-09-26 08:42:20 - COMPLETENESS_CHECK: BarStart=2025-09-25 06:00:00 | BarEnd=2025-09-25 06:00:00 | MinutesSinceEnd=1602 | Result=COMPLETE
[DEBUG] 2025-09-26 08:42:20 - Added intraday bar #51: 2025-09-25 06:00:00
[DEBUG] 2025-09-26 08:42:20 - COMPLETENESS_CHECK: BarStart=2025-09-25 05:30:00 | BarEnd=2025-09-25 05:30:00 | MinutesSinceEnd=1632 | Result=COMPLETE
[DEBUG] 2025-09-26 08:42:20 - Added intraday bar #52: 2025-09-25 05:30:00
[DEBUG] 2025-09-26 08:42:20 - COMPLETENESS_CHECK: BarStart=2025-09-25 05:00:00 | BarEnd=2025-09-25 05:00:00 | MinutesSinceEnd=1662 | Result=COMPLETE
[DEBUG] 2025-09-26 08:42:20 - Added intraday bar #53: 2025-09-25 05:00:00
[DEBUG] 2025-09-26 08:42:20 - COMPLETENESS_CHECK: BarStart=2025-09-25 04:30:00 | BarEnd=2025-09-25 04:30:00 | MinutesSinceEnd=1692 | Result=COMPLETE
[DEBUG] 2025-09-26 08:42:20 - Added intraday bar #54: 2025-09-25 04:30:00
[DEBUG] 2025-09-26 08:42:20 - COMPLETENESS_CHECK: BarStart=2025-09-25 04:00:00 | BarEnd=2025-09-25 04:00:00 | MinutesSinceEnd=1722 | Result=COMPLETE
[DEBUG] 2025-09-26 08:42:20 - Added intraday bar #55: 2025-09-25 04:00:00
[DEBUG] 2025-09-26 08:42:20 - COMPLETENESS_CHECK: BarStart=2025-09-25 03:30:00 | BarEnd=2025-09-25 03:30:00 | MinutesSinceEnd=1752 | Result=COMPLETE
[DEBUG] 2025-09-26 08:42:20 - Added intraday bar #56: 2025-09-25 03:30:00
[DEBUG] 2025-09-26 08:42:20 - COMPLETENESS_CHECK: BarStart=2025-09-25 03:00:00 | BarEnd=2025-09-25 03:00:00 | MinutesSinceEnd=1782 | Result=COMPLETE
[DEBUG] 2025-09-26 08:42:20 - Added intraday bar #57: 2025-09-25 03:00:00
[DEBUG] 2025-09-26 08:42:20 - COMPLETENESS_CHECK: BarStart=2025-09-25 02:30:00 | BarEnd=2025-09-25 02:30:00 | MinutesSinceEnd=1812 | Result=COMPLETE
[DEBUG] 2025-09-26 08:42:20 - Added intraday bar #58: 2025-09-25 02:30:00
[DEBUG] 2025-09-26 08:42:20 - COMPLETENESS_CHECK: BarStart=2025-09-25 02:00:00 | BarEnd=2025-09-25 02:00:00 | MinutesSinceEnd=1842 | Result=COMPLETE
[DEBUG] 2025-09-26 08:42:20 - Added intraday bar #59: 2025-09-25 02:00:00
[DEBUG] 2025-09-26 08:42:20 - COMPLETENESS_CHECK: BarStart=2025-09-25 01:30:00 | BarEnd=2025-09-25 01:30:00 | MinutesSinceEnd=1872 | Result=COMPLETE
[DEBUG] 2025-09-26 08:42:20 - Added intraday bar #60: 2025-09-25 01:30:00
[DEBUG] 2025-09-26 08:42:20 - COMPLETENESS_CHECK: BarStart=2025-09-25 01:00:00 | BarEnd=2025-09-25 01:00:00 | MinutesSinceEnd=1902 | Result=COMPLETE
[DEBUG] 2025-09-26 08:42:20 - Added intraday bar #61: 2025-09-25 01:00:00
[DEBUG] 2025-09-26 08:42:20 - COMPLETENESS_CHECK: BarStart=2025-09-25 00:30:00 | BarEnd=2025-09-25 00:30:00 | MinutesSinceEnd=1932 | Result=COMPLETE
[DEBUG] 2025-09-26 08:42:20 - Added intraday bar #62: 2025-09-25 00:30:00
[DEBUG] 2025-09-26 08:42:20 - COMPLETENESS_CHECK: BarStart=2025-09-25 00:00:00 | BarEnd=2025-09-25 00:00:00 | MinutesSinceEnd=1962 | Result=COMPLETE
[DEBUG] 2025-09-26 08:42:20 - Added intraday bar #63: 2025-09-25 00:00:00
[DEBUG] 2025-09-26 08:42:20 - COMPLETENESS_CHECK: BarStart=2025-09-24 23:30:00 | BarEnd=2025-09-24 23:30:00 | MinutesSinceEnd=1992 | Result=COMPLETE
[DEBUG] 2025-09-26 08:42:20 - Added intraday bar #64: 2025-09-24 23:30:00
[DEBUG] 2025-09-26 08:42:20 - COMPLETENESS_CHECK: BarStart=2025-09-24 23:00:00 | BarEnd=2025-09-24 23:00:00 | MinutesSinceEnd=2022 | Result=COMPLETE
[DEBUG] 2025-09-26 08:42:20 - Added intraday bar #65: 2025-09-24 23:00:00
[DEBUG] 2025-09-26 08:42:20 - COMPLETENESS_CHECK: BarStart=2025-09-24 22:30:00 | BarEnd=2025-09-24 22:30:00 | MinutesSinceEnd=2052 | Result=COMPLETE
[DEBUG] 2025-09-26 08:42:20 - Added intraday bar #66: 2025-09-24 22:30:00
[DEBUG] 2025-09-26 08:42:20 - COMPLETENESS_CHECK: BarStart=2025-09-24 22:00:00 | BarEnd=2025-09-24 22:00:00 | MinutesSinceEnd=2082 | Result=COMPLETE
[DEBUG] 2025-09-26 08:42:20 - Added intraday bar #67: 2025-09-24 22:00:00
[DEBUG] 2025-09-26 08:42:20 - COMPLETENESS_CHECK: BarStart=2025-09-24 21:30:00 | BarEnd=2025-09-24 21:30:00 | MinutesSinceEnd=2112 | Result=COMPLETE
[DEBUG] 2025-09-26 08:42:20 - Added intraday bar #68: 2025-09-24 21:30:00
[DEBUG] 2025-09-26 08:42:20 - COMPLETENESS_CHECK: BarStart=2025-09-24 21:00:00 | BarEnd=2025-09-24 21:00:00 | MinutesSinceEnd=2142 | Result=COMPLETE
[DEBUG] 2025-09-26 08:42:20 - Added intraday bar #69: 2025-09-24 21:00:00
[DEBUG] 2025-09-26 08:42:20 - COMPLETENESS_CHECK: BarStart=2025-09-24 20:30:00 | BarEnd=2025-09-24 20:30:00 | MinutesSinceEnd=2172 | Result=COMPLETE
[DEBUG] 2025-09-26 08:42:20 - Added intraday bar #70: 2025-09-24 20:30:00
[DEBUG] 2025-09-26 08:42:20 - COMPLETENESS_CHECK: BarStart=2025-09-24 20:00:00 | BarEnd=2025-09-24 20:00:00 | MinutesSinceEnd=2202 | Result=COMPLETE
[DEBUG] 2025-09-26 08:42:20 - Added intraday bar #71: 2025-09-24 20:00:00
[DEBUG] 2025-09-26 08:42:20 - COMPLETENESS_CHECK: BarStart=2025-09-24 19:30:00 | BarEnd=2025-09-24 19:30:00 | MinutesSinceEnd=2232 | Result=COMPLETE
[DEBUG] 2025-09-26 08:42:20 - Added intraday bar #72: 2025-09-24 19:30:00
[DEBUG] 2025-09-26 08:42:20 - COMPLETENESS_CHECK: BarStart=2025-09-24 19:00:00 | BarEnd=2025-09-24 19:00:00 | MinutesSinceEnd=2262 | Result=COMPLETE
[DEBUG] 2025-09-26 08:42:20 - Added intraday bar #73: 2025-09-24 19:00:00
[DEBUG] 2025-09-26 08:42:20 - COMPLETENESS_CHECK: BarStart=2025-09-24 18:30:00 | BarEnd=2025-09-24 18:30:00 | MinutesSinceEnd=2292 | Result=COMPLETE
[DEBUG] 2025-09-26 08:42:20 - Added intraday bar #74: 2025-09-24 18:30:00
[DEBUG] 2025-09-26 08:42:20 - COMPLETENESS_CHECK: BarStart=2025-09-24 18:00:00 | BarEnd=2025-09-24 18:00:00 | MinutesSinceEnd=2322 | Result=COMPLETE
[DEBUG] 2025-09-26 08:42:20 - Added intraday bar #75: 2025-09-24 18:00:00
[DEBUG] 2025-09-26 08:42:20 - COMPLETENESS_CHECK: BarStart=2025-09-24 16:30:00 | BarEnd=2025-09-24 16:30:00 | MinutesSinceEnd=2412 | Result=COMPLETE
[DEBUG] 2025-09-26 08:42:20 - Added intraday bar #76: 2025-09-24 16:30:00
[DEBUG] 2025-09-26 08:42:20 - COMPLETENESS_CHECK: BarStart=2025-09-24 16:00:00 | BarEnd=2025-09-24 16:00:00 | MinutesSinceEnd=2442 | Result=COMPLETE
[DEBUG] 2025-09-26 08:42:20 - Added intraday bar #77: 2025-09-24 16:00:00
[DEBUG] 2025-09-26 08:42:20 - COMPLETENESS_CHECK: BarStart=2025-09-24 15:30:00 | BarEnd=2025-09-24 15:30:00 | MinutesSinceEnd=2472 | Result=COMPLETE
[DEBUG] 2025-09-26 08:42:20 - Added intraday bar #78: 2025-09-24 15:30:00
[DEBUG] 2025-09-26 08:42:20 - COMPLETENESS_CHECK: BarStart=2025-09-24 15:00:00 | BarEnd=2025-09-24 15:00:00 | MinutesSinceEnd=2502 | Result=COMPLETE
[DEBUG] 2025-09-26 08:42:20 - Added intraday bar #79: 2025-09-24 15:00:00
[DEBUG] 2025-09-26 08:42:20 - COMPLETENESS_CHECK: BarStart=2025-09-24 14:30:00 | BarEnd=2025-09-24 14:30:00 | MinutesSinceEnd=2532 | Result=COMPLETE
[DEBUG] 2025-09-26 08:42:20 - Added intraday bar #80: 2025-09-24 14:30:00
[DEBUG] 2025-09-26 08:42:20 - COMPLETENESS_CHECK: BarStart=2025-09-24 14:00:00 | BarEnd=2025-09-24 14:00:00 | MinutesSinceEnd=2562 | Result=COMPLETE
[DEBUG] 2025-09-26 08:42:20 - Added intraday bar #81: 2025-09-24 14:00:00
[DEBUG] 2025-09-26 08:42:20 - COMPLETENESS_CHECK: BarStart=2025-09-24 13:30:00 | BarEnd=2025-09-24 13:30:00 | MinutesSinceEnd=2592 | Result=COMPLETE
[DEBUG] 2025-09-26 08:42:20 - Added intraday bar #82: 2025-09-24 13:30:00
[DEBUG] 2025-09-26 08:42:20 - COMPLETENESS_CHECK: BarStart=2025-09-24 13:00:00 | BarEnd=2025-09-24 13:00:00 | MinutesSinceEnd=2622 | Result=COMPLETE
[DEBUG] 2025-09-26 08:42:20 - Added intraday bar #83: 2025-09-24 13:00:00
[DEBUG] 2025-09-26 08:42:20 - COMPLETENESS_CHECK: BarStart=2025-09-24 12:30:00 | BarEnd=2025-09-24 12:30:00 | MinutesSinceEnd=2652 | Result=COMPLETE
[DEBUG] 2025-09-26 08:42:20 - Added intraday bar #84: 2025-09-24 12:30:00
[DEBUG] 2025-09-26 08:42:20 - COMPLETENESS_CHECK: BarStart=2025-09-24 12:00:00 | BarEnd=2025-09-24 12:00:00 | MinutesSinceEnd=2682 | Result=COMPLETE
[DEBUG] 2025-09-26 08:42:20 - Added intraday bar #85: 2025-09-24 12:00:00
[DEBUG] 2025-09-26 08:42:20 - COMPLETENESS_CHECK: BarStart=2025-09-24 11:30:00 | BarEnd=2025-09-24 11:30:00 | MinutesSinceEnd=2712 | Result=COMPLETE
[DEBUG] 2025-09-26 08:42:20 - Added intraday bar #86: 2025-09-24 11:30:00
[DEBUG] 2025-09-26 08:42:20 - COMPLETENESS_CHECK: BarStart=2025-09-24 11:00:00 | BarEnd=2025-09-24 11:00:00 | MinutesSinceEnd=2742 | Result=COMPLETE
[DEBUG] 2025-09-26 08:42:20 - Added intraday bar #87: 2025-09-24 11:00:00
[DEBUG] 2025-09-26 08:42:20 - COMPLETENESS_CHECK: BarStart=2025-09-24 10:30:00 | BarEnd=2025-09-24 10:30:00 | MinutesSinceEnd=2772 | Result=COMPLETE
[DEBUG] 2025-09-26 08:42:20 - Added intraday bar #88: 2025-09-24 10:30:00
[DEBUG] 2025-09-26 08:42:20 - COMPLETENESS_CHECK: BarStart=2025-09-24 10:00:00 | BarEnd=2025-09-24 10:00:00 | MinutesSinceEnd=2802 | Result=COMPLETE
[DEBUG] 2025-09-26 08:42:20 - Added intraday bar #89: 2025-09-24 10:00:00
[DEBUG] 2025-09-26 08:42:20 - COMPLETENESS_CHECK: BarStart=2025-09-24 09:30:00 | BarEnd=2025-09-24 09:30:00 | MinutesSinceEnd=2832 | Result=COMPLETE
[DEBUG] 2025-09-26 08:42:20 - Added intraday bar #90: 2025-09-24 09:30:00
[DEBUG] 2025-09-26 08:42:20 - COMPLETENESS_CHECK: BarStart=2025-09-24 09:00:00 | BarEnd=2025-09-24 09:00:00 | MinutesSinceEnd=2862 | Result=COMPLETE
[DEBUG] 2025-09-26 08:42:20 - Added intraday bar #91: 2025-09-24 09:00:00
[DEBUG] 2025-09-26 08:42:20 - COMPLETENESS_CHECK: BarStart=2025-09-24 08:30:00 | BarEnd=2025-09-24 08:30:00 | MinutesSinceEnd=2892 | Result=COMPLETE
[DEBUG] 2025-09-26 08:42:20 - Added intraday bar #92: 2025-09-24 08:30:00
[DEBUG] 2025-09-26 08:42:20 - COMPLETENESS_CHECK: BarStart=2025-09-24 08:00:00 | BarEnd=2025-09-24 08:00:00 | MinutesSinceEnd=2922 | Result=COMPLETE
[DEBUG] 2025-09-26 08:42:20 - Added intraday bar #93: 2025-09-24 08:00:00
[DEBUG] 2025-09-26 08:42:20 - COMPLETENESS_CHECK: BarStart=2025-09-24 07:30:00 | BarEnd=2025-09-24 07:30:00 | MinutesSinceEnd=2952 | Result=COMPLETE
[DEBUG] 2025-09-26 08:42:20 - Added intraday bar #94: 2025-09-24 07:30:00
[DEBUG] 2025-09-26 08:42:20 - COMPLETENESS_CHECK: BarStart=2025-09-24 07:00:00 | BarEnd=2025-09-24 07:00:00 | MinutesSinceEnd=2982 | Result=COMPLETE
[DEBUG] 2025-09-26 08:42:20 - Added intraday bar #95: 2025-09-24 07:00:00
[DEBUG] 2025-09-26 08:42:20 - COMPLETENESS_CHECK: BarStart=2025-09-24 06:30:00 | BarEnd=2025-09-24 06:30:00 | MinutesSinceEnd=3012 | Result=COMPLETE
[DEBUG] 2025-09-26 08:42:20 - Added intraday bar #96: 2025-09-24 06:30:00
[DEBUG] 2025-09-26 08:42:20 - COMPLETENESS_CHECK: BarStart=2025-09-24 06:00:00 | BarEnd=2025-09-24 06:00:00 | MinutesSinceEnd=3042 | Result=COMPLETE
[DEBUG] 2025-09-26 08:42:20 - Added intraday bar #97: 2025-09-24 06:00:00
[DEBUG] 2025-09-26 08:42:20 - COMPLETENESS_CHECK: BarStart=2025-09-24 05:30:00 | BarEnd=2025-09-24 05:30:00 | MinutesSinceEnd=3072 | Result=COMPLETE
[DEBUG] 2025-09-26 08:42:20 - Added intraday bar #98: 2025-09-24 05:30:00
[DEBUG] 2025-09-26 08:42:20 - COMPLETENESS_CHECK: BarStart=2025-09-24 05:00:00 | BarEnd=2025-09-24 05:00:00 | MinutesSinceEnd=3102 | Result=COMPLETE
[DEBUG] 2025-09-26 08:42:20 - Added intraday bar #99: 2025-09-24 05:00:00
[INFO] 2025-09-26 08:42:20 - Applied intraday timestamp/OHLCV correction - using 99 bars
[DEBUG] 2025-09-26 08:42:20 - First 5 final processed bars:
[DEBUG] 2025-09-26 08:42:20 - FinalBar[0] = 2025-09-26 08:00:00 | O:3778.800000 H:3783.700000 L:3778.300000 C:3779.600000
[DEBUG] 2025-09-26 08:42:20 - FinalBar[1] = 2025-09-26 07:30:00 | O:3781.400000 H:3783.100000 L:3778.600000 C:3778.700000
[DEBUG] 2025-09-26 08:42:20 - FinalBar[2] = 2025-09-26 07:00:00 | O:3775.000000 H:3781.800000 L:3774.500000 C:3781.400000
[DEBUG] 2025-09-26 08:42:20 - FinalBar[3] = 2025-09-26 06:30:00 | O:3779.600000 H:3780.100000 L:3772.800000 C:3774.900000
[DEBUG] 2025-09-26 08:42:20 - FinalBar[4] = 2025-09-26 06:00:00 | O:3781.300000 H:3785.200000 L:3779.000000 C:3779.600000
[SUCCESS] 2025-09-26 08:42:20 - Successfully parsed 99 complete bars
