[INFO] 2025-09-26 03:54:45 - Fetching 100 Daily bars for symbol: QGC#
[DEBUG] 2025-09-26 03:54:45 - Sending command: HDX,QGC#,100,0,HIST_QGC#_Daily,100,0

[DEBUG] 2025-09-26 03:54:46 - Raw response received (7422 characters)
[DEBUG] 2025-09-26 03:54:46 - Parsing historical data response...
[DEBUG] 2025-09-26 03:54:46 - First 5 lines of raw response:
[DEBUG] 2025-09-26 03:54:46 - Raw Line 0: HIST_QGC#_Daily,LH,2025-09-25,3792.3,3751.9,3768.3,3771.1,262183,408092,
[DEBUG] 2025-09-26 03:54:46 - Raw Line 1: HIST_QGC#_Daily,LH,2025-09-24,3812.6,3749.7,3796.9,3768.1,236560,404330,
[DEBUG] 2025-09-26 03:54:46 - Raw Line 2: HIST_QGC#_Daily,LH,2025-09-23,3824.6,3772.4,3781.2,3815.7,291564,401558,
[DEBUG] 2025-09-26 03:54:46 - Raw Line 3: HIST_QGC#_Daily,LH,2025-09-22,3783.3,3718.1,3721.3,3775.1,219170,401327,
[DEBUG] 2025-09-26 03:54:46 - Raw Line 4: HIST_QGC#_Daily,LH,2025-09-19,3719.6,3664.4,3677.7,3705.8,186954,393069,
[DEBUG] 2025-09-26 03:54:46 - Last 5 lines of raw response:
[DEBUG] 2025-09-26 03:54:46 - Raw Line 95: HIST_QGC#_Daily,LH,2025-05-09,3352.7,3278.9,3310.2,3344.0,232464,246570,
[DEBUG] 2025-09-26 03:54:46 - Raw Line 96: HIST_QGC#_Daily,LH,2025-05-08,3422.0,3293.3,3373.1,3306.0,327126,261155,
[DEBUG] 2025-09-26 03:54:46 - Raw Line 97: HIST_QGC#_Daily,LH,2025-05-07,3448.2,3367.0,3448.1,3391.9,304244,283553,
[DEBUG] 2025-09-26 03:54:46 - Raw Line 98: HIST_QGC#_Daily,LH,2025-05-06,3444.5,3332.1,3345.7,3422.8,268098,305803,
[DEBUG] 2025-09-26 03:54:46 - Raw Line 99: HIST_QGC#_Daily,LH,2025-05-05,3346.7,3243.1,3247.1,3322.3,184904,308187,
[DEBUG] 2025-09-26 03:54:46 - First 3 parsed bars:
[DEBUG] 2025-09-26 03:54:46 - ParsedBar[0] = 2025-09-25 OHLCV: 3768.300000/3792.300000/3751.900000/3771.100000/262183
[DEBUG] 2025-09-26 03:54:46 - ParsedBar[1] = 2025-09-24 OHLCV: 3796.900000/3812.600000/3749.700000/3768.100000/236560
[DEBUG] 2025-09-26 03:54:46 - ParsedBar[2] = 2025-09-23 OHLCV: 3781.200000/3824.600000/3772.400000/3815.700000/291564
[DEBUG] 2025-09-26 03:54:46 - Added daily bar: 2025-09-25 | OHLC: 3768.300000/3792.300000/3751.900000/3771.100000 Vol:262183
[DEBUG] 2025-09-26 03:54:46 - Added daily bar: 2025-09-24 | OHLC: 3796.900000/3812.600000/3749.700000/3768.100000 Vol:236560
[DEBUG] 2025-09-26 03:54:46 - Added daily bar: 2025-09-23 | OHLC: 3781.200000/3824.600000/3772.400000/3815.700000 Vol:291564
[DEBUG] 2025-09-26 03:54:46 - Added daily bar: 2025-09-22 | OHLC: 3721.300000/3783.300000/3718.100000/3775.100000 Vol:219170
[DEBUG] 2025-09-26 03:54:46 - Added daily bar: 2025-09-19 | OHLC: 3677.700000/3719.600000/3664.400000/3705.800000 Vol:186954
[DEBUG] 2025-09-26 03:54:46 - Added daily bar: 2025-09-18 | OHLC: 3692.500000/3707.300000/3660.500000/3678.300000 Vol:224128
[DEBUG] 2025-09-26 03:54:46 - Added daily bar: 2025-09-17 | OHLC: 3727.300000/3744.000000/3679.500000/3717.800000 Vol:256047
[DEBUG] 2025-09-26 03:54:46 - Added daily bar: 2025-09-16 | OHLC: 3720.300000/3739.900000/3711.800000/3725.100000 Vol:192295
[DEBUG] 2025-09-26 03:54:46 - Added daily bar: 2025-09-15 | OHLC: 3680.200000/3724.900000/3662.800000/3719.000000 Vol:189452
[DEBUG] 2025-09-26 03:54:46 - Added daily bar: 2025-09-12 | OHLC: 3672.800000/3695.500000/3667.300000/3686.400000 Vol:154559
[DEBUG] 2025-09-26 03:54:46 - Added daily bar: 2025-09-11 | OHLC: 3680.600000/3687.500000/3651.000000/3673.600000 Vol:214612
[DEBUG] 2025-09-26 03:54:46 - Added daily bar: 2025-09-10 | OHLC: 3662.000000/3697.500000/3651.400000/3682.000000 Vol:182028
[DEBUG] 2025-09-26 03:54:46 - Added daily bar: 2025-09-09 | OHLC: 3676.600000/3715.200000/3663.700000/3682.200000 Vol:262656
[DEBUG] 2025-09-26 03:54:46 - Added daily bar: 2025-09-08 | OHLC: 3635.000000/3685.700000/3621.700000/3677.400000 Vol:227640
[DEBUG] 2025-09-26 03:54:46 - Added daily bar: 2025-09-05 | OHLC: 3602.000000/3655.500000/3595.400000/3653.300000 Vol:237651
[DEBUG] 2025-09-26 03:54:46 - Added daily bar: 2025-09-04 | OHLC: 3619.800000/3621.600000/3573.700000/3606.700000 Vol:232579
[DEBUG] 2025-09-26 03:54:46 - Added daily bar: 2025-09-03 | OHLC: 3600.000000/3640.100000/3592.400000/3635.500000 Vol:220786
[DEBUG] 2025-09-26 03:54:46 - Added daily bar: 2025-09-02 | OHLC: 3517.900000/3602.400000/3506.000000/3592.200000 Vol:374141
[DEBUG] 2025-09-26 03:54:46 - Added daily bar: 2025-08-29 | OHLC: 3477.200000/3518.500000/3463.000000/3516.100000 Vol:188546
[DEBUG] 2025-09-26 03:54:46 - Added daily bar: 2025-08-28 | OHLC: 3452.600000/3478.700000/3442.500000/3474.300000 Vol:156602
[DEBUG] 2025-09-26 03:54:46 - Added daily bar: 2025-08-27 | OHLC: 3443.000000/3452.500000/3422.200000/3448.600000 Vol:153806
[DEBUG] 2025-09-26 03:54:46 - Added daily bar: 2025-08-26 | OHLC: 3410.800000/3443.300000/3396.100000/3433.000000 Vol:176297
[DEBUG] 2025-09-26 03:54:46 - Added daily bar: 2025-08-25 | OHLC: 3417.600000/3421.500000/3405.500000/3417.500000 Vol:97780
[DEBUG] 2025-09-26 03:54:46 - Added daily bar: 2025-08-22 | OHLC: 3383.300000/3423.400000/3362.800000/3418.500000 Vol:186037
[DEBUG] 2025-09-26 03:54:46 - Added daily bar: 2025-08-21 | OHLC: 3392.200000/3394.400000/3367.400000/3381.600000 Vol:123500
[DEBUG] 2025-09-26 03:54:46 - Added daily bar: 2025-08-20 | OHLC: 3359.000000/3394.300000/3353.400000/3388.500000 Vol:135521
[DEBUG] 2025-09-26 03:54:46 - Added daily bar: 2025-08-19 | OHLC: 3378.300000/3389.700000/3358.100000/3358.700000 Vol:133497
[DEBUG] 2025-09-26 03:54:46 - Added daily bar: 2025-08-18 | OHLC: 3382.400000/3403.600000/3368.000000/3378.000000 Vol:119141
[DEBUG] 2025-09-26 03:54:46 - Added daily bar: 2025-08-15 | OHLC: 3383.200000/3394.800000/3377.700000/3382.600000 Vol:118486
[DEBUG] 2025-09-26 03:54:46 - Added daily bar: 2025-08-14 | OHLC: 3407.200000/3423.800000/3375.500000/3383.200000 Vol:165697
[DEBUG] 2025-09-26 03:54:46 - Added daily bar: 2025-08-13 | OHLC: 3399.600000/3422.600000/3392.700000/3408.300000 Vol:135846
[DEBUG] 2025-09-26 03:54:46 - Added daily bar: 2025-08-12 | OHLC: 3393.600000/3410.800000/3379.100000/3399.000000 Vol:193820
[DEBUG] 2025-09-26 03:54:46 - Added daily bar: 2025-08-11 | OHLC: 3458.100000/3466.300000/3393.000000/3404.700000 Vol:224513
[DEBUG] 2025-09-26 03:54:46 - Added daily bar: 2025-08-08 | OHLC: 3487.900000/3534.100000/3445.000000/3491.300000 Vol:321346
[DEBUG] 2025-09-26 03:54:46 - Added daily bar: 2025-08-07 | OHLC: 3431.800000/3483.800000/3430.000000/3453.700000 Vol:249091
[DEBUG] 2025-09-26 03:54:46 - Added daily bar: 2025-08-06 | OHLC: 3434.900000/3440.500000/3411.700000/3433.400000 Vol:151580
[DEBUG] 2025-09-26 03:54:46 - Added daily bar: 2025-08-05 | OHLC: 3428.900000/3444.900000/3403.300000/3434.700000 Vol:154163
[DEBUG] 2025-09-26 03:54:46 - Added daily bar: 2025-08-04 | OHLC: 3416.600000/3439.500000/3397.900000/3426.400000 Vol:138229
[DEBUG] 2025-09-26 03:54:46 - Added daily bar: 2025-08-01 | OHLC: 3342.700000/3416.900000/3331.400000/3399.800000 Vol:229954
[DEBUG] 2025-09-26 03:54:46 - Added daily bar: 2025-07-31 | OHLC: 3327.500000/3366.700000/3324.400000/3348.600000 Vol:158029
[DEBUG] 2025-09-26 03:54:46 - Added daily bar: 2025-07-30 | OHLC: 3383.100000/3389.300000/3319.200000/3352.800000 Vol:203086
[DEBUG] 2025-09-26 03:54:46 - Added daily bar: 2025-07-29 | OHLC: 3313.400000/3332.300000/3305.800000/3324.000000 Vol:113144
[DEBUG] 2025-09-26 03:54:46 - Added daily bar: 2025-07-28 | OHLC: 3321.100000/3345.400000/3300.000000/3310.000000 Vol:180215
[DEBUG] 2025-09-26 03:54:46 - Added daily bar: 2025-07-25 | OHLC: 3372.100000/3376.600000/3325.500000/3335.600000 Vol:196380
[DEBUG] 2025-09-26 03:54:46 - Added daily bar: 2025-07-24 | OHLC: 3398.600000/3401.100000/3355.200000/3373.500000 Vol:215271
[DEBUG] 2025-09-26 03:54:46 - Added daily bar: 2025-07-23 | OHLC: 3444.300000/3451.700000/3390.600000/3397.600000 Vol:263025
[DEBUG] 2025-09-26 03:54:46 - Added daily bar: 2025-07-22 | OHLC: 3410.700000/3447.500000/3394.900000/3443.700000 Vol:227372
[DEBUG] 2025-09-26 03:54:46 - Added daily bar: 2025-07-21 | OHLC: 3355.600000/3416.900000/3351.000000/3406.400000 Vol:191195
[DEBUG] 2025-09-26 03:54:46 - Added daily bar: 2025-07-18 | OHLC: 3347.500000/3368.000000/3337.200000/3358.300000 Vol:115413
[DEBUG] 2025-09-26 03:54:46 - Added daily bar: 2025-07-17 | OHLC: 3354.700000/3358.200000/3314.300000/3345.300000 Vol:161740
[DEBUG] 2025-09-26 03:54:46 - Added daily bar: 2025-07-16 | OHLC: 3330.500000/3385.800000/3326.100000/3359.100000 Vol:235160
[DEBUG] 2025-09-26 03:54:46 - Added daily bar: 2025-07-15 | OHLC: 3352.000000/3375.400000/3327.300000/3336.700000 Vol:179884
[DEBUG] 2025-09-26 03:54:46 - Added daily bar: 2025-07-14 | OHLC: 3376.500000/3389.300000/3348.500000/3359.100000 Vol:195336
[DEBUG] 2025-09-26 03:54:46 - Added daily bar: 2025-07-11 | OHLC: 3333.100000/3381.600000/3332.300000/3364.000000 Vol:216883
[DEBUG] 2025-09-26 03:54:46 - Added daily bar: 2025-07-10 | OHLC: 3322.200000/3339.400000/3319.200000/3325.700000 Vol:168190
[DEBUG] 2025-09-26 03:54:46 - Added daily bar: 2025-07-09 | OHLC: 3310.600000/3325.600000/3290.200000/3321.000000 Vol:167968
[DEBUG] 2025-09-26 03:54:46 - Added daily bar: 2025-07-08 | OHLC: 3348.900000/3355.600000/3295.400000/3316.900000 Vol:218029
[DEBUG] 2025-09-26 03:54:46 - Added daily bar: 2025-07-07 | OHLC: 3335.000000/3355.000000/3304.400000/3342.800000 Vol:235762
[DEBUG] 2025-09-26 03:54:46 - Added daily bar: 2025-07-03 | OHLC: 3369.000000/3376.900000/3321.400000/3342.900000 Vol:153232
[DEBUG] 2025-09-26 03:54:46 - Added daily bar: 2025-07-02 | OHLC: 3350.000000/3371.000000/3337.200000/3359.700000 Vol:132187
[DEBUG] 2025-09-26 03:54:46 - Added daily bar: 2025-07-01 | OHLC: 3315.700000/3370.500000/3313.700000/3349.800000 Vol:168854
[DEBUG] 2025-09-26 03:54:46 - Added daily bar: 2025-06-30 | OHLC: 3284.300000/3321.600000/3250.500000/3307.700000 Vol:144201
[DEBUG] 2025-09-26 03:54:46 - Added daily bar: 2025-06-27 | OHLC: 3341.300000/3341.400000/3266.500000/3287.600000 Vol:218869
[DEBUG] 2025-09-26 03:54:46 - Added daily bar: 2025-06-26 | OHLC: 3347.500000/3363.900000/3322.500000/3348.000000 Vol:155584
[DEBUG] 2025-09-26 03:54:46 - Added daily bar: 2025-06-25 | OHLC: 3338.100000/3351.300000/3325.500000/3343.100000 Vol:130010
[DEBUG] 2025-09-26 03:54:46 - Added daily bar: 2025-06-24 | OHLC: 3383.800000/3385.000000/3308.300000/3333.900000 Vol:227429
[DEBUG] 2025-09-26 03:54:46 - Added daily bar: 2025-06-23 | OHLC: 3400.700000/3413.800000/3361.400000/3395.000000 Vol:193872
[DEBUG] 2025-09-26 03:54:46 - Added daily bar: 2025-06-20 | OHLC: 3387.100000/3405.200000/3356.200000/3385.700000 Vol:280833
[DEBUG] 2025-09-26 03:54:46 - Added daily bar: 2025-06-18 | OHLC: 3409.000000/3419.000000/3380.100000/3408.100000 Vol:178282
[DEBUG] 2025-09-26 03:54:46 - Added daily bar: 2025-06-17 | OHLC: 3404.200000/3422.700000/3384.400000/3406.900000 Vol:209083
[DEBUG] 2025-09-26 03:54:46 - Added daily bar: 2025-06-16 | OHLC: 3473.000000/3476.300000/3400.900000/3417.300000 Vol:192505
[DEBUG] 2025-09-26 03:54:46 - Added daily bar: 2025-06-13 | OHLC: 3406.700000/3468.000000/3399.600000/3452.800000 Vol:270627
[DEBUG] 2025-09-26 03:54:46 - Added daily bar: 2025-06-12 | OHLC: 3377.500000/3419.800000/3358.500000/3402.400000 Vol:230166
[DEBUG] 2025-09-26 03:54:46 - Added daily bar: 2025-06-11 | OHLC: 3344.300000/3382.300000/3335.400000/3343.700000 Vol:201534
[DEBUG] 2025-09-26 03:54:46 - Added daily bar: 2025-06-10 | OHLC: 3346.300000/3370.400000/3321.300000/3343.400000 Vol:158897
[DEBUG] 2025-09-26 03:54:46 - Added daily bar: 2025-06-09 | OHLC: 3333.400000/3359.000000/3313.100000/3354.900000 Vol:142005
[DEBUG] 2025-09-26 03:54:46 - Added daily bar: 2025-06-06 | OHLC: 3377.400000/3398.300000/3328.800000/3346.600000 Vol:185366
[DEBUG] 2025-09-26 03:54:46 - Added daily bar: 2025-06-05 | OHLC: 3398.000000/3427.700000/3362.300000/3375.100000 Vol:224859
[DEBUG] 2025-09-26 03:54:46 - Added daily bar: 2025-06-04 | OHLC: 3377.800000/3409.700000/3366.900000/3399.200000 Vol:167220
[DEBUG] 2025-09-26 03:54:46 - Added daily bar: 2025-06-03 | OHLC: 3406.500000/3417.800000/3357.200000/3377.100000 Vol:168220
[DEBUG] 2025-09-26 03:54:46 - Added daily bar: 2025-06-02 | OHLC: 3323.000000/3408.100000/3319.400000/3397.200000 Vol:180995
[DEBUG] 2025-09-26 03:54:46 - Added daily bar: 2025-05-30 | OHLC: 3343.200000/3347.000000/3294.800000/3315.400000 Vol:184770
[DEBUG] 2025-09-26 03:54:46 - Added daily bar: 2025-05-29 | OHLC: 3311.800000/3356.300000/3269.100000/3343.900000 Vol:227943
[DEBUG] 2025-09-26 03:54:46 - Added daily bar: 2025-05-28 | OHLC: 3300.900000/3324.500000/3273.500000/3294.900000 Vol:127758
[DEBUG] 2025-09-26 03:54:46 - Added daily bar: 2025-05-27 | OHLC: 3355.600000/3356.000000/3283.000000/3300.400000 Vol:297309
[DEBUG] 2025-09-26 03:54:46 - Added daily bar: 2025-05-23 | OHLC: 3295.100000/3366.500000/3285.500000/3365.800000 Vol:247200
[DEBUG] 2025-09-26 03:54:46 - Added daily bar: 2025-05-22 | OHLC: 3318.000000/3346.800000/3277.800000/3295.000000 Vol:234658
[DEBUG] 2025-09-26 03:54:46 - Added daily bar: 2025-05-21 | OHLC: 3293.000000/3327.200000/3287.000000/3313.500000 Vol:229503
[DEBUG] 2025-09-26 03:54:46 - Added daily bar: 2025-05-20 | OHLC: 3233.000000/3298.500000/3207.400000/3284.600000 Vol:224088
[DEBUG] 2025-09-26 03:54:46 - Added daily bar: 2025-05-19 | OHLC: 3220.000000/3252.900000/3209.100000/3233.500000 Vol:185135
[DEBUG] 2025-09-26 03:54:46 - Added daily bar: 2025-05-16 | OHLC: 3243.500000/3255.800000/3156.400000/3187.200000 Vol:245486
[DEBUG] 2025-09-26 03:54:46 - Added daily bar: 2025-05-15 | OHLC: 3180.800000/3244.300000/3123.300000/3226.600000 Vol:253064
[DEBUG] 2025-09-26 03:54:46 - Added daily bar: 2025-05-14 | OHLC: 3254.100000/3261.300000/3170.700000/3188.300000 Vol:233929
[DEBUG] 2025-09-26 03:54:46 - Added daily bar: 2025-05-13 | OHLC: 3240.700000/3270.400000/3220.100000/3247.800000 Vol:214423
[DEBUG] 2025-09-26 03:54:46 - Added daily bar: 2025-05-12 | OHLC: 3281.000000/3295.500000/3211.200000/3228.000000 Vol:308534
[DEBUG] 2025-09-26 03:54:46 - Added daily bar: 2025-05-09 | OHLC: 3310.200000/3352.700000/3278.900000/3344.000000 Vol:232464
[DEBUG] 2025-09-26 03:54:46 - Added daily bar: 2025-05-08 | OHLC: 3373.100000/3422.000000/3293.300000/3306.000000 Vol:327126
[DEBUG] 2025-09-26 03:54:46 - Added daily bar: 2025-05-07 | OHLC: 3448.100000/3448.200000/3367.000000/3391.900000 Vol:304244
[DEBUG] 2025-09-26 03:54:46 - Added daily bar: 2025-05-06 | OHLC: 3345.700000/3444.500000/3332.100000/3422.800000 Vol:268098
[DEBUG] 2025-09-26 03:54:46 - Added daily bar: 2025-05-05 | OHLC: 3247.100000/3346.700000/3243.100000/3322.300000 Vol:184904
[INFO] 2025-09-26 03:54:46 - Daily data used as-is (correctly aligned) - 100 complete bars
[DEBUG] 2025-09-26 03:54:46 - First 5 final processed bars:
[DEBUG] 2025-09-26 03:54:46 - FinalBar[0] = 2025-09-25  | O:3768.300000 H:3792.300000 L:3751.900000 C:3771.100000
[DEBUG] 2025-09-26 03:54:46 - FinalBar[1] = 2025-09-24  | O:3796.900000 H:3812.600000 L:3749.700000 C:3768.100000
[DEBUG] 2025-09-26 03:54:46 - FinalBar[2] = 2025-09-23  | O:3781.200000 H:3824.600000 L:3772.400000 C:3815.700000
[DEBUG] 2025-09-26 03:54:46 - FinalBar[3] = 2025-09-22  | O:3721.300000 H:3783.300000 L:3718.100000 C:3775.100000
[DEBUG] 2025-09-26 03:54:46 - FinalBar[4] = 2025-09-19  | O:3677.700000 H:3719.600000 L:3664.400000 C:3705.800000
[SUCCESS] 2025-09-26 03:54:46 - Successfully parsed 100 complete bars
